<?xml version="1.0" encoding="UTF-8"?>
<!-- Generated by org.testng.reporters.JUnitXMLReporter -->
<testsuite ignored="0" hostname="DESKTOP-OMV2D25" failures="23" tests="628" name="Default test" time="12557.453" errors="0" timestamp="2024-05-06T18:54:37 IST">
  <testcase classname="testLayer.ProductDetailsTest" name="checkProductDetails" time="9.39"/>
  <testcase classname="testLayer.ProductDetailsTest" name="checkProductDetails" time="11.349"/>
  <testcase classname="testLayer.ProductDetailsTest" name="checkProductDetails" time="9.277"/>
  <testcase classname="testLayer.ProductDetailsTest" name="checkProductDetails" time="9.284"/>
  <testcase classname="testLayer.ProductDetailsTest" name="checkProductDetails" time="9.965"/>
  <testcase classname="testLayer.ProductDetailsTest" name="checkProductDetails" time="9.554"/>
  <testcase classname="testLayer.ProductDetailsTest" name="checkProductDetails" time="10.505"/>
  <testcase classname="testLayer.ProductDetailsTest" name="checkProductDetails" time="8.491"/>
  <testcase classname="testLayer.ProductDetailsTest" name="checkProductDetails" time="8.336"/>
  <testcase classname="testLayer.ProductDetailsTest" name="checkProductDetails" time="9.817"/>
  <testcase classname="testLayer.ProductDetailsTest" name="checkProductDetails" time="15.26"/>
  <testcase classname="testLayer.ProductDetailsTest" name="checkProductDetails" time="10.484"/>
  <testcase classname="testLayer.ProductDetailsTest" name="checkProductDetails" time="11.13"/>
  <testcase classname="testLayer.ProductDetailsTest" name="checkProductDetails" time="9.625"/>
  <testcase classname="testLayer.ProductDetailsTest" name="checkProductDetails" time="10.462"/>
  <testcase classname="testLayer.ProductDetailsTest" name="checkProductDetails" time="8.946"/>
  <testcase classname="testLayer.ProductDetailsTest" name="checkProductDetails" time="11.083"/>
  <testcase classname="testLayer.ProductDetailsTest" name="checkProductDetails" time="9.386"/>
  <testcase classname="testLayer.ProductDetailsTest" name="checkProductDetails" time="8.89"/>
  <testcase classname="testLayer.ProductDetailsTest" name="checkProductDetails" time="10.471"/>
  <testcase classname="testLayer.ProductDetailsTest" name="checkProductDetails" time="9.097"/>
  <testcase classname="testLayer.ProductDetailsTest" name="checkProductDetails" time="10.147"/>
  <testcase classname="testLayer.ProductDetailsTest" name="checkProductDetails" time="8.847"/>
  <testcase classname="testLayer.ProductDetailsTest" name="checkProductDetails" time="7.217"/>
  <testcase classname="testLayer.ProductDetailsTest" name="checkProductDetails" time="9.525"/>
  <testcase classname="testLayer.ProductDetailsTest" name="checkProductDetails" time="12.167"/>
  <testcase classname="testLayer.ProductDetailsTest" name="checkProductDetails" time="10.46"/>
  <testcase classname="testLayer.ProductDetailsTest" name="checkProductDetails" time="9.624"/>
  <testcase classname="testLayer.ProductDetailsTest" name="checkProductDetails" time="8.884"/>
  <testcase classname="testLayer.ProductDetailsTest" name="checkProductDetails" time="9.902"/>
  <testcase classname="testLayer.ProductDetailsTest" name="checkProductDetails" time="10.637"/>
  <testcase classname="testLayer.ProductDetailsTest" name="checkProductDetails" time="12.432"/>
  <testcase classname="testLayer.ProductDetailsTest" name="checkProductDetails" time="11.427"/>
  <testcase classname="testLayer.ProductDetailsTest" name="checkProductDetails" time="8.161"/>
  <testcase classname="testLayer.ProductDetailsTest" name="checkProductDetails" time="9.217"/>
  <testcase classname="testLayer.ProductDetailsTest" name="checkProductDetails" time="9.309"/>
  <testcase classname="testLayer.ProductDetailsTest" name="checkProductDetails" time="10.076"/>
  <testcase classname="testLayer.ProductDetailsTest" name="checkProductDetails" time="10.134"/>
  <testcase classname="testLayer.ProductDetailsTest" name="checkProductDetails" time="8.428"/>
  <testcase classname="testLayer.ProductDetailsTest" name="checkProductDetails" time="8.786"/>
  <testcase classname="testLayer.ProductDetailsTest" name="checkProductDetails" time="8.193"/>
  <testcase classname="testLayer.ProductDetailsTest" name="checkProductDetails" time="9.128"/>
  <testcase classname="testLayer.ProductDetailsTest" name="checkProductDetails" time="9.022"/>
  <testcase classname="testLayer.ProductDetailsTest" name="checkProductDetails" time="9.329"/>
  <testcase classname="testLayer.ProductDetailsTest" name="checkProductDetails" time="8.15"/>
  <testcase classname="testLayer.ProductDetailsTest" name="checkProductDetails" time="27.173"/>
  <testcase classname="testLayer.ProductDetailsTest" name="checkProductDetails" time="10.695"/>
  <testcase classname="testLayer.ProductDetailsTest" name="checkProductDetails" time="9.891"/>
  <testcase classname="testLayer.ProductDetailsTest" name="checkProductDetails" time="9.708"/>
  <testcase classname="testLayer.ProductDetailsTest" name="checkProductDetails" time="10.277"/>
  <testcase classname="testLayer.ProductDetailsTest" name="checkProductDetails" time="10.9"/>
  <testcase classname="testLayer.ProductDetailsTest" name="checkProductDetails" time="8.914"/>
  <testcase classname="testLayer.ProductDetailsTest" name="checkProductDetails" time="7.709"/>
  <testcase classname="testLayer.ProductDetailsTest" name="checkProductDetails" time="8.457"/>
  <testcase classname="testLayer.ProductDetailsTest" name="checkProductDetails" time="7.831"/>
  <testcase classname="testLayer.ProductDetailsTest" name="checkProductDetails" time="7.982"/>
  <testcase classname="testLayer.ProductDetailsTest" name="checkProductDetails" time="8.917"/>
  <testcase classname="testLayer.ProductDetailsTest" name="checkProductDetails" time="12.127"/>
  <testcase classname="testLayer.ProductDetailsTest" name="checkProductDetails" time="10.5"/>
  <testcase classname="testLayer.ProductDetailsTest" name="checkProductDetails" time="8.846"/>
  <testcase classname="testLayer.ProductDetailsTest" name="checkProductDetails" time="10.463"/>
  <testcase classname="testLayer.ProductDetailsTest" name="checkProductDetails" time="10.243"/>
  <testcase classname="testLayer.ProductDetailsTest" name="checkProductDetails" time="10.752"/>
  <testcase classname="testLayer.ProductDetailsTest" name="checkProductDetails" time="12.506"/>
  <testcase classname="testLayer.ProductDetailsTest" name="checkProductDetails" time="9.601"/>
  <testcase classname="testLayer.ProductDetailsTest" name="checkProductDetails" time="10.346"/>
  <testcase classname="testLayer.ProductDetailsTest" name="checkProductDetails" time="9.524"/>
  <testcase classname="testLayer.ProductDetailsTest" name="checkProductDetails" time="10.263"/>
  <testcase classname="testLayer.ProductDetailsTest" name="checkProductDetails" time="9.933"/>
  <testcase classname="testLayer.ProductDetailsTest" name="checkProductDetails" time="9.501"/>
  <testcase classname="testLayer.ProductDetailsTest" name="checkProductDetails" time="10.939"/>
  <testcase classname="testLayer.ProductDetailsTest" name="checkProductDetails" time="12.477"/>
  <testcase classname="testLayer.ProductDetailsTest" name="checkProductDetails" time="12.408"/>
  <testcase classname="testLayer.ProductDetailsTest" name="checkProductDetails" time="9.735"/>
  <testcase classname="testLayer.ProductDetailsTest" name="checkProductDetails" time="11.442"/>
  <testcase classname="testLayer.ProductDetailsTest" name="checkProductDetails" time="9.02"/>
  <testcase classname="testLayer.ProductDetailsTest" name="checkProductDetails" time="10.633"/>
  <testcase classname="testLayer.ProductDetailsTest" name="checkProductDetails" time="10.504"/>
  <testcase classname="testLayer.ProductDetailsTest" name="checkProductDetails" time="34.737"/>
  <testcase classname="testLayer.ProductDetailsTest" name="checkProductDetails" time="9.984"/>
  <testcase classname="testLayer.ProductDetailsTest" name="checkProductDetails" time="12.041"/>
  <testcase classname="testLayer.ProductDetailsTest" name="checkProductDetails" time="10.312"/>
  <testcase classname="testLayer.ProductDetailsTest" name="checkProductDetails" time="8.146"/>
  <testcase classname="testLayer.ProductDetailsTest" name="checkProductDetails" time="9.727"/>
  <testcase classname="testLayer.ProductDetailsTest" name="checkProductDetails" time="7.987"/>
  <testcase classname="testLayer.ProductDetailsTest" name="checkProductDetails" time="11.002"/>
  <testcase classname="testLayer.ProductDetailsTest" name="checkProductDetails" time="7.969"/>
  <testcase classname="testLayer.ProductDetailsTest" name="checkProductDetails" time="10.897"/>
  <testcase classname="testLayer.ProductDetailsTest" name="checkProductDetails" time="9.616"/>
  <testcase classname="testLayer.ProductDetailsTest" name="checkProductDetails" time="9.528"/>
  <testcase classname="testLayer.ProductDetailsTest" name="checkProductDetails" time="11.171"/>
  <testcase classname="testLayer.ProductDetailsTest" name="checkProductDetails" time="10.95"/>
  <testcase classname="testLayer.ProductDetailsTest" name="checkProductDetails" time="10.872"/>
  <testcase classname="testLayer.ProductDetailsTest" name="checkProductDetails" time="9.273"/>
  <testcase classname="testLayer.ProductDetailsTest" name="checkProductDetails" time="8.512"/>
  <testcase classname="testLayer.ProductDetailsTest" name="checkProductDetails" time="10.536"/>
  <testcase classname="testLayer.ProductDetailsTest" name="checkProductDetails" time="9.22"/>
  <testcase classname="testLayer.ProductDetailsTest" name="checkProductDetails" time="10.018"/>
  <testcase classname="testLayer.ProductDetailsTest" name="checkProductDetails" time="8.67"/>
  <testcase classname="testLayer.ProductDetailsTest" name="checkProductDetails" time="8.282"/>
  <testcase classname="testLayer.ProductDetailsTest" name="checkProductDetails" time="9.529"/>
  <testcase classname="testLayer.ProductDetailsTest" name="checkProductDetails" time="7.775"/>
  <testcase classname="testLayer.ProductDetailsTest" name="checkProductDetails" time="20.341"/>
  <testcase classname="testLayer.ProductDetailsTest" name="checkProductDetails" time="20.88"/>
  <testcase classname="testLayer.ProductDetailsTest" name="checkProductDetails" time="8.602"/>
  <testcase classname="testLayer.ProductDetailsTest" name="checkProductDetails" time="11.471"/>
  <testcase classname="testLayer.ProductDetailsTest" name="checkProductDetails" time="8.935"/>
  <testcase classname="testLayer.ProductDetailsTest" name="checkProductDetails" time="15.247"/>
  <testcase classname="testLayer.ProductDetailsTest" name="checkProductDetails" time="9.732"/>
  <testcase classname="testLayer.ProductDetailsTest" name="checkProductDetails" time="8.678"/>
  <testcase classname="testLayer.ProductDetailsTest" name="checkProductDetails" time="14.806"/>
  <testcase classname="testLayer.ProductDetailsTest" name="checkProductDetails" time="7.992"/>
  <testcase classname="testLayer.ProductDetailsTest" name="checkProductDetails" time="9.537"/>
  <testcase classname="testLayer.ProductDetailsTest" name="checkProductDetails" time="9.868"/>
  <testcase classname="testLayer.ProductDetailsTest" name="checkProductDetails" time="8.679"/>
  <testcase classname="testLayer.ProductDetailsTest" name="checkProductDetails" time="11.486"/>
  <testcase classname="testLayer.ProductDetailsTest" name="checkProductDetails" time="9.885"/>
  <testcase classname="testLayer.ProductDetailsTest" name="checkProductDetails" time="8.375"/>
  <testcase classname="testLayer.ProductDetailsTest" name="checkProductDetails" time="8.428"/>
  <testcase classname="testLayer.ProductDetailsTest" name="checkProductDetails" time="8.375"/>
  <testcase classname="testLayer.ProductDetailsTest" name="checkProductDetails" time="10.617"/>
  <testcase classname="testLayer.ProductDetailsTest" name="checkProductDetails" time="11.219"/>
  <testcase classname="testLayer.ProductDetailsTest" name="checkProductDetails" time="11.671"/>
  <testcase classname="testLayer.ProductDetailsTest" name="checkProductDetails" time="11.053"/>
  <testcase classname="testLayer.ProductDetailsTest" name="checkProductDetails" time="9.342"/>
  <testcase classname="testLayer.ProductDetailsTest" name="checkProductDetails" time="12.046"/>
  <testcase classname="testLayer.ProductDetailsTest" name="checkProductDetails" time="14.502"/>
  <testcase classname="testLayer.ProductDetailsTest" name="checkProductDetails" time="13.934"/>
  <testcase classname="testLayer.ProductDetailsTest" name="checkProductDetails" time="23.562">
    <failure type="org.openqa.selenium.NoSuchElementException" message="no such element: Unable to locate element: {&amp;quot;method&amp;quot;:&amp;quot;css selector&amp;quot;,&amp;quot;selector&amp;quot;:&amp;quot;.mst-searchautocomplete__wrapper li&amp;quot;}
  (Session info: chrome-headless-shell=124.0.6367.119)
For documentation on this error, please visit: https://www.selenium.dev/documentation/webdriver/troubleshooting/errors#no-such-element-exception
Build info: version: &amp;apos;4.19.1&amp;apos;, revision: &amp;apos;abe0ee07dc&amp;apos;
System info: os.name: &amp;apos;Windows 10&amp;apos;, os.arch: &amp;apos;amd64&amp;apos;, os.version: &amp;apos;10.0&amp;apos;, java.version: &amp;apos;17.0.7&amp;apos;
Driver info: org.openqa.selenium.chrome.ChromeDriver
Command: [2e96c82287391132f6e5a45cf6984ade, findElement {value=.mst-searchautocomplete__wrapper li, using=css selector}]
Capabilities {acceptInsecureCerts: false, browserName: chrome-headless-shell, browserVersion: 124.0.6367.119, chrome: {chromedriverVersion: 124.0.6367.91 (51df0e5e17a8..., userDataDir: C:\Users\Admin\AppData\Loca...}, fedcm:accounts: true, goog:chromeOptions: {debuggerAddress: localhost:57523}, networkConnectionEnabled: false, pageLoadStrategy: normal, platformName: windows, proxy: Proxy(), se:cdp: ws://localhost:57523/devtoo..., se:cdpVersion: 124.0.6367.119, setWindowRect: true, strictFileInteractability: false, timeouts: {implicit: 0, pageLoad: 300000, script: 30000}, unhandledPromptBehavior: dismiss and notify, webauthn:extension:credBlob: true, webauthn:extension:largeBlob: true, webauthn:extension:minPinLength: true, webauthn:extension:prf: true, webauthn:virtualAuthenticators: true}
Session ID: 2e96c82287391132f6e5a45cf6984ade">
      <![CDATA[org.openqa.selenium.NoSuchElementException: no such element: Unable to locate element: {"method":"css selector","selector":".mst-searchautocomplete__wrapper li"}
  (Session info: chrome-headless-shell=124.0.6367.119)
For documentation on this error, please visit: https://www.selenium.dev/documentation/webdriver/troubleshooting/errors#no-such-element-exception
Build info: version: '4.19.1', revision: 'abe0ee07dc'
System info: os.name: 'Windows 10', os.arch: 'amd64', os.version: '10.0', java.version: '17.0.7'
Driver info: org.openqa.selenium.chrome.ChromeDriver
Command: [2e96c82287391132f6e5a45cf6984ade, findElement {value=.mst-searchautocomplete__wrapper li, using=css selector}]
Capabilities {acceptInsecureCerts: false, browserName: chrome-headless-shell, browserVersion: 124.0.6367.119, chrome: {chromedriverVersion: 124.0.6367.91 (51df0e5e17a8..., userDataDir: C:\Users\Admin\AppData\Loca...}, fedcm:accounts: true, goog:chromeOptions: {debuggerAddress: localhost:57523}, networkConnectionEnabled: false, pageLoadStrategy: normal, platformName: windows, proxy: Proxy(), se:cdp: ws://localhost:57523/devtoo..., se:cdpVersion: 124.0.6367.119, setWindowRect: true, strictFileInteractability: false, timeouts: {implicit: 0, pageLoad: 300000, script: 30000}, unhandledPromptBehavior: dismiss and notify, webauthn:extension:credBlob: true, webauthn:extension:largeBlob: true, webauthn:extension:minPinLength: true, webauthn:extension:prf: true, webauthn:virtualAuthenticators: true}
Session ID: 2e96c82287391132f6e5a45cf6984ade
at java.base/jdk.internal.reflect.NativeConstructorAccessorImpl.newInstance0(Native Method)
at java.base/jdk.internal.reflect.NativeConstructorAccessorImpl.newInstance(NativeConstructorAccessorImpl.java:77)
at java.base/jdk.internal.reflect.DelegatingConstructorAccessorImpl.newInstance(DelegatingConstructorAccessorImpl.java:45)
at java.base/java.lang.reflect.Constructor.newInstanceWithCaller(Constructor.java:499)
at java.base/java.lang.reflect.Constructor.newInstance(Constructor.java:480)
at org.openqa.selenium.remote.ErrorCodec.decode(ErrorCodec.java:167)
at org.openqa.selenium.remote.codec.w3c.W3CHttpResponseCodec.decode(W3CHttpResponseCodec.java:138)
at org.openqa.selenium.remote.codec.w3c.W3CHttpResponseCodec.decode(W3CHttpResponseCodec.java:50)
at org.openqa.selenium.remote.HttpCommandExecutor.execute(HttpCommandExecutor.java:190)
at org.openqa.selenium.remote.service.DriverCommandExecutor.invokeExecute(DriverCommandExecutor.java:216)
at org.openqa.selenium.remote.service.DriverCommandExecutor.execute(DriverCommandExecutor.java:174)
at org.openqa.selenium.remote.RemoteWebDriver.execute(RemoteWebDriver.java:518)
at org.openqa.selenium.remote.ElementLocation$ElementFinder$2.findElement(ElementLocation.java:165)
at org.openqa.selenium.remote.ElementLocation.findElement(ElementLocation.java:59)
at org.openqa.selenium.remote.RemoteWebDriver.findElement(RemoteWebDriver.java:355)
at org.openqa.selenium.remote.RemoteWebDriver.findElement(RemoteWebDriver.java:349)
at org.openqa.selenium.support.pagefactory.DefaultElementLocator.findElement(DefaultElementLocator.java:68)
at org.openqa.selenium.support.pagefactory.internal.LocatingElementHandler.invoke(LocatingElementHandler.java:38)
at jdk.proxy2/jdk.proxy2.$Proxy16.click(Unknown Source)
at pageLayer.SearchAProduct.Search_box(SearchAProduct.java:89)
at testLayer.ProductDetailsTest.checkProductDetails(ProductDetailsTest.java:28)
at jdk.internal.reflect.GeneratedMethodAccessor9.invoke(Unknown Source)
at java.base/jdk.internal.reflect.DelegatingMethodAccessorImpl.invoke(DelegatingMethodAccessorImpl.java:43)
at java.base/java.lang.reflect.Method.invoke(Method.java:568)
at org.testng.internal.invokers.MethodInvocationHelper.invokeMethod(MethodInvocationHelper.java:139)
at org.testng.internal.invokers.TestInvoker.invokeMethod(TestInvoker.java:664)
at org.testng.internal.invokers.TestInvoker.invokeTestMethod(TestInvoker.java:227)
at org.testng.internal.invokers.MethodRunner.runInSequence(MethodRunner.java:50)
at org.testng.internal.invokers.TestInvoker$MethodInvocationAgent.invoke(TestInvoker.java:957)
at org.testng.internal.invokers.TestInvoker.invokeTestMethods(TestInvoker.java:200)
at org.testng.internal.invokers.TestMethodWorker.invokeTestMethods(TestMethodWorker.java:148)
at org.testng.internal.invokers.TestMethodWorker.run(TestMethodWorker.java:128)
at java.base/java.util.ArrayList.forEach(ArrayList.java:1511)
at org.testng.TestRunner.privateRun(TestRunner.java:848)
at org.testng.TestRunner.run(TestRunner.java:621)
at org.testng.SuiteRunner.runTest(SuiteRunner.java:443)
at org.testng.SuiteRunner.runSequentially(SuiteRunner.java:437)
at org.testng.SuiteRunner.privateRun(SuiteRunner.java:397)
at org.testng.SuiteRunner.run(SuiteRunner.java:336)
at org.testng.SuiteRunnerWorker.runSuite(SuiteRunnerWorker.java:52)
at org.testng.SuiteRunnerWorker.run(SuiteRunnerWorker.java:95)
at org.testng.TestNG.runSuitesSequentially(TestNG.java:1280)
at org.testng.TestNG.runSuitesLocally(TestNG.java:1200)
at org.testng.TestNG.runSuites(TestNG.java:1114)
at org.testng.TestNG.run(TestNG.java:1082)
at org.testng.remote.AbstractRemoteTestNG.run(AbstractRemoteTestNG.java:115)
at org.testng.remote.RemoteTestNG.initAndRun(RemoteTestNG.java:251)
at org.testng.remote.RemoteTestNG.main(RemoteTestNG.java:77)
]]>
    </failure>
  </testcase> <!-- checkProductDetails -->
  <testcase classname="testLayer.ProductDetailsTest" name="checkProductDetails" time="9.5"/>
  <testcase classname="testLayer.ProductDetailsTest" name="checkProductDetails" time="8.684"/>
  <testcase classname="testLayer.ProductDetailsTest" name="checkProductDetails" time="23.618">
    <failure type="org.openqa.selenium.NoSuchElementException" message="no such element: Unable to locate element: {&amp;quot;method&amp;quot;:&amp;quot;css selector&amp;quot;,&amp;quot;selector&amp;quot;:&amp;quot;.mst-searchautocomplete__wrapper li&amp;quot;}
  (Session info: chrome-headless-shell=124.0.6367.119)
For documentation on this error, please visit: https://www.selenium.dev/documentation/webdriver/troubleshooting/errors#no-such-element-exception
Build info: version: &amp;apos;4.19.1&amp;apos;, revision: &amp;apos;abe0ee07dc&amp;apos;
System info: os.name: &amp;apos;Windows 10&amp;apos;, os.arch: &amp;apos;amd64&amp;apos;, os.version: &amp;apos;10.0&amp;apos;, java.version: &amp;apos;17.0.7&amp;apos;
Driver info: org.openqa.selenium.chrome.ChromeDriver
Command: [0884050018300b5976cef40a6a80c4fb, findElement {value=.mst-searchautocomplete__wrapper li, using=css selector}]
Capabilities {acceptInsecureCerts: false, browserName: chrome-headless-shell, browserVersion: 124.0.6367.119, chrome: {chromedriverVersion: 124.0.6367.91 (51df0e5e17a8..., userDataDir: C:\Users\Admin\AppData\Loca...}, fedcm:accounts: true, goog:chromeOptions: {debuggerAddress: localhost:57610}, networkConnectionEnabled: false, pageLoadStrategy: normal, platformName: windows, proxy: Proxy(), se:cdp: ws://localhost:57610/devtoo..., se:cdpVersion: 124.0.6367.119, setWindowRect: true, strictFileInteractability: false, timeouts: {implicit: 0, pageLoad: 300000, script: 30000}, unhandledPromptBehavior: dismiss and notify, webauthn:extension:credBlob: true, webauthn:extension:largeBlob: true, webauthn:extension:minPinLength: true, webauthn:extension:prf: true, webauthn:virtualAuthenticators: true}
Session ID: 0884050018300b5976cef40a6a80c4fb">
      <![CDATA[org.openqa.selenium.NoSuchElementException: no such element: Unable to locate element: {"method":"css selector","selector":".mst-searchautocomplete__wrapper li"}
  (Session info: chrome-headless-shell=124.0.6367.119)
For documentation on this error, please visit: https://www.selenium.dev/documentation/webdriver/troubleshooting/errors#no-such-element-exception
Build info: version: '4.19.1', revision: 'abe0ee07dc'
System info: os.name: 'Windows 10', os.arch: 'amd64', os.version: '10.0', java.version: '17.0.7'
Driver info: org.openqa.selenium.chrome.ChromeDriver
Command: [0884050018300b5976cef40a6a80c4fb, findElement {value=.mst-searchautocomplete__wrapper li, using=css selector}]
Capabilities {acceptInsecureCerts: false, browserName: chrome-headless-shell, browserVersion: 124.0.6367.119, chrome: {chromedriverVersion: 124.0.6367.91 (51df0e5e17a8..., userDataDir: C:\Users\Admin\AppData\Loca...}, fedcm:accounts: true, goog:chromeOptions: {debuggerAddress: localhost:57610}, networkConnectionEnabled: false, pageLoadStrategy: normal, platformName: windows, proxy: Proxy(), se:cdp: ws://localhost:57610/devtoo..., se:cdpVersion: 124.0.6367.119, setWindowRect: true, strictFileInteractability: false, timeouts: {implicit: 0, pageLoad: 300000, script: 30000}, unhandledPromptBehavior: dismiss and notify, webauthn:extension:credBlob: true, webauthn:extension:largeBlob: true, webauthn:extension:minPinLength: true, webauthn:extension:prf: true, webauthn:virtualAuthenticators: true}
Session ID: 0884050018300b5976cef40a6a80c4fb
at java.base/jdk.internal.reflect.NativeConstructorAccessorImpl.newInstance0(Native Method)
at java.base/jdk.internal.reflect.NativeConstructorAccessorImpl.newInstance(NativeConstructorAccessorImpl.java:77)
at java.base/jdk.internal.reflect.DelegatingConstructorAccessorImpl.newInstance(DelegatingConstructorAccessorImpl.java:45)
at java.base/java.lang.reflect.Constructor.newInstanceWithCaller(Constructor.java:499)
at java.base/java.lang.reflect.Constructor.newInstance(Constructor.java:480)
at org.openqa.selenium.remote.ErrorCodec.decode(ErrorCodec.java:167)
at org.openqa.selenium.remote.codec.w3c.W3CHttpResponseCodec.decode(W3CHttpResponseCodec.java:138)
at org.openqa.selenium.remote.codec.w3c.W3CHttpResponseCodec.decode(W3CHttpResponseCodec.java:50)
at org.openqa.selenium.remote.HttpCommandExecutor.execute(HttpCommandExecutor.java:190)
at org.openqa.selenium.remote.service.DriverCommandExecutor.invokeExecute(DriverCommandExecutor.java:216)
at org.openqa.selenium.remote.service.DriverCommandExecutor.execute(DriverCommandExecutor.java:174)
at org.openqa.selenium.remote.RemoteWebDriver.execute(RemoteWebDriver.java:518)
at org.openqa.selenium.remote.ElementLocation$ElementFinder$2.findElement(ElementLocation.java:165)
at org.openqa.selenium.remote.ElementLocation.findElement(ElementLocation.java:59)
at org.openqa.selenium.remote.RemoteWebDriver.findElement(RemoteWebDriver.java:355)
at org.openqa.selenium.remote.RemoteWebDriver.findElement(RemoteWebDriver.java:349)
at org.openqa.selenium.support.pagefactory.DefaultElementLocator.findElement(DefaultElementLocator.java:68)
at org.openqa.selenium.support.pagefactory.internal.LocatingElementHandler.invoke(LocatingElementHandler.java:38)
at jdk.proxy2/jdk.proxy2.$Proxy16.click(Unknown Source)
at pageLayer.SearchAProduct.Search_box(SearchAProduct.java:89)
at testLayer.ProductDetailsTest.checkProductDetails(ProductDetailsTest.java:28)
at jdk.internal.reflect.GeneratedMethodAccessor9.invoke(Unknown Source)
at java.base/jdk.internal.reflect.DelegatingMethodAccessorImpl.invoke(DelegatingMethodAccessorImpl.java:43)
at java.base/java.lang.reflect.Method.invoke(Method.java:568)
at org.testng.internal.invokers.MethodInvocationHelper.invokeMethod(MethodInvocationHelper.java:139)
at org.testng.internal.invokers.TestInvoker.invokeMethod(TestInvoker.java:664)
at org.testng.internal.invokers.TestInvoker.invokeTestMethod(TestInvoker.java:227)
at org.testng.internal.invokers.MethodRunner.runInSequence(MethodRunner.java:50)
at org.testng.internal.invokers.TestInvoker$MethodInvocationAgent.invoke(TestInvoker.java:957)
at org.testng.internal.invokers.TestInvoker.invokeTestMethods(TestInvoker.java:200)
at org.testng.internal.invokers.TestMethodWorker.invokeTestMethods(TestMethodWorker.java:148)
at org.testng.internal.invokers.TestMethodWorker.run(TestMethodWorker.java:128)
at java.base/java.util.ArrayList.forEach(ArrayList.java:1511)
at org.testng.TestRunner.privateRun(TestRunner.java:848)
at org.testng.TestRunner.run(TestRunner.java:621)
at org.testng.SuiteRunner.runTest(SuiteRunner.java:443)
at org.testng.SuiteRunner.runSequentially(SuiteRunner.java:437)
at org.testng.SuiteRunner.privateRun(SuiteRunner.java:397)
at org.testng.SuiteRunner.run(SuiteRunner.java:336)
at org.testng.SuiteRunnerWorker.runSuite(SuiteRunnerWorker.java:52)
at org.testng.SuiteRunnerWorker.run(SuiteRunnerWorker.java:95)
at org.testng.TestNG.runSuitesSequentially(TestNG.java:1280)
at org.testng.TestNG.runSuitesLocally(TestNG.java:1200)
at org.testng.TestNG.runSuites(TestNG.java:1114)
at org.testng.TestNG.run(TestNG.java:1082)
at org.testng.remote.AbstractRemoteTestNG.run(AbstractRemoteTestNG.java:115)
at org.testng.remote.RemoteTestNG.initAndRun(RemoteTestNG.java:251)
at org.testng.remote.RemoteTestNG.main(RemoteTestNG.java:77)
]]>
    </failure>
  </testcase> <!-- checkProductDetails -->
  <testcase classname="testLayer.ProductDetailsTest" name="checkProductDetails" time="7.635"/>
  <testcase classname="testLayer.ProductDetailsTest" name="checkProductDetails" time="10.857"/>
  <testcase classname="testLayer.ProductDetailsTest" name="checkProductDetails" time="8.859"/>
  <testcase classname="testLayer.ProductDetailsTest" name="checkProductDetails" time="11.137"/>
  <testcase classname="testLayer.ProductDetailsTest" name="checkProductDetails" time="9.681"/>
  <testcase classname="testLayer.ProductDetailsTest" name="checkProductDetails" time="8.878"/>
  <testcase classname="testLayer.ProductDetailsTest" name="checkProductDetails" time="10.703"/>
  <testcase classname="testLayer.ProductDetailsTest" name="checkProductDetails" time="10.943"/>
  <testcase classname="testLayer.ProductDetailsTest" name="checkProductDetails" time="8.827"/>
  <testcase classname="testLayer.ProductDetailsTest" name="checkProductDetails" time="9.156"/>
  <testcase classname="testLayer.ProductDetailsTest" name="checkProductDetails" time="10.972"/>
  <testcase classname="testLayer.ProductDetailsTest" name="checkProductDetails" time="11.478"/>
  <testcase classname="testLayer.ProductDetailsTest" name="checkProductDetails" time="8.694"/>
  <testcase classname="testLayer.ProductDetailsTest" name="checkProductDetails" time="8.658"/>
  <testcase classname="testLayer.ProductDetailsTest" name="checkProductDetails" time="9.708"/>
  <testcase classname="testLayer.ProductDetailsTest" name="checkProductDetails" time="10.454"/>
  <testcase classname="testLayer.ProductDetailsTest" name="checkProductDetails" time="9.534"/>
  <testcase classname="testLayer.ProductDetailsTest" name="checkProductDetails" time="8.708"/>
  <testcase classname="testLayer.ProductDetailsTest" name="checkProductDetails" time="9.933"/>
  <testcase classname="testLayer.ProductDetailsTest" name="checkProductDetails" time="10.18"/>
  <testcase classname="testLayer.ProductDetailsTest" name="checkProductDetails" time="9.662"/>
  <testcase classname="testLayer.ProductDetailsTest" name="checkProductDetails" time="16.449"/>
  <testcase classname="testLayer.ProductDetailsTest" name="checkProductDetails" time="8.262"/>
  <testcase classname="testLayer.ProductDetailsTest" name="checkProductDetails" time="10.811"/>
  <testcase classname="testLayer.ProductDetailsTest" name="checkProductDetails" time="10.073"/>
  <testcase classname="testLayer.ProductDetailsTest" name="checkProductDetails" time="10.339"/>
  <testcase classname="testLayer.ProductDetailsTest" name="checkProductDetails" time="8.909"/>
  <testcase classname="testLayer.ProductDetailsTest" name="checkProductDetails" time="8.801"/>
  <testcase classname="testLayer.ProductDetailsTest" name="checkProductDetails" time="9.081"/>
  <testcase classname="testLayer.ProductDetailsTest" name="checkProductDetails" time="12.099"/>
  <testcase classname="testLayer.ProductDetailsTest" name="checkProductDetails" time="9.928"/>
  <testcase classname="testLayer.ProductDetailsTest" name="checkProductDetails" time="9.783"/>
  <testcase classname="testLayer.ProductDetailsTest" name="checkProductDetails" time="10.273"/>
  <testcase classname="testLayer.ProductDetailsTest" name="checkProductDetails" time="9.423"/>
  <testcase classname="testLayer.ProductDetailsTest" name="checkProductDetails" time="10.723"/>
  <testcase classname="testLayer.ProductDetailsTest" name="checkProductDetails" time="10.847"/>
  <testcase classname="testLayer.ProductDetailsTest" name="checkProductDetails" time="9.626"/>
  <testcase classname="testLayer.ProductDetailsTest" name="checkProductDetails" time="9.584"/>
  <testcase classname="testLayer.ProductDetailsTest" name="checkProductDetails" time="23.637">
    <failure type="org.openqa.selenium.NoSuchElementException" message="no such element: Unable to locate element: {&amp;quot;method&amp;quot;:&amp;quot;css selector&amp;quot;,&amp;quot;selector&amp;quot;:&amp;quot;.mst-searchautocomplete__wrapper li&amp;quot;}
  (Session info: chrome-headless-shell=124.0.6367.119)
For documentation on this error, please visit: https://www.selenium.dev/documentation/webdriver/troubleshooting/errors#no-such-element-exception
Build info: version: &amp;apos;4.19.1&amp;apos;, revision: &amp;apos;abe0ee07dc&amp;apos;
System info: os.name: &amp;apos;Windows 10&amp;apos;, os.arch: &amp;apos;amd64&amp;apos;, os.version: &amp;apos;10.0&amp;apos;, java.version: &amp;apos;17.0.7&amp;apos;
Driver info: org.openqa.selenium.chrome.ChromeDriver
Command: [8a8419c5c20b1f9dd51c477a8831c4a3, findElement {value=.mst-searchautocomplete__wrapper li, using=css selector}]
Capabilities {acceptInsecureCerts: false, browserName: chrome-headless-shell, browserVersion: 124.0.6367.119, chrome: {chromedriverVersion: 124.0.6367.91 (51df0e5e17a8..., userDataDir: C:\Users\Admin\AppData\Loca...}, fedcm:accounts: true, goog:chromeOptions: {debuggerAddress: localhost:59115}, networkConnectionEnabled: false, pageLoadStrategy: normal, platformName: windows, proxy: Proxy(), se:cdp: ws://localhost:59115/devtoo..., se:cdpVersion: 124.0.6367.119, setWindowRect: true, strictFileInteractability: false, timeouts: {implicit: 0, pageLoad: 300000, script: 30000}, unhandledPromptBehavior: dismiss and notify, webauthn:extension:credBlob: true, webauthn:extension:largeBlob: true, webauthn:extension:minPinLength: true, webauthn:extension:prf: true, webauthn:virtualAuthenticators: true}
Session ID: 8a8419c5c20b1f9dd51c477a8831c4a3">
      <![CDATA[org.openqa.selenium.NoSuchElementException: no such element: Unable to locate element: {"method":"css selector","selector":".mst-searchautocomplete__wrapper li"}
  (Session info: chrome-headless-shell=124.0.6367.119)
For documentation on this error, please visit: https://www.selenium.dev/documentation/webdriver/troubleshooting/errors#no-such-element-exception
Build info: version: '4.19.1', revision: 'abe0ee07dc'
System info: os.name: 'Windows 10', os.arch: 'amd64', os.version: '10.0', java.version: '17.0.7'
Driver info: org.openqa.selenium.chrome.ChromeDriver
Command: [8a8419c5c20b1f9dd51c477a8831c4a3, findElement {value=.mst-searchautocomplete__wrapper li, using=css selector}]
Capabilities {acceptInsecureCerts: false, browserName: chrome-headless-shell, browserVersion: 124.0.6367.119, chrome: {chromedriverVersion: 124.0.6367.91 (51df0e5e17a8..., userDataDir: C:\Users\Admin\AppData\Loca...}, fedcm:accounts: true, goog:chromeOptions: {debuggerAddress: localhost:59115}, networkConnectionEnabled: false, pageLoadStrategy: normal, platformName: windows, proxy: Proxy(), se:cdp: ws://localhost:59115/devtoo..., se:cdpVersion: 124.0.6367.119, setWindowRect: true, strictFileInteractability: false, timeouts: {implicit: 0, pageLoad: 300000, script: 30000}, unhandledPromptBehavior: dismiss and notify, webauthn:extension:credBlob: true, webauthn:extension:largeBlob: true, webauthn:extension:minPinLength: true, webauthn:extension:prf: true, webauthn:virtualAuthenticators: true}
Session ID: 8a8419c5c20b1f9dd51c477a8831c4a3
at java.base/jdk.internal.reflect.NativeConstructorAccessorImpl.newInstance0(Native Method)
at java.base/jdk.internal.reflect.NativeConstructorAccessorImpl.newInstance(NativeConstructorAccessorImpl.java:77)
at java.base/jdk.internal.reflect.DelegatingConstructorAccessorImpl.newInstance(DelegatingConstructorAccessorImpl.java:45)
at java.base/java.lang.reflect.Constructor.newInstanceWithCaller(Constructor.java:499)
at java.base/java.lang.reflect.Constructor.newInstance(Constructor.java:480)
at org.openqa.selenium.remote.ErrorCodec.decode(ErrorCodec.java:167)
at org.openqa.selenium.remote.codec.w3c.W3CHttpResponseCodec.decode(W3CHttpResponseCodec.java:138)
at org.openqa.selenium.remote.codec.w3c.W3CHttpResponseCodec.decode(W3CHttpResponseCodec.java:50)
at org.openqa.selenium.remote.HttpCommandExecutor.execute(HttpCommandExecutor.java:190)
at org.openqa.selenium.remote.service.DriverCommandExecutor.invokeExecute(DriverCommandExecutor.java:216)
at org.openqa.selenium.remote.service.DriverCommandExecutor.execute(DriverCommandExecutor.java:174)
at org.openqa.selenium.remote.RemoteWebDriver.execute(RemoteWebDriver.java:518)
at org.openqa.selenium.remote.ElementLocation$ElementFinder$2.findElement(ElementLocation.java:165)
at org.openqa.selenium.remote.ElementLocation.findElement(ElementLocation.java:59)
at org.openqa.selenium.remote.RemoteWebDriver.findElement(RemoteWebDriver.java:355)
at org.openqa.selenium.remote.RemoteWebDriver.findElement(RemoteWebDriver.java:349)
at org.openqa.selenium.support.pagefactory.DefaultElementLocator.findElement(DefaultElementLocator.java:68)
at org.openqa.selenium.support.pagefactory.internal.LocatingElementHandler.invoke(LocatingElementHandler.java:38)
at jdk.proxy2/jdk.proxy2.$Proxy16.click(Unknown Source)
at pageLayer.SearchAProduct.Search_box(SearchAProduct.java:89)
at testLayer.ProductDetailsTest.checkProductDetails(ProductDetailsTest.java:28)
at jdk.internal.reflect.GeneratedMethodAccessor9.invoke(Unknown Source)
at java.base/jdk.internal.reflect.DelegatingMethodAccessorImpl.invoke(DelegatingMethodAccessorImpl.java:43)
at java.base/java.lang.reflect.Method.invoke(Method.java:568)
at org.testng.internal.invokers.MethodInvocationHelper.invokeMethod(MethodInvocationHelper.java:139)
at org.testng.internal.invokers.TestInvoker.invokeMethod(TestInvoker.java:664)
at org.testng.internal.invokers.TestInvoker.invokeTestMethod(TestInvoker.java:227)
at org.testng.internal.invokers.MethodRunner.runInSequence(MethodRunner.java:50)
at org.testng.internal.invokers.TestInvoker$MethodInvocationAgent.invoke(TestInvoker.java:957)
at org.testng.internal.invokers.TestInvoker.invokeTestMethods(TestInvoker.java:200)
at org.testng.internal.invokers.TestMethodWorker.invokeTestMethods(TestMethodWorker.java:148)
at org.testng.internal.invokers.TestMethodWorker.run(TestMethodWorker.java:128)
at java.base/java.util.ArrayList.forEach(ArrayList.java:1511)
at org.testng.TestRunner.privateRun(TestRunner.java:848)
at org.testng.TestRunner.run(TestRunner.java:621)
at org.testng.SuiteRunner.runTest(SuiteRunner.java:443)
at org.testng.SuiteRunner.runSequentially(SuiteRunner.java:437)
at org.testng.SuiteRunner.privateRun(SuiteRunner.java:397)
at org.testng.SuiteRunner.run(SuiteRunner.java:336)
at org.testng.SuiteRunnerWorker.runSuite(SuiteRunnerWorker.java:52)
at org.testng.SuiteRunnerWorker.run(SuiteRunnerWorker.java:95)
at org.testng.TestNG.runSuitesSequentially(TestNG.java:1280)
at org.testng.TestNG.runSuitesLocally(TestNG.java:1200)
at org.testng.TestNG.runSuites(TestNG.java:1114)
at org.testng.TestNG.run(TestNG.java:1082)
at org.testng.remote.AbstractRemoteTestNG.run(AbstractRemoteTestNG.java:115)
at org.testng.remote.RemoteTestNG.initAndRun(RemoteTestNG.java:251)
at org.testng.remote.RemoteTestNG.main(RemoteTestNG.java:77)
]]>
    </failure>
  </testcase> <!-- checkProductDetails -->
  <testcase classname="testLayer.ProductDetailsTest" name="checkProductDetails" time="9.49"/>
  <testcase classname="testLayer.ProductDetailsTest" name="checkProductDetails" time="7.705"/>
  <testcase classname="testLayer.ProductDetailsTest" name="checkProductDetails" time="8.849"/>
  <testcase classname="testLayer.ProductDetailsTest" name="checkProductDetails" time="11.247"/>
  <testcase classname="testLayer.ProductDetailsTest" name="checkProductDetails" time="8.731"/>
  <testcase classname="testLayer.ProductDetailsTest" name="checkProductDetails" time="10.583"/>
  <testcase classname="testLayer.ProductDetailsTest" name="checkProductDetails" time="10.637"/>
  <testcase classname="testLayer.ProductDetailsTest" name="checkProductDetails" time="10.456"/>
  <testcase classname="testLayer.ProductDetailsTest" name="checkProductDetails" time="11.352"/>
  <testcase classname="testLayer.ProductDetailsTest" name="checkProductDetails" time="12.966"/>
  <testcase classname="testLayer.ProductDetailsTest" name="checkProductDetails" time="9.609"/>
  <testcase classname="testLayer.ProductDetailsTest" name="checkProductDetails" time="10.271"/>
  <testcase classname="testLayer.ProductDetailsTest" name="checkProductDetails" time="9.991"/>
  <testcase classname="testLayer.ProductDetailsTest" name="checkProductDetails" time="13.391"/>
  <testcase classname="testLayer.ProductDetailsTest" name="checkProductDetails" time="9.774"/>
  <testcase classname="testLayer.ProductDetailsTest" name="checkProductDetails" time="8.665"/>
  <testcase classname="testLayer.ProductDetailsTest" name="checkProductDetails" time="9.972"/>
  <testcase classname="testLayer.ProductDetailsTest" name="checkProductDetails" time="9.818"/>
  <testcase classname="testLayer.ProductDetailsTest" name="checkProductDetails" time="8.523"/>
  <testcase classname="testLayer.ProductDetailsTest" name="checkProductDetails" time="10.405"/>
  <testcase classname="testLayer.ProductDetailsTest" name="checkProductDetails" time="10.06"/>
  <testcase classname="testLayer.ProductDetailsTest" name="checkProductDetails" time="10.288"/>
  <testcase classname="testLayer.ProductDetailsTest" name="checkProductDetails" time="8.335"/>
  <testcase classname="testLayer.ProductDetailsTest" name="checkProductDetails" time="9.114"/>
  <testcase classname="testLayer.ProductDetailsTest" name="checkProductDetails" time="9.659"/>
  <testcase classname="testLayer.ProductDetailsTest" name="checkProductDetails" time="8.042"/>
  <testcase classname="testLayer.ProductDetailsTest" name="checkProductDetails" time="9.954"/>
  <testcase classname="testLayer.ProductDetailsTest" name="checkProductDetails" time="11.645"/>
  <testcase classname="testLayer.ProductDetailsTest" name="checkProductDetails" time="13.387"/>
  <testcase classname="testLayer.ProductDetailsTest" name="checkProductDetails" time="10.294"/>
  <testcase classname="testLayer.ProductDetailsTest" name="checkProductDetails" time="8.194"/>
  <testcase classname="testLayer.ProductDetailsTest" name="checkProductDetails" time="8.982"/>
  <testcase classname="testLayer.ProductDetailsTest" name="checkProductDetails" time="10.443"/>
  <testcase classname="testLayer.ProductDetailsTest" name="checkProductDetails" time="15.748"/>
  <testcase classname="testLayer.ProductDetailsTest" name="checkProductDetails" time="19.722"/>
  <testcase classname="testLayer.ProductDetailsTest" name="checkProductDetails" time="10.029"/>
  <testcase classname="testLayer.ProductDetailsTest" name="checkProductDetails" time="1.412">
    <failure type="org.openqa.selenium.StaleElementReferenceException" message="stale element reference: stale element not found in the current frame
  (Session info: chrome-headless-shell=124.0.6367.119)
For documentation on this error, please visit: https://www.selenium.dev/documentation/webdriver/troubleshooting/errors#stale-element-reference-exception
Build info: version: &amp;apos;4.19.1&amp;apos;, revision: &amp;apos;abe0ee07dc&amp;apos;
System info: os.name: &amp;apos;Windows 10&amp;apos;, os.arch: &amp;apos;amd64&amp;apos;, os.version: &amp;apos;10.0&amp;apos;, java.version: &amp;apos;17.0.7&amp;apos;
Driver info: org.openqa.selenium.chrome.ChromeDriver
Command: [f51e24903959e6a7b61ab2b8d0083775, isElementDisplayed {id=f.1BAC4D7B69FFA06A4FB1C117C079C0CB.d.33D9FBBD9B7CABD694CD50F0D3057F3F.e.64}]
Capabilities {acceptInsecureCerts: false, browserName: chrome-headless-shell, browserVersion: 124.0.6367.119, chrome: {chromedriverVersion: 124.0.6367.91 (51df0e5e17a8..., userDataDir: C:\Users\Admin\AppData\Loca...}, fedcm:accounts: true, goog:chromeOptions: {debuggerAddress: localhost:60599}, networkConnectionEnabled: false, pageLoadStrategy: normal, platformName: windows, proxy: Proxy(), se:cdp: ws://localhost:60599/devtoo..., se:cdpVersion: 124.0.6367.119, setWindowRect: true, strictFileInteractability: false, timeouts: {implicit: 0, pageLoad: 300000, script: 30000}, unhandledPromptBehavior: dismiss and notify, webauthn:extension:credBlob: true, webauthn:extension:largeBlob: true, webauthn:extension:minPinLength: true, webauthn:extension:prf: true, webauthn:virtualAuthenticators: true}
Element: [[ChromeDriver: chrome-headless-shell on windows (f51e24903959e6a7b61ab2b8d0083775)] -&amp;gt; css selector: .mst-searchautocomplete__wrapper li]
Session ID: f51e24903959e6a7b61ab2b8d0083775">
      <![CDATA[org.openqa.selenium.StaleElementReferenceException: stale element reference: stale element not found in the current frame
  (Session info: chrome-headless-shell=124.0.6367.119)
For documentation on this error, please visit: https://www.selenium.dev/documentation/webdriver/troubleshooting/errors#stale-element-reference-exception
Build info: version: '4.19.1', revision: 'abe0ee07dc'
System info: os.name: 'Windows 10', os.arch: 'amd64', os.version: '10.0', java.version: '17.0.7'
Driver info: org.openqa.selenium.chrome.ChromeDriver
Command: [f51e24903959e6a7b61ab2b8d0083775, isElementDisplayed {id=f.1BAC4D7B69FFA06A4FB1C117C079C0CB.d.33D9FBBD9B7CABD694CD50F0D3057F3F.e.64}]
Capabilities {acceptInsecureCerts: false, browserName: chrome-headless-shell, browserVersion: 124.0.6367.119, chrome: {chromedriverVersion: 124.0.6367.91 (51df0e5e17a8..., userDataDir: C:\Users\Admin\AppData\Loca...}, fedcm:accounts: true, goog:chromeOptions: {debuggerAddress: localhost:60599}, networkConnectionEnabled: false, pageLoadStrategy: normal, platformName: windows, proxy: Proxy(), se:cdp: ws://localhost:60599/devtoo..., se:cdpVersion: 124.0.6367.119, setWindowRect: true, strictFileInteractability: false, timeouts: {implicit: 0, pageLoad: 300000, script: 30000}, unhandledPromptBehavior: dismiss and notify, webauthn:extension:credBlob: true, webauthn:extension:largeBlob: true, webauthn:extension:minPinLength: true, webauthn:extension:prf: true, webauthn:virtualAuthenticators: true}
Element: [[ChromeDriver: chrome-headless-shell on windows (f51e24903959e6a7b61ab2b8d0083775)] -> css selector: .mst-searchautocomplete__wrapper li]
Session ID: f51e24903959e6a7b61ab2b8d0083775
at java.base/jdk.internal.reflect.NativeConstructorAccessorImpl.newInstance0(Native Method)
at java.base/jdk.internal.reflect.NativeConstructorAccessorImpl.newInstance(NativeConstructorAccessorImpl.java:77)
at java.base/jdk.internal.reflect.DelegatingConstructorAccessorImpl.newInstance(DelegatingConstructorAccessorImpl.java:45)
at java.base/java.lang.reflect.Constructor.newInstanceWithCaller(Constructor.java:499)
at java.base/java.lang.reflect.Constructor.newInstance(Constructor.java:480)
at org.openqa.selenium.remote.ErrorCodec.decode(ErrorCodec.java:167)
at org.openqa.selenium.remote.codec.w3c.W3CHttpResponseCodec.decode(W3CHttpResponseCodec.java:138)
at org.openqa.selenium.remote.codec.w3c.W3CHttpResponseCodec.decode(W3CHttpResponseCodec.java:50)
at org.openqa.selenium.remote.HttpCommandExecutor.execute(HttpCommandExecutor.java:190)
at org.openqa.selenium.remote.service.DriverCommandExecutor.invokeExecute(DriverCommandExecutor.java:216)
at org.openqa.selenium.remote.service.DriverCommandExecutor.execute(DriverCommandExecutor.java:174)
at org.openqa.selenium.remote.RemoteWebDriver.execute(RemoteWebDriver.java:518)
at org.openqa.selenium.remote.RemoteWebElement.execute(RemoteWebElement.java:223)
at org.openqa.selenium.remote.RemoteWebElement.isDisplayed(RemoteWebElement.java:282)
at jdk.internal.reflect.GeneratedMethodAccessor11.invoke(Unknown Source)
at java.base/jdk.internal.reflect.DelegatingMethodAccessorImpl.invoke(DelegatingMethodAccessorImpl.java:43)
at java.base/java.lang.reflect.Method.invoke(Method.java:568)
at org.openqa.selenium.support.pagefactory.internal.LocatingElementHandler.invoke(LocatingElementHandler.java:51)
at jdk.proxy2/jdk.proxy2.$Proxy16.isDisplayed(Unknown Source)
at org.openqa.selenium.support.ui.ExpectedConditions.elementIfVisible(ExpectedConditions.java:304)
at org.openqa.selenium.support.ui.ExpectedConditions$10.apply(ExpectedConditions.java:290)
at org.openqa.selenium.support.ui.ExpectedConditions$10.apply(ExpectedConditions.java:287)
at org.openqa.selenium.support.ui.ExpectedConditions$23.apply(ExpectedConditions.java:656)
at org.openqa.selenium.support.ui.ExpectedConditions$23.apply(ExpectedConditions.java:652)
at org.openqa.selenium.support.ui.FluentWait.until(FluentWait.java:203)
at utilities.UtilClass.waitTillClickable(UtilClass.java:148)
at pageLayer.SearchAProduct.Search_box(SearchAProduct.java:82)
at testLayer.ProductDetailsTest.checkProductDetails(ProductDetailsTest.java:28)
at jdk.internal.reflect.GeneratedMethodAccessor9.invoke(Unknown Source)
at java.base/jdk.internal.reflect.DelegatingMethodAccessorImpl.invoke(DelegatingMethodAccessorImpl.java:43)
at java.base/java.lang.reflect.Method.invoke(Method.java:568)
at org.testng.internal.invokers.MethodInvocationHelper.invokeMethod(MethodInvocationHelper.java:139)
at org.testng.internal.invokers.TestInvoker.invokeMethod(TestInvoker.java:664)
at org.testng.internal.invokers.TestInvoker.invokeTestMethod(TestInvoker.java:227)
at org.testng.internal.invokers.MethodRunner.runInSequence(MethodRunner.java:50)
at org.testng.internal.invokers.TestInvoker$MethodInvocationAgent.invoke(TestInvoker.java:957)
at org.testng.internal.invokers.TestInvoker.invokeTestMethods(TestInvoker.java:200)
at org.testng.internal.invokers.TestMethodWorker.invokeTestMethods(TestMethodWorker.java:148)
at org.testng.internal.invokers.TestMethodWorker.run(TestMethodWorker.java:128)
at java.base/java.util.ArrayList.forEach(ArrayList.java:1511)
at org.testng.TestRunner.privateRun(TestRunner.java:848)
at org.testng.TestRunner.run(TestRunner.java:621)
at org.testng.SuiteRunner.runTest(SuiteRunner.java:443)
at org.testng.SuiteRunner.runSequentially(SuiteRunner.java:437)
at org.testng.SuiteRunner.privateRun(SuiteRunner.java:397)
at org.testng.SuiteRunner.run(SuiteRunner.java:336)
at org.testng.SuiteRunnerWorker.runSuite(SuiteRunnerWorker.java:52)
at org.testng.SuiteRunnerWorker.run(SuiteRunnerWorker.java:95)
at org.testng.TestNG.runSuitesSequentially(TestNG.java:1280)
at org.testng.TestNG.runSuitesLocally(TestNG.java:1200)
at org.testng.TestNG.runSuites(TestNG.java:1114)
at org.testng.TestNG.run(TestNG.java:1082)
at org.testng.remote.AbstractRemoteTestNG.run(AbstractRemoteTestNG.java:115)
at org.testng.remote.RemoteTestNG.initAndRun(RemoteTestNG.java:251)
at org.testng.remote.RemoteTestNG.main(RemoteTestNG.java:77)
]]>
    </failure>
  </testcase> <!-- checkProductDetails -->
  <testcase classname="testLayer.ProductDetailsTest" name="checkProductDetails" time="10.158"/>
  <testcase classname="testLayer.ProductDetailsTest" name="checkProductDetails" time="8.134"/>
  <testcase classname="testLayer.ProductDetailsTest" name="checkProductDetails" time="7.794"/>
  <testcase classname="testLayer.ProductDetailsTest" name="checkProductDetails" time="9.701"/>
  <testcase classname="testLayer.ProductDetailsTest" name="checkProductDetails" time="10.153"/>
  <testcase classname="testLayer.ProductDetailsTest" name="checkProductDetails" time="7.863"/>
  <testcase classname="testLayer.ProductDetailsTest" name="checkProductDetails" time="7.598"/>
  <testcase classname="testLayer.ProductDetailsTest" name="checkProductDetails" time="10.304"/>
  <testcase classname="testLayer.ProductDetailsTest" name="checkProductDetails" time="9.575"/>
  <testcase classname="testLayer.ProductDetailsTest" name="checkProductDetails" time="7.967"/>
  <testcase classname="testLayer.ProductDetailsTest" name="checkProductDetails" time="9.537"/>
  <testcase classname="testLayer.ProductDetailsTest" name="checkProductDetails" time="11.576"/>
  <testcase classname="testLayer.ProductDetailsTest" name="checkProductDetails" time="9.369"/>
  <testcase classname="testLayer.ProductDetailsTest" name="checkProductDetails" time="8.937"/>
  <testcase classname="testLayer.ProductDetailsTest" name="checkProductDetails" time="10.048"/>
  <testcase classname="testLayer.ProductDetailsTest" name="checkProductDetails" time="10.636"/>
  <testcase classname="testLayer.ProductDetailsTest" name="checkProductDetails" time="9.958"/>
  <testcase classname="testLayer.ProductDetailsTest" name="checkProductDetails" time="8.475"/>
  <testcase classname="testLayer.ProductDetailsTest" name="checkProductDetails" time="10.35"/>
  <testcase classname="testLayer.ProductDetailsTest" name="checkProductDetails" time="10.741"/>
  <testcase classname="testLayer.ProductDetailsTest" name="checkProductDetails" time="23.359">
    <failure type="org.openqa.selenium.NoSuchElementException" message="no such element: Unable to locate element: {&amp;quot;method&amp;quot;:&amp;quot;css selector&amp;quot;,&amp;quot;selector&amp;quot;:&amp;quot;.mst-searchautocomplete__wrapper li&amp;quot;}
  (Session info: chrome-headless-shell=124.0.6367.119)
For documentation on this error, please visit: https://www.selenium.dev/documentation/webdriver/troubleshooting/errors#no-such-element-exception
Build info: version: &amp;apos;4.19.1&amp;apos;, revision: &amp;apos;abe0ee07dc&amp;apos;
System info: os.name: &amp;apos;Windows 10&amp;apos;, os.arch: &amp;apos;amd64&amp;apos;, os.version: &amp;apos;10.0&amp;apos;, java.version: &amp;apos;17.0.7&amp;apos;
Driver info: org.openqa.selenium.chrome.ChromeDriver
Command: [27391274e44867cadfaf09980f1eacb0, findElement {value=.mst-searchautocomplete__wrapper li, using=css selector}]
Capabilities {acceptInsecureCerts: false, browserName: chrome-headless-shell, browserVersion: 124.0.6367.119, chrome: {chromedriverVersion: 124.0.6367.91 (51df0e5e17a8..., userDataDir: C:\Users\Admin\AppData\Loca...}, fedcm:accounts: true, goog:chromeOptions: {debuggerAddress: localhost:61337}, networkConnectionEnabled: false, pageLoadStrategy: normal, platformName: windows, proxy: Proxy(), se:cdp: ws://localhost:61337/devtoo..., se:cdpVersion: 124.0.6367.119, setWindowRect: true, strictFileInteractability: false, timeouts: {implicit: 0, pageLoad: 300000, script: 30000}, unhandledPromptBehavior: dismiss and notify, webauthn:extension:credBlob: true, webauthn:extension:largeBlob: true, webauthn:extension:minPinLength: true, webauthn:extension:prf: true, webauthn:virtualAuthenticators: true}
Session ID: 27391274e44867cadfaf09980f1eacb0">
      <![CDATA[org.openqa.selenium.NoSuchElementException: no such element: Unable to locate element: {"method":"css selector","selector":".mst-searchautocomplete__wrapper li"}
  (Session info: chrome-headless-shell=124.0.6367.119)
For documentation on this error, please visit: https://www.selenium.dev/documentation/webdriver/troubleshooting/errors#no-such-element-exception
Build info: version: '4.19.1', revision: 'abe0ee07dc'
System info: os.name: 'Windows 10', os.arch: 'amd64', os.version: '10.0', java.version: '17.0.7'
Driver info: org.openqa.selenium.chrome.ChromeDriver
Command: [27391274e44867cadfaf09980f1eacb0, findElement {value=.mst-searchautocomplete__wrapper li, using=css selector}]
Capabilities {acceptInsecureCerts: false, browserName: chrome-headless-shell, browserVersion: 124.0.6367.119, chrome: {chromedriverVersion: 124.0.6367.91 (51df0e5e17a8..., userDataDir: C:\Users\Admin\AppData\Loca...}, fedcm:accounts: true, goog:chromeOptions: {debuggerAddress: localhost:61337}, networkConnectionEnabled: false, pageLoadStrategy: normal, platformName: windows, proxy: Proxy(), se:cdp: ws://localhost:61337/devtoo..., se:cdpVersion: 124.0.6367.119, setWindowRect: true, strictFileInteractability: false, timeouts: {implicit: 0, pageLoad: 300000, script: 30000}, unhandledPromptBehavior: dismiss and notify, webauthn:extension:credBlob: true, webauthn:extension:largeBlob: true, webauthn:extension:minPinLength: true, webauthn:extension:prf: true, webauthn:virtualAuthenticators: true}
Session ID: 27391274e44867cadfaf09980f1eacb0
at java.base/jdk.internal.reflect.NativeConstructorAccessorImpl.newInstance0(Native Method)
at java.base/jdk.internal.reflect.NativeConstructorAccessorImpl.newInstance(NativeConstructorAccessorImpl.java:77)
at java.base/jdk.internal.reflect.DelegatingConstructorAccessorImpl.newInstance(DelegatingConstructorAccessorImpl.java:45)
at java.base/java.lang.reflect.Constructor.newInstanceWithCaller(Constructor.java:499)
at java.base/java.lang.reflect.Constructor.newInstance(Constructor.java:480)
at org.openqa.selenium.remote.ErrorCodec.decode(ErrorCodec.java:167)
at org.openqa.selenium.remote.codec.w3c.W3CHttpResponseCodec.decode(W3CHttpResponseCodec.java:138)
at org.openqa.selenium.remote.codec.w3c.W3CHttpResponseCodec.decode(W3CHttpResponseCodec.java:50)
at org.openqa.selenium.remote.HttpCommandExecutor.execute(HttpCommandExecutor.java:190)
at org.openqa.selenium.remote.service.DriverCommandExecutor.invokeExecute(DriverCommandExecutor.java:216)
at org.openqa.selenium.remote.service.DriverCommandExecutor.execute(DriverCommandExecutor.java:174)
at org.openqa.selenium.remote.RemoteWebDriver.execute(RemoteWebDriver.java:518)
at org.openqa.selenium.remote.ElementLocation$ElementFinder$2.findElement(ElementLocation.java:165)
at org.openqa.selenium.remote.ElementLocation.findElement(ElementLocation.java:59)
at org.openqa.selenium.remote.RemoteWebDriver.findElement(RemoteWebDriver.java:355)
at org.openqa.selenium.remote.RemoteWebDriver.findElement(RemoteWebDriver.java:349)
at org.openqa.selenium.support.pagefactory.DefaultElementLocator.findElement(DefaultElementLocator.java:68)
at org.openqa.selenium.support.pagefactory.internal.LocatingElementHandler.invoke(LocatingElementHandler.java:38)
at jdk.proxy2/jdk.proxy2.$Proxy16.click(Unknown Source)
at pageLayer.SearchAProduct.Search_box(SearchAProduct.java:89)
at testLayer.ProductDetailsTest.checkProductDetails(ProductDetailsTest.java:28)
at jdk.internal.reflect.GeneratedMethodAccessor9.invoke(Unknown Source)
at java.base/jdk.internal.reflect.DelegatingMethodAccessorImpl.invoke(DelegatingMethodAccessorImpl.java:43)
at java.base/java.lang.reflect.Method.invoke(Method.java:568)
at org.testng.internal.invokers.MethodInvocationHelper.invokeMethod(MethodInvocationHelper.java:139)
at org.testng.internal.invokers.TestInvoker.invokeMethod(TestInvoker.java:664)
at org.testng.internal.invokers.TestInvoker.invokeTestMethod(TestInvoker.java:227)
at org.testng.internal.invokers.MethodRunner.runInSequence(MethodRunner.java:50)
at org.testng.internal.invokers.TestInvoker$MethodInvocationAgent.invoke(TestInvoker.java:957)
at org.testng.internal.invokers.TestInvoker.invokeTestMethods(TestInvoker.java:200)
at org.testng.internal.invokers.TestMethodWorker.invokeTestMethods(TestMethodWorker.java:148)
at org.testng.internal.invokers.TestMethodWorker.run(TestMethodWorker.java:128)
at java.base/java.util.ArrayList.forEach(ArrayList.java:1511)
at org.testng.TestRunner.privateRun(TestRunner.java:848)
at org.testng.TestRunner.run(TestRunner.java:621)
at org.testng.SuiteRunner.runTest(SuiteRunner.java:443)
at org.testng.SuiteRunner.runSequentially(SuiteRunner.java:437)
at org.testng.SuiteRunner.privateRun(SuiteRunner.java:397)
at org.testng.SuiteRunner.run(SuiteRunner.java:336)
at org.testng.SuiteRunnerWorker.runSuite(SuiteRunnerWorker.java:52)
at org.testng.SuiteRunnerWorker.run(SuiteRunnerWorker.java:95)
at org.testng.TestNG.runSuitesSequentially(TestNG.java:1280)
at org.testng.TestNG.runSuitesLocally(TestNG.java:1200)
at org.testng.TestNG.runSuites(TestNG.java:1114)
at org.testng.TestNG.run(TestNG.java:1082)
at org.testng.remote.AbstractRemoteTestNG.run(AbstractRemoteTestNG.java:115)
at org.testng.remote.RemoteTestNG.initAndRun(RemoteTestNG.java:251)
at org.testng.remote.RemoteTestNG.main(RemoteTestNG.java:77)
]]>
    </failure>
  </testcase> <!-- checkProductDetails -->
  <testcase classname="testLayer.ProductDetailsTest" name="checkProductDetails" time="10.097"/>
  <testcase classname="testLayer.ProductDetailsTest" name="checkProductDetails" time="11.624"/>
  <testcase classname="testLayer.ProductDetailsTest" name="checkProductDetails" time="14.221"/>
  <testcase classname="testLayer.ProductDetailsTest" name="checkProductDetails" time="8.627"/>
  <testcase classname="testLayer.ProductDetailsTest" name="checkProductDetails" time="9.078"/>
  <testcase classname="testLayer.ProductDetailsTest" name="checkProductDetails" time="8.048"/>
  <testcase classname="testLayer.ProductDetailsTest" name="checkProductDetails" time="9.185"/>
  <testcase classname="testLayer.ProductDetailsTest" name="checkProductDetails" time="0.576">
    <failure type="org.openqa.selenium.StaleElementReferenceException" message="stale element reference: stale element not found in the current frame
  (Session info: chrome-headless-shell=124.0.6367.119)
For documentation on this error, please visit: https://www.selenium.dev/documentation/webdriver/troubleshooting/errors#stale-element-reference-exception
Build info: version: &amp;apos;4.19.1&amp;apos;, revision: &amp;apos;abe0ee07dc&amp;apos;
System info: os.name: &amp;apos;Windows 10&amp;apos;, os.arch: &amp;apos;amd64&amp;apos;, os.version: &amp;apos;10.0&amp;apos;, java.version: &amp;apos;17.0.7&amp;apos;
Driver info: org.openqa.selenium.chrome.ChromeDriver
Command: [b7d1e75cdbc336743dff78cb21f5044b, isElementDisplayed {id=f.019DEB35A4BE1E1EEA566FEC0D6D416E.d.9885C039178D0A83EFDE035140625126.e.64}]
Capabilities {acceptInsecureCerts: false, browserName: chrome-headless-shell, browserVersion: 124.0.6367.119, chrome: {chromedriverVersion: 124.0.6367.91 (51df0e5e17a8..., userDataDir: C:\Users\Admin\AppData\Loca...}, fedcm:accounts: true, goog:chromeOptions: {debuggerAddress: localhost:61629}, networkConnectionEnabled: false, pageLoadStrategy: normal, platformName: windows, proxy: Proxy(), se:cdp: ws://localhost:61629/devtoo..., se:cdpVersion: 124.0.6367.119, setWindowRect: true, strictFileInteractability: false, timeouts: {implicit: 0, pageLoad: 300000, script: 30000}, unhandledPromptBehavior: dismiss and notify, webauthn:extension:credBlob: true, webauthn:extension:largeBlob: true, webauthn:extension:minPinLength: true, webauthn:extension:prf: true, webauthn:virtualAuthenticators: true}
Element: [[ChromeDriver: chrome-headless-shell on windows (b7d1e75cdbc336743dff78cb21f5044b)] -&amp;gt; css selector: .mst-searchautocomplete__wrapper li]
Session ID: b7d1e75cdbc336743dff78cb21f5044b">
      <![CDATA[org.openqa.selenium.StaleElementReferenceException: stale element reference: stale element not found in the current frame
  (Session info: chrome-headless-shell=124.0.6367.119)
For documentation on this error, please visit: https://www.selenium.dev/documentation/webdriver/troubleshooting/errors#stale-element-reference-exception
Build info: version: '4.19.1', revision: 'abe0ee07dc'
System info: os.name: 'Windows 10', os.arch: 'amd64', os.version: '10.0', java.version: '17.0.7'
Driver info: org.openqa.selenium.chrome.ChromeDriver
Command: [b7d1e75cdbc336743dff78cb21f5044b, isElementDisplayed {id=f.019DEB35A4BE1E1EEA566FEC0D6D416E.d.9885C039178D0A83EFDE035140625126.e.64}]
Capabilities {acceptInsecureCerts: false, browserName: chrome-headless-shell, browserVersion: 124.0.6367.119, chrome: {chromedriverVersion: 124.0.6367.91 (51df0e5e17a8..., userDataDir: C:\Users\Admin\AppData\Loca...}, fedcm:accounts: true, goog:chromeOptions: {debuggerAddress: localhost:61629}, networkConnectionEnabled: false, pageLoadStrategy: normal, platformName: windows, proxy: Proxy(), se:cdp: ws://localhost:61629/devtoo..., se:cdpVersion: 124.0.6367.119, setWindowRect: true, strictFileInteractability: false, timeouts: {implicit: 0, pageLoad: 300000, script: 30000}, unhandledPromptBehavior: dismiss and notify, webauthn:extension:credBlob: true, webauthn:extension:largeBlob: true, webauthn:extension:minPinLength: true, webauthn:extension:prf: true, webauthn:virtualAuthenticators: true}
Element: [[ChromeDriver: chrome-headless-shell on windows (b7d1e75cdbc336743dff78cb21f5044b)] -> css selector: .mst-searchautocomplete__wrapper li]
Session ID: b7d1e75cdbc336743dff78cb21f5044b
at java.base/jdk.internal.reflect.NativeConstructorAccessorImpl.newInstance0(Native Method)
at java.base/jdk.internal.reflect.NativeConstructorAccessorImpl.newInstance(NativeConstructorAccessorImpl.java:77)
at java.base/jdk.internal.reflect.DelegatingConstructorAccessorImpl.newInstance(DelegatingConstructorAccessorImpl.java:45)
at java.base/java.lang.reflect.Constructor.newInstanceWithCaller(Constructor.java:499)
at java.base/java.lang.reflect.Constructor.newInstance(Constructor.java:480)
at org.openqa.selenium.remote.ErrorCodec.decode(ErrorCodec.java:167)
at org.openqa.selenium.remote.codec.w3c.W3CHttpResponseCodec.decode(W3CHttpResponseCodec.java:138)
at org.openqa.selenium.remote.codec.w3c.W3CHttpResponseCodec.decode(W3CHttpResponseCodec.java:50)
at org.openqa.selenium.remote.HttpCommandExecutor.execute(HttpCommandExecutor.java:190)
at org.openqa.selenium.remote.service.DriverCommandExecutor.invokeExecute(DriverCommandExecutor.java:216)
at org.openqa.selenium.remote.service.DriverCommandExecutor.execute(DriverCommandExecutor.java:174)
at org.openqa.selenium.remote.RemoteWebDriver.execute(RemoteWebDriver.java:518)
at org.openqa.selenium.remote.RemoteWebElement.execute(RemoteWebElement.java:223)
at org.openqa.selenium.remote.RemoteWebElement.isDisplayed(RemoteWebElement.java:282)
at jdk.internal.reflect.GeneratedMethodAccessor11.invoke(Unknown Source)
at java.base/jdk.internal.reflect.DelegatingMethodAccessorImpl.invoke(DelegatingMethodAccessorImpl.java:43)
at java.base/java.lang.reflect.Method.invoke(Method.java:568)
at org.openqa.selenium.support.pagefactory.internal.LocatingElementHandler.invoke(LocatingElementHandler.java:51)
at jdk.proxy2/jdk.proxy2.$Proxy16.isDisplayed(Unknown Source)
at org.openqa.selenium.support.ui.ExpectedConditions.elementIfVisible(ExpectedConditions.java:304)
at org.openqa.selenium.support.ui.ExpectedConditions$10.apply(ExpectedConditions.java:290)
at org.openqa.selenium.support.ui.ExpectedConditions$10.apply(ExpectedConditions.java:287)
at org.openqa.selenium.support.ui.ExpectedConditions$23.apply(ExpectedConditions.java:656)
at org.openqa.selenium.support.ui.ExpectedConditions$23.apply(ExpectedConditions.java:652)
at org.openqa.selenium.support.ui.FluentWait.until(FluentWait.java:203)
at utilities.UtilClass.waitTillClickable(UtilClass.java:148)
at pageLayer.SearchAProduct.Search_box(SearchAProduct.java:82)
at testLayer.ProductDetailsTest.checkProductDetails(ProductDetailsTest.java:28)
at jdk.internal.reflect.GeneratedMethodAccessor9.invoke(Unknown Source)
at java.base/jdk.internal.reflect.DelegatingMethodAccessorImpl.invoke(DelegatingMethodAccessorImpl.java:43)
at java.base/java.lang.reflect.Method.invoke(Method.java:568)
at org.testng.internal.invokers.MethodInvocationHelper.invokeMethod(MethodInvocationHelper.java:139)
at org.testng.internal.invokers.TestInvoker.invokeMethod(TestInvoker.java:664)
at org.testng.internal.invokers.TestInvoker.invokeTestMethod(TestInvoker.java:227)
at org.testng.internal.invokers.MethodRunner.runInSequence(MethodRunner.java:50)
at org.testng.internal.invokers.TestInvoker$MethodInvocationAgent.invoke(TestInvoker.java:957)
at org.testng.internal.invokers.TestInvoker.invokeTestMethods(TestInvoker.java:200)
at org.testng.internal.invokers.TestMethodWorker.invokeTestMethods(TestMethodWorker.java:148)
at org.testng.internal.invokers.TestMethodWorker.run(TestMethodWorker.java:128)
at java.base/java.util.ArrayList.forEach(ArrayList.java:1511)
at org.testng.TestRunner.privateRun(TestRunner.java:848)
at org.testng.TestRunner.run(TestRunner.java:621)
at org.testng.SuiteRunner.runTest(SuiteRunner.java:443)
at org.testng.SuiteRunner.runSequentially(SuiteRunner.java:437)
at org.testng.SuiteRunner.privateRun(SuiteRunner.java:397)
at org.testng.SuiteRunner.run(SuiteRunner.java:336)
at org.testng.SuiteRunnerWorker.runSuite(SuiteRunnerWorker.java:52)
at org.testng.SuiteRunnerWorker.run(SuiteRunnerWorker.java:95)
at org.testng.TestNG.runSuitesSequentially(TestNG.java:1280)
at org.testng.TestNG.runSuitesLocally(TestNG.java:1200)
at org.testng.TestNG.runSuites(TestNG.java:1114)
at org.testng.TestNG.run(TestNG.java:1082)
at org.testng.remote.AbstractRemoteTestNG.run(AbstractRemoteTestNG.java:115)
at org.testng.remote.RemoteTestNG.initAndRun(RemoteTestNG.java:251)
at org.testng.remote.RemoteTestNG.main(RemoteTestNG.java:77)
]]>
    </failure>
  </testcase> <!-- checkProductDetails -->
  <testcase classname="testLayer.ProductDetailsTest" name="checkProductDetails" time="8.025"/>
  <testcase classname="testLayer.ProductDetailsTest" name="checkProductDetails" time="9.688"/>
  <testcase classname="testLayer.ProductDetailsTest" name="checkProductDetails" time="8.922"/>
  <testcase classname="testLayer.ProductDetailsTest" name="checkProductDetails" time="8.495"/>
  <testcase classname="testLayer.ProductDetailsTest" name="checkProductDetails" time="9.652"/>
  <testcase classname="testLayer.ProductDetailsTest" name="checkProductDetails" time="0.574">
    <failure type="org.openqa.selenium.StaleElementReferenceException" message="stale element reference: stale element not found in the current frame
  (Session info: chrome-headless-shell=124.0.6367.119)
For documentation on this error, please visit: https://www.selenium.dev/documentation/webdriver/troubleshooting/errors#stale-element-reference-exception
Build info: version: &amp;apos;4.19.1&amp;apos;, revision: &amp;apos;abe0ee07dc&amp;apos;
System info: os.name: &amp;apos;Windows 10&amp;apos;, os.arch: &amp;apos;amd64&amp;apos;, os.version: &amp;apos;10.0&amp;apos;, java.version: &amp;apos;17.0.7&amp;apos;
Driver info: org.openqa.selenium.chrome.ChromeDriver
Command: [f048b1fde45807ae748861df4557f61f, isElementDisplayed {id=f.AFC2C8FFDDA67776A41CB2F542380C75.d.237475AB9747E1D6938ED17CFD3C097F.e.64}]
Capabilities {acceptInsecureCerts: false, browserName: chrome-headless-shell, browserVersion: 124.0.6367.119, chrome: {chromedriverVersion: 124.0.6367.91 (51df0e5e17a8..., userDataDir: C:\Users\Admin\AppData\Loca...}, fedcm:accounts: true, goog:chromeOptions: {debuggerAddress: localhost:61819}, networkConnectionEnabled: false, pageLoadStrategy: normal, platformName: windows, proxy: Proxy(), se:cdp: ws://localhost:61819/devtoo..., se:cdpVersion: 124.0.6367.119, setWindowRect: true, strictFileInteractability: false, timeouts: {implicit: 0, pageLoad: 300000, script: 30000}, unhandledPromptBehavior: dismiss and notify, webauthn:extension:credBlob: true, webauthn:extension:largeBlob: true, webauthn:extension:minPinLength: true, webauthn:extension:prf: true, webauthn:virtualAuthenticators: true}
Element: [[ChromeDriver: chrome-headless-shell on windows (f048b1fde45807ae748861df4557f61f)] -&amp;gt; css selector: .mst-searchautocomplete__wrapper li]
Session ID: f048b1fde45807ae748861df4557f61f">
      <![CDATA[org.openqa.selenium.StaleElementReferenceException: stale element reference: stale element not found in the current frame
  (Session info: chrome-headless-shell=124.0.6367.119)
For documentation on this error, please visit: https://www.selenium.dev/documentation/webdriver/troubleshooting/errors#stale-element-reference-exception
Build info: version: '4.19.1', revision: 'abe0ee07dc'
System info: os.name: 'Windows 10', os.arch: 'amd64', os.version: '10.0', java.version: '17.0.7'
Driver info: org.openqa.selenium.chrome.ChromeDriver
Command: [f048b1fde45807ae748861df4557f61f, isElementDisplayed {id=f.AFC2C8FFDDA67776A41CB2F542380C75.d.237475AB9747E1D6938ED17CFD3C097F.e.64}]
Capabilities {acceptInsecureCerts: false, browserName: chrome-headless-shell, browserVersion: 124.0.6367.119, chrome: {chromedriverVersion: 124.0.6367.91 (51df0e5e17a8..., userDataDir: C:\Users\Admin\AppData\Loca...}, fedcm:accounts: true, goog:chromeOptions: {debuggerAddress: localhost:61819}, networkConnectionEnabled: false, pageLoadStrategy: normal, platformName: windows, proxy: Proxy(), se:cdp: ws://localhost:61819/devtoo..., se:cdpVersion: 124.0.6367.119, setWindowRect: true, strictFileInteractability: false, timeouts: {implicit: 0, pageLoad: 300000, script: 30000}, unhandledPromptBehavior: dismiss and notify, webauthn:extension:credBlob: true, webauthn:extension:largeBlob: true, webauthn:extension:minPinLength: true, webauthn:extension:prf: true, webauthn:virtualAuthenticators: true}
Element: [[ChromeDriver: chrome-headless-shell on windows (f048b1fde45807ae748861df4557f61f)] -> css selector: .mst-searchautocomplete__wrapper li]
Session ID: f048b1fde45807ae748861df4557f61f
at java.base/jdk.internal.reflect.NativeConstructorAccessorImpl.newInstance0(Native Method)
at java.base/jdk.internal.reflect.NativeConstructorAccessorImpl.newInstance(NativeConstructorAccessorImpl.java:77)
at java.base/jdk.internal.reflect.DelegatingConstructorAccessorImpl.newInstance(DelegatingConstructorAccessorImpl.java:45)
at java.base/java.lang.reflect.Constructor.newInstanceWithCaller(Constructor.java:499)
at java.base/java.lang.reflect.Constructor.newInstance(Constructor.java:480)
at org.openqa.selenium.remote.ErrorCodec.decode(ErrorCodec.java:167)
at org.openqa.selenium.remote.codec.w3c.W3CHttpResponseCodec.decode(W3CHttpResponseCodec.java:138)
at org.openqa.selenium.remote.codec.w3c.W3CHttpResponseCodec.decode(W3CHttpResponseCodec.java:50)
at org.openqa.selenium.remote.HttpCommandExecutor.execute(HttpCommandExecutor.java:190)
at org.openqa.selenium.remote.service.DriverCommandExecutor.invokeExecute(DriverCommandExecutor.java:216)
at org.openqa.selenium.remote.service.DriverCommandExecutor.execute(DriverCommandExecutor.java:174)
at org.openqa.selenium.remote.RemoteWebDriver.execute(RemoteWebDriver.java:518)
at org.openqa.selenium.remote.RemoteWebElement.execute(RemoteWebElement.java:223)
at org.openqa.selenium.remote.RemoteWebElement.isDisplayed(RemoteWebElement.java:282)
at jdk.internal.reflect.GeneratedMethodAccessor11.invoke(Unknown Source)
at java.base/jdk.internal.reflect.DelegatingMethodAccessorImpl.invoke(DelegatingMethodAccessorImpl.java:43)
at java.base/java.lang.reflect.Method.invoke(Method.java:568)
at org.openqa.selenium.support.pagefactory.internal.LocatingElementHandler.invoke(LocatingElementHandler.java:51)
at jdk.proxy2/jdk.proxy2.$Proxy16.isDisplayed(Unknown Source)
at org.openqa.selenium.support.ui.ExpectedConditions.elementIfVisible(ExpectedConditions.java:304)
at org.openqa.selenium.support.ui.ExpectedConditions$10.apply(ExpectedConditions.java:290)
at org.openqa.selenium.support.ui.ExpectedConditions$10.apply(ExpectedConditions.java:287)
at org.openqa.selenium.support.ui.ExpectedConditions$23.apply(ExpectedConditions.java:656)
at org.openqa.selenium.support.ui.ExpectedConditions$23.apply(ExpectedConditions.java:652)
at org.openqa.selenium.support.ui.FluentWait.until(FluentWait.java:203)
at utilities.UtilClass.waitTillClickable(UtilClass.java:148)
at pageLayer.SearchAProduct.Search_box(SearchAProduct.java:82)
at testLayer.ProductDetailsTest.checkProductDetails(ProductDetailsTest.java:28)
at jdk.internal.reflect.GeneratedMethodAccessor9.invoke(Unknown Source)
at java.base/jdk.internal.reflect.DelegatingMethodAccessorImpl.invoke(DelegatingMethodAccessorImpl.java:43)
at java.base/java.lang.reflect.Method.invoke(Method.java:568)
at org.testng.internal.invokers.MethodInvocationHelper.invokeMethod(MethodInvocationHelper.java:139)
at org.testng.internal.invokers.TestInvoker.invokeMethod(TestInvoker.java:664)
at org.testng.internal.invokers.TestInvoker.invokeTestMethod(TestInvoker.java:227)
at org.testng.internal.invokers.MethodRunner.runInSequence(MethodRunner.java:50)
at org.testng.internal.invokers.TestInvoker$MethodInvocationAgent.invoke(TestInvoker.java:957)
at org.testng.internal.invokers.TestInvoker.invokeTestMethods(TestInvoker.java:200)
at org.testng.internal.invokers.TestMethodWorker.invokeTestMethods(TestMethodWorker.java:148)
at org.testng.internal.invokers.TestMethodWorker.run(TestMethodWorker.java:128)
at java.base/java.util.ArrayList.forEach(ArrayList.java:1511)
at org.testng.TestRunner.privateRun(TestRunner.java:848)
at org.testng.TestRunner.run(TestRunner.java:621)
at org.testng.SuiteRunner.runTest(SuiteRunner.java:443)
at org.testng.SuiteRunner.runSequentially(SuiteRunner.java:437)
at org.testng.SuiteRunner.privateRun(SuiteRunner.java:397)
at org.testng.SuiteRunner.run(SuiteRunner.java:336)
at org.testng.SuiteRunnerWorker.runSuite(SuiteRunnerWorker.java:52)
at org.testng.SuiteRunnerWorker.run(SuiteRunnerWorker.java:95)
at org.testng.TestNG.runSuitesSequentially(TestNG.java:1280)
at org.testng.TestNG.runSuitesLocally(TestNG.java:1200)
at org.testng.TestNG.runSuites(TestNG.java:1114)
at org.testng.TestNG.run(TestNG.java:1082)
at org.testng.remote.AbstractRemoteTestNG.run(AbstractRemoteTestNG.java:115)
at org.testng.remote.RemoteTestNG.initAndRun(RemoteTestNG.java:251)
at org.testng.remote.RemoteTestNG.main(RemoteTestNG.java:77)
]]>
    </failure>
  </testcase> <!-- checkProductDetails -->
  <testcase classname="testLayer.ProductDetailsTest" name="checkProductDetails" time="10.377"/>
  <testcase classname="testLayer.ProductDetailsTest" name="checkProductDetails" time="9.806"/>
  <testcase classname="testLayer.ProductDetailsTest" name="checkProductDetails" time="14.619"/>
  <testcase classname="testLayer.ProductDetailsTest" name="checkProductDetails" time="8.993"/>
  <testcase classname="testLayer.ProductDetailsTest" name="checkProductDetails" time="12.044"/>
  <testcase classname="testLayer.ProductDetailsTest" name="checkProductDetails" time="10.554"/>
  <testcase classname="testLayer.ProductDetailsTest" name="checkProductDetails" time="10.878"/>
  <testcase classname="testLayer.ProductDetailsTest" name="checkProductDetails" time="28.356">
    <failure type="org.openqa.selenium.NoSuchElementException" message="no such element: Unable to locate element: {&amp;quot;method&amp;quot;:&amp;quot;css selector&amp;quot;,&amp;quot;selector&amp;quot;:&amp;quot;.attributes-list [data-th=&amp;apos;Size&amp;apos;]&amp;quot;}
  (Session info: chrome-headless-shell=124.0.6367.119)
For documentation on this error, please visit: https://www.selenium.dev/documentation/webdriver/troubleshooting/errors#no-such-element-exception
Build info: version: &amp;apos;4.19.1&amp;apos;, revision: &amp;apos;abe0ee07dc&amp;apos;
System info: os.name: &amp;apos;Windows 10&amp;apos;, os.arch: &amp;apos;amd64&amp;apos;, os.version: &amp;apos;10.0&amp;apos;, java.version: &amp;apos;17.0.7&amp;apos;
Driver info: org.openqa.selenium.chrome.ChromeDriver
Command: [786cac42e948defb4e7a78afabca98a8, findElement {value=.attributes-list [data-th=&amp;apos;Size&amp;apos;], using=css selector}]
Capabilities {acceptInsecureCerts: false, browserName: chrome-headless-shell, browserVersion: 124.0.6367.119, chrome: {chromedriverVersion: 124.0.6367.91 (51df0e5e17a8..., userDataDir: C:\Users\Admin\AppData\Loca...}, fedcm:accounts: true, goog:chromeOptions: {debuggerAddress: localhost:55234}, networkConnectionEnabled: false, pageLoadStrategy: normal, platformName: windows, proxy: Proxy(), se:cdp: ws://localhost:55234/devtoo..., se:cdpVersion: 124.0.6367.119, setWindowRect: true, strictFileInteractability: false, timeouts: {implicit: 0, pageLoad: 300000, script: 30000}, unhandledPromptBehavior: dismiss and notify, webauthn:extension:credBlob: true, webauthn:extension:largeBlob: true, webauthn:extension:minPinLength: true, webauthn:extension:prf: true, webauthn:virtualAuthenticators: true}
Session ID: 786cac42e948defb4e7a78afabca98a8">
      <![CDATA[org.openqa.selenium.NoSuchElementException: no such element: Unable to locate element: {"method":"css selector","selector":".attributes-list [data-th='Size']"}
  (Session info: chrome-headless-shell=124.0.6367.119)
For documentation on this error, please visit: https://www.selenium.dev/documentation/webdriver/troubleshooting/errors#no-such-element-exception
Build info: version: '4.19.1', revision: 'abe0ee07dc'
System info: os.name: 'Windows 10', os.arch: 'amd64', os.version: '10.0', java.version: '17.0.7'
Driver info: org.openqa.selenium.chrome.ChromeDriver
Command: [786cac42e948defb4e7a78afabca98a8, findElement {value=.attributes-list [data-th='Size'], using=css selector}]
Capabilities {acceptInsecureCerts: false, browserName: chrome-headless-shell, browserVersion: 124.0.6367.119, chrome: {chromedriverVersion: 124.0.6367.91 (51df0e5e17a8..., userDataDir: C:\Users\Admin\AppData\Loca...}, fedcm:accounts: true, goog:chromeOptions: {debuggerAddress: localhost:55234}, networkConnectionEnabled: false, pageLoadStrategy: normal, platformName: windows, proxy: Proxy(), se:cdp: ws://localhost:55234/devtoo..., se:cdpVersion: 124.0.6367.119, setWindowRect: true, strictFileInteractability: false, timeouts: {implicit: 0, pageLoad: 300000, script: 30000}, unhandledPromptBehavior: dismiss and notify, webauthn:extension:credBlob: true, webauthn:extension:largeBlob: true, webauthn:extension:minPinLength: true, webauthn:extension:prf: true, webauthn:virtualAuthenticators: true}
Session ID: 786cac42e948defb4e7a78afabca98a8
at java.base/jdk.internal.reflect.NativeConstructorAccessorImpl.newInstance0(Native Method)
at java.base/jdk.internal.reflect.NativeConstructorAccessorImpl.newInstance(NativeConstructorAccessorImpl.java:77)
at java.base/jdk.internal.reflect.DelegatingConstructorAccessorImpl.newInstance(DelegatingConstructorAccessorImpl.java:45)
at java.base/java.lang.reflect.Constructor.newInstanceWithCaller(Constructor.java:499)
at java.base/java.lang.reflect.Constructor.newInstance(Constructor.java:480)
at org.openqa.selenium.remote.ErrorCodec.decode(ErrorCodec.java:167)
at org.openqa.selenium.remote.codec.w3c.W3CHttpResponseCodec.decode(W3CHttpResponseCodec.java:138)
at org.openqa.selenium.remote.codec.w3c.W3CHttpResponseCodec.decode(W3CHttpResponseCodec.java:50)
at org.openqa.selenium.remote.HttpCommandExecutor.execute(HttpCommandExecutor.java:190)
at org.openqa.selenium.remote.service.DriverCommandExecutor.invokeExecute(DriverCommandExecutor.java:216)
at org.openqa.selenium.remote.service.DriverCommandExecutor.execute(DriverCommandExecutor.java:174)
at org.openqa.selenium.remote.RemoteWebDriver.execute(RemoteWebDriver.java:518)
at org.openqa.selenium.remote.ElementLocation$ElementFinder$2.findElement(ElementLocation.java:165)
at org.openqa.selenium.remote.ElementLocation.findElement(ElementLocation.java:59)
at org.openqa.selenium.remote.RemoteWebDriver.findElement(RemoteWebDriver.java:355)
at org.openqa.selenium.remote.RemoteWebDriver.findElement(RemoteWebDriver.java:349)
at org.openqa.selenium.support.pagefactory.DefaultElementLocator.findElement(DefaultElementLocator.java:68)
at org.openqa.selenium.support.pagefactory.internal.LocatingElementHandler.invoke(LocatingElementHandler.java:38)
at jdk.proxy2/jdk.proxy2.$Proxy16.getText(Unknown Source)
at pageLayer.PDP_Page.get_Size_Of_product(PDP_Page.java:53)
at testLayer.ProductDetailsTest.checkProductDetails(ProductDetailsTest.java:33)
at jdk.internal.reflect.GeneratedMethodAccessor9.invoke(Unknown Source)
at java.base/jdk.internal.reflect.DelegatingMethodAccessorImpl.invoke(DelegatingMethodAccessorImpl.java:43)
at java.base/java.lang.reflect.Method.invoke(Method.java:568)
at org.testng.internal.invokers.MethodInvocationHelper.invokeMethod(MethodInvocationHelper.java:139)
at org.testng.internal.invokers.TestInvoker.invokeMethod(TestInvoker.java:664)
at org.testng.internal.invokers.TestInvoker.invokeTestMethod(TestInvoker.java:227)
at org.testng.internal.invokers.MethodRunner.runInSequence(MethodRunner.java:50)
at org.testng.internal.invokers.TestInvoker$MethodInvocationAgent.invoke(TestInvoker.java:957)
at org.testng.internal.invokers.TestInvoker.invokeTestMethods(TestInvoker.java:200)
at org.testng.internal.invokers.TestMethodWorker.invokeTestMethods(TestMethodWorker.java:148)
at org.testng.internal.invokers.TestMethodWorker.run(TestMethodWorker.java:128)
at java.base/java.util.ArrayList.forEach(ArrayList.java:1511)
at org.testng.TestRunner.privateRun(TestRunner.java:848)
at org.testng.TestRunner.run(TestRunner.java:621)
at org.testng.SuiteRunner.runTest(SuiteRunner.java:443)
at org.testng.SuiteRunner.runSequentially(SuiteRunner.java:437)
at org.testng.SuiteRunner.privateRun(SuiteRunner.java:397)
at org.testng.SuiteRunner.run(SuiteRunner.java:336)
at org.testng.SuiteRunnerWorker.runSuite(SuiteRunnerWorker.java:52)
at org.testng.SuiteRunnerWorker.run(SuiteRunnerWorker.java:95)
at org.testng.TestNG.runSuitesSequentially(TestNG.java:1280)
at org.testng.TestNG.runSuitesLocally(TestNG.java:1200)
at org.testng.TestNG.runSuites(TestNG.java:1114)
at org.testng.TestNG.run(TestNG.java:1082)
at org.testng.remote.AbstractRemoteTestNG.run(AbstractRemoteTestNG.java:115)
at org.testng.remote.RemoteTestNG.initAndRun(RemoteTestNG.java:251)
at org.testng.remote.RemoteTestNG.main(RemoteTestNG.java:77)
]]>
    </failure>
  </testcase> <!-- checkProductDetails -->
  <testcase classname="testLayer.ProductDetailsTest" name="checkProductDetails" time="10.162"/>
  <testcase classname="testLayer.ProductDetailsTest" name="checkProductDetails" time="8.978"/>
  <testcase classname="testLayer.ProductDetailsTest" name="checkProductDetails" time="9.344"/>
  <testcase classname="testLayer.ProductDetailsTest" name="checkProductDetails" time="8.071"/>
  <testcase classname="testLayer.ProductDetailsTest" name="checkProductDetails" time="8.321"/>
  <testcase classname="testLayer.ProductDetailsTest" name="checkProductDetails" time="9.122"/>
  <testcase classname="testLayer.ProductDetailsTest" name="checkProductDetails" time="9.017"/>
  <testcase classname="testLayer.ProductDetailsTest" name="checkProductDetails" time="7.826"/>
  <testcase classname="testLayer.ProductDetailsTest" name="checkProductDetails" time="8.454"/>
  <testcase classname="testLayer.ProductDetailsTest" name="checkProductDetails" time="9.041"/>
  <testcase classname="testLayer.ProductDetailsTest" name="checkProductDetails" time="11.707"/>
  <testcase classname="testLayer.ProductDetailsTest" name="checkProductDetails" time="9.665"/>
  <testcase classname="testLayer.ProductDetailsTest" name="checkProductDetails" time="11.054"/>
  <testcase classname="testLayer.ProductDetailsTest" name="checkProductDetails" time="9.537"/>
  <testcase classname="testLayer.ProductDetailsTest" name="checkProductDetails" time="9.702"/>
  <testcase classname="testLayer.ProductDetailsTest" name="checkProductDetails" time="10.529"/>
  <testcase classname="testLayer.ProductDetailsTest" name="checkProductDetails" time="9.511"/>
  <testcase classname="testLayer.ProductDetailsTest" name="checkProductDetails" time="9.125"/>
  <testcase classname="testLayer.ProductDetailsTest" name="checkProductDetails" time="29.934">
    <failure type="org.openqa.selenium.NoSuchElementException" message="no such element: Unable to locate element: {&amp;quot;method&amp;quot;:&amp;quot;css selector&amp;quot;,&amp;quot;selector&amp;quot;:&amp;quot;.attributes-list [data-th=&amp;apos;Size&amp;apos;]&amp;quot;}
  (Session info: chrome-headless-shell=124.0.6367.119)
For documentation on this error, please visit: https://www.selenium.dev/documentation/webdriver/troubleshooting/errors#no-such-element-exception
Build info: version: &amp;apos;4.19.1&amp;apos;, revision: &amp;apos;abe0ee07dc&amp;apos;
System info: os.name: &amp;apos;Windows 10&amp;apos;, os.arch: &amp;apos;amd64&amp;apos;, os.version: &amp;apos;10.0&amp;apos;, java.version: &amp;apos;17.0.7&amp;apos;
Driver info: org.openqa.selenium.chrome.ChromeDriver
Command: [87b8c4d29f1d13497bad924589b3c3f9, findElement {value=.attributes-list [data-th=&amp;apos;Size&amp;apos;], using=css selector}]
Capabilities {acceptInsecureCerts: false, browserName: chrome-headless-shell, browserVersion: 124.0.6367.119, chrome: {chromedriverVersion: 124.0.6367.91 (51df0e5e17a8..., userDataDir: C:\Users\Admin\AppData\Loca...}, fedcm:accounts: true, goog:chromeOptions: {debuggerAddress: localhost:55898}, networkConnectionEnabled: false, pageLoadStrategy: normal, platformName: windows, proxy: Proxy(), se:cdp: ws://localhost:55898/devtoo..., se:cdpVersion: 124.0.6367.119, setWindowRect: true, strictFileInteractability: false, timeouts: {implicit: 0, pageLoad: 300000, script: 30000}, unhandledPromptBehavior: dismiss and notify, webauthn:extension:credBlob: true, webauthn:extension:largeBlob: true, webauthn:extension:minPinLength: true, webauthn:extension:prf: true, webauthn:virtualAuthenticators: true}
Session ID: 87b8c4d29f1d13497bad924589b3c3f9">
      <![CDATA[org.openqa.selenium.NoSuchElementException: no such element: Unable to locate element: {"method":"css selector","selector":".attributes-list [data-th='Size']"}
  (Session info: chrome-headless-shell=124.0.6367.119)
For documentation on this error, please visit: https://www.selenium.dev/documentation/webdriver/troubleshooting/errors#no-such-element-exception
Build info: version: '4.19.1', revision: 'abe0ee07dc'
System info: os.name: 'Windows 10', os.arch: 'amd64', os.version: '10.0', java.version: '17.0.7'
Driver info: org.openqa.selenium.chrome.ChromeDriver
Command: [87b8c4d29f1d13497bad924589b3c3f9, findElement {value=.attributes-list [data-th='Size'], using=css selector}]
Capabilities {acceptInsecureCerts: false, browserName: chrome-headless-shell, browserVersion: 124.0.6367.119, chrome: {chromedriverVersion: 124.0.6367.91 (51df0e5e17a8..., userDataDir: C:\Users\Admin\AppData\Loca...}, fedcm:accounts: true, goog:chromeOptions: {debuggerAddress: localhost:55898}, networkConnectionEnabled: false, pageLoadStrategy: normal, platformName: windows, proxy: Proxy(), se:cdp: ws://localhost:55898/devtoo..., se:cdpVersion: 124.0.6367.119, setWindowRect: true, strictFileInteractability: false, timeouts: {implicit: 0, pageLoad: 300000, script: 30000}, unhandledPromptBehavior: dismiss and notify, webauthn:extension:credBlob: true, webauthn:extension:largeBlob: true, webauthn:extension:minPinLength: true, webauthn:extension:prf: true, webauthn:virtualAuthenticators: true}
Session ID: 87b8c4d29f1d13497bad924589b3c3f9
at java.base/jdk.internal.reflect.NativeConstructorAccessorImpl.newInstance0(Native Method)
at java.base/jdk.internal.reflect.NativeConstructorAccessorImpl.newInstance(NativeConstructorAccessorImpl.java:77)
at java.base/jdk.internal.reflect.DelegatingConstructorAccessorImpl.newInstance(DelegatingConstructorAccessorImpl.java:45)
at java.base/java.lang.reflect.Constructor.newInstanceWithCaller(Constructor.java:499)
at java.base/java.lang.reflect.Constructor.newInstance(Constructor.java:480)
at org.openqa.selenium.remote.ErrorCodec.decode(ErrorCodec.java:167)
at org.openqa.selenium.remote.codec.w3c.W3CHttpResponseCodec.decode(W3CHttpResponseCodec.java:138)
at org.openqa.selenium.remote.codec.w3c.W3CHttpResponseCodec.decode(W3CHttpResponseCodec.java:50)
at org.openqa.selenium.remote.HttpCommandExecutor.execute(HttpCommandExecutor.java:190)
at org.openqa.selenium.remote.service.DriverCommandExecutor.invokeExecute(DriverCommandExecutor.java:216)
at org.openqa.selenium.remote.service.DriverCommandExecutor.execute(DriverCommandExecutor.java:174)
at org.openqa.selenium.remote.RemoteWebDriver.execute(RemoteWebDriver.java:518)
at org.openqa.selenium.remote.ElementLocation$ElementFinder$2.findElement(ElementLocation.java:165)
at org.openqa.selenium.remote.ElementLocation.findElement(ElementLocation.java:59)
at org.openqa.selenium.remote.RemoteWebDriver.findElement(RemoteWebDriver.java:355)
at org.openqa.selenium.remote.RemoteWebDriver.findElement(RemoteWebDriver.java:349)
at org.openqa.selenium.support.pagefactory.DefaultElementLocator.findElement(DefaultElementLocator.java:68)
at org.openqa.selenium.support.pagefactory.internal.LocatingElementHandler.invoke(LocatingElementHandler.java:38)
at jdk.proxy2/jdk.proxy2.$Proxy16.getText(Unknown Source)
at pageLayer.PDP_Page.get_Size_Of_product(PDP_Page.java:53)
at testLayer.ProductDetailsTest.checkProductDetails(ProductDetailsTest.java:33)
at jdk.internal.reflect.GeneratedMethodAccessor9.invoke(Unknown Source)
at java.base/jdk.internal.reflect.DelegatingMethodAccessorImpl.invoke(DelegatingMethodAccessorImpl.java:43)
at java.base/java.lang.reflect.Method.invoke(Method.java:568)
at org.testng.internal.invokers.MethodInvocationHelper.invokeMethod(MethodInvocationHelper.java:139)
at org.testng.internal.invokers.TestInvoker.invokeMethod(TestInvoker.java:664)
at org.testng.internal.invokers.TestInvoker.invokeTestMethod(TestInvoker.java:227)
at org.testng.internal.invokers.MethodRunner.runInSequence(MethodRunner.java:50)
at org.testng.internal.invokers.TestInvoker$MethodInvocationAgent.invoke(TestInvoker.java:957)
at org.testng.internal.invokers.TestInvoker.invokeTestMethods(TestInvoker.java:200)
at org.testng.internal.invokers.TestMethodWorker.invokeTestMethods(TestMethodWorker.java:148)
at org.testng.internal.invokers.TestMethodWorker.run(TestMethodWorker.java:128)
at java.base/java.util.ArrayList.forEach(ArrayList.java:1511)
at org.testng.TestRunner.privateRun(TestRunner.java:848)
at org.testng.TestRunner.run(TestRunner.java:621)
at org.testng.SuiteRunner.runTest(SuiteRunner.java:443)
at org.testng.SuiteRunner.runSequentially(SuiteRunner.java:437)
at org.testng.SuiteRunner.privateRun(SuiteRunner.java:397)
at org.testng.SuiteRunner.run(SuiteRunner.java:336)
at org.testng.SuiteRunnerWorker.runSuite(SuiteRunnerWorker.java:52)
at org.testng.SuiteRunnerWorker.run(SuiteRunnerWorker.java:95)
at org.testng.TestNG.runSuitesSequentially(TestNG.java:1280)
at org.testng.TestNG.runSuitesLocally(TestNG.java:1200)
at org.testng.TestNG.runSuites(TestNG.java:1114)
at org.testng.TestNG.run(TestNG.java:1082)
at org.testng.remote.AbstractRemoteTestNG.run(AbstractRemoteTestNG.java:115)
at org.testng.remote.RemoteTestNG.initAndRun(RemoteTestNG.java:251)
at org.testng.remote.RemoteTestNG.main(RemoteTestNG.java:77)
]]>
    </failure>
  </testcase> <!-- checkProductDetails -->
  <testcase classname="testLayer.ProductDetailsTest" name="checkProductDetails" time="17.072"/>
  <testcase classname="testLayer.ProductDetailsTest" name="checkProductDetails" time="12.744"/>
  <testcase classname="testLayer.ProductDetailsTest" name="checkProductDetails" time="26.196"/>
  <testcase classname="testLayer.ProductDetailsTest" name="checkProductDetails" time="13.637"/>
  <testcase classname="testLayer.ProductDetailsTest" name="checkProductDetails" time="13.721"/>
  <testcase classname="testLayer.ProductDetailsTest" name="checkProductDetails" time="10.56"/>
  <testcase classname="testLayer.ProductDetailsTest" name="checkProductDetails" time="7.699"/>
  <testcase classname="testLayer.ProductDetailsTest" name="checkProductDetails" time="12.996"/>
  <testcase classname="testLayer.ProductDetailsTest" name="checkProductDetails" time="7.935"/>
  <testcase classname="testLayer.ProductDetailsTest" name="checkProductDetails" time="13.466"/>
  <testcase classname="testLayer.ProductDetailsTest" name="checkProductDetails" time="28.617">
    <failure type="org.openqa.selenium.NoSuchElementException" message="no such element: Unable to locate element: {&amp;quot;method&amp;quot;:&amp;quot;css selector&amp;quot;,&amp;quot;selector&amp;quot;:&amp;quot;.attributes-list [data-th=&amp;apos;Size&amp;apos;]&amp;quot;}
  (Session info: chrome-headless-shell=124.0.6367.119)
For documentation on this error, please visit: https://www.selenium.dev/documentation/webdriver/troubleshooting/errors#no-such-element-exception
Build info: version: &amp;apos;4.19.1&amp;apos;, revision: &amp;apos;abe0ee07dc&amp;apos;
System info: os.name: &amp;apos;Windows 10&amp;apos;, os.arch: &amp;apos;amd64&amp;apos;, os.version: &amp;apos;10.0&amp;apos;, java.version: &amp;apos;17.0.7&amp;apos;
Driver info: org.openqa.selenium.chrome.ChromeDriver
Command: [5d791e7a25748b92313f40256b6f8798, findElement {value=.attributes-list [data-th=&amp;apos;Size&amp;apos;], using=css selector}]
Capabilities {acceptInsecureCerts: false, browserName: chrome-headless-shell, browserVersion: 124.0.6367.119, chrome: {chromedriverVersion: 124.0.6367.91 (51df0e5e17a8..., userDataDir: C:\Users\Admin\AppData\Loca...}, fedcm:accounts: true, goog:chromeOptions: {debuggerAddress: localhost:56242}, networkConnectionEnabled: false, pageLoadStrategy: normal, platformName: windows, proxy: Proxy(), se:cdp: ws://localhost:56242/devtoo..., se:cdpVersion: 124.0.6367.119, setWindowRect: true, strictFileInteractability: false, timeouts: {implicit: 0, pageLoad: 300000, script: 30000}, unhandledPromptBehavior: dismiss and notify, webauthn:extension:credBlob: true, webauthn:extension:largeBlob: true, webauthn:extension:minPinLength: true, webauthn:extension:prf: true, webauthn:virtualAuthenticators: true}
Session ID: 5d791e7a25748b92313f40256b6f8798">
      <![CDATA[org.openqa.selenium.NoSuchElementException: no such element: Unable to locate element: {"method":"css selector","selector":".attributes-list [data-th='Size']"}
  (Session info: chrome-headless-shell=124.0.6367.119)
For documentation on this error, please visit: https://www.selenium.dev/documentation/webdriver/troubleshooting/errors#no-such-element-exception
Build info: version: '4.19.1', revision: 'abe0ee07dc'
System info: os.name: 'Windows 10', os.arch: 'amd64', os.version: '10.0', java.version: '17.0.7'
Driver info: org.openqa.selenium.chrome.ChromeDriver
Command: [5d791e7a25748b92313f40256b6f8798, findElement {value=.attributes-list [data-th='Size'], using=css selector}]
Capabilities {acceptInsecureCerts: false, browserName: chrome-headless-shell, browserVersion: 124.0.6367.119, chrome: {chromedriverVersion: 124.0.6367.91 (51df0e5e17a8..., userDataDir: C:\Users\Admin\AppData\Loca...}, fedcm:accounts: true, goog:chromeOptions: {debuggerAddress: localhost:56242}, networkConnectionEnabled: false, pageLoadStrategy: normal, platformName: windows, proxy: Proxy(), se:cdp: ws://localhost:56242/devtoo..., se:cdpVersion: 124.0.6367.119, setWindowRect: true, strictFileInteractability: false, timeouts: {implicit: 0, pageLoad: 300000, script: 30000}, unhandledPromptBehavior: dismiss and notify, webauthn:extension:credBlob: true, webauthn:extension:largeBlob: true, webauthn:extension:minPinLength: true, webauthn:extension:prf: true, webauthn:virtualAuthenticators: true}
Session ID: 5d791e7a25748b92313f40256b6f8798
at java.base/jdk.internal.reflect.NativeConstructorAccessorImpl.newInstance0(Native Method)
at java.base/jdk.internal.reflect.NativeConstructorAccessorImpl.newInstance(NativeConstructorAccessorImpl.java:77)
at java.base/jdk.internal.reflect.DelegatingConstructorAccessorImpl.newInstance(DelegatingConstructorAccessorImpl.java:45)
at java.base/java.lang.reflect.Constructor.newInstanceWithCaller(Constructor.java:499)
at java.base/java.lang.reflect.Constructor.newInstance(Constructor.java:480)
at org.openqa.selenium.remote.ErrorCodec.decode(ErrorCodec.java:167)
at org.openqa.selenium.remote.codec.w3c.W3CHttpResponseCodec.decode(W3CHttpResponseCodec.java:138)
at org.openqa.selenium.remote.codec.w3c.W3CHttpResponseCodec.decode(W3CHttpResponseCodec.java:50)
at org.openqa.selenium.remote.HttpCommandExecutor.execute(HttpCommandExecutor.java:190)
at org.openqa.selenium.remote.service.DriverCommandExecutor.invokeExecute(DriverCommandExecutor.java:216)
at org.openqa.selenium.remote.service.DriverCommandExecutor.execute(DriverCommandExecutor.java:174)
at org.openqa.selenium.remote.RemoteWebDriver.execute(RemoteWebDriver.java:518)
at org.openqa.selenium.remote.ElementLocation$ElementFinder$2.findElement(ElementLocation.java:165)
at org.openqa.selenium.remote.ElementLocation.findElement(ElementLocation.java:59)
at org.openqa.selenium.remote.RemoteWebDriver.findElement(RemoteWebDriver.java:355)
at org.openqa.selenium.remote.RemoteWebDriver.findElement(RemoteWebDriver.java:349)
at org.openqa.selenium.support.pagefactory.DefaultElementLocator.findElement(DefaultElementLocator.java:68)
at org.openqa.selenium.support.pagefactory.internal.LocatingElementHandler.invoke(LocatingElementHandler.java:38)
at jdk.proxy2/jdk.proxy2.$Proxy16.getText(Unknown Source)
at pageLayer.PDP_Page.get_Size_Of_product(PDP_Page.java:53)
at testLayer.ProductDetailsTest.checkProductDetails(ProductDetailsTest.java:33)
at jdk.internal.reflect.GeneratedMethodAccessor9.invoke(Unknown Source)
at java.base/jdk.internal.reflect.DelegatingMethodAccessorImpl.invoke(DelegatingMethodAccessorImpl.java:43)
at java.base/java.lang.reflect.Method.invoke(Method.java:568)
at org.testng.internal.invokers.MethodInvocationHelper.invokeMethod(MethodInvocationHelper.java:139)
at org.testng.internal.invokers.TestInvoker.invokeMethod(TestInvoker.java:664)
at org.testng.internal.invokers.TestInvoker.invokeTestMethod(TestInvoker.java:227)
at org.testng.internal.invokers.MethodRunner.runInSequence(MethodRunner.java:50)
at org.testng.internal.invokers.TestInvoker$MethodInvocationAgent.invoke(TestInvoker.java:957)
at org.testng.internal.invokers.TestInvoker.invokeTestMethods(TestInvoker.java:200)
at org.testng.internal.invokers.TestMethodWorker.invokeTestMethods(TestMethodWorker.java:148)
at org.testng.internal.invokers.TestMethodWorker.run(TestMethodWorker.java:128)
at java.base/java.util.ArrayList.forEach(ArrayList.java:1511)
at org.testng.TestRunner.privateRun(TestRunner.java:848)
at org.testng.TestRunner.run(TestRunner.java:621)
at org.testng.SuiteRunner.runTest(SuiteRunner.java:443)
at org.testng.SuiteRunner.runSequentially(SuiteRunner.java:437)
at org.testng.SuiteRunner.privateRun(SuiteRunner.java:397)
at org.testng.SuiteRunner.run(SuiteRunner.java:336)
at org.testng.SuiteRunnerWorker.runSuite(SuiteRunnerWorker.java:52)
at org.testng.SuiteRunnerWorker.run(SuiteRunnerWorker.java:95)
at org.testng.TestNG.runSuitesSequentially(TestNG.java:1280)
at org.testng.TestNG.runSuitesLocally(TestNG.java:1200)
at org.testng.TestNG.runSuites(TestNG.java:1114)
at org.testng.TestNG.run(TestNG.java:1082)
at org.testng.remote.AbstractRemoteTestNG.run(AbstractRemoteTestNG.java:115)
at org.testng.remote.RemoteTestNG.initAndRun(RemoteTestNG.java:251)
at org.testng.remote.RemoteTestNG.main(RemoteTestNG.java:77)
]]>
    </failure>
  </testcase> <!-- checkProductDetails -->
  <testcase classname="testLayer.ProductDetailsTest" name="checkProductDetails" time="14.53"/>
  <testcase classname="testLayer.ProductDetailsTest" name="checkProductDetails" time="14.294"/>
  <testcase classname="testLayer.ProductDetailsTest" name="checkProductDetails" time="17.258"/>
  <testcase classname="testLayer.ProductDetailsTest" name="checkProductDetails" time="16.774"/>
  <testcase classname="testLayer.ProductDetailsTest" name="checkProductDetails" time="13.655"/>
  <testcase classname="testLayer.ProductDetailsTest" name="checkProductDetails" time="8.645"/>
  <testcase classname="testLayer.ProductDetailsTest" name="checkProductDetails" time="9.289"/>
  <testcase classname="testLayer.ProductDetailsTest" name="checkProductDetails" time="11.26"/>
  <testcase classname="testLayer.ProductDetailsTest" name="checkProductDetails" time="9.264"/>
  <testcase classname="testLayer.ProductDetailsTest" name="checkProductDetails" time="13.902"/>
  <testcase classname="testLayer.ProductDetailsTest" name="checkProductDetails" time="16.69"/>
  <testcase classname="testLayer.ProductDetailsTest" name="checkProductDetails" time="14.325"/>
  <testcase classname="testLayer.ProductDetailsTest" name="checkProductDetails" time="8.191"/>
  <testcase classname="testLayer.ProductDetailsTest" name="checkProductDetails" time="13.271"/>
  <testcase classname="testLayer.ProductDetailsTest" name="checkProductDetails" time="8.491"/>
  <testcase classname="testLayer.ProductDetailsTest" name="checkProductDetails" time="9.136"/>
  <testcase classname="testLayer.ProductDetailsTest" name="checkProductDetails" time="14.097"/>
  <testcase classname="testLayer.ProductDetailsTest" name="checkProductDetails" time="12.832"/>
  <testcase classname="testLayer.ProductDetailsTest" name="checkProductDetails" time="10.657"/>
  <testcase classname="testLayer.ProductDetailsTest" name="checkProductDetails" time="16.759"/>
  <testcase classname="testLayer.ProductDetailsTest" name="checkProductDetails" time="17.448"/>
  <testcase classname="testLayer.ProductDetailsTest" name="checkProductDetails" time="15.113"/>
  <testcase classname="testLayer.ProductDetailsTest" name="checkProductDetails" time="11.586"/>
  <testcase classname="testLayer.ProductDetailsTest" name="checkProductDetails" time="10.498"/>
  <testcase classname="testLayer.ProductDetailsTest" name="checkProductDetails" time="9.013"/>
  <testcase classname="testLayer.ProductDetailsTest" name="checkProductDetails" time="11.168"/>
  <testcase classname="testLayer.ProductDetailsTest" name="checkProductDetails" time="183.977">
    <failure type="org.openqa.selenium.TimeoutException" message="java.util.concurrent.TimeoutException
Build info: version: &amp;apos;4.19.1&amp;apos;, revision: &amp;apos;abe0ee07dc&amp;apos;
System info: os.name: &amp;apos;Windows 10&amp;apos;, os.arch: &amp;apos;amd64&amp;apos;, os.version: &amp;apos;10.0&amp;apos;, java.version: &amp;apos;17.0.7&amp;apos;
Driver info: org.openqa.selenium.chrome.ChromeDriver
Command: [574069a5ad2335bfb4b89fdda99ff716, clickElement {id=f.61FE6231114E753BFF564FFE80B854C4.d.8C9F5CB2D0B645BD5CCFE04AC4DA992B.e.71}]
Capabilities {acceptInsecureCerts: false, browserName: chrome-headless-shell, browserVersion: 124.0.6367.119, chrome: {chromedriverVersion: 124.0.6367.91 (51df0e5e17a8..., userDataDir: C:\Users\Admin\AppData\Loca...}, fedcm:accounts: true, goog:chromeOptions: {debuggerAddress: localhost:57162}, networkConnectionEnabled: false, pageLoadStrategy: normal, platformName: windows, proxy: Proxy(), se:cdp: ws://localhost:57162/devtoo..., se:cdpVersion: 124.0.6367.119, setWindowRect: true, strictFileInteractability: false, timeouts: {implicit: 0, pageLoad: 300000, script: 30000}, unhandledPromptBehavior: dismiss and notify, webauthn:extension:credBlob: true, webauthn:extension:largeBlob: true, webauthn:extension:minPinLength: true, webauthn:extension:prf: true, webauthn:virtualAuthenticators: true}
Element: [[ChromeDriver: chrome-headless-shell on windows (574069a5ad2335bfb4b89fdda99ff716)] -&amp;gt; css selector: .mst-searchautocomplete__wrapper li]
Session ID: 574069a5ad2335bfb4b89fdda99ff716">
      <![CDATA[org.openqa.selenium.TimeoutException: java.util.concurrent.TimeoutException
Build info: version: '4.19.1', revision: 'abe0ee07dc'
System info: os.name: 'Windows 10', os.arch: 'amd64', os.version: '10.0', java.version: '17.0.7'
Driver info: org.openqa.selenium.chrome.ChromeDriver
Command: [574069a5ad2335bfb4b89fdda99ff716, clickElement {id=f.61FE6231114E753BFF564FFE80B854C4.d.8C9F5CB2D0B645BD5CCFE04AC4DA992B.e.71}]
Capabilities {acceptInsecureCerts: false, browserName: chrome-headless-shell, browserVersion: 124.0.6367.119, chrome: {chromedriverVersion: 124.0.6367.91 (51df0e5e17a8..., userDataDir: C:\Users\Admin\AppData\Loca...}, fedcm:accounts: true, goog:chromeOptions: {debuggerAddress: localhost:57162}, networkConnectionEnabled: false, pageLoadStrategy: normal, platformName: windows, proxy: Proxy(), se:cdp: ws://localhost:57162/devtoo..., se:cdpVersion: 124.0.6367.119, setWindowRect: true, strictFileInteractability: false, timeouts: {implicit: 0, pageLoad: 300000, script: 30000}, unhandledPromptBehavior: dismiss and notify, webauthn:extension:credBlob: true, webauthn:extension:largeBlob: true, webauthn:extension:minPinLength: true, webauthn:extension:prf: true, webauthn:virtualAuthenticators: true}
Element: [[ChromeDriver: chrome-headless-shell on windows (574069a5ad2335bfb4b89fdda99ff716)] -> css selector: .mst-searchautocomplete__wrapper li]
Session ID: 574069a5ad2335bfb4b89fdda99ff716
at org.openqa.selenium.remote.http.jdk.JdkHttpClient.execute0(JdkHttpClient.java:396)
at org.openqa.selenium.remote.http.AddSeleniumUserAgent.lambda$apply$0(AddSeleniumUserAgent.java:42)
at org.openqa.selenium.remote.http.Filter.lambda$andFinally$1(Filter.java:55)
at org.openqa.selenium.remote.http.jdk.JdkHttpClient.execute(JdkHttpClient.java:352)
at org.openqa.selenium.remote.HttpCommandExecutor.execute(HttpCommandExecutor.java:187)
at org.openqa.selenium.remote.service.DriverCommandExecutor.invokeExecute(DriverCommandExecutor.java:216)
at org.openqa.selenium.remote.service.DriverCommandExecutor.execute(DriverCommandExecutor.java:174)
at org.openqa.selenium.remote.RemoteWebDriver.execute(RemoteWebDriver.java:518)
at org.openqa.selenium.remote.RemoteWebElement.execute(RemoteWebElement.java:223)
at org.openqa.selenium.remote.RemoteWebElement.click(RemoteWebElement.java:76)
at jdk.internal.reflect.GeneratedMethodAccessor4.invoke(Unknown Source)
at java.base/jdk.internal.reflect.DelegatingMethodAccessorImpl.invoke(DelegatingMethodAccessorImpl.java:43)
at java.base/java.lang.reflect.Method.invoke(Method.java:568)
at org.openqa.selenium.support.pagefactory.internal.LocatingElementHandler.invoke(LocatingElementHandler.java:51)
at jdk.proxy2/jdk.proxy2.$Proxy16.click(Unknown Source)
at pageLayer.SearchAProduct.Search_box(SearchAProduct.java:89)
at testLayer.ProductDetailsTest.checkProductDetails(ProductDetailsTest.java:28)
at jdk.internal.reflect.GeneratedMethodAccessor9.invoke(Unknown Source)
at java.base/jdk.internal.reflect.DelegatingMethodAccessorImpl.invoke(DelegatingMethodAccessorImpl.java:43)
at java.base/java.lang.reflect.Method.invoke(Method.java:568)
at org.testng.internal.invokers.MethodInvocationHelper.invokeMethod(MethodInvocationHelper.java:139)
at org.testng.internal.invokers.TestInvoker.invokeMethod(TestInvoker.java:664)
at org.testng.internal.invokers.TestInvoker.invokeTestMethod(TestInvoker.java:227)
at org.testng.internal.invokers.MethodRunner.runInSequence(MethodRunner.java:50)
at org.testng.internal.invokers.TestInvoker$MethodInvocationAgent.invoke(TestInvoker.java:957)
at org.testng.internal.invokers.TestInvoker.invokeTestMethods(TestInvoker.java:200)
at org.testng.internal.invokers.TestMethodWorker.invokeTestMethods(TestMethodWorker.java:148)
at org.testng.internal.invokers.TestMethodWorker.run(TestMethodWorker.java:128)
at java.base/java.util.ArrayList.forEach(ArrayList.java:1511)
at org.testng.TestRunner.privateRun(TestRunner.java:848)
at org.testng.TestRunner.run(TestRunner.java:621)
at org.testng.SuiteRunner.runTest(SuiteRunner.java:443)
at org.testng.SuiteRunner.runSequentially(SuiteRunner.java:437)
at org.testng.SuiteRunner.privateRun(SuiteRunner.java:397)
at org.testng.SuiteRunner.run(SuiteRunner.java:336)
at org.testng.SuiteRunnerWorker.runSuite(SuiteRunnerWorker.java:52)
at org.testng.SuiteRunnerWorker.run(SuiteRunnerWorker.java:95)
at org.testng.TestNG.runSuitesSequentially(TestNG.java:1280)
at org.testng.TestNG.runSuitesLocally(TestNG.java:1200)
at org.testng.TestNG.runSuites(TestNG.java:1114)
at org.testng.TestNG.run(TestNG.java:1082)
at org.testng.remote.AbstractRemoteTestNG.run(AbstractRemoteTestNG.java:115)
at org.testng.remote.RemoteTestNG.initAndRun(RemoteTestNG.java:251)
at org.testng.remote.RemoteTestNG.main(RemoteTestNG.java:77)
Caused by: java.util.concurrent.TimeoutException
at java.base/java.util.concurrent.CompletableFuture.timedGet(CompletableFuture.java:1960)
at java.base/java.util.concurrent.CompletableFuture.get(CompletableFuture.java:2095)
at org.openqa.selenium.remote.http.jdk.JdkHttpClient.execute0(JdkHttpClient.java:379)
... 43 more
]]>
    </failure>
  </testcase> <!-- checkProductDetails -->
  <testcase classname="testLayer.ProductDetailsTest" name="checkProductDetails" time="16.814"/>
  <testcase classname="testLayer.ProductDetailsTest" name="checkProductDetails" time="14.609"/>
  <testcase classname="testLayer.ProductDetailsTest" name="checkProductDetails" time="16.756"/>
  <testcase classname="testLayer.ProductDetailsTest" name="checkProductDetails" time="9.109"/>
  <testcase classname="testLayer.ProductDetailsTest" name="checkProductDetails" time="31.323">
    <failure type="org.openqa.selenium.NoSuchElementException" message="no such element: Unable to locate element: {&amp;quot;method&amp;quot;:&amp;quot;css selector&amp;quot;,&amp;quot;selector&amp;quot;:&amp;quot;.attributes-list [data-th=&amp;apos;Size&amp;apos;]&amp;quot;}
  (Session info: chrome-headless-shell=124.0.6367.119)
For documentation on this error, please visit: https://www.selenium.dev/documentation/webdriver/troubleshooting/errors#no-such-element-exception
Build info: version: &amp;apos;4.19.1&amp;apos;, revision: &amp;apos;abe0ee07dc&amp;apos;
System info: os.name: &amp;apos;Windows 10&amp;apos;, os.arch: &amp;apos;amd64&amp;apos;, os.version: &amp;apos;10.0&amp;apos;, java.version: &amp;apos;17.0.7&amp;apos;
Driver info: org.openqa.selenium.chrome.ChromeDriver
Command: [476e5e8107e3aa7f32d4c1bd2d9ab2bb, findElement {value=.attributes-list [data-th=&amp;apos;Size&amp;apos;], using=css selector}]
Capabilities {acceptInsecureCerts: false, browserName: chrome-headless-shell, browserVersion: 124.0.6367.119, chrome: {chromedriverVersion: 124.0.6367.91 (51df0e5e17a8..., userDataDir: C:\Users\Admin\AppData\Loca...}, fedcm:accounts: true, goog:chromeOptions: {debuggerAddress: localhost:57512}, networkConnectionEnabled: false, pageLoadStrategy: normal, platformName: windows, proxy: Proxy(), se:cdp: ws://localhost:57512/devtoo..., se:cdpVersion: 124.0.6367.119, setWindowRect: true, strictFileInteractability: false, timeouts: {implicit: 0, pageLoad: 300000, script: 30000}, unhandledPromptBehavior: dismiss and notify, webauthn:extension:credBlob: true, webauthn:extension:largeBlob: true, webauthn:extension:minPinLength: true, webauthn:extension:prf: true, webauthn:virtualAuthenticators: true}
Session ID: 476e5e8107e3aa7f32d4c1bd2d9ab2bb">
      <![CDATA[org.openqa.selenium.NoSuchElementException: no such element: Unable to locate element: {"method":"css selector","selector":".attributes-list [data-th='Size']"}
  (Session info: chrome-headless-shell=124.0.6367.119)
For documentation on this error, please visit: https://www.selenium.dev/documentation/webdriver/troubleshooting/errors#no-such-element-exception
Build info: version: '4.19.1', revision: 'abe0ee07dc'
System info: os.name: 'Windows 10', os.arch: 'amd64', os.version: '10.0', java.version: '17.0.7'
Driver info: org.openqa.selenium.chrome.ChromeDriver
Command: [476e5e8107e3aa7f32d4c1bd2d9ab2bb, findElement {value=.attributes-list [data-th='Size'], using=css selector}]
Capabilities {acceptInsecureCerts: false, browserName: chrome-headless-shell, browserVersion: 124.0.6367.119, chrome: {chromedriverVersion: 124.0.6367.91 (51df0e5e17a8..., userDataDir: C:\Users\Admin\AppData\Loca...}, fedcm:accounts: true, goog:chromeOptions: {debuggerAddress: localhost:57512}, networkConnectionEnabled: false, pageLoadStrategy: normal, platformName: windows, proxy: Proxy(), se:cdp: ws://localhost:57512/devtoo..., se:cdpVersion: 124.0.6367.119, setWindowRect: true, strictFileInteractability: false, timeouts: {implicit: 0, pageLoad: 300000, script: 30000}, unhandledPromptBehavior: dismiss and notify, webauthn:extension:credBlob: true, webauthn:extension:largeBlob: true, webauthn:extension:minPinLength: true, webauthn:extension:prf: true, webauthn:virtualAuthenticators: true}
Session ID: 476e5e8107e3aa7f32d4c1bd2d9ab2bb
at java.base/jdk.internal.reflect.NativeConstructorAccessorImpl.newInstance0(Native Method)
at java.base/jdk.internal.reflect.NativeConstructorAccessorImpl.newInstance(NativeConstructorAccessorImpl.java:77)
at java.base/jdk.internal.reflect.DelegatingConstructorAccessorImpl.newInstance(DelegatingConstructorAccessorImpl.java:45)
at java.base/java.lang.reflect.Constructor.newInstanceWithCaller(Constructor.java:499)
at java.base/java.lang.reflect.Constructor.newInstance(Constructor.java:480)
at org.openqa.selenium.remote.ErrorCodec.decode(ErrorCodec.java:167)
at org.openqa.selenium.remote.codec.w3c.W3CHttpResponseCodec.decode(W3CHttpResponseCodec.java:138)
at org.openqa.selenium.remote.codec.w3c.W3CHttpResponseCodec.decode(W3CHttpResponseCodec.java:50)
at org.openqa.selenium.remote.HttpCommandExecutor.execute(HttpCommandExecutor.java:190)
at org.openqa.selenium.remote.service.DriverCommandExecutor.invokeExecute(DriverCommandExecutor.java:216)
at org.openqa.selenium.remote.service.DriverCommandExecutor.execute(DriverCommandExecutor.java:174)
at org.openqa.selenium.remote.RemoteWebDriver.execute(RemoteWebDriver.java:518)
at org.openqa.selenium.remote.ElementLocation$ElementFinder$2.findElement(ElementLocation.java:165)
at org.openqa.selenium.remote.ElementLocation.findElement(ElementLocation.java:59)
at org.openqa.selenium.remote.RemoteWebDriver.findElement(RemoteWebDriver.java:355)
at org.openqa.selenium.remote.RemoteWebDriver.findElement(RemoteWebDriver.java:349)
at org.openqa.selenium.support.pagefactory.DefaultElementLocator.findElement(DefaultElementLocator.java:68)
at org.openqa.selenium.support.pagefactory.internal.LocatingElementHandler.invoke(LocatingElementHandler.java:38)
at jdk.proxy2/jdk.proxy2.$Proxy16.getText(Unknown Source)
at pageLayer.PDP_Page.get_Size_Of_product(PDP_Page.java:53)
at testLayer.ProductDetailsTest.checkProductDetails(ProductDetailsTest.java:33)
at jdk.internal.reflect.GeneratedMethodAccessor9.invoke(Unknown Source)
at java.base/jdk.internal.reflect.DelegatingMethodAccessorImpl.invoke(DelegatingMethodAccessorImpl.java:43)
at java.base/java.lang.reflect.Method.invoke(Method.java:568)
at org.testng.internal.invokers.MethodInvocationHelper.invokeMethod(MethodInvocationHelper.java:139)
at org.testng.internal.invokers.TestInvoker.invokeMethod(TestInvoker.java:664)
at org.testng.internal.invokers.TestInvoker.invokeTestMethod(TestInvoker.java:227)
at org.testng.internal.invokers.MethodRunner.runInSequence(MethodRunner.java:50)
at org.testng.internal.invokers.TestInvoker$MethodInvocationAgent.invoke(TestInvoker.java:957)
at org.testng.internal.invokers.TestInvoker.invokeTestMethods(TestInvoker.java:200)
at org.testng.internal.invokers.TestMethodWorker.invokeTestMethods(TestMethodWorker.java:148)
at org.testng.internal.invokers.TestMethodWorker.run(TestMethodWorker.java:128)
at java.base/java.util.ArrayList.forEach(ArrayList.java:1511)
at org.testng.TestRunner.privateRun(TestRunner.java:848)
at org.testng.TestRunner.run(TestRunner.java:621)
at org.testng.SuiteRunner.runTest(SuiteRunner.java:443)
at org.testng.SuiteRunner.runSequentially(SuiteRunner.java:437)
at org.testng.SuiteRunner.privateRun(SuiteRunner.java:397)
at org.testng.SuiteRunner.run(SuiteRunner.java:336)
at org.testng.SuiteRunnerWorker.runSuite(SuiteRunnerWorker.java:52)
at org.testng.SuiteRunnerWorker.run(SuiteRunnerWorker.java:95)
at org.testng.TestNG.runSuitesSequentially(TestNG.java:1280)
at org.testng.TestNG.runSuitesLocally(TestNG.java:1200)
at org.testng.TestNG.runSuites(TestNG.java:1114)
at org.testng.TestNG.run(TestNG.java:1082)
at org.testng.remote.AbstractRemoteTestNG.run(AbstractRemoteTestNG.java:115)
at org.testng.remote.RemoteTestNG.initAndRun(RemoteTestNG.java:251)
at org.testng.remote.RemoteTestNG.main(RemoteTestNG.java:77)
]]>
    </failure>
  </testcase> <!-- checkProductDetails -->
  <testcase classname="testLayer.ProductDetailsTest" name="checkProductDetails" time="8.963"/>
  <testcase classname="testLayer.ProductDetailsTest" name="checkProductDetails" time="18.836"/>
  <testcase classname="testLayer.ProductDetailsTest" name="checkProductDetails" time="9.196"/>
  <testcase classname="testLayer.ProductDetailsTest" name="checkProductDetails" time="10.273"/>
  <testcase classname="testLayer.ProductDetailsTest" name="checkProductDetails" time="11.042"/>
  <testcase classname="testLayer.ProductDetailsTest" name="checkProductDetails" time="8.764"/>
  <testcase classname="testLayer.ProductDetailsTest" name="checkProductDetails" time="13.438"/>
  <testcase classname="testLayer.ProductDetailsTest" name="checkProductDetails" time="13.907"/>
  <testcase classname="testLayer.ProductDetailsTest" name="checkProductDetails" time="8.777"/>
  <testcase classname="testLayer.ProductDetailsTest" name="checkProductDetails" time="13.572"/>
  <testcase classname="testLayer.ProductDetailsTest" name="checkProductDetails" time="20.42"/>
  <testcase classname="testLayer.ProductDetailsTest" name="checkProductDetails" time="20.277"/>
  <testcase classname="testLayer.ProductDetailsTest" name="checkProductDetails" time="16.607"/>
  <testcase classname="testLayer.ProductDetailsTest" name="checkProductDetails" time="18.599"/>
  <testcase classname="testLayer.ProductDetailsTest" name="checkProductDetails" time="16.179"/>
  <testcase classname="testLayer.ProductDetailsTest" name="checkProductDetails" time="12.147"/>
  <testcase classname="testLayer.ProductDetailsTest" name="checkProductDetails" time="14.965"/>
  <testcase classname="testLayer.ProductDetailsTest" name="checkProductDetails" time="12.166"/>
  <testcase classname="testLayer.ProductDetailsTest" name="checkProductDetails" time="12.919"/>
  <testcase classname="testLayer.ProductDetailsTest" name="checkProductDetails" time="14.81"/>
  <testcase classname="testLayer.ProductDetailsTest" name="checkProductDetails" time="12.42"/>
  <testcase classname="testLayer.ProductDetailsTest" name="checkProductDetails" time="14.101"/>
  <testcase classname="testLayer.ProductDetailsTest" name="checkProductDetails" time="12.023"/>
  <testcase classname="testLayer.ProductDetailsTest" name="checkProductDetails" time="13.545"/>
  <testcase classname="testLayer.ProductDetailsTest" name="checkProductDetails" time="9.01"/>
  <testcase classname="testLayer.ProductDetailsTest" name="checkProductDetails" time="9.132"/>
  <testcase classname="testLayer.ProductDetailsTest" name="checkProductDetails" time="9.777"/>
  <testcase classname="testLayer.ProductDetailsTest" name="checkProductDetails" time="9.921"/>
  <testcase classname="testLayer.ProductDetailsTest" name="checkProductDetails" time="10.482"/>
  <testcase classname="testLayer.ProductDetailsTest" name="checkProductDetails" time="15.411"/>
  <testcase classname="testLayer.ProductDetailsTest" name="checkProductDetails" time="14.791"/>
  <testcase classname="testLayer.ProductDetailsTest" name="checkProductDetails" time="17.234"/>
  <testcase classname="testLayer.ProductDetailsTest" name="checkProductDetails" time="9.789"/>
  <testcase classname="testLayer.ProductDetailsTest" name="checkProductDetails" time="16.036"/>
  <testcase classname="testLayer.ProductDetailsTest" name="checkProductDetails" time="15.088"/>
  <testcase classname="testLayer.ProductDetailsTest" name="checkProductDetails" time="0.844">
    <failure type="org.openqa.selenium.StaleElementReferenceException" message="stale element reference: stale element not found in the current frame
  (Session info: chrome-headless-shell=124.0.6367.119)
For documentation on this error, please visit: https://www.selenium.dev/documentation/webdriver/troubleshooting/errors#stale-element-reference-exception
Build info: version: &amp;apos;4.19.1&amp;apos;, revision: &amp;apos;abe0ee07dc&amp;apos;
System info: os.name: &amp;apos;Windows 10&amp;apos;, os.arch: &amp;apos;amd64&amp;apos;, os.version: &amp;apos;10.0&amp;apos;, java.version: &amp;apos;17.0.7&amp;apos;
Driver info: org.openqa.selenium.chrome.ChromeDriver
Command: [e934eba397580fdf5f08ddac39130601, isElementDisplayed {id=f.8270132BFE9D2680D3151CB66ADCCEF6.d.76E7767A1F1FBC24CF563665B599B386.e.66}]
Capabilities {acceptInsecureCerts: false, browserName: chrome-headless-shell, browserVersion: 124.0.6367.119, chrome: {chromedriverVersion: 124.0.6367.91 (51df0e5e17a8..., userDataDir: C:\Users\Admin\AppData\Loca...}, fedcm:accounts: true, goog:chromeOptions: {debuggerAddress: localhost:58714}, networkConnectionEnabled: false, pageLoadStrategy: normal, platformName: windows, proxy: Proxy(), se:cdp: ws://localhost:58714/devtoo..., se:cdpVersion: 124.0.6367.119, setWindowRect: true, strictFileInteractability: false, timeouts: {implicit: 0, pageLoad: 300000, script: 30000}, unhandledPromptBehavior: dismiss and notify, webauthn:extension:credBlob: true, webauthn:extension:largeBlob: true, webauthn:extension:minPinLength: true, webauthn:extension:prf: true, webauthn:virtualAuthenticators: true}
Element: [[ChromeDriver: chrome-headless-shell on windows (e934eba397580fdf5f08ddac39130601)] -&amp;gt; css selector: .mst-searchautocomplete__wrapper li]
Session ID: e934eba397580fdf5f08ddac39130601">
      <![CDATA[org.openqa.selenium.StaleElementReferenceException: stale element reference: stale element not found in the current frame
  (Session info: chrome-headless-shell=124.0.6367.119)
For documentation on this error, please visit: https://www.selenium.dev/documentation/webdriver/troubleshooting/errors#stale-element-reference-exception
Build info: version: '4.19.1', revision: 'abe0ee07dc'
System info: os.name: 'Windows 10', os.arch: 'amd64', os.version: '10.0', java.version: '17.0.7'
Driver info: org.openqa.selenium.chrome.ChromeDriver
Command: [e934eba397580fdf5f08ddac39130601, isElementDisplayed {id=f.8270132BFE9D2680D3151CB66ADCCEF6.d.76E7767A1F1FBC24CF563665B599B386.e.66}]
Capabilities {acceptInsecureCerts: false, browserName: chrome-headless-shell, browserVersion: 124.0.6367.119, chrome: {chromedriverVersion: 124.0.6367.91 (51df0e5e17a8..., userDataDir: C:\Users\Admin\AppData\Loca...}, fedcm:accounts: true, goog:chromeOptions: {debuggerAddress: localhost:58714}, networkConnectionEnabled: false, pageLoadStrategy: normal, platformName: windows, proxy: Proxy(), se:cdp: ws://localhost:58714/devtoo..., se:cdpVersion: 124.0.6367.119, setWindowRect: true, strictFileInteractability: false, timeouts: {implicit: 0, pageLoad: 300000, script: 30000}, unhandledPromptBehavior: dismiss and notify, webauthn:extension:credBlob: true, webauthn:extension:largeBlob: true, webauthn:extension:minPinLength: true, webauthn:extension:prf: true, webauthn:virtualAuthenticators: true}
Element: [[ChromeDriver: chrome-headless-shell on windows (e934eba397580fdf5f08ddac39130601)] -> css selector: .mst-searchautocomplete__wrapper li]
Session ID: e934eba397580fdf5f08ddac39130601
at java.base/jdk.internal.reflect.NativeConstructorAccessorImpl.newInstance0(Native Method)
at java.base/jdk.internal.reflect.NativeConstructorAccessorImpl.newInstance(NativeConstructorAccessorImpl.java:77)
at java.base/jdk.internal.reflect.DelegatingConstructorAccessorImpl.newInstance(DelegatingConstructorAccessorImpl.java:45)
at java.base/java.lang.reflect.Constructor.newInstanceWithCaller(Constructor.java:499)
at java.base/java.lang.reflect.Constructor.newInstance(Constructor.java:480)
at org.openqa.selenium.remote.ErrorCodec.decode(ErrorCodec.java:167)
at org.openqa.selenium.remote.codec.w3c.W3CHttpResponseCodec.decode(W3CHttpResponseCodec.java:138)
at org.openqa.selenium.remote.codec.w3c.W3CHttpResponseCodec.decode(W3CHttpResponseCodec.java:50)
at org.openqa.selenium.remote.HttpCommandExecutor.execute(HttpCommandExecutor.java:190)
at org.openqa.selenium.remote.service.DriverCommandExecutor.invokeExecute(DriverCommandExecutor.java:216)
at org.openqa.selenium.remote.service.DriverCommandExecutor.execute(DriverCommandExecutor.java:174)
at org.openqa.selenium.remote.RemoteWebDriver.execute(RemoteWebDriver.java:518)
at org.openqa.selenium.remote.RemoteWebElement.execute(RemoteWebElement.java:223)
at org.openqa.selenium.remote.RemoteWebElement.isDisplayed(RemoteWebElement.java:282)
at jdk.internal.reflect.GeneratedMethodAccessor11.invoke(Unknown Source)
at java.base/jdk.internal.reflect.DelegatingMethodAccessorImpl.invoke(DelegatingMethodAccessorImpl.java:43)
at java.base/java.lang.reflect.Method.invoke(Method.java:568)
at org.openqa.selenium.support.pagefactory.internal.LocatingElementHandler.invoke(LocatingElementHandler.java:51)
at jdk.proxy2/jdk.proxy2.$Proxy16.isDisplayed(Unknown Source)
at org.openqa.selenium.support.ui.ExpectedConditions.elementIfVisible(ExpectedConditions.java:304)
at org.openqa.selenium.support.ui.ExpectedConditions$10.apply(ExpectedConditions.java:290)
at org.openqa.selenium.support.ui.ExpectedConditions$10.apply(ExpectedConditions.java:287)
at org.openqa.selenium.support.ui.ExpectedConditions$23.apply(ExpectedConditions.java:656)
at org.openqa.selenium.support.ui.ExpectedConditions$23.apply(ExpectedConditions.java:652)
at org.openqa.selenium.support.ui.FluentWait.until(FluentWait.java:203)
at utilities.UtilClass.waitTillClickable(UtilClass.java:148)
at pageLayer.SearchAProduct.Search_box(SearchAProduct.java:82)
at testLayer.ProductDetailsTest.checkProductDetails(ProductDetailsTest.java:28)
at jdk.internal.reflect.GeneratedMethodAccessor9.invoke(Unknown Source)
at java.base/jdk.internal.reflect.DelegatingMethodAccessorImpl.invoke(DelegatingMethodAccessorImpl.java:43)
at java.base/java.lang.reflect.Method.invoke(Method.java:568)
at org.testng.internal.invokers.MethodInvocationHelper.invokeMethod(MethodInvocationHelper.java:139)
at org.testng.internal.invokers.TestInvoker.invokeMethod(TestInvoker.java:664)
at org.testng.internal.invokers.TestInvoker.invokeTestMethod(TestInvoker.java:227)
at org.testng.internal.invokers.MethodRunner.runInSequence(MethodRunner.java:50)
at org.testng.internal.invokers.TestInvoker$MethodInvocationAgent.invoke(TestInvoker.java:957)
at org.testng.internal.invokers.TestInvoker.invokeTestMethods(TestInvoker.java:200)
at org.testng.internal.invokers.TestMethodWorker.invokeTestMethods(TestMethodWorker.java:148)
at org.testng.internal.invokers.TestMethodWorker.run(TestMethodWorker.java:128)
at java.base/java.util.ArrayList.forEach(ArrayList.java:1511)
at org.testng.TestRunner.privateRun(TestRunner.java:848)
at org.testng.TestRunner.run(TestRunner.java:621)
at org.testng.SuiteRunner.runTest(SuiteRunner.java:443)
at org.testng.SuiteRunner.runSequentially(SuiteRunner.java:437)
at org.testng.SuiteRunner.privateRun(SuiteRunner.java:397)
at org.testng.SuiteRunner.run(SuiteRunner.java:336)
at org.testng.SuiteRunnerWorker.runSuite(SuiteRunnerWorker.java:52)
at org.testng.SuiteRunnerWorker.run(SuiteRunnerWorker.java:95)
at org.testng.TestNG.runSuitesSequentially(TestNG.java:1280)
at org.testng.TestNG.runSuitesLocally(TestNG.java:1200)
at org.testng.TestNG.runSuites(TestNG.java:1114)
at org.testng.TestNG.run(TestNG.java:1082)
at org.testng.remote.AbstractRemoteTestNG.run(AbstractRemoteTestNG.java:115)
at org.testng.remote.RemoteTestNG.initAndRun(RemoteTestNG.java:251)
at org.testng.remote.RemoteTestNG.main(RemoteTestNG.java:77)
]]>
    </failure>
  </testcase> <!-- checkProductDetails -->
  <testcase classname="testLayer.ProductDetailsTest" name="checkProductDetails" time="9.616"/>
  <testcase classname="testLayer.ProductDetailsTest" name="checkProductDetails" time="20.09"/>
  <testcase classname="testLayer.ProductDetailsTest" name="checkProductDetails" time="15.521"/>
  <testcase classname="testLayer.ProductDetailsTest" name="checkProductDetails" time="8.351"/>
  <testcase classname="testLayer.ProductDetailsTest" name="checkProductDetails" time="7.751"/>
  <testcase classname="testLayer.ProductDetailsTest" name="checkProductDetails" time="8.369"/>
  <testcase classname="testLayer.ProductDetailsTest" name="checkProductDetails" time="0.607">
    <failure type="org.openqa.selenium.StaleElementReferenceException" message="stale element reference: stale element not found in the current frame
  (Session info: chrome-headless-shell=124.0.6367.119)
For documentation on this error, please visit: https://www.selenium.dev/documentation/webdriver/troubleshooting/errors#stale-element-reference-exception
Build info: version: &amp;apos;4.19.1&amp;apos;, revision: &amp;apos;abe0ee07dc&amp;apos;
System info: os.name: &amp;apos;Windows 10&amp;apos;, os.arch: &amp;apos;amd64&amp;apos;, os.version: &amp;apos;10.0&amp;apos;, java.version: &amp;apos;17.0.7&amp;apos;
Driver info: org.openqa.selenium.chrome.ChromeDriver
Command: [0faf4c94b17a8fb07eca2e113f844dd4, isElementDisplayed {id=f.7E8F19AA449D7B029FA6E539A6ACBA52.d.5BAC8DAE19EFA385AFC94052FD6B7B02.e.64}]
Capabilities {acceptInsecureCerts: false, browserName: chrome-headless-shell, browserVersion: 124.0.6367.119, chrome: {chromedriverVersion: 124.0.6367.91 (51df0e5e17a8..., userDataDir: C:\Users\Admin\AppData\Loca...}, fedcm:accounts: true, goog:chromeOptions: {debuggerAddress: localhost:58916}, networkConnectionEnabled: false, pageLoadStrategy: normal, platformName: windows, proxy: Proxy(), se:cdp: ws://localhost:58916/devtoo..., se:cdpVersion: 124.0.6367.119, setWindowRect: true, strictFileInteractability: false, timeouts: {implicit: 0, pageLoad: 300000, script: 30000}, unhandledPromptBehavior: dismiss and notify, webauthn:extension:credBlob: true, webauthn:extension:largeBlob: true, webauthn:extension:minPinLength: true, webauthn:extension:prf: true, webauthn:virtualAuthenticators: true}
Element: [[ChromeDriver: chrome-headless-shell on windows (0faf4c94b17a8fb07eca2e113f844dd4)] -&amp;gt; css selector: .mst-searchautocomplete__wrapper li]
Session ID: 0faf4c94b17a8fb07eca2e113f844dd4">
      <![CDATA[org.openqa.selenium.StaleElementReferenceException: stale element reference: stale element not found in the current frame
  (Session info: chrome-headless-shell=124.0.6367.119)
For documentation on this error, please visit: https://www.selenium.dev/documentation/webdriver/troubleshooting/errors#stale-element-reference-exception
Build info: version: '4.19.1', revision: 'abe0ee07dc'
System info: os.name: 'Windows 10', os.arch: 'amd64', os.version: '10.0', java.version: '17.0.7'
Driver info: org.openqa.selenium.chrome.ChromeDriver
Command: [0faf4c94b17a8fb07eca2e113f844dd4, isElementDisplayed {id=f.7E8F19AA449D7B029FA6E539A6ACBA52.d.5BAC8DAE19EFA385AFC94052FD6B7B02.e.64}]
Capabilities {acceptInsecureCerts: false, browserName: chrome-headless-shell, browserVersion: 124.0.6367.119, chrome: {chromedriverVersion: 124.0.6367.91 (51df0e5e17a8..., userDataDir: C:\Users\Admin\AppData\Loca...}, fedcm:accounts: true, goog:chromeOptions: {debuggerAddress: localhost:58916}, networkConnectionEnabled: false, pageLoadStrategy: normal, platformName: windows, proxy: Proxy(), se:cdp: ws://localhost:58916/devtoo..., se:cdpVersion: 124.0.6367.119, setWindowRect: true, strictFileInteractability: false, timeouts: {implicit: 0, pageLoad: 300000, script: 30000}, unhandledPromptBehavior: dismiss and notify, webauthn:extension:credBlob: true, webauthn:extension:largeBlob: true, webauthn:extension:minPinLength: true, webauthn:extension:prf: true, webauthn:virtualAuthenticators: true}
Element: [[ChromeDriver: chrome-headless-shell on windows (0faf4c94b17a8fb07eca2e113f844dd4)] -> css selector: .mst-searchautocomplete__wrapper li]
Session ID: 0faf4c94b17a8fb07eca2e113f844dd4
at java.base/jdk.internal.reflect.NativeConstructorAccessorImpl.newInstance0(Native Method)
at java.base/jdk.internal.reflect.NativeConstructorAccessorImpl.newInstance(NativeConstructorAccessorImpl.java:77)
at java.base/jdk.internal.reflect.DelegatingConstructorAccessorImpl.newInstance(DelegatingConstructorAccessorImpl.java:45)
at java.base/java.lang.reflect.Constructor.newInstanceWithCaller(Constructor.java:499)
at java.base/java.lang.reflect.Constructor.newInstance(Constructor.java:480)
at org.openqa.selenium.remote.ErrorCodec.decode(ErrorCodec.java:167)
at org.openqa.selenium.remote.codec.w3c.W3CHttpResponseCodec.decode(W3CHttpResponseCodec.java:138)
at org.openqa.selenium.remote.codec.w3c.W3CHttpResponseCodec.decode(W3CHttpResponseCodec.java:50)
at org.openqa.selenium.remote.HttpCommandExecutor.execute(HttpCommandExecutor.java:190)
at org.openqa.selenium.remote.service.DriverCommandExecutor.invokeExecute(DriverCommandExecutor.java:216)
at org.openqa.selenium.remote.service.DriverCommandExecutor.execute(DriverCommandExecutor.java:174)
at org.openqa.selenium.remote.RemoteWebDriver.execute(RemoteWebDriver.java:518)
at org.openqa.selenium.remote.RemoteWebElement.execute(RemoteWebElement.java:223)
at org.openqa.selenium.remote.RemoteWebElement.isDisplayed(RemoteWebElement.java:282)
at jdk.internal.reflect.GeneratedMethodAccessor11.invoke(Unknown Source)
at java.base/jdk.internal.reflect.DelegatingMethodAccessorImpl.invoke(DelegatingMethodAccessorImpl.java:43)
at java.base/java.lang.reflect.Method.invoke(Method.java:568)
at org.openqa.selenium.support.pagefactory.internal.LocatingElementHandler.invoke(LocatingElementHandler.java:51)
at jdk.proxy2/jdk.proxy2.$Proxy16.isDisplayed(Unknown Source)
at org.openqa.selenium.support.ui.ExpectedConditions.elementIfVisible(ExpectedConditions.java:304)
at org.openqa.selenium.support.ui.ExpectedConditions$10.apply(ExpectedConditions.java:290)
at org.openqa.selenium.support.ui.ExpectedConditions$10.apply(ExpectedConditions.java:287)
at org.openqa.selenium.support.ui.ExpectedConditions$23.apply(ExpectedConditions.java:656)
at org.openqa.selenium.support.ui.ExpectedConditions$23.apply(ExpectedConditions.java:652)
at org.openqa.selenium.support.ui.FluentWait.until(FluentWait.java:203)
at utilities.UtilClass.waitTillClickable(UtilClass.java:148)
at pageLayer.SearchAProduct.Search_box(SearchAProduct.java:82)
at testLayer.ProductDetailsTest.checkProductDetails(ProductDetailsTest.java:28)
at jdk.internal.reflect.GeneratedMethodAccessor9.invoke(Unknown Source)
at java.base/jdk.internal.reflect.DelegatingMethodAccessorImpl.invoke(DelegatingMethodAccessorImpl.java:43)
at java.base/java.lang.reflect.Method.invoke(Method.java:568)
at org.testng.internal.invokers.MethodInvocationHelper.invokeMethod(MethodInvocationHelper.java:139)
at org.testng.internal.invokers.TestInvoker.invokeMethod(TestInvoker.java:664)
at org.testng.internal.invokers.TestInvoker.invokeTestMethod(TestInvoker.java:227)
at org.testng.internal.invokers.MethodRunner.runInSequence(MethodRunner.java:50)
at org.testng.internal.invokers.TestInvoker$MethodInvocationAgent.invoke(TestInvoker.java:957)
at org.testng.internal.invokers.TestInvoker.invokeTestMethods(TestInvoker.java:200)
at org.testng.internal.invokers.TestMethodWorker.invokeTestMethods(TestMethodWorker.java:148)
at org.testng.internal.invokers.TestMethodWorker.run(TestMethodWorker.java:128)
at java.base/java.util.ArrayList.forEach(ArrayList.java:1511)
at org.testng.TestRunner.privateRun(TestRunner.java:848)
at org.testng.TestRunner.run(TestRunner.java:621)
at org.testng.SuiteRunner.runTest(SuiteRunner.java:443)
at org.testng.SuiteRunner.runSequentially(SuiteRunner.java:437)
at org.testng.SuiteRunner.privateRun(SuiteRunner.java:397)
at org.testng.SuiteRunner.run(SuiteRunner.java:336)
at org.testng.SuiteRunnerWorker.runSuite(SuiteRunnerWorker.java:52)
at org.testng.SuiteRunnerWorker.run(SuiteRunnerWorker.java:95)
at org.testng.TestNG.runSuitesSequentially(TestNG.java:1280)
at org.testng.TestNG.runSuitesLocally(TestNG.java:1200)
at org.testng.TestNG.runSuites(TestNG.java:1114)
at org.testng.TestNG.run(TestNG.java:1082)
at org.testng.remote.AbstractRemoteTestNG.run(AbstractRemoteTestNG.java:115)
at org.testng.remote.RemoteTestNG.initAndRun(RemoteTestNG.java:251)
at org.testng.remote.RemoteTestNG.main(RemoteTestNG.java:77)
]]>
    </failure>
  </testcase> <!-- checkProductDetails -->
  <testcase classname="testLayer.ProductDetailsTest" name="checkProductDetails" time="10.55"/>
  <testcase classname="testLayer.ProductDetailsTest" name="checkProductDetails" time="7.905"/>
  <testcase classname="testLayer.ProductDetailsTest" name="checkProductDetails" time="10.806"/>
  <testcase classname="testLayer.ProductDetailsTest" name="checkProductDetails" time="12.72"/>
  <testcase classname="testLayer.ProductDetailsTest" name="checkProductDetails" time="11.982"/>
  <testcase classname="testLayer.ProductDetailsTest" name="checkProductDetails" time="12.33"/>
  <testcase classname="testLayer.ProductDetailsTest" name="checkProductDetails" time="10.427"/>
  <testcase classname="testLayer.ProductDetailsTest" name="checkProductDetails" time="11.851"/>
  <testcase classname="testLayer.ProductDetailsTest" name="checkProductDetails" time="11.145"/>
  <testcase classname="testLayer.ProductDetailsTest" name="checkProductDetails" time="8.364"/>
  <testcase classname="testLayer.ProductDetailsTest" name="checkProductDetails" time="0.791">
    <failure type="org.openqa.selenium.StaleElementReferenceException" message="stale element reference: stale element not found in the current frame
  (Session info: chrome-headless-shell=124.0.6367.119)
For documentation on this error, please visit: https://www.selenium.dev/documentation/webdriver/troubleshooting/errors#stale-element-reference-exception
Build info: version: &amp;apos;4.19.1&amp;apos;, revision: &amp;apos;abe0ee07dc&amp;apos;
System info: os.name: &amp;apos;Windows 10&amp;apos;, os.arch: &amp;apos;amd64&amp;apos;, os.version: &amp;apos;10.0&amp;apos;, java.version: &amp;apos;17.0.7&amp;apos;
Driver info: org.openqa.selenium.chrome.ChromeDriver
Command: [4dd015416674f72dbc9c09cd10322d7c, isElementDisplayed {id=f.163C75CD15CB05DFF46573179BE8F0EE.d.CADE1DEB03FBB2E6B3DABD137F3CA15E.e.64}]
Capabilities {acceptInsecureCerts: false, browserName: chrome-headless-shell, browserVersion: 124.0.6367.119, chrome: {chromedriverVersion: 124.0.6367.91 (51df0e5e17a8..., userDataDir: C:\Users\Admin\AppData\Loca...}, fedcm:accounts: true, goog:chromeOptions: {debuggerAddress: localhost:59247}, networkConnectionEnabled: false, pageLoadStrategy: normal, platformName: windows, proxy: Proxy(), se:cdp: ws://localhost:59247/devtoo..., se:cdpVersion: 124.0.6367.119, setWindowRect: true, strictFileInteractability: false, timeouts: {implicit: 0, pageLoad: 300000, script: 30000}, unhandledPromptBehavior: dismiss and notify, webauthn:extension:credBlob: true, webauthn:extension:largeBlob: true, webauthn:extension:minPinLength: true, webauthn:extension:prf: true, webauthn:virtualAuthenticators: true}
Element: [[ChromeDriver: chrome-headless-shell on windows (4dd015416674f72dbc9c09cd10322d7c)] -&amp;gt; css selector: .mst-searchautocomplete__wrapper li]
Session ID: 4dd015416674f72dbc9c09cd10322d7c">
      <![CDATA[org.openqa.selenium.StaleElementReferenceException: stale element reference: stale element not found in the current frame
  (Session info: chrome-headless-shell=124.0.6367.119)
For documentation on this error, please visit: https://www.selenium.dev/documentation/webdriver/troubleshooting/errors#stale-element-reference-exception
Build info: version: '4.19.1', revision: 'abe0ee07dc'
System info: os.name: 'Windows 10', os.arch: 'amd64', os.version: '10.0', java.version: '17.0.7'
Driver info: org.openqa.selenium.chrome.ChromeDriver
Command: [4dd015416674f72dbc9c09cd10322d7c, isElementDisplayed {id=f.163C75CD15CB05DFF46573179BE8F0EE.d.CADE1DEB03FBB2E6B3DABD137F3CA15E.e.64}]
Capabilities {acceptInsecureCerts: false, browserName: chrome-headless-shell, browserVersion: 124.0.6367.119, chrome: {chromedriverVersion: 124.0.6367.91 (51df0e5e17a8..., userDataDir: C:\Users\Admin\AppData\Loca...}, fedcm:accounts: true, goog:chromeOptions: {debuggerAddress: localhost:59247}, networkConnectionEnabled: false, pageLoadStrategy: normal, platformName: windows, proxy: Proxy(), se:cdp: ws://localhost:59247/devtoo..., se:cdpVersion: 124.0.6367.119, setWindowRect: true, strictFileInteractability: false, timeouts: {implicit: 0, pageLoad: 300000, script: 30000}, unhandledPromptBehavior: dismiss and notify, webauthn:extension:credBlob: true, webauthn:extension:largeBlob: true, webauthn:extension:minPinLength: true, webauthn:extension:prf: true, webauthn:virtualAuthenticators: true}
Element: [[ChromeDriver: chrome-headless-shell on windows (4dd015416674f72dbc9c09cd10322d7c)] -> css selector: .mst-searchautocomplete__wrapper li]
Session ID: 4dd015416674f72dbc9c09cd10322d7c
at java.base/jdk.internal.reflect.NativeConstructorAccessorImpl.newInstance0(Native Method)
at java.base/jdk.internal.reflect.NativeConstructorAccessorImpl.newInstance(NativeConstructorAccessorImpl.java:77)
at java.base/jdk.internal.reflect.DelegatingConstructorAccessorImpl.newInstance(DelegatingConstructorAccessorImpl.java:45)
at java.base/java.lang.reflect.Constructor.newInstanceWithCaller(Constructor.java:499)
at java.base/java.lang.reflect.Constructor.newInstance(Constructor.java:480)
at org.openqa.selenium.remote.ErrorCodec.decode(ErrorCodec.java:167)
at org.openqa.selenium.remote.codec.w3c.W3CHttpResponseCodec.decode(W3CHttpResponseCodec.java:138)
at org.openqa.selenium.remote.codec.w3c.W3CHttpResponseCodec.decode(W3CHttpResponseCodec.java:50)
at org.openqa.selenium.remote.HttpCommandExecutor.execute(HttpCommandExecutor.java:190)
at org.openqa.selenium.remote.service.DriverCommandExecutor.invokeExecute(DriverCommandExecutor.java:216)
at org.openqa.selenium.remote.service.DriverCommandExecutor.execute(DriverCommandExecutor.java:174)
at org.openqa.selenium.remote.RemoteWebDriver.execute(RemoteWebDriver.java:518)
at org.openqa.selenium.remote.RemoteWebElement.execute(RemoteWebElement.java:223)
at org.openqa.selenium.remote.RemoteWebElement.isDisplayed(RemoteWebElement.java:282)
at jdk.internal.reflect.GeneratedMethodAccessor11.invoke(Unknown Source)
at java.base/jdk.internal.reflect.DelegatingMethodAccessorImpl.invoke(DelegatingMethodAccessorImpl.java:43)
at java.base/java.lang.reflect.Method.invoke(Method.java:568)
at org.openqa.selenium.support.pagefactory.internal.LocatingElementHandler.invoke(LocatingElementHandler.java:51)
at jdk.proxy2/jdk.proxy2.$Proxy16.isDisplayed(Unknown Source)
at org.openqa.selenium.support.ui.ExpectedConditions.elementIfVisible(ExpectedConditions.java:304)
at org.openqa.selenium.support.ui.ExpectedConditions$10.apply(ExpectedConditions.java:290)
at org.openqa.selenium.support.ui.ExpectedConditions$10.apply(ExpectedConditions.java:287)
at org.openqa.selenium.support.ui.ExpectedConditions$23.apply(ExpectedConditions.java:656)
at org.openqa.selenium.support.ui.ExpectedConditions$23.apply(ExpectedConditions.java:652)
at org.openqa.selenium.support.ui.FluentWait.until(FluentWait.java:203)
at utilities.UtilClass.waitTillClickable(UtilClass.java:148)
at pageLayer.SearchAProduct.Search_box(SearchAProduct.java:82)
at testLayer.ProductDetailsTest.checkProductDetails(ProductDetailsTest.java:28)
at jdk.internal.reflect.GeneratedMethodAccessor9.invoke(Unknown Source)
at java.base/jdk.internal.reflect.DelegatingMethodAccessorImpl.invoke(DelegatingMethodAccessorImpl.java:43)
at java.base/java.lang.reflect.Method.invoke(Method.java:568)
at org.testng.internal.invokers.MethodInvocationHelper.invokeMethod(MethodInvocationHelper.java:139)
at org.testng.internal.invokers.TestInvoker.invokeMethod(TestInvoker.java:664)
at org.testng.internal.invokers.TestInvoker.invokeTestMethod(TestInvoker.java:227)
at org.testng.internal.invokers.MethodRunner.runInSequence(MethodRunner.java:50)
at org.testng.internal.invokers.TestInvoker$MethodInvocationAgent.invoke(TestInvoker.java:957)
at org.testng.internal.invokers.TestInvoker.invokeTestMethods(TestInvoker.java:200)
at org.testng.internal.invokers.TestMethodWorker.invokeTestMethods(TestMethodWorker.java:148)
at org.testng.internal.invokers.TestMethodWorker.run(TestMethodWorker.java:128)
at java.base/java.util.ArrayList.forEach(ArrayList.java:1511)
at org.testng.TestRunner.privateRun(TestRunner.java:848)
at org.testng.TestRunner.run(TestRunner.java:621)
at org.testng.SuiteRunner.runTest(SuiteRunner.java:443)
at org.testng.SuiteRunner.runSequentially(SuiteRunner.java:437)
at org.testng.SuiteRunner.privateRun(SuiteRunner.java:397)
at org.testng.SuiteRunner.run(SuiteRunner.java:336)
at org.testng.SuiteRunnerWorker.runSuite(SuiteRunnerWorker.java:52)
at org.testng.SuiteRunnerWorker.run(SuiteRunnerWorker.java:95)
at org.testng.TestNG.runSuitesSequentially(TestNG.java:1280)
at org.testng.TestNG.runSuitesLocally(TestNG.java:1200)
at org.testng.TestNG.runSuites(TestNG.java:1114)
at org.testng.TestNG.run(TestNG.java:1082)
at org.testng.remote.AbstractRemoteTestNG.run(AbstractRemoteTestNG.java:115)
at org.testng.remote.RemoteTestNG.initAndRun(RemoteTestNG.java:251)
at org.testng.remote.RemoteTestNG.main(RemoteTestNG.java:77)
]]>
    </failure>
  </testcase> <!-- checkProductDetails -->
  <testcase classname="testLayer.ProductDetailsTest" name="checkProductDetails" time="9.636"/>
  <testcase classname="testLayer.ProductDetailsTest" name="checkProductDetails" time="10.017"/>
  <testcase classname="testLayer.ProductDetailsTest" name="checkProductDetails" time="8.954"/>
  <testcase classname="testLayer.ProductDetailsTest" name="checkProductDetails" time="16.706"/>
  <testcase classname="testLayer.ProductDetailsTest" name="checkProductDetails" time="9.687"/>
  <testcase classname="testLayer.ProductDetailsTest" name="checkProductDetails" time="10.13"/>
  <testcase classname="testLayer.ProductDetailsTest" name="checkProductDetails" time="9.766"/>
  <testcase classname="testLayer.ProductDetailsTest" name="checkProductDetails" time="10.021"/>
  <testcase classname="testLayer.ProductDetailsTest" name="checkProductDetails" time="55.213"/>
  <testcase classname="testLayer.ProductDetailsTest" name="checkProductDetails" time="10.282"/>
  <testcase classname="testLayer.ProductDetailsTest" name="checkProductDetails" time="13.654"/>
  <testcase classname="testLayer.ProductDetailsTest" name="checkProductDetails" time="10.844"/>
  <testcase classname="testLayer.ProductDetailsTest" name="checkProductDetails" time="10.486"/>
  <testcase classname="testLayer.ProductDetailsTest" name="checkProductDetails" time="10.256"/>
  <testcase classname="testLayer.ProductDetailsTest" name="checkProductDetails" time="18.74"/>
  <testcase classname="testLayer.ProductDetailsTest" name="checkProductDetails" time="12.917"/>
  <testcase classname="testLayer.ProductDetailsTest" name="checkProductDetails" time="8.713"/>
  <testcase classname="testLayer.ProductDetailsTest" name="checkProductDetails" time="10.038"/>
  <testcase classname="testLayer.ProductDetailsTest" name="checkProductDetails" time="8.833"/>
  <testcase classname="testLayer.ProductDetailsTest" name="checkProductDetails" time="7.953"/>
  <testcase classname="testLayer.ProductDetailsTest" name="checkProductDetails" time="8.112"/>
  <testcase classname="testLayer.ProductDetailsTest" name="checkProductDetails" time="10.78"/>
  <testcase classname="testLayer.ProductDetailsTest" name="checkProductDetails" time="11.018"/>
  <testcase classname="testLayer.ProductDetailsTest" name="checkProductDetails" time="12.306"/>
  <testcase classname="testLayer.ProductDetailsTest" name="checkProductDetails" time="16.913"/>
  <testcase classname="testLayer.ProductDetailsTest" name="checkProductDetails" time="15.41"/>
  <testcase classname="testLayer.ProductDetailsTest" name="checkProductDetails" time="7.991"/>
  <testcase classname="testLayer.ProductDetailsTest" name="checkProductDetails" time="8.299"/>
  <testcase classname="testLayer.ProductDetailsTest" name="checkProductDetails" time="9.705"/>
  <testcase classname="testLayer.ProductDetailsTest" name="checkProductDetails" time="9.645"/>
  <testcase classname="testLayer.ProductDetailsTest" name="checkProductDetails" time="8.545"/>
  <testcase classname="testLayer.ProductDetailsTest" name="checkProductDetails" time="19.141"/>
  <testcase classname="testLayer.ProductDetailsTest" name="checkProductDetails" time="21.664"/>
  <testcase classname="testLayer.ProductDetailsTest" name="checkProductDetails" time="38.192"/>
  <testcase classname="testLayer.ProductDetailsTest" name="checkProductDetails" time="10.707"/>
  <testcase classname="testLayer.ProductDetailsTest" name="checkProductDetails" time="17.343"/>
  <testcase classname="testLayer.ProductDetailsTest" name="checkProductDetails" time="12.733"/>
  <testcase classname="testLayer.ProductDetailsTest" name="checkProductDetails" time="21.184"/>
  <testcase classname="testLayer.ProductDetailsTest" name="checkProductDetails" time="22.204"/>
  <testcase classname="testLayer.ProductDetailsTest" name="checkProductDetails" time="22.025"/>
  <testcase classname="testLayer.ProductDetailsTest" name="checkProductDetails" time="8.414"/>
  <testcase classname="testLayer.ProductDetailsTest" name="checkProductDetails" time="10.588"/>
  <testcase classname="testLayer.ProductDetailsTest" name="checkProductDetails" time="7.767"/>
  <testcase classname="testLayer.ProductDetailsTest" name="checkProductDetails" time="8.544"/>
  <testcase classname="testLayer.ProductDetailsTest" name="checkProductDetails" time="11.271"/>
  <testcase classname="testLayer.ProductDetailsTest" name="checkProductDetails" time="10.209"/>
  <testcase classname="testLayer.ProductDetailsTest" name="checkProductDetails" time="15.556"/>
  <testcase classname="testLayer.ProductDetailsTest" name="checkProductDetails" time="8.575"/>
  <testcase classname="testLayer.ProductDetailsTest" name="checkProductDetails" time="8.21"/>
  <testcase classname="testLayer.ProductDetailsTest" name="checkProductDetails" time="22.498"/>
  <testcase classname="testLayer.ProductDetailsTest" name="checkProductDetails" time="9.067"/>
  <testcase classname="testLayer.ProductDetailsTest" name="checkProductDetails" time="20.255"/>
  <testcase classname="testLayer.ProductDetailsTest" name="checkProductDetails" time="9.241"/>
  <testcase classname="testLayer.ProductDetailsTest" name="checkProductDetails" time="21.555"/>
  <testcase classname="testLayer.ProductDetailsTest" name="checkProductDetails" time="12.456"/>
  <testcase classname="testLayer.ProductDetailsTest" name="checkProductDetails" time="20.765"/>
  <testcase classname="testLayer.ProductDetailsTest" name="checkProductDetails" time="17.91"/>
  <testcase classname="testLayer.ProductDetailsTest" name="checkProductDetails" time="185.286">
    <failure type="org.openqa.selenium.TimeoutException" message="java.util.concurrent.TimeoutException
Build info: version: &amp;apos;4.19.1&amp;apos;, revision: &amp;apos;abe0ee07dc&amp;apos;
System info: os.name: &amp;apos;Windows 10&amp;apos;, os.arch: &amp;apos;amd64&amp;apos;, os.version: &amp;apos;10.0&amp;apos;, java.version: &amp;apos;17.0.7&amp;apos;
Driver info: org.openqa.selenium.chrome.ChromeDriver
Command: [2c71006977ef06247d3d42b2817c59bb, clickElement {id=f.9B7D3F0079A73A8AD66F04BD516ACDDE.d.585C52BE7E3811BEBF8EB6D9D5D7A01A.e.65}]
Capabilities {acceptInsecureCerts: false, browserName: chrome-headless-shell, browserVersion: 124.0.6367.119, chrome: {chromedriverVersion: 124.0.6367.91 (51df0e5e17a8..., userDataDir: C:\Users\Admin\AppData\Loca...}, fedcm:accounts: true, goog:chromeOptions: {debuggerAddress: localhost:57323}, networkConnectionEnabled: false, pageLoadStrategy: normal, platformName: windows, proxy: Proxy(), se:cdp: ws://localhost:57323/devtoo..., se:cdpVersion: 124.0.6367.119, setWindowRect: true, strictFileInteractability: false, timeouts: {implicit: 0, pageLoad: 300000, script: 30000}, unhandledPromptBehavior: dismiss and notify, webauthn:extension:credBlob: true, webauthn:extension:largeBlob: true, webauthn:extension:minPinLength: true, webauthn:extension:prf: true, webauthn:virtualAuthenticators: true}
Element: [[ChromeDriver: chrome-headless-shell on windows (2c71006977ef06247d3d42b2817c59bb)] -&amp;gt; css selector: .mst-searchautocomplete__wrapper li]
Session ID: 2c71006977ef06247d3d42b2817c59bb">
      <![CDATA[org.openqa.selenium.TimeoutException: java.util.concurrent.TimeoutException
Build info: version: '4.19.1', revision: 'abe0ee07dc'
System info: os.name: 'Windows 10', os.arch: 'amd64', os.version: '10.0', java.version: '17.0.7'
Driver info: org.openqa.selenium.chrome.ChromeDriver
Command: [2c71006977ef06247d3d42b2817c59bb, clickElement {id=f.9B7D3F0079A73A8AD66F04BD516ACDDE.d.585C52BE7E3811BEBF8EB6D9D5D7A01A.e.65}]
Capabilities {acceptInsecureCerts: false, browserName: chrome-headless-shell, browserVersion: 124.0.6367.119, chrome: {chromedriverVersion: 124.0.6367.91 (51df0e5e17a8..., userDataDir: C:\Users\Admin\AppData\Loca...}, fedcm:accounts: true, goog:chromeOptions: {debuggerAddress: localhost:57323}, networkConnectionEnabled: false, pageLoadStrategy: normal, platformName: windows, proxy: Proxy(), se:cdp: ws://localhost:57323/devtoo..., se:cdpVersion: 124.0.6367.119, setWindowRect: true, strictFileInteractability: false, timeouts: {implicit: 0, pageLoad: 300000, script: 30000}, unhandledPromptBehavior: dismiss and notify, webauthn:extension:credBlob: true, webauthn:extension:largeBlob: true, webauthn:extension:minPinLength: true, webauthn:extension:prf: true, webauthn:virtualAuthenticators: true}
Element: [[ChromeDriver: chrome-headless-shell on windows (2c71006977ef06247d3d42b2817c59bb)] -> css selector: .mst-searchautocomplete__wrapper li]
Session ID: 2c71006977ef06247d3d42b2817c59bb
at org.openqa.selenium.remote.http.jdk.JdkHttpClient.execute0(JdkHttpClient.java:396)
at org.openqa.selenium.remote.http.AddSeleniumUserAgent.lambda$apply$0(AddSeleniumUserAgent.java:42)
at org.openqa.selenium.remote.http.Filter.lambda$andFinally$1(Filter.java:55)
at org.openqa.selenium.remote.http.jdk.JdkHttpClient.execute(JdkHttpClient.java:352)
at org.openqa.selenium.remote.HttpCommandExecutor.execute(HttpCommandExecutor.java:187)
at org.openqa.selenium.remote.service.DriverCommandExecutor.invokeExecute(DriverCommandExecutor.java:216)
at org.openqa.selenium.remote.service.DriverCommandExecutor.execute(DriverCommandExecutor.java:174)
at org.openqa.selenium.remote.RemoteWebDriver.execute(RemoteWebDriver.java:518)
at org.openqa.selenium.remote.RemoteWebElement.execute(RemoteWebElement.java:223)
at org.openqa.selenium.remote.RemoteWebElement.click(RemoteWebElement.java:76)
at jdk.internal.reflect.GeneratedMethodAccessor4.invoke(Unknown Source)
at java.base/jdk.internal.reflect.DelegatingMethodAccessorImpl.invoke(DelegatingMethodAccessorImpl.java:43)
at java.base/java.lang.reflect.Method.invoke(Method.java:568)
at org.openqa.selenium.support.pagefactory.internal.LocatingElementHandler.invoke(LocatingElementHandler.java:51)
at jdk.proxy2/jdk.proxy2.$Proxy16.click(Unknown Source)
at pageLayer.SearchAProduct.Search_box(SearchAProduct.java:89)
at testLayer.ProductDetailsTest.checkProductDetails(ProductDetailsTest.java:28)
at jdk.internal.reflect.GeneratedMethodAccessor9.invoke(Unknown Source)
at java.base/jdk.internal.reflect.DelegatingMethodAccessorImpl.invoke(DelegatingMethodAccessorImpl.java:43)
at java.base/java.lang.reflect.Method.invoke(Method.java:568)
at org.testng.internal.invokers.MethodInvocationHelper.invokeMethod(MethodInvocationHelper.java:139)
at org.testng.internal.invokers.TestInvoker.invokeMethod(TestInvoker.java:664)
at org.testng.internal.invokers.TestInvoker.invokeTestMethod(TestInvoker.java:227)
at org.testng.internal.invokers.MethodRunner.runInSequence(MethodRunner.java:50)
at org.testng.internal.invokers.TestInvoker$MethodInvocationAgent.invoke(TestInvoker.java:957)
at org.testng.internal.invokers.TestInvoker.invokeTestMethods(TestInvoker.java:200)
at org.testng.internal.invokers.TestMethodWorker.invokeTestMethods(TestMethodWorker.java:148)
at org.testng.internal.invokers.TestMethodWorker.run(TestMethodWorker.java:128)
at java.base/java.util.ArrayList.forEach(ArrayList.java:1511)
at org.testng.TestRunner.privateRun(TestRunner.java:848)
at org.testng.TestRunner.run(TestRunner.java:621)
at org.testng.SuiteRunner.runTest(SuiteRunner.java:443)
at org.testng.SuiteRunner.runSequentially(SuiteRunner.java:437)
at org.testng.SuiteRunner.privateRun(SuiteRunner.java:397)
at org.testng.SuiteRunner.run(SuiteRunner.java:336)
at org.testng.SuiteRunnerWorker.runSuite(SuiteRunnerWorker.java:52)
at org.testng.SuiteRunnerWorker.run(SuiteRunnerWorker.java:95)
at org.testng.TestNG.runSuitesSequentially(TestNG.java:1280)
at org.testng.TestNG.runSuitesLocally(TestNG.java:1200)
at org.testng.TestNG.runSuites(TestNG.java:1114)
at org.testng.TestNG.run(TestNG.java:1082)
at org.testng.remote.AbstractRemoteTestNG.run(AbstractRemoteTestNG.java:115)
at org.testng.remote.RemoteTestNG.initAndRun(RemoteTestNG.java:251)
at org.testng.remote.RemoteTestNG.main(RemoteTestNG.java:77)
Caused by: java.util.concurrent.TimeoutException
at java.base/java.util.concurrent.CompletableFuture.timedGet(CompletableFuture.java:1960)
at java.base/java.util.concurrent.CompletableFuture.get(CompletableFuture.java:2095)
at org.openqa.selenium.remote.http.jdk.JdkHttpClient.execute0(JdkHttpClient.java:379)
... 43 more
]]>
    </failure>
  </testcase> <!-- checkProductDetails -->
  <testcase classname="testLayer.ProductDetailsTest" name="checkProductDetails" time="20.392"/>
  <testcase classname="testLayer.ProductDetailsTest" name="checkProductDetails" time="23.589">
    <failure type="org.openqa.selenium.NoSuchElementException" message="no such element: Unable to locate element: {&amp;quot;method&amp;quot;:&amp;quot;css selector&amp;quot;,&amp;quot;selector&amp;quot;:&amp;quot;.mst-searchautocomplete__wrapper li&amp;quot;}
  (Session info: chrome-headless-shell=124.0.6367.119)
For documentation on this error, please visit: https://www.selenium.dev/documentation/webdriver/troubleshooting/errors#no-such-element-exception
Build info: version: &amp;apos;4.19.1&amp;apos;, revision: &amp;apos;abe0ee07dc&amp;apos;
System info: os.name: &amp;apos;Windows 10&amp;apos;, os.arch: &amp;apos;amd64&amp;apos;, os.version: &amp;apos;10.0&amp;apos;, java.version: &amp;apos;17.0.7&amp;apos;
Driver info: org.openqa.selenium.chrome.ChromeDriver
Command: [7f02f75b87102d31be6941ca91fcad5e, findElement {value=.mst-searchautocomplete__wrapper li, using=css selector}]
Capabilities {acceptInsecureCerts: false, browserName: chrome-headless-shell, browserVersion: 124.0.6367.119, chrome: {chromedriverVersion: 124.0.6367.91 (51df0e5e17a8..., userDataDir: C:\Users\Admin\AppData\Loca...}, fedcm:accounts: true, goog:chromeOptions: {debuggerAddress: localhost:57671}, networkConnectionEnabled: false, pageLoadStrategy: normal, platformName: windows, proxy: Proxy(), se:cdp: ws://localhost:57671/devtoo..., se:cdpVersion: 124.0.6367.119, setWindowRect: true, strictFileInteractability: false, timeouts: {implicit: 0, pageLoad: 300000, script: 30000}, unhandledPromptBehavior: dismiss and notify, webauthn:extension:credBlob: true, webauthn:extension:largeBlob: true, webauthn:extension:minPinLength: true, webauthn:extension:prf: true, webauthn:virtualAuthenticators: true}
Session ID: 7f02f75b87102d31be6941ca91fcad5e">
      <![CDATA[org.openqa.selenium.NoSuchElementException: no such element: Unable to locate element: {"method":"css selector","selector":".mst-searchautocomplete__wrapper li"}
  (Session info: chrome-headless-shell=124.0.6367.119)
For documentation on this error, please visit: https://www.selenium.dev/documentation/webdriver/troubleshooting/errors#no-such-element-exception
Build info: version: '4.19.1', revision: 'abe0ee07dc'
System info: os.name: 'Windows 10', os.arch: 'amd64', os.version: '10.0', java.version: '17.0.7'
Driver info: org.openqa.selenium.chrome.ChromeDriver
Command: [7f02f75b87102d31be6941ca91fcad5e, findElement {value=.mst-searchautocomplete__wrapper li, using=css selector}]
Capabilities {acceptInsecureCerts: false, browserName: chrome-headless-shell, browserVersion: 124.0.6367.119, chrome: {chromedriverVersion: 124.0.6367.91 (51df0e5e17a8..., userDataDir: C:\Users\Admin\AppData\Loca...}, fedcm:accounts: true, goog:chromeOptions: {debuggerAddress: localhost:57671}, networkConnectionEnabled: false, pageLoadStrategy: normal, platformName: windows, proxy: Proxy(), se:cdp: ws://localhost:57671/devtoo..., se:cdpVersion: 124.0.6367.119, setWindowRect: true, strictFileInteractability: false, timeouts: {implicit: 0, pageLoad: 300000, script: 30000}, unhandledPromptBehavior: dismiss and notify, webauthn:extension:credBlob: true, webauthn:extension:largeBlob: true, webauthn:extension:minPinLength: true, webauthn:extension:prf: true, webauthn:virtualAuthenticators: true}
Session ID: 7f02f75b87102d31be6941ca91fcad5e
at java.base/jdk.internal.reflect.NativeConstructorAccessorImpl.newInstance0(Native Method)
at java.base/jdk.internal.reflect.NativeConstructorAccessorImpl.newInstance(NativeConstructorAccessorImpl.java:77)
at java.base/jdk.internal.reflect.DelegatingConstructorAccessorImpl.newInstance(DelegatingConstructorAccessorImpl.java:45)
at java.base/java.lang.reflect.Constructor.newInstanceWithCaller(Constructor.java:499)
at java.base/java.lang.reflect.Constructor.newInstance(Constructor.java:480)
at org.openqa.selenium.remote.ErrorCodec.decode(ErrorCodec.java:167)
at org.openqa.selenium.remote.codec.w3c.W3CHttpResponseCodec.decode(W3CHttpResponseCodec.java:138)
at org.openqa.selenium.remote.codec.w3c.W3CHttpResponseCodec.decode(W3CHttpResponseCodec.java:50)
at org.openqa.selenium.remote.HttpCommandExecutor.execute(HttpCommandExecutor.java:190)
at org.openqa.selenium.remote.service.DriverCommandExecutor.invokeExecute(DriverCommandExecutor.java:216)
at org.openqa.selenium.remote.service.DriverCommandExecutor.execute(DriverCommandExecutor.java:174)
at org.openqa.selenium.remote.RemoteWebDriver.execute(RemoteWebDriver.java:518)
at org.openqa.selenium.remote.ElementLocation$ElementFinder$2.findElement(ElementLocation.java:165)
at org.openqa.selenium.remote.ElementLocation.findElement(ElementLocation.java:59)
at org.openqa.selenium.remote.RemoteWebDriver.findElement(RemoteWebDriver.java:355)
at org.openqa.selenium.remote.RemoteWebDriver.findElement(RemoteWebDriver.java:349)
at org.openqa.selenium.support.pagefactory.DefaultElementLocator.findElement(DefaultElementLocator.java:68)
at org.openqa.selenium.support.pagefactory.internal.LocatingElementHandler.invoke(LocatingElementHandler.java:38)
at jdk.proxy2/jdk.proxy2.$Proxy16.click(Unknown Source)
at pageLayer.SearchAProduct.Search_box(SearchAProduct.java:89)
at testLayer.ProductDetailsTest.checkProductDetails(ProductDetailsTest.java:28)
at jdk.internal.reflect.GeneratedMethodAccessor9.invoke(Unknown Source)
at java.base/jdk.internal.reflect.DelegatingMethodAccessorImpl.invoke(DelegatingMethodAccessorImpl.java:43)
at java.base/java.lang.reflect.Method.invoke(Method.java:568)
at org.testng.internal.invokers.MethodInvocationHelper.invokeMethod(MethodInvocationHelper.java:139)
at org.testng.internal.invokers.TestInvoker.invokeMethod(TestInvoker.java:664)
at org.testng.internal.invokers.TestInvoker.invokeTestMethod(TestInvoker.java:227)
at org.testng.internal.invokers.MethodRunner.runInSequence(MethodRunner.java:50)
at org.testng.internal.invokers.TestInvoker$MethodInvocationAgent.invoke(TestInvoker.java:957)
at org.testng.internal.invokers.TestInvoker.invokeTestMethods(TestInvoker.java:200)
at org.testng.internal.invokers.TestMethodWorker.invokeTestMethods(TestMethodWorker.java:148)
at org.testng.internal.invokers.TestMethodWorker.run(TestMethodWorker.java:128)
at java.base/java.util.ArrayList.forEach(ArrayList.java:1511)
at org.testng.TestRunner.privateRun(TestRunner.java:848)
at org.testng.TestRunner.run(TestRunner.java:621)
at org.testng.SuiteRunner.runTest(SuiteRunner.java:443)
at org.testng.SuiteRunner.runSequentially(SuiteRunner.java:437)
at org.testng.SuiteRunner.privateRun(SuiteRunner.java:397)
at org.testng.SuiteRunner.run(SuiteRunner.java:336)
at org.testng.SuiteRunnerWorker.runSuite(SuiteRunnerWorker.java:52)
at org.testng.SuiteRunnerWorker.run(SuiteRunnerWorker.java:95)
at org.testng.TestNG.runSuitesSequentially(TestNG.java:1280)
at org.testng.TestNG.runSuitesLocally(TestNG.java:1200)
at org.testng.TestNG.runSuites(TestNG.java:1114)
at org.testng.TestNG.run(TestNG.java:1082)
at org.testng.remote.AbstractRemoteTestNG.run(AbstractRemoteTestNG.java:115)
at org.testng.remote.RemoteTestNG.initAndRun(RemoteTestNG.java:251)
at org.testng.remote.RemoteTestNG.main(RemoteTestNG.java:77)
]]>
    </failure>
  </testcase> <!-- checkProductDetails -->
  <testcase classname="testLayer.ProductDetailsTest" name="checkProductDetails" time="23.692">
    <failure type="org.openqa.selenium.NoSuchElementException" message="no such element: Unable to locate element: {&amp;quot;method&amp;quot;:&amp;quot;css selector&amp;quot;,&amp;quot;selector&amp;quot;:&amp;quot;.mst-searchautocomplete__wrapper li&amp;quot;}
  (Session info: chrome-headless-shell=124.0.6367.119)
For documentation on this error, please visit: https://www.selenium.dev/documentation/webdriver/troubleshooting/errors#no-such-element-exception
Build info: version: &amp;apos;4.19.1&amp;apos;, revision: &amp;apos;abe0ee07dc&amp;apos;
System info: os.name: &amp;apos;Windows 10&amp;apos;, os.arch: &amp;apos;amd64&amp;apos;, os.version: &amp;apos;10.0&amp;apos;, java.version: &amp;apos;17.0.7&amp;apos;
Driver info: org.openqa.selenium.chrome.ChromeDriver
Command: [b14b14160138ae7f9964edd8e72d2ac6, findElement {value=.mst-searchautocomplete__wrapper li, using=css selector}]
Capabilities {acceptInsecureCerts: false, browserName: chrome-headless-shell, browserVersion: 124.0.6367.119, chrome: {chromedriverVersion: 124.0.6367.91 (51df0e5e17a8..., userDataDir: C:\Users\Admin\AppData\Loca...}, fedcm:accounts: true, goog:chromeOptions: {debuggerAddress: localhost:57699}, networkConnectionEnabled: false, pageLoadStrategy: normal, platformName: windows, proxy: Proxy(), se:cdp: ws://localhost:57699/devtoo..., se:cdpVersion: 124.0.6367.119, setWindowRect: true, strictFileInteractability: false, timeouts: {implicit: 0, pageLoad: 300000, script: 30000}, unhandledPromptBehavior: dismiss and notify, webauthn:extension:credBlob: true, webauthn:extension:largeBlob: true, webauthn:extension:minPinLength: true, webauthn:extension:prf: true, webauthn:virtualAuthenticators: true}
Session ID: b14b14160138ae7f9964edd8e72d2ac6">
      <![CDATA[org.openqa.selenium.NoSuchElementException: no such element: Unable to locate element: {"method":"css selector","selector":".mst-searchautocomplete__wrapper li"}
  (Session info: chrome-headless-shell=124.0.6367.119)
For documentation on this error, please visit: https://www.selenium.dev/documentation/webdriver/troubleshooting/errors#no-such-element-exception
Build info: version: '4.19.1', revision: 'abe0ee07dc'
System info: os.name: 'Windows 10', os.arch: 'amd64', os.version: '10.0', java.version: '17.0.7'
Driver info: org.openqa.selenium.chrome.ChromeDriver
Command: [b14b14160138ae7f9964edd8e72d2ac6, findElement {value=.mst-searchautocomplete__wrapper li, using=css selector}]
Capabilities {acceptInsecureCerts: false, browserName: chrome-headless-shell, browserVersion: 124.0.6367.119, chrome: {chromedriverVersion: 124.0.6367.91 (51df0e5e17a8..., userDataDir: C:\Users\Admin\AppData\Loca...}, fedcm:accounts: true, goog:chromeOptions: {debuggerAddress: localhost:57699}, networkConnectionEnabled: false, pageLoadStrategy: normal, platformName: windows, proxy: Proxy(), se:cdp: ws://localhost:57699/devtoo..., se:cdpVersion: 124.0.6367.119, setWindowRect: true, strictFileInteractability: false, timeouts: {implicit: 0, pageLoad: 300000, script: 30000}, unhandledPromptBehavior: dismiss and notify, webauthn:extension:credBlob: true, webauthn:extension:largeBlob: true, webauthn:extension:minPinLength: true, webauthn:extension:prf: true, webauthn:virtualAuthenticators: true}
Session ID: b14b14160138ae7f9964edd8e72d2ac6
at java.base/jdk.internal.reflect.NativeConstructorAccessorImpl.newInstance0(Native Method)
at java.base/jdk.internal.reflect.NativeConstructorAccessorImpl.newInstance(NativeConstructorAccessorImpl.java:77)
at java.base/jdk.internal.reflect.DelegatingConstructorAccessorImpl.newInstance(DelegatingConstructorAccessorImpl.java:45)
at java.base/java.lang.reflect.Constructor.newInstanceWithCaller(Constructor.java:499)
at java.base/java.lang.reflect.Constructor.newInstance(Constructor.java:480)
at org.openqa.selenium.remote.ErrorCodec.decode(ErrorCodec.java:167)
at org.openqa.selenium.remote.codec.w3c.W3CHttpResponseCodec.decode(W3CHttpResponseCodec.java:138)
at org.openqa.selenium.remote.codec.w3c.W3CHttpResponseCodec.decode(W3CHttpResponseCodec.java:50)
at org.openqa.selenium.remote.HttpCommandExecutor.execute(HttpCommandExecutor.java:190)
at org.openqa.selenium.remote.service.DriverCommandExecutor.invokeExecute(DriverCommandExecutor.java:216)
at org.openqa.selenium.remote.service.DriverCommandExecutor.execute(DriverCommandExecutor.java:174)
at org.openqa.selenium.remote.RemoteWebDriver.execute(RemoteWebDriver.java:518)
at org.openqa.selenium.remote.ElementLocation$ElementFinder$2.findElement(ElementLocation.java:165)
at org.openqa.selenium.remote.ElementLocation.findElement(ElementLocation.java:59)
at org.openqa.selenium.remote.RemoteWebDriver.findElement(RemoteWebDriver.java:355)
at org.openqa.selenium.remote.RemoteWebDriver.findElement(RemoteWebDriver.java:349)
at org.openqa.selenium.support.pagefactory.DefaultElementLocator.findElement(DefaultElementLocator.java:68)
at org.openqa.selenium.support.pagefactory.internal.LocatingElementHandler.invoke(LocatingElementHandler.java:38)
at jdk.proxy2/jdk.proxy2.$Proxy16.click(Unknown Source)
at pageLayer.SearchAProduct.Search_box(SearchAProduct.java:89)
at testLayer.ProductDetailsTest.checkProductDetails(ProductDetailsTest.java:28)
at jdk.internal.reflect.GeneratedMethodAccessor9.invoke(Unknown Source)
at java.base/jdk.internal.reflect.DelegatingMethodAccessorImpl.invoke(DelegatingMethodAccessorImpl.java:43)
at java.base/java.lang.reflect.Method.invoke(Method.java:568)
at org.testng.internal.invokers.MethodInvocationHelper.invokeMethod(MethodInvocationHelper.java:139)
at org.testng.internal.invokers.TestInvoker.invokeMethod(TestInvoker.java:664)
at org.testng.internal.invokers.TestInvoker.invokeTestMethod(TestInvoker.java:227)
at org.testng.internal.invokers.MethodRunner.runInSequence(MethodRunner.java:50)
at org.testng.internal.invokers.TestInvoker$MethodInvocationAgent.invoke(TestInvoker.java:957)
at org.testng.internal.invokers.TestInvoker.invokeTestMethods(TestInvoker.java:200)
at org.testng.internal.invokers.TestMethodWorker.invokeTestMethods(TestMethodWorker.java:148)
at org.testng.internal.invokers.TestMethodWorker.run(TestMethodWorker.java:128)
at java.base/java.util.ArrayList.forEach(ArrayList.java:1511)
at org.testng.TestRunner.privateRun(TestRunner.java:848)
at org.testng.TestRunner.run(TestRunner.java:621)
at org.testng.SuiteRunner.runTest(SuiteRunner.java:443)
at org.testng.SuiteRunner.runSequentially(SuiteRunner.java:437)
at org.testng.SuiteRunner.privateRun(SuiteRunner.java:397)
at org.testng.SuiteRunner.run(SuiteRunner.java:336)
at org.testng.SuiteRunnerWorker.runSuite(SuiteRunnerWorker.java:52)
at org.testng.SuiteRunnerWorker.run(SuiteRunnerWorker.java:95)
at org.testng.TestNG.runSuitesSequentially(TestNG.java:1280)
at org.testng.TestNG.runSuitesLocally(TestNG.java:1200)
at org.testng.TestNG.runSuites(TestNG.java:1114)
at org.testng.TestNG.run(TestNG.java:1082)
at org.testng.remote.AbstractRemoteTestNG.run(AbstractRemoteTestNG.java:115)
at org.testng.remote.RemoteTestNG.initAndRun(RemoteTestNG.java:251)
at org.testng.remote.RemoteTestNG.main(RemoteTestNG.java:77)
]]>
    </failure>
  </testcase> <!-- checkProductDetails -->
  <testcase classname="testLayer.ProductDetailsTest" name="checkProductDetails" time="23.569">
    <failure type="org.openqa.selenium.NoSuchElementException" message="no such element: Unable to locate element: {&amp;quot;method&amp;quot;:&amp;quot;css selector&amp;quot;,&amp;quot;selector&amp;quot;:&amp;quot;.mst-searchautocomplete__wrapper li&amp;quot;}
  (Session info: chrome-headless-shell=124.0.6367.119)
For documentation on this error, please visit: https://www.selenium.dev/documentation/webdriver/troubleshooting/errors#no-such-element-exception
Build info: version: &amp;apos;4.19.1&amp;apos;, revision: &amp;apos;abe0ee07dc&amp;apos;
System info: os.name: &amp;apos;Windows 10&amp;apos;, os.arch: &amp;apos;amd64&amp;apos;, os.version: &amp;apos;10.0&amp;apos;, java.version: &amp;apos;17.0.7&amp;apos;
Driver info: org.openqa.selenium.chrome.ChromeDriver
Command: [e99575b3b45a8d0e09ecb10fa921db74, findElement {value=.mst-searchautocomplete__wrapper li, using=css selector}]
Capabilities {acceptInsecureCerts: false, browserName: chrome-headless-shell, browserVersion: 124.0.6367.119, chrome: {chromedriverVersion: 124.0.6367.91 (51df0e5e17a8..., userDataDir: C:\Users\Admin\AppData\Loca...}, fedcm:accounts: true, goog:chromeOptions: {debuggerAddress: localhost:57734}, networkConnectionEnabled: false, pageLoadStrategy: normal, platformName: windows, proxy: Proxy(), se:cdp: ws://localhost:57734/devtoo..., se:cdpVersion: 124.0.6367.119, setWindowRect: true, strictFileInteractability: false, timeouts: {implicit: 0, pageLoad: 300000, script: 30000}, unhandledPromptBehavior: dismiss and notify, webauthn:extension:credBlob: true, webauthn:extension:largeBlob: true, webauthn:extension:minPinLength: true, webauthn:extension:prf: true, webauthn:virtualAuthenticators: true}
Session ID: e99575b3b45a8d0e09ecb10fa921db74">
      <![CDATA[org.openqa.selenium.NoSuchElementException: no such element: Unable to locate element: {"method":"css selector","selector":".mst-searchautocomplete__wrapper li"}
  (Session info: chrome-headless-shell=124.0.6367.119)
For documentation on this error, please visit: https://www.selenium.dev/documentation/webdriver/troubleshooting/errors#no-such-element-exception
Build info: version: '4.19.1', revision: 'abe0ee07dc'
System info: os.name: 'Windows 10', os.arch: 'amd64', os.version: '10.0', java.version: '17.0.7'
Driver info: org.openqa.selenium.chrome.ChromeDriver
Command: [e99575b3b45a8d0e09ecb10fa921db74, findElement {value=.mst-searchautocomplete__wrapper li, using=css selector}]
Capabilities {acceptInsecureCerts: false, browserName: chrome-headless-shell, browserVersion: 124.0.6367.119, chrome: {chromedriverVersion: 124.0.6367.91 (51df0e5e17a8..., userDataDir: C:\Users\Admin\AppData\Loca...}, fedcm:accounts: true, goog:chromeOptions: {debuggerAddress: localhost:57734}, networkConnectionEnabled: false, pageLoadStrategy: normal, platformName: windows, proxy: Proxy(), se:cdp: ws://localhost:57734/devtoo..., se:cdpVersion: 124.0.6367.119, setWindowRect: true, strictFileInteractability: false, timeouts: {implicit: 0, pageLoad: 300000, script: 30000}, unhandledPromptBehavior: dismiss and notify, webauthn:extension:credBlob: true, webauthn:extension:largeBlob: true, webauthn:extension:minPinLength: true, webauthn:extension:prf: true, webauthn:virtualAuthenticators: true}
Session ID: e99575b3b45a8d0e09ecb10fa921db74
at java.base/jdk.internal.reflect.NativeConstructorAccessorImpl.newInstance0(Native Method)
at java.base/jdk.internal.reflect.NativeConstructorAccessorImpl.newInstance(NativeConstructorAccessorImpl.java:77)
at java.base/jdk.internal.reflect.DelegatingConstructorAccessorImpl.newInstance(DelegatingConstructorAccessorImpl.java:45)
at java.base/java.lang.reflect.Constructor.newInstanceWithCaller(Constructor.java:499)
at java.base/java.lang.reflect.Constructor.newInstance(Constructor.java:480)
at org.openqa.selenium.remote.ErrorCodec.decode(ErrorCodec.java:167)
at org.openqa.selenium.remote.codec.w3c.W3CHttpResponseCodec.decode(W3CHttpResponseCodec.java:138)
at org.openqa.selenium.remote.codec.w3c.W3CHttpResponseCodec.decode(W3CHttpResponseCodec.java:50)
at org.openqa.selenium.remote.HttpCommandExecutor.execute(HttpCommandExecutor.java:190)
at org.openqa.selenium.remote.service.DriverCommandExecutor.invokeExecute(DriverCommandExecutor.java:216)
at org.openqa.selenium.remote.service.DriverCommandExecutor.execute(DriverCommandExecutor.java:174)
at org.openqa.selenium.remote.RemoteWebDriver.execute(RemoteWebDriver.java:518)
at org.openqa.selenium.remote.ElementLocation$ElementFinder$2.findElement(ElementLocation.java:165)
at org.openqa.selenium.remote.ElementLocation.findElement(ElementLocation.java:59)
at org.openqa.selenium.remote.RemoteWebDriver.findElement(RemoteWebDriver.java:355)
at org.openqa.selenium.remote.RemoteWebDriver.findElement(RemoteWebDriver.java:349)
at org.openqa.selenium.support.pagefactory.DefaultElementLocator.findElement(DefaultElementLocator.java:68)
at org.openqa.selenium.support.pagefactory.internal.LocatingElementHandler.invoke(LocatingElementHandler.java:38)
at jdk.proxy2/jdk.proxy2.$Proxy16.click(Unknown Source)
at pageLayer.SearchAProduct.Search_box(SearchAProduct.java:89)
at testLayer.ProductDetailsTest.checkProductDetails(ProductDetailsTest.java:28)
at jdk.internal.reflect.GeneratedMethodAccessor9.invoke(Unknown Source)
at java.base/jdk.internal.reflect.DelegatingMethodAccessorImpl.invoke(DelegatingMethodAccessorImpl.java:43)
at java.base/java.lang.reflect.Method.invoke(Method.java:568)
at org.testng.internal.invokers.MethodInvocationHelper.invokeMethod(MethodInvocationHelper.java:139)
at org.testng.internal.invokers.TestInvoker.invokeMethod(TestInvoker.java:664)
at org.testng.internal.invokers.TestInvoker.invokeTestMethod(TestInvoker.java:227)
at org.testng.internal.invokers.MethodRunner.runInSequence(MethodRunner.java:50)
at org.testng.internal.invokers.TestInvoker$MethodInvocationAgent.invoke(TestInvoker.java:957)
at org.testng.internal.invokers.TestInvoker.invokeTestMethods(TestInvoker.java:200)
at org.testng.internal.invokers.TestMethodWorker.invokeTestMethods(TestMethodWorker.java:148)
at org.testng.internal.invokers.TestMethodWorker.run(TestMethodWorker.java:128)
at java.base/java.util.ArrayList.forEach(ArrayList.java:1511)
at org.testng.TestRunner.privateRun(TestRunner.java:848)
at org.testng.TestRunner.run(TestRunner.java:621)
at org.testng.SuiteRunner.runTest(SuiteRunner.java:443)
at org.testng.SuiteRunner.runSequentially(SuiteRunner.java:437)
at org.testng.SuiteRunner.privateRun(SuiteRunner.java:397)
at org.testng.SuiteRunner.run(SuiteRunner.java:336)
at org.testng.SuiteRunnerWorker.runSuite(SuiteRunnerWorker.java:52)
at org.testng.SuiteRunnerWorker.run(SuiteRunnerWorker.java:95)
at org.testng.TestNG.runSuitesSequentially(TestNG.java:1280)
at org.testng.TestNG.runSuitesLocally(TestNG.java:1200)
at org.testng.TestNG.runSuites(TestNG.java:1114)
at org.testng.TestNG.run(TestNG.java:1082)
at org.testng.remote.AbstractRemoteTestNG.run(AbstractRemoteTestNG.java:115)
at org.testng.remote.RemoteTestNG.initAndRun(RemoteTestNG.java:251)
at org.testng.remote.RemoteTestNG.main(RemoteTestNG.java:77)
]]>
    </failure>
  </testcase> <!-- checkProductDetails -->
  <testcase classname="testLayer.ProductDetailsTest" name="checkProductDetails" time="41.554">
    <failure type="org.openqa.selenium.TimeoutException" message="Expected condition failed: waiting for element to be clickable: Proxy element for: DefaultElementLocator &amp;apos;By.cssSelector: .mst-searchautocomplete__wrapper li&amp;apos; (tried for 5 second(s) with 500 milliseconds interval)">
      <![CDATA[org.openqa.selenium.TimeoutException: Expected condition failed: waiting for element to be clickable: Proxy element for: DefaultElementLocator 'By.cssSelector: .mst-searchautocomplete__wrapper li' (tried for 5 second(s) with 500 milliseconds interval)
at org.openqa.selenium.support.ui.WebDriverWait.timeoutException(WebDriverWait.java:84)
at org.openqa.selenium.support.ui.FluentWait.until(FluentWait.java:228)
at utilities.UtilClass.waitTillClickable(UtilClass.java:148)
at pageLayer.SearchAProduct.Search_box(SearchAProduct.java:82)
at testLayer.ProductDetailsTest.checkProductDetails(ProductDetailsTest.java:28)
at jdk.internal.reflect.GeneratedMethodAccessor9.invoke(Unknown Source)
at java.base/jdk.internal.reflect.DelegatingMethodAccessorImpl.invoke(DelegatingMethodAccessorImpl.java:43)
at java.base/java.lang.reflect.Method.invoke(Method.java:568)
at org.testng.internal.invokers.MethodInvocationHelper.invokeMethod(MethodInvocationHelper.java:139)
at org.testng.internal.invokers.TestInvoker.invokeMethod(TestInvoker.java:664)
at org.testng.internal.invokers.TestInvoker.invokeTestMethod(TestInvoker.java:227)
at org.testng.internal.invokers.MethodRunner.runInSequence(MethodRunner.java:50)
at org.testng.internal.invokers.TestInvoker$MethodInvocationAgent.invoke(TestInvoker.java:957)
at org.testng.internal.invokers.TestInvoker.invokeTestMethods(TestInvoker.java:200)
at org.testng.internal.invokers.TestMethodWorker.invokeTestMethods(TestMethodWorker.java:148)
at org.testng.internal.invokers.TestMethodWorker.run(TestMethodWorker.java:128)
at java.base/java.util.ArrayList.forEach(ArrayList.java:1511)
at org.testng.TestRunner.privateRun(TestRunner.java:848)
at org.testng.TestRunner.run(TestRunner.java:621)
at org.testng.SuiteRunner.runTest(SuiteRunner.java:443)
at org.testng.SuiteRunner.runSequentially(SuiteRunner.java:437)
at org.testng.SuiteRunner.privateRun(SuiteRunner.java:397)
at org.testng.SuiteRunner.run(SuiteRunner.java:336)
at org.testng.SuiteRunnerWorker.runSuite(SuiteRunnerWorker.java:52)
at org.testng.SuiteRunnerWorker.run(SuiteRunnerWorker.java:95)
at org.testng.TestNG.runSuitesSequentially(TestNG.java:1280)
at org.testng.TestNG.runSuitesLocally(TestNG.java:1200)
at org.testng.TestNG.runSuites(TestNG.java:1114)
at org.testng.TestNG.run(TestNG.java:1082)
at org.testng.remote.AbstractRemoteTestNG.run(AbstractRemoteTestNG.java:115)
at org.testng.remote.RemoteTestNG.initAndRun(RemoteTestNG.java:251)
at org.testng.remote.RemoteTestNG.main(RemoteTestNG.java:77)
Caused by: org.openqa.selenium.NoSuchElementException: no such element: Unable to locate element: {"method":"css selector","selector":".mst-searchautocomplete__wrapper li"}
  (Session info: chrome-headless-shell=124.0.6367.119)
For documentation on this error, please visit: https://www.selenium.dev/documentation/webdriver/troubleshooting/errors#no-such-element-exception
Build info: version: '4.19.1', revision: 'abe0ee07dc'
System info: os.name: 'Windows 10', os.arch: 'amd64', os.version: '10.0', java.version: '17.0.7'
Driver info: org.openqa.selenium.chrome.ChromeDriver
Command: [c8d7dc784eaa0080c18ff7854bec3505, findElement {value=.mst-searchautocomplete__wrapper li, using=css selector}]
Capabilities {acceptInsecureCerts: false, browserName: chrome-headless-shell, browserVersion: 124.0.6367.119, chrome: {chromedriverVersion: 124.0.6367.91 (51df0e5e17a8..., userDataDir: C:\Users\Admin\AppData\Loca...}, fedcm:accounts: true, goog:chromeOptions: {debuggerAddress: localhost:57762}, networkConnectionEnabled: false, pageLoadStrategy: normal, platformName: windows, proxy: Proxy(), se:cdp: ws://localhost:57762/devtoo..., se:cdpVersion: 124.0.6367.119, setWindowRect: true, strictFileInteractability: false, timeouts: {implicit: 0, pageLoad: 300000, script: 30000}, unhandledPromptBehavior: dismiss and notify, webauthn:extension:credBlob: true, webauthn:extension:largeBlob: true, webauthn:extension:minPinLength: true, webauthn:extension:prf: true, webauthn:virtualAuthenticators: true}
Session ID: c8d7dc784eaa0080c18ff7854bec3505
at java.base/jdk.internal.reflect.NativeConstructorAccessorImpl.newInstance0(Native Method)
at java.base/jdk.internal.reflect.NativeConstructorAccessorImpl.newInstance(NativeConstructorAccessorImpl.java:77)
at java.base/jdk.internal.reflect.DelegatingConstructorAccessorImpl.newInstance(DelegatingConstructorAccessorImpl.java:45)
at java.base/java.lang.reflect.Constructor.newInstanceWithCaller(Constructor.java:499)
at java.base/java.lang.reflect.Constructor.newInstance(Constructor.java:480)
at org.openqa.selenium.remote.ErrorCodec.decode(ErrorCodec.java:167)
at org.openqa.selenium.remote.codec.w3c.W3CHttpResponseCodec.decode(W3CHttpResponseCodec.java:138)
at org.openqa.selenium.remote.codec.w3c.W3CHttpResponseCodec.decode(W3CHttpResponseCodec.java:50)
at org.openqa.selenium.remote.HttpCommandExecutor.execute(HttpCommandExecutor.java:190)
at org.openqa.selenium.remote.service.DriverCommandExecutor.invokeExecute(DriverCommandExecutor.java:216)
at org.openqa.selenium.remote.service.DriverCommandExecutor.execute(DriverCommandExecutor.java:174)
at org.openqa.selenium.remote.RemoteWebDriver.execute(RemoteWebDriver.java:518)
at org.openqa.selenium.remote.ElementLocation$ElementFinder$2.findElement(ElementLocation.java:165)
at org.openqa.selenium.remote.ElementLocation.findElement(ElementLocation.java:59)
at org.openqa.selenium.remote.RemoteWebDriver.findElement(RemoteWebDriver.java:355)
at org.openqa.selenium.remote.RemoteWebDriver.findElement(RemoteWebDriver.java:349)
at org.openqa.selenium.support.pagefactory.DefaultElementLocator.findElement(DefaultElementLocator.java:68)
at org.openqa.selenium.support.pagefactory.internal.LocatingElementHandler.invoke(LocatingElementHandler.java:38)
at jdk.proxy2/jdk.proxy2.$Proxy16.isDisplayed(Unknown Source)
at org.openqa.selenium.support.ui.ExpectedConditions.elementIfVisible(ExpectedConditions.java:304)
at org.openqa.selenium.support.ui.ExpectedConditions$10.apply(ExpectedConditions.java:290)
at org.openqa.selenium.support.ui.ExpectedConditions$10.apply(ExpectedConditions.java:287)
at org.openqa.selenium.support.ui.ExpectedConditions$23.apply(ExpectedConditions.java:656)
at org.openqa.selenium.support.ui.ExpectedConditions$23.apply(ExpectedConditions.java:652)
at org.openqa.selenium.support.ui.FluentWait.until(FluentWait.java:203)
... 30 more
]]>
    </failure>
  </testcase> <!-- checkProductDetails -->
  <testcase classname="testLayer.ProductDetailsTest" name="checkProductDetails" time="7.736"/>
  <testcase classname="testLayer.ProductDetailsTest" name="checkProductDetails" time="10.97"/>
  <testcase classname="testLayer.ProductDetailsTest" name="checkProductDetails" time="9.313"/>
  <testcase classname="testLayer.ProductDetailsTest" name="checkProductDetails" time="8.031"/>
  <testcase classname="testLayer.ProductDetailsTest" name="checkProductDetails" time="10.248"/>
  <testcase classname="testLayer.ProductDetailsTest" name="checkProductDetails" time="10.643"/>
  <testcase classname="testLayer.ProductDetailsTest" name="checkProductDetails" time="7.951"/>
  <testcase classname="testLayer.ProductDetailsTest" name="checkProductDetails" time="11.065"/>
  <testcase classname="testLayer.ProductDetailsTest" name="checkProductDetails" time="9.218"/>
  <testcase classname="testLayer.ProductDetailsTest" name="checkProductDetails" time="14.101"/>
  <testcase classname="testLayer.ProductDetailsTest" name="checkProductDetails" time="10.451"/>
  <testcase classname="testLayer.ProductDetailsTest" name="checkProductDetails" time="9.231"/>
  <testcase classname="testLayer.ProductDetailsTest" name="checkProductDetails" time="9.273"/>
  <testcase classname="testLayer.ProductDetailsTest" name="checkProductDetails" time="12.632"/>
  <testcase classname="testLayer.ProductDetailsTest" name="checkProductDetails" time="10.571"/>
  <testcase classname="testLayer.ProductDetailsTest" name="checkProductDetails" time="10.121"/>
  <testcase classname="testLayer.ProductDetailsTest" name="checkProductDetails" time="12.332"/>
  <testcase classname="testLayer.ProductDetailsTest" name="checkProductDetails" time="23.925"/>
  <testcase classname="testLayer.ProductDetailsTest" name="checkProductDetails" time="11.035"/>
  <testcase classname="testLayer.ProductDetailsTest" name="checkProductDetails" time="27.132"/>
  <testcase classname="testLayer.ProductDetailsTest" name="checkProductDetails" time="13.388"/>
  <testcase classname="testLayer.ProductDetailsTest" name="checkProductDetails" time="90.49"/>
  <testcase classname="testLayer.ProductDetailsTest" name="checkProductDetails" time="37.267"/>
  <testcase classname="testLayer.ProductDetailsTest" name="checkProductDetails" time="95.98"/>
  <testcase classname="testLayer.ProductDetailsTest" name="checkProductDetails" time="11.628"/>
  <testcase classname="testLayer.ProductDetailsTest" name="checkProductDetails" time="17.928"/>
  <testcase classname="testLayer.ProductDetailsTest" name="checkProductDetails" time="14.112"/>
  <testcase classname="testLayer.ProductDetailsTest" name="checkProductDetails" time="11.991"/>
  <testcase classname="testLayer.ProductDetailsTest" name="checkProductDetails" time="11.133"/>
  <testcase classname="testLayer.ProductDetailsTest" name="checkProductDetails" time="27.25"/>
  <testcase classname="testLayer.ProductDetailsTest" name="checkProductDetails" time="8.541"/>
  <testcase classname="testLayer.ProductDetailsTest" name="checkProductDetails" time="12.955"/>
  <testcase classname="testLayer.ProductDetailsTest" name="checkProductDetails" time="26.837"/>
  <testcase classname="testLayer.ProductDetailsTest" name="checkProductDetails" time="24.02"/>
  <testcase classname="testLayer.ProductDetailsTest" name="checkProductDetails" time="25.174"/>
  <testcase classname="testLayer.ProductDetailsTest" name="checkProductDetails" time="9.32"/>
  <testcase classname="testLayer.ProductDetailsTest" name="checkProductDetails" time="29.238"/>
  <testcase classname="testLayer.ProductDetailsTest" name="checkProductDetails" time="25.41"/>
  <testcase classname="testLayer.ProductDetailsTest" name="checkProductDetails" time="12.344"/>
  <testcase classname="testLayer.ProductDetailsTest" name="checkProductDetails" time="33.998"/>
  <testcase classname="testLayer.ProductDetailsTest" name="checkProductDetails" time="10.054"/>
  <testcase classname="testLayer.ProductDetailsTest" name="checkProductDetails" time="30.731"/>
  <testcase classname="testLayer.ProductDetailsTest" name="checkProductDetails" time="30.065"/>
  <testcase classname="testLayer.ProductDetailsTest" name="checkProductDetails" time="24.405"/>
  <testcase classname="testLayer.ProductDetailsTest" name="checkProductDetails" time="7.547"/>
  <testcase classname="testLayer.ProductDetailsTest" name="checkProductDetails" time="27.269"/>
  <testcase classname="testLayer.ProductDetailsTest" name="checkProductDetails" time="28.379"/>
  <testcase classname="testLayer.ProductDetailsTest" name="checkProductDetails" time="9.515"/>
  <testcase classname="testLayer.ProductDetailsTest" name="checkProductDetails" time="30.22"/>
  <testcase classname="testLayer.ProductDetailsTest" name="checkProductDetails" time="9.445"/>
  <testcase classname="testLayer.ProductDetailsTest" name="checkProductDetails" time="9.024"/>
  <testcase classname="testLayer.ProductDetailsTest" name="checkProductDetails" time="31.636"/>
  <testcase classname="testLayer.ProductDetailsTest" name="checkProductDetails" time="9.101"/>
  <testcase classname="testLayer.ProductDetailsTest" name="checkProductDetails" time="10.456"/>
  <testcase classname="testLayer.ProductDetailsTest" name="checkProductDetails" time="26.19"/>
  <testcase classname="testLayer.ProductDetailsTest" name="checkProductDetails" time="30.376"/>
  <testcase classname="testLayer.ProductDetailsTest" name="checkProductDetails" time="27.267"/>
  <testcase classname="testLayer.ProductDetailsTest" name="checkProductDetails" time="8.399"/>
  <testcase classname="testLayer.ProductDetailsTest" name="checkProductDetails" time="10.779"/>
  <testcase classname="testLayer.ProductDetailsTest" name="checkProductDetails" time="26.773"/>
  <testcase classname="testLayer.ProductDetailsTest" name="checkProductDetails" time="16.523"/>
  <testcase classname="testLayer.ProductDetailsTest" name="checkProductDetails" time="26.133"/>
  <testcase classname="testLayer.ProductDetailsTest" name="checkProductDetails" time="11.611"/>
  <testcase classname="testLayer.ProductDetailsTest" name="checkProductDetails" time="28.9"/>
  <testcase classname="testLayer.ProductDetailsTest" name="checkProductDetails" time="9.571"/>
  <testcase classname="testLayer.ProductDetailsTest" name="checkProductDetails" time="25.816"/>
  <testcase classname="testLayer.ProductDetailsTest" name="checkProductDetails" time="32.306"/>
  <testcase classname="testLayer.ProductDetailsTest" name="checkProductDetails" time="28.48"/>
  <testcase classname="testLayer.ProductDetailsTest" name="checkProductDetails" time="29.209"/>
  <testcase classname="testLayer.ProductDetailsTest" name="checkProductDetails" time="29.237"/>
  <testcase classname="testLayer.ProductDetailsTest" name="checkProductDetails" time="9.006"/>
  <testcase classname="testLayer.ProductDetailsTest" name="checkProductDetails" time="36.318"/>
  <testcase classname="testLayer.ProductDetailsTest" name="checkProductDetails" time="13.494"/>
  <testcase classname="testLayer.ProductDetailsTest" name="checkProductDetails" time="31.214"/>
  <testcase classname="testLayer.ProductDetailsTest" name="checkProductDetails" time="33.317"/>
  <testcase classname="testLayer.ProductDetailsTest" name="checkProductDetails" time="10.323"/>
  <testcase classname="testLayer.ProductDetailsTest" name="checkProductDetails" time="9.119"/>
  <testcase classname="testLayer.ProductDetailsTest" name="checkProductDetails" time="10.303"/>
  <testcase classname="testLayer.ProductDetailsTest" name="checkProductDetails" time="10.3"/>
  <testcase classname="testLayer.ProductDetailsTest" name="checkProductDetails" time="9.225"/>
  <testcase classname="testLayer.ProductDetailsTest" name="checkProductDetails" time="10.963"/>
  <testcase classname="testLayer.ProductDetailsTest" name="checkProductDetails" time="10.922"/>
  <testcase classname="testLayer.ProductDetailsTest" name="checkProductDetails" time="10.135"/>
  <testcase classname="testLayer.ProductDetailsTest" name="checkProductDetails" time="8.489"/>
  <testcase classname="testLayer.ProductDetailsTest" name="checkProductDetails" time="14.131"/>
  <testcase classname="testLayer.ProductDetailsTest" name="checkProductDetails" time="9.859"/>
  <testcase classname="testLayer.ProductDetailsTest" name="checkProductDetails" time="12.471"/>
  <testcase classname="testLayer.ProductDetailsTest" name="checkProductDetails" time="11.167"/>
  <testcase classname="testLayer.ProductDetailsTest" name="checkProductDetails" time="11.021"/>
  <testcase classname="testLayer.ProductDetailsTest" name="checkProductDetails" time="13.21"/>
  <testcase classname="testLayer.ProductDetailsTest" name="checkProductDetails" time="10.037"/>
  <testcase classname="testLayer.ProductDetailsTest" name="checkProductDetails" time="10.182"/>
  <testcase classname="testLayer.ProductDetailsTest" name="checkProductDetails" time="10.839"/>
  <testcase classname="testLayer.ProductDetailsTest" name="checkProductDetails" time="12.936"/>
  <testcase classname="testLayer.ProductDetailsTest" name="checkProductDetails" time="10.771"/>
  <testcase classname="testLayer.ProductDetailsTest" name="checkProductDetails" time="10.988"/>
  <testcase classname="testLayer.ProductDetailsTest" name="checkProductDetails" time="9.407"/>
  <testcase classname="testLayer.ProductDetailsTest" name="checkProductDetails" time="10.734"/>
  <testcase classname="testLayer.ProductDetailsTest" name="checkProductDetails" time="13.142"/>
  <testcase classname="testLayer.ProductDetailsTest" name="checkProductDetails" time="11.447"/>
  <testcase classname="testLayer.ProductDetailsTest" name="checkProductDetails" time="9.238"/>
  <testcase classname="testLayer.ProductDetailsTest" name="checkProductDetails" time="10.203"/>
  <testcase classname="testLayer.ProductDetailsTest" name="checkProductDetails" time="9.643"/>
  <testcase classname="testLayer.ProductDetailsTest" name="checkProductDetails" time="9.364"/>
  <testcase classname="testLayer.ProductDetailsTest" name="checkProductDetails" time="12.185"/>
  <testcase classname="testLayer.ProductDetailsTest" name="checkProductDetails" time="9.113"/>
  <testcase classname="testLayer.ProductDetailsTest" name="checkProductDetails" time="8.226"/>
  <testcase classname="testLayer.ProductDetailsTest" name="checkProductDetails" time="11.064"/>
  <testcase classname="testLayer.ProductDetailsTest" name="checkProductDetails" time="8.272"/>
  <testcase classname="testLayer.ProductDetailsTest" name="checkProductDetails" time="12.987"/>
  <testcase classname="testLayer.ProductDetailsTest" name="checkProductDetails" time="13.391"/>
  <testcase classname="testLayer.ProductDetailsTest" name="checkProductDetails" time="9.03"/>
  <testcase classname="testLayer.ProductDetailsTest" name="checkProductDetails" time="10.636"/>
  <testcase classname="testLayer.ProductDetailsTest" name="checkProductDetails" time="11.835"/>
  <testcase classname="testLayer.ProductDetailsTest" name="checkProductDetails" time="10.341"/>
  <testcase classname="testLayer.ProductDetailsTest" name="checkProductDetails" time="10.647"/>
  <testcase classname="testLayer.ProductDetailsTest" name="checkProductDetails" time="10.95"/>
  <testcase classname="testLayer.ProductDetailsTest" name="checkProductDetails" time="11.171"/>
  <testcase classname="testLayer.ProductDetailsTest" name="checkProductDetails" time="11.365"/>
  <testcase classname="testLayer.ProductDetailsTest" name="checkProductDetails" time="11.403"/>
  <testcase classname="testLayer.ProductDetailsTest" name="checkProductDetails" time="11.252"/>
  <testcase classname="testLayer.ProductDetailsTest" name="checkProductDetails" time="0.624">
    <failure type="org.openqa.selenium.StaleElementReferenceException" message="stale element reference: stale element not found in the current frame
  (Session info: chrome-headless-shell=124.0.6367.119)
For documentation on this error, please visit: https://www.selenium.dev/documentation/webdriver/troubleshooting/errors#stale-element-reference-exception
Build info: version: &amp;apos;4.19.1&amp;apos;, revision: &amp;apos;abe0ee07dc&amp;apos;
System info: os.name: &amp;apos;Windows 10&amp;apos;, os.arch: &amp;apos;amd64&amp;apos;, os.version: &amp;apos;10.0&amp;apos;, java.version: &amp;apos;17.0.7&amp;apos;
Driver info: org.openqa.selenium.chrome.ChromeDriver
Command: [0dfa8f38f318ef2c4db3ee9779fab62f, isElementDisplayed {id=f.2BE16F0210FCB4CCCE0FCF09EFDDF8BE.d.5A80EDF26F96D9CBF02C86CF79417132.e.64}]
Capabilities {acceptInsecureCerts: false, browserName: chrome-headless-shell, browserVersion: 124.0.6367.119, chrome: {chromedriverVersion: 124.0.6367.91 (51df0e5e17a8..., userDataDir: C:\Users\Admin\AppData\Loca...}, fedcm:accounts: true, goog:chromeOptions: {debuggerAddress: localhost:59334}, networkConnectionEnabled: false, pageLoadStrategy: normal, platformName: windows, proxy: Proxy(), se:cdp: ws://localhost:59334/devtoo..., se:cdpVersion: 124.0.6367.119, setWindowRect: true, strictFileInteractability: false, timeouts: {implicit: 0, pageLoad: 300000, script: 30000}, unhandledPromptBehavior: dismiss and notify, webauthn:extension:credBlob: true, webauthn:extension:largeBlob: true, webauthn:extension:minPinLength: true, webauthn:extension:prf: true, webauthn:virtualAuthenticators: true}
Element: [[ChromeDriver: chrome-headless-shell on windows (0dfa8f38f318ef2c4db3ee9779fab62f)] -&amp;gt; css selector: .mst-searchautocomplete__wrapper li]
Session ID: 0dfa8f38f318ef2c4db3ee9779fab62f">
      <![CDATA[org.openqa.selenium.StaleElementReferenceException: stale element reference: stale element not found in the current frame
  (Session info: chrome-headless-shell=124.0.6367.119)
For documentation on this error, please visit: https://www.selenium.dev/documentation/webdriver/troubleshooting/errors#stale-element-reference-exception
Build info: version: '4.19.1', revision: 'abe0ee07dc'
System info: os.name: 'Windows 10', os.arch: 'amd64', os.version: '10.0', java.version: '17.0.7'
Driver info: org.openqa.selenium.chrome.ChromeDriver
Command: [0dfa8f38f318ef2c4db3ee9779fab62f, isElementDisplayed {id=f.2BE16F0210FCB4CCCE0FCF09EFDDF8BE.d.5A80EDF26F96D9CBF02C86CF79417132.e.64}]
Capabilities {acceptInsecureCerts: false, browserName: chrome-headless-shell, browserVersion: 124.0.6367.119, chrome: {chromedriverVersion: 124.0.6367.91 (51df0e5e17a8..., userDataDir: C:\Users\Admin\AppData\Loca...}, fedcm:accounts: true, goog:chromeOptions: {debuggerAddress: localhost:59334}, networkConnectionEnabled: false, pageLoadStrategy: normal, platformName: windows, proxy: Proxy(), se:cdp: ws://localhost:59334/devtoo..., se:cdpVersion: 124.0.6367.119, setWindowRect: true, strictFileInteractability: false, timeouts: {implicit: 0, pageLoad: 300000, script: 30000}, unhandledPromptBehavior: dismiss and notify, webauthn:extension:credBlob: true, webauthn:extension:largeBlob: true, webauthn:extension:minPinLength: true, webauthn:extension:prf: true, webauthn:virtualAuthenticators: true}
Element: [[ChromeDriver: chrome-headless-shell on windows (0dfa8f38f318ef2c4db3ee9779fab62f)] -> css selector: .mst-searchautocomplete__wrapper li]
Session ID: 0dfa8f38f318ef2c4db3ee9779fab62f
at jdk.internal.reflect.GeneratedConstructorAccessor46.newInstance(Unknown Source)
at java.base/jdk.internal.reflect.DelegatingConstructorAccessorImpl.newInstance(DelegatingConstructorAccessorImpl.java:45)
at java.base/java.lang.reflect.Constructor.newInstanceWithCaller(Constructor.java:499)
at java.base/java.lang.reflect.Constructor.newInstance(Constructor.java:480)
at org.openqa.selenium.remote.ErrorCodec.decode(ErrorCodec.java:167)
at org.openqa.selenium.remote.codec.w3c.W3CHttpResponseCodec.decode(W3CHttpResponseCodec.java:138)
at org.openqa.selenium.remote.codec.w3c.W3CHttpResponseCodec.decode(W3CHttpResponseCodec.java:50)
at org.openqa.selenium.remote.HttpCommandExecutor.execute(HttpCommandExecutor.java:190)
at org.openqa.selenium.remote.service.DriverCommandExecutor.invokeExecute(DriverCommandExecutor.java:216)
at org.openqa.selenium.remote.service.DriverCommandExecutor.execute(DriverCommandExecutor.java:174)
at org.openqa.selenium.remote.RemoteWebDriver.execute(RemoteWebDriver.java:518)
at org.openqa.selenium.remote.RemoteWebElement.execute(RemoteWebElement.java:223)
at org.openqa.selenium.remote.RemoteWebElement.isDisplayed(RemoteWebElement.java:282)
at jdk.internal.reflect.GeneratedMethodAccessor11.invoke(Unknown Source)
at java.base/jdk.internal.reflect.DelegatingMethodAccessorImpl.invoke(DelegatingMethodAccessorImpl.java:43)
at java.base/java.lang.reflect.Method.invoke(Method.java:568)
at org.openqa.selenium.support.pagefactory.internal.LocatingElementHandler.invoke(LocatingElementHandler.java:51)
at jdk.proxy2/jdk.proxy2.$Proxy16.isDisplayed(Unknown Source)
at org.openqa.selenium.support.ui.ExpectedConditions.elementIfVisible(ExpectedConditions.java:304)
at org.openqa.selenium.support.ui.ExpectedConditions$10.apply(ExpectedConditions.java:290)
at org.openqa.selenium.support.ui.ExpectedConditions$10.apply(ExpectedConditions.java:287)
at org.openqa.selenium.support.ui.ExpectedConditions$23.apply(ExpectedConditions.java:656)
at org.openqa.selenium.support.ui.ExpectedConditions$23.apply(ExpectedConditions.java:652)
at org.openqa.selenium.support.ui.FluentWait.until(FluentWait.java:203)
at utilities.UtilClass.waitTillClickable(UtilClass.java:148)
at pageLayer.SearchAProduct.Search_box(SearchAProduct.java:82)
at testLayer.ProductDetailsTest.checkProductDetails(ProductDetailsTest.java:28)
at jdk.internal.reflect.GeneratedMethodAccessor9.invoke(Unknown Source)
at java.base/jdk.internal.reflect.DelegatingMethodAccessorImpl.invoke(DelegatingMethodAccessorImpl.java:43)
at java.base/java.lang.reflect.Method.invoke(Method.java:568)
at org.testng.internal.invokers.MethodInvocationHelper.invokeMethod(MethodInvocationHelper.java:139)
at org.testng.internal.invokers.TestInvoker.invokeMethod(TestInvoker.java:664)
at org.testng.internal.invokers.TestInvoker.invokeTestMethod(TestInvoker.java:227)
at org.testng.internal.invokers.MethodRunner.runInSequence(MethodRunner.java:50)
at org.testng.internal.invokers.TestInvoker$MethodInvocationAgent.invoke(TestInvoker.java:957)
at org.testng.internal.invokers.TestInvoker.invokeTestMethods(TestInvoker.java:200)
at org.testng.internal.invokers.TestMethodWorker.invokeTestMethods(TestMethodWorker.java:148)
at org.testng.internal.invokers.TestMethodWorker.run(TestMethodWorker.java:128)
at java.base/java.util.ArrayList.forEach(ArrayList.java:1511)
at org.testng.TestRunner.privateRun(TestRunner.java:848)
at org.testng.TestRunner.run(TestRunner.java:621)
at org.testng.SuiteRunner.runTest(SuiteRunner.java:443)
at org.testng.SuiteRunner.runSequentially(SuiteRunner.java:437)
at org.testng.SuiteRunner.privateRun(SuiteRunner.java:397)
at org.testng.SuiteRunner.run(SuiteRunner.java:336)
at org.testng.SuiteRunnerWorker.runSuite(SuiteRunnerWorker.java:52)
at org.testng.SuiteRunnerWorker.run(SuiteRunnerWorker.java:95)
at org.testng.TestNG.runSuitesSequentially(TestNG.java:1280)
at org.testng.TestNG.runSuitesLocally(TestNG.java:1200)
at org.testng.TestNG.runSuites(TestNG.java:1114)
at org.testng.TestNG.run(TestNG.java:1082)
at org.testng.remote.AbstractRemoteTestNG.run(AbstractRemoteTestNG.java:115)
at org.testng.remote.RemoteTestNG.initAndRun(RemoteTestNG.java:251)
at org.testng.remote.RemoteTestNG.main(RemoteTestNG.java:77)
]]>
    </failure>
  </testcase> <!-- checkProductDetails -->
  <testcase classname="testLayer.ProductDetailsTest" name="checkProductDetails" time="13.432"/>
  <testcase classname="testLayer.ProductDetailsTest" name="checkProductDetails" time="12.418"/>
  <testcase classname="testLayer.ProductDetailsTest" name="checkProductDetails" time="9.389"/>
  <testcase classname="testLayer.ProductDetailsTest" name="checkProductDetails" time="9.903"/>
  <testcase classname="testLayer.ProductDetailsTest" name="checkProductDetails" time="10.66"/>
  <testcase classname="testLayer.ProductDetailsTest" name="checkProductDetails" time="11.919"/>
  <testcase classname="testLayer.ProductDetailsTest" name="checkProductDetails" time="12.321"/>
  <testcase classname="testLayer.ProductDetailsTest" name="checkProductDetails" time="9.0"/>
  <testcase classname="testLayer.ProductDetailsTest" name="checkProductDetails" time="10.109"/>
  <testcase classname="testLayer.ProductDetailsTest" name="checkProductDetails" time="0.761">
    <failure type="org.openqa.selenium.StaleElementReferenceException" message="stale element reference: stale element not found in the current frame
  (Session info: chrome-headless-shell=124.0.6367.119)
For documentation on this error, please visit: https://www.selenium.dev/documentation/webdriver/troubleshooting/errors#stale-element-reference-exception
Build info: version: &amp;apos;4.19.1&amp;apos;, revision: &amp;apos;abe0ee07dc&amp;apos;
System info: os.name: &amp;apos;Windows 10&amp;apos;, os.arch: &amp;apos;amd64&amp;apos;, os.version: &amp;apos;10.0&amp;apos;, java.version: &amp;apos;17.0.7&amp;apos;
Driver info: org.openqa.selenium.chrome.ChromeDriver
Command: [c7d7491c42e1408f67be4749f0696869, isElementDisplayed {id=f.31778D75FB45FEF339317B1F369150DF.d.6EEC97286F145089784AA56CF3A8C1BF.e.70}]
Capabilities {acceptInsecureCerts: false, browserName: chrome-headless-shell, browserVersion: 124.0.6367.119, chrome: {chromedriverVersion: 124.0.6367.91 (51df0e5e17a8..., userDataDir: C:\Users\Admin\AppData\Loca...}, fedcm:accounts: true, goog:chromeOptions: {debuggerAddress: localhost:59640}, networkConnectionEnabled: false, pageLoadStrategy: normal, platformName: windows, proxy: Proxy(), se:cdp: ws://localhost:59640/devtoo..., se:cdpVersion: 124.0.6367.119, setWindowRect: true, strictFileInteractability: false, timeouts: {implicit: 0, pageLoad: 300000, script: 30000}, unhandledPromptBehavior: dismiss and notify, webauthn:extension:credBlob: true, webauthn:extension:largeBlob: true, webauthn:extension:minPinLength: true, webauthn:extension:prf: true, webauthn:virtualAuthenticators: true}
Element: [[ChromeDriver: chrome-headless-shell on windows (c7d7491c42e1408f67be4749f0696869)] -&amp;gt; css selector: .mst-searchautocomplete__wrapper li]
Session ID: c7d7491c42e1408f67be4749f0696869">
      <![CDATA[org.openqa.selenium.StaleElementReferenceException: stale element reference: stale element not found in the current frame
  (Session info: chrome-headless-shell=124.0.6367.119)
For documentation on this error, please visit: https://www.selenium.dev/documentation/webdriver/troubleshooting/errors#stale-element-reference-exception
Build info: version: '4.19.1', revision: 'abe0ee07dc'
System info: os.name: 'Windows 10', os.arch: 'amd64', os.version: '10.0', java.version: '17.0.7'
Driver info: org.openqa.selenium.chrome.ChromeDriver
Command: [c7d7491c42e1408f67be4749f0696869, isElementDisplayed {id=f.31778D75FB45FEF339317B1F369150DF.d.6EEC97286F145089784AA56CF3A8C1BF.e.70}]
Capabilities {acceptInsecureCerts: false, browserName: chrome-headless-shell, browserVersion: 124.0.6367.119, chrome: {chromedriverVersion: 124.0.6367.91 (51df0e5e17a8..., userDataDir: C:\Users\Admin\AppData\Loca...}, fedcm:accounts: true, goog:chromeOptions: {debuggerAddress: localhost:59640}, networkConnectionEnabled: false, pageLoadStrategy: normal, platformName: windows, proxy: Proxy(), se:cdp: ws://localhost:59640/devtoo..., se:cdpVersion: 124.0.6367.119, setWindowRect: true, strictFileInteractability: false, timeouts: {implicit: 0, pageLoad: 300000, script: 30000}, unhandledPromptBehavior: dismiss and notify, webauthn:extension:credBlob: true, webauthn:extension:largeBlob: true, webauthn:extension:minPinLength: true, webauthn:extension:prf: true, webauthn:virtualAuthenticators: true}
Element: [[ChromeDriver: chrome-headless-shell on windows (c7d7491c42e1408f67be4749f0696869)] -> css selector: .mst-searchautocomplete__wrapper li]
Session ID: c7d7491c42e1408f67be4749f0696869
at jdk.internal.reflect.GeneratedConstructorAccessor46.newInstance(Unknown Source)
at java.base/jdk.internal.reflect.DelegatingConstructorAccessorImpl.newInstance(DelegatingConstructorAccessorImpl.java:45)
at java.base/java.lang.reflect.Constructor.newInstanceWithCaller(Constructor.java:499)
at java.base/java.lang.reflect.Constructor.newInstance(Constructor.java:480)
at org.openqa.selenium.remote.ErrorCodec.decode(ErrorCodec.java:167)
at org.openqa.selenium.remote.codec.w3c.W3CHttpResponseCodec.decode(W3CHttpResponseCodec.java:138)
at org.openqa.selenium.remote.codec.w3c.W3CHttpResponseCodec.decode(W3CHttpResponseCodec.java:50)
at org.openqa.selenium.remote.HttpCommandExecutor.execute(HttpCommandExecutor.java:190)
at org.openqa.selenium.remote.service.DriverCommandExecutor.invokeExecute(DriverCommandExecutor.java:216)
at org.openqa.selenium.remote.service.DriverCommandExecutor.execute(DriverCommandExecutor.java:174)
at org.openqa.selenium.remote.RemoteWebDriver.execute(RemoteWebDriver.java:518)
at org.openqa.selenium.remote.RemoteWebElement.execute(RemoteWebElement.java:223)
at org.openqa.selenium.remote.RemoteWebElement.isDisplayed(RemoteWebElement.java:282)
at jdk.internal.reflect.GeneratedMethodAccessor11.invoke(Unknown Source)
at java.base/jdk.internal.reflect.DelegatingMethodAccessorImpl.invoke(DelegatingMethodAccessorImpl.java:43)
at java.base/java.lang.reflect.Method.invoke(Method.java:568)
at org.openqa.selenium.support.pagefactory.internal.LocatingElementHandler.invoke(LocatingElementHandler.java:51)
at jdk.proxy2/jdk.proxy2.$Proxy16.isDisplayed(Unknown Source)
at org.openqa.selenium.support.ui.ExpectedConditions.elementIfVisible(ExpectedConditions.java:304)
at org.openqa.selenium.support.ui.ExpectedConditions$10.apply(ExpectedConditions.java:290)
at org.openqa.selenium.support.ui.ExpectedConditions$10.apply(ExpectedConditions.java:287)
at org.openqa.selenium.support.ui.ExpectedConditions$23.apply(ExpectedConditions.java:656)
at org.openqa.selenium.support.ui.ExpectedConditions$23.apply(ExpectedConditions.java:652)
at org.openqa.selenium.support.ui.FluentWait.until(FluentWait.java:203)
at utilities.UtilClass.waitTillClickable(UtilClass.java:148)
at pageLayer.SearchAProduct.Search_box(SearchAProduct.java:82)
at testLayer.ProductDetailsTest.checkProductDetails(ProductDetailsTest.java:28)
at jdk.internal.reflect.GeneratedMethodAccessor9.invoke(Unknown Source)
at java.base/jdk.internal.reflect.DelegatingMethodAccessorImpl.invoke(DelegatingMethodAccessorImpl.java:43)
at java.base/java.lang.reflect.Method.invoke(Method.java:568)
at org.testng.internal.invokers.MethodInvocationHelper.invokeMethod(MethodInvocationHelper.java:139)
at org.testng.internal.invokers.TestInvoker.invokeMethod(TestInvoker.java:664)
at org.testng.internal.invokers.TestInvoker.invokeTestMethod(TestInvoker.java:227)
at org.testng.internal.invokers.MethodRunner.runInSequence(MethodRunner.java:50)
at org.testng.internal.invokers.TestInvoker$MethodInvocationAgent.invoke(TestInvoker.java:957)
at org.testng.internal.invokers.TestInvoker.invokeTestMethods(TestInvoker.java:200)
at org.testng.internal.invokers.TestMethodWorker.invokeTestMethods(TestMethodWorker.java:148)
at org.testng.internal.invokers.TestMethodWorker.run(TestMethodWorker.java:128)
at java.base/java.util.ArrayList.forEach(ArrayList.java:1511)
at org.testng.TestRunner.privateRun(TestRunner.java:848)
at org.testng.TestRunner.run(TestRunner.java:621)
at org.testng.SuiteRunner.runTest(SuiteRunner.java:443)
at org.testng.SuiteRunner.runSequentially(SuiteRunner.java:437)
at org.testng.SuiteRunner.privateRun(SuiteRunner.java:397)
at org.testng.SuiteRunner.run(SuiteRunner.java:336)
at org.testng.SuiteRunnerWorker.runSuite(SuiteRunnerWorker.java:52)
at org.testng.SuiteRunnerWorker.run(SuiteRunnerWorker.java:95)
at org.testng.TestNG.runSuitesSequentially(TestNG.java:1280)
at org.testng.TestNG.runSuitesLocally(TestNG.java:1200)
at org.testng.TestNG.runSuites(TestNG.java:1114)
at org.testng.TestNG.run(TestNG.java:1082)
at org.testng.remote.AbstractRemoteTestNG.run(AbstractRemoteTestNG.java:115)
at org.testng.remote.RemoteTestNG.initAndRun(RemoteTestNG.java:251)
at org.testng.remote.RemoteTestNG.main(RemoteTestNG.java:77)
]]>
    </failure>
  </testcase> <!-- checkProductDetails -->
  <testcase classname="testLayer.ProductDetailsTest" name="checkProductDetails" time="11.211"/>
  <testcase classname="testLayer.ProductDetailsTest" name="checkProductDetails" time="10.503"/>
  <testcase classname="testLayer.ProductDetailsTest" name="checkProductDetails" time="9.935"/>
  <testcase classname="testLayer.ProductDetailsTest" name="checkProductDetails" time="8.895"/>
  <testcase classname="testLayer.ProductDetailsTest" name="checkProductDetails" time="9.841"/>
  <testcase classname="testLayer.ProductDetailsTest" name="checkProductDetails" time="10.51"/>
  <testcase classname="testLayer.ProductDetailsTest" name="checkProductDetails" time="8.547"/>
  <testcase classname="testLayer.ProductDetailsTest" name="checkProductDetails" time="12.894"/>
  <testcase classname="testLayer.ProductDetailsTest" name="checkProductDetails" time="9.591"/>
  <testcase classname="testLayer.ProductDetailsTest" name="checkProductDetails" time="8.534"/>
  <testcase classname="testLayer.ProductDetailsTest" name="checkProductDetails" time="9.041"/>
  <testcase classname="testLayer.ProductDetailsTest" name="checkProductDetails" time="11.299"/>
  <testcase classname="testLayer.ProductDetailsTest" name="checkProductDetails" time="14.506"/>
  <testcase classname="testLayer.ProductDetailsTest" name="checkProductDetails" time="12.95"/>
  <testcase classname="testLayer.ProductDetailsTest" name="checkProductDetails" time="12.71"/>
  <testcase classname="testLayer.ProductDetailsTest" name="checkProductDetails" time="11.243"/>
  <testcase classname="testLayer.ProductDetailsTest" name="checkProductDetails" time="9.48"/>
  <testcase classname="testLayer.ProductDetailsTest" name="checkProductDetails" time="11.675"/>
  <testcase classname="testLayer.ProductDetailsTest" name="checkProductDetails" time="13.762"/>
  <testcase classname="testLayer.ProductDetailsTest" name="checkProductDetails" time="10.46"/>
  <testcase classname="testLayer.ProductDetailsTest" name="checkProductDetails" time="9.861"/>
  <testcase classname="testLayer.ProductDetailsTest" name="checkProductDetails" time="11.882"/>
  <testcase classname="testLayer.ProductDetailsTest" name="checkProductDetails" time="11.239"/>
  <testcase classname="testLayer.ProductDetailsTest" name="checkProductDetails" time="12.797"/>
  <testcase classname="testLayer.ProductDetailsTest" name="checkProductDetails" time="10.537"/>
  <testcase classname="testLayer.ProductDetailsTest" name="checkProductDetails" time="9.326"/>
  <testcase classname="testLayer.ProductDetailsTest" name="checkProductDetails" time="8.886"/>
  <testcase classname="testLayer.ProductDetailsTest" name="checkProductDetails" time="11.287"/>
  <testcase classname="testLayer.ProductDetailsTest" name="checkProductDetails" time="10.528"/>
  <testcase classname="testLayer.ProductDetailsTest" name="checkProductDetails" time="9.683"/>
  <testcase classname="testLayer.ProductDetailsTest" name="checkProductDetails" time="9.099"/>
  <testcase classname="testLayer.ProductDetailsTest" name="checkProductDetails" time="10.596"/>
  <testcase classname="testLayer.ProductDetailsTest" name="checkProductDetails" time="11.039"/>
  <testcase classname="testLayer.ProductDetailsTest" name="checkProductDetails" time="8.664"/>
  <testcase classname="testLayer.ProductDetailsTest" name="checkProductDetails" time="8.424"/>
  <testcase classname="testLayer.ProductDetailsTest" name="checkProductDetails" time="13.141"/>
  <testcase classname="testLayer.ProductDetailsTest" name="checkProductDetails" time="13.121"/>
  <testcase classname="testLayer.ProductDetailsTest" name="checkProductDetails" time="9.491"/>
  <testcase classname="testLayer.ProductDetailsTest" name="checkProductDetails" time="11.253"/>
  <testcase classname="testLayer.ProductDetailsTest" name="checkProductDetails" time="16.123"/>
  <testcase classname="testLayer.ProductDetailsTest" name="checkProductDetails" time="12.124"/>
  <testcase classname="testLayer.ProductDetailsTest" name="checkProductDetails" time="14.641"/>
  <testcase classname="testLayer.ProductDetailsTest" name="checkProductDetails" time="12.669"/>
  <testcase classname="testLayer.ProductDetailsTest" name="checkProductDetails" time="28.175">
    <failure type="org.openqa.selenium.NoSuchElementException" message="no such element: Unable to locate element: {&amp;quot;method&amp;quot;:&amp;quot;css selector&amp;quot;,&amp;quot;selector&amp;quot;:&amp;quot;.attributes-list [data-th=&amp;apos;Size&amp;apos;]&amp;quot;}
  (Session info: chrome-headless-shell=124.0.6367.119)
For documentation on this error, please visit: https://www.selenium.dev/documentation/webdriver/troubleshooting/errors#no-such-element-exception
Build info: version: &amp;apos;4.19.1&amp;apos;, revision: &amp;apos;abe0ee07dc&amp;apos;
System info: os.name: &amp;apos;Windows 10&amp;apos;, os.arch: &amp;apos;amd64&amp;apos;, os.version: &amp;apos;10.0&amp;apos;, java.version: &amp;apos;17.0.7&amp;apos;
Driver info: org.openqa.selenium.chrome.ChromeDriver
Command: [5906cbf2278066168e80ea9a53bd6235, findElement {value=.attributes-list [data-th=&amp;apos;Size&amp;apos;], using=css selector}]
Capabilities {acceptInsecureCerts: false, browserName: chrome-headless-shell, browserVersion: 124.0.6367.119, chrome: {chromedriverVersion: 124.0.6367.91 (51df0e5e17a8..., userDataDir: C:\Users\Admin\AppData\Loca...}, fedcm:accounts: true, goog:chromeOptions: {debuggerAddress: localhost:61004}, networkConnectionEnabled: false, pageLoadStrategy: normal, platformName: windows, proxy: Proxy(), se:cdp: ws://localhost:61004/devtoo..., se:cdpVersion: 124.0.6367.119, setWindowRect: true, strictFileInteractability: false, timeouts: {implicit: 0, pageLoad: 300000, script: 30000}, unhandledPromptBehavior: dismiss and notify, webauthn:extension:credBlob: true, webauthn:extension:largeBlob: true, webauthn:extension:minPinLength: true, webauthn:extension:prf: true, webauthn:virtualAuthenticators: true}
Session ID: 5906cbf2278066168e80ea9a53bd6235">
      <![CDATA[org.openqa.selenium.NoSuchElementException: no such element: Unable to locate element: {"method":"css selector","selector":".attributes-list [data-th='Size']"}
  (Session info: chrome-headless-shell=124.0.6367.119)
For documentation on this error, please visit: https://www.selenium.dev/documentation/webdriver/troubleshooting/errors#no-such-element-exception
Build info: version: '4.19.1', revision: 'abe0ee07dc'
System info: os.name: 'Windows 10', os.arch: 'amd64', os.version: '10.0', java.version: '17.0.7'
Driver info: org.openqa.selenium.chrome.ChromeDriver
Command: [5906cbf2278066168e80ea9a53bd6235, findElement {value=.attributes-list [data-th='Size'], using=css selector}]
Capabilities {acceptInsecureCerts: false, browserName: chrome-headless-shell, browserVersion: 124.0.6367.119, chrome: {chromedriverVersion: 124.0.6367.91 (51df0e5e17a8..., userDataDir: C:\Users\Admin\AppData\Loca...}, fedcm:accounts: true, goog:chromeOptions: {debuggerAddress: localhost:61004}, networkConnectionEnabled: false, pageLoadStrategy: normal, platformName: windows, proxy: Proxy(), se:cdp: ws://localhost:61004/devtoo..., se:cdpVersion: 124.0.6367.119, setWindowRect: true, strictFileInteractability: false, timeouts: {implicit: 0, pageLoad: 300000, script: 30000}, unhandledPromptBehavior: dismiss and notify, webauthn:extension:credBlob: true, webauthn:extension:largeBlob: true, webauthn:extension:minPinLength: true, webauthn:extension:prf: true, webauthn:virtualAuthenticators: true}
Session ID: 5906cbf2278066168e80ea9a53bd6235
at java.base/jdk.internal.reflect.NativeConstructorAccessorImpl.newInstance0(Native Method)
at java.base/jdk.internal.reflect.NativeConstructorAccessorImpl.newInstance(NativeConstructorAccessorImpl.java:77)
at java.base/jdk.internal.reflect.DelegatingConstructorAccessorImpl.newInstance(DelegatingConstructorAccessorImpl.java:45)
at java.base/java.lang.reflect.Constructor.newInstanceWithCaller(Constructor.java:499)
at java.base/java.lang.reflect.Constructor.newInstance(Constructor.java:480)
at org.openqa.selenium.remote.ErrorCodec.decode(ErrorCodec.java:167)
at org.openqa.selenium.remote.codec.w3c.W3CHttpResponseCodec.decode(W3CHttpResponseCodec.java:138)
at org.openqa.selenium.remote.codec.w3c.W3CHttpResponseCodec.decode(W3CHttpResponseCodec.java:50)
at org.openqa.selenium.remote.HttpCommandExecutor.execute(HttpCommandExecutor.java:190)
at org.openqa.selenium.remote.service.DriverCommandExecutor.invokeExecute(DriverCommandExecutor.java:216)
at org.openqa.selenium.remote.service.DriverCommandExecutor.execute(DriverCommandExecutor.java:174)
at org.openqa.selenium.remote.RemoteWebDriver.execute(RemoteWebDriver.java:518)
at org.openqa.selenium.remote.ElementLocation$ElementFinder$2.findElement(ElementLocation.java:165)
at org.openqa.selenium.remote.ElementLocation.findElement(ElementLocation.java:59)
at org.openqa.selenium.remote.RemoteWebDriver.findElement(RemoteWebDriver.java:355)
at org.openqa.selenium.remote.RemoteWebDriver.findElement(RemoteWebDriver.java:349)
at org.openqa.selenium.support.pagefactory.DefaultElementLocator.findElement(DefaultElementLocator.java:68)
at org.openqa.selenium.support.pagefactory.internal.LocatingElementHandler.invoke(LocatingElementHandler.java:38)
at jdk.proxy2/jdk.proxy2.$Proxy16.getText(Unknown Source)
at pageLayer.PDP_Page.get_Size_Of_product(PDP_Page.java:53)
at testLayer.ProductDetailsTest.checkProductDetails(ProductDetailsTest.java:33)
at jdk.internal.reflect.GeneratedMethodAccessor9.invoke(Unknown Source)
at java.base/jdk.internal.reflect.DelegatingMethodAccessorImpl.invoke(DelegatingMethodAccessorImpl.java:43)
at java.base/java.lang.reflect.Method.invoke(Method.java:568)
at org.testng.internal.invokers.MethodInvocationHelper.invokeMethod(MethodInvocationHelper.java:139)
at org.testng.internal.invokers.TestInvoker.invokeMethod(TestInvoker.java:664)
at org.testng.internal.invokers.TestInvoker.invokeTestMethod(TestInvoker.java:227)
at org.testng.internal.invokers.MethodRunner.runInSequence(MethodRunner.java:50)
at org.testng.internal.invokers.TestInvoker$MethodInvocationAgent.invoke(TestInvoker.java:957)
at org.testng.internal.invokers.TestInvoker.invokeTestMethods(TestInvoker.java:200)
at org.testng.internal.invokers.TestMethodWorker.invokeTestMethods(TestMethodWorker.java:148)
at org.testng.internal.invokers.TestMethodWorker.run(TestMethodWorker.java:128)
at java.base/java.util.ArrayList.forEach(ArrayList.java:1511)
at org.testng.TestRunner.privateRun(TestRunner.java:848)
at org.testng.TestRunner.run(TestRunner.java:621)
at org.testng.SuiteRunner.runTest(SuiteRunner.java:443)
at org.testng.SuiteRunner.runSequentially(SuiteRunner.java:437)
at org.testng.SuiteRunner.privateRun(SuiteRunner.java:397)
at org.testng.SuiteRunner.run(SuiteRunner.java:336)
at org.testng.SuiteRunnerWorker.runSuite(SuiteRunnerWorker.java:52)
at org.testng.SuiteRunnerWorker.run(SuiteRunnerWorker.java:95)
at org.testng.TestNG.runSuitesSequentially(TestNG.java:1280)
at org.testng.TestNG.runSuitesLocally(TestNG.java:1200)
at org.testng.TestNG.runSuites(TestNG.java:1114)
at org.testng.TestNG.run(TestNG.java:1082)
at org.testng.remote.AbstractRemoteTestNG.run(AbstractRemoteTestNG.java:115)
at org.testng.remote.RemoteTestNG.initAndRun(RemoteTestNG.java:251)
at org.testng.remote.RemoteTestNG.main(RemoteTestNG.java:77)
]]>
    </failure>
  </testcase> <!-- checkProductDetails -->
  <testcase classname="testLayer.ProductDetailsTest" name="checkProductDetails" time="11.179"/>
  <testcase classname="testLayer.ProductDetailsTest" name="checkProductDetails" time="8.393"/>
  <testcase classname="testLayer.ProductDetailsTest" name="checkProductDetails" time="11.299"/>
  <testcase classname="testLayer.ProductDetailsTest" name="checkProductDetails" time="10.148"/>
  <testcase classname="testLayer.ProductDetailsTest" name="checkProductDetails" time="9.343"/>
  <testcase classname="testLayer.ProductDetailsTest" name="checkProductDetails" time="13.897"/>
  <testcase classname="testLayer.ProductDetailsTest" name="checkProductDetails" time="12.533"/>
  <testcase classname="testLayer.ProductDetailsTest" name="checkProductDetails" time="10.094"/>
  <testcase classname="testLayer.ProductDetailsTest" name="checkProductDetails" time="11.166"/>
  <testcase classname="testLayer.ProductDetailsTest" name="checkProductDetails" time="10.044"/>
  <testcase classname="testLayer.ProductDetailsTest" name="checkProductDetails" time="11.141"/>
  <testcase classname="testLayer.ProductDetailsTest" name="checkProductDetails" time="9.812"/>
  <testcase classname="testLayer.ProductDetailsTest" name="checkProductDetails" time="8.455"/>
  <testcase classname="testLayer.ProductDetailsTest" name="checkProductDetails" time="9.891"/>
  <testcase classname="testLayer.ProductDetailsTest" name="checkProductDetails" time="11.059"/>
  <testcase classname="testLayer.ProductDetailsTest" name="checkProductDetails" time="10.343"/>
  <testcase classname="testLayer.ProductDetailsTest" name="checkProductDetails" time="8.59"/>
  <testcase classname="testLayer.ProductDetailsTest" name="checkProductDetails" time="11.289"/>
  <testcase classname="testLayer.ProductDetailsTest" name="checkProductDetails" time="10.998"/>
  <testcase classname="testLayer.ProductDetailsTest" name="checkProductDetails" time="10.968"/>
  <testcase classname="testLayer.ProductDetailsTest" name="checkProductDetails" time="11.288"/>
  <testcase classname="testLayer.ProductDetailsTest" name="checkProductDetails" time="12.457"/>
</testsuite> <!-- Default test -->
