<?xml version="1.0" encoding="UTF-8"?>
<!-- Generated by org.testng.reporters.JUnitReportReporter -->
<testsuite hostname="DESKTOP-OMV2D25" failures="0" tests="628" name="testLayer.ProductDetailsTest" time="12552.439" errors="23" timestamp="2024-05-06T18:54:43 IST" skipped="0">
  <testcase classname="testLayer.ProductDetailsTest" name="checkProductDetails" time="16.353"/>
  <testcase classname="testLayer.ProductDetailsTest" name="checkProductDetails" time="19.464"/>
  <testcase classname="testLayer.ProductDetailsTest" name="checkProductDetails" time="17.002"/>
  <testcase classname="testLayer.ProductDetailsTest" name="checkProductDetails" time="16.828"/>
  <testcase classname="testLayer.ProductDetailsTest" name="checkProductDetails" time="16.924"/>
  <testcase classname="testLayer.ProductDetailsTest" name="checkProductDetails" time="20.453"/>
  <testcase classname="testLayer.ProductDetailsTest" name="checkProductDetails" time="24.531"/>
  <testcase classname="testLayer.ProductDetailsTest" name="checkProductDetails" time="17.054"/>
  <testcase classname="testLayer.ProductDetailsTest" name="checkProductDetails" time="18.098"/>
  <testcase classname="testLayer.ProductDetailsTest" name="checkProductDetails" time="15.585"/>
  <testcase classname="testLayer.ProductDetailsTest" name="checkProductDetails" time="15.836"/>
  <testcase classname="testLayer.ProductDetailsTest" name="checkProductDetails" time="14.575"/>
  <testcase classname="testLayer.ProductDetailsTest" name="checkProductDetails" time="17.064"/>
  <testcase classname="testLayer.ProductDetailsTest" name="checkProductDetails" time="16.133"/>
  <testcase classname="testLayer.ProductDetailsTest" name="checkProductDetails" time="17.536"/>
  <testcase classname="testLayer.ProductDetailsTest" name="checkProductDetails" time="15.621"/>
  <testcase classname="testLayer.ProductDetailsTest" name="checkProductDetails" time="17.587"/>
  <testcase classname="testLayer.ProductDetailsTest" name="checkProductDetails" time="14.401"/>
  <testcase classname="testLayer.ProductDetailsTest" name="checkProductDetails" time="18.175"/>
  <testcase classname="testLayer.ProductDetailsTest" name="checkProductDetails" time="15.624"/>
  <testcase classname="testLayer.ProductDetailsTest" name="checkProductDetails" time="14.506"/>
  <testcase classname="testLayer.ProductDetailsTest" name="checkProductDetails" time="13.990"/>
  <testcase classname="testLayer.ProductDetailsTest" name="checkProductDetails" time="18.476"/>
  <testcase classname="testLayer.ProductDetailsTest" name="checkProductDetails" time="15.706"/>
  <testcase classname="testLayer.ProductDetailsTest" name="checkProductDetails" time="16.483"/>
  <testcase classname="testLayer.ProductDetailsTest" name="checkProductDetails" time="16.489"/>
  <testcase classname="testLayer.ProductDetailsTest" name="checkProductDetails" time="14.087"/>
  <testcase classname="testLayer.ProductDetailsTest" name="checkProductDetails" time="17.231"/>
  <testcase classname="testLayer.ProductDetailsTest" name="checkProductDetails" time="37.816"/>
  <testcase classname="testLayer.ProductDetailsTest" name="checkProductDetails" time="25.359"/>
  <testcase classname="testLayer.ProductDetailsTest" name="checkProductDetails" time="25.311"/>
  <testcase classname="testLayer.ProductDetailsTest" name="checkProductDetails" time="15.220"/>
  <testcase classname="testLayer.ProductDetailsTest" name="checkProductDetails" time="16.642"/>
  <testcase classname="testLayer.ProductDetailsTest" name="checkProductDetails" time="14.398"/>
  <testcase classname="testLayer.ProductDetailsTest" name="checkProductDetails" time="14.240"/>
  <testcase classname="testLayer.ProductDetailsTest" name="checkProductDetails" time="17.245"/>
  <testcase classname="testLayer.ProductDetailsTest" name="checkProductDetails" time="16.942"/>
  <testcase classname="testLayer.ProductDetailsTest" name="checkProductDetails" time="13.974"/>
  <testcase classname="testLayer.ProductDetailsTest" name="checkProductDetails" time="20.927"/>
  <testcase classname="testLayer.ProductDetailsTest" name="checkProductDetails" time="20.775"/>
  <testcase classname="testLayer.ProductDetailsTest" name="checkProductDetails" time="18.094"/>
  <testcase classname="testLayer.ProductDetailsTest" name="checkProductDetails" time="16.824"/>
  <testcase classname="testLayer.ProductDetailsTest" name="checkProductDetails" time="18.301"/>
  <testcase classname="testLayer.ProductDetailsTest" name="checkProductDetails" time="15.788"/>
  <testcase classname="testLayer.ProductDetailsTest" name="checkProductDetails" time="24.996"/>
  <testcase classname="testLayer.ProductDetailsTest" name="checkProductDetails" time="22.429"/>
  <testcase classname="testLayer.ProductDetailsTest" name="checkProductDetails" time="19.063"/>
  <testcase classname="testLayer.ProductDetailsTest" name="checkProductDetails" time="17.459"/>
  <testcase classname="testLayer.ProductDetailsTest" name="checkProductDetails" time="17.490"/>
  <testcase classname="testLayer.ProductDetailsTest" name="checkProductDetails" time="17.589"/>
  <testcase classname="testLayer.ProductDetailsTest" name="checkProductDetails" time="29.323">
    <error message="no such element: Unable to locate element: {&quot;method&quot;:&quot;css selector&quot;,&quot;selector&quot;:&quot;.mst-searchautocomplete__wrapper li&quot;}
  (Session info: chrome-headless-shell=124.0.6367.119)
For documentation on this error, please visit: https://www.selenium.dev/documentation/webdriver/troubleshooting/errors#no-such-element-exception
Build info: version: &#039;4.19.1&#039;, revision: &#039;abe0ee07dc&#039;
System info: os.name: &#039;Windows 10&#039;, os.arch: &#039;amd64&#039;, os.version: &#039;10.0&#039;, java.version: &#039;17.0.7&#039;
Driver info: org.openqa.selenium.chrome.ChromeDriver
Command: [27391274e44867cadfaf09980f1eacb0, findElement {value=.mst-searchautocomplete__wrapper li, using=css selector}]
Capabilities {acceptInsecureCerts: false, browserName: chrome-headless-shell, browserVersion: 124.0.6367.119, chrome: {chromedriverVersion: 124.0.6367.91 (51df0e5e17a8..., userDataDir: C:\Users\Admin\AppData\Loca...}, fedcm:accounts: true, goog:chromeOptions: {debuggerAddress: localhost:61337}, networkConnectionEnabled: false, pageLoadStrategy: normal, platformName: windows, proxy: Proxy(), se:cdp: ws://localhost:61337/devtoo..., se:cdpVersion: 124.0.6367.119, setWindowRect: true, strictFileInteractability: false, timeouts: {implicit: 0, pageLoad: 300000, script: 30000}, unhandledPromptBehavior: dismiss and notify, webauthn:extension:credBlob: true, webauthn:extension:largeBlob: true, webauthn:extension:minPinLength: true, webauthn:extension:prf: true, webauthn:virtualAuthenticators: true}
Session ID: 27391274e44867cadfaf09980f1eacb0" type="org.openqa.selenium.NoSuchElementException">
      <![CDATA[org.openqa.selenium.NoSuchElementException: no such element: Unable to locate element: {"method":"css selector","selector":".mst-searchautocomplete__wrapper li"}
  (Session info: chrome-headless-shell=124.0.6367.119)
For documentation on this error, please visit: https://www.selenium.dev/documentation/webdriver/troubleshooting/errors#no-such-element-exception
Build info: version: '4.19.1', revision: 'abe0ee07dc'
System info: os.name: 'Windows 10', os.arch: 'amd64', os.version: '10.0', java.version: '17.0.7'
Driver info: org.openqa.selenium.chrome.ChromeDriver
Command: [27391274e44867cadfaf09980f1eacb0, findElement {value=.mst-searchautocomplete__wrapper li, using=css selector}]
Capabilities {acceptInsecureCerts: false, browserName: chrome-headless-shell, browserVersion: 124.0.6367.119, chrome: {chromedriverVersion: 124.0.6367.91 (51df0e5e17a8..., userDataDir: C:\Users\Admin\AppData\Loca...}, fedcm:accounts: true, goog:chromeOptions: {debuggerAddress: localhost:61337}, networkConnectionEnabled: false, pageLoadStrategy: normal, platformName: windows, proxy: Proxy(), se:cdp: ws://localhost:61337/devtoo..., se:cdpVersion: 124.0.6367.119, setWindowRect: true, strictFileInteractability: false, timeouts: {implicit: 0, pageLoad: 300000, script: 30000}, unhandledPromptBehavior: dismiss and notify, webauthn:extension:credBlob: true, webauthn:extension:largeBlob: true, webauthn:extension:minPinLength: true, webauthn:extension:prf: true, webauthn:virtualAuthenticators: true}
Session ID: 27391274e44867cadfaf09980f1eacb0
at java.base/jdk.internal.reflect.NativeConstructorAccessorImpl.newInstance0(Native Method)
at java.base/jdk.internal.reflect.NativeConstructorAccessorImpl.newInstance(NativeConstructorAccessorImpl.java:77)
at java.base/jdk.internal.reflect.DelegatingConstructorAccessorImpl.newInstance(DelegatingConstructorAccessorImpl.java:45)
at java.base/java.lang.reflect.Constructor.newInstanceWithCaller(Constructor.java:499)
at java.base/java.lang.reflect.Constructor.newInstance(Constructor.java:480)
at org.openqa.selenium.remote.ErrorCodec.decode(ErrorCodec.java:167)
at org.openqa.selenium.remote.codec.w3c.W3CHttpResponseCodec.decode(W3CHttpResponseCodec.java:138)
at org.openqa.selenium.remote.codec.w3c.W3CHttpResponseCodec.decode(W3CHttpResponseCodec.java:50)
at org.openqa.selenium.remote.HttpCommandExecutor.execute(HttpCommandExecutor.java:190)
at org.openqa.selenium.remote.service.DriverCommandExecutor.invokeExecute(DriverCommandExecutor.java:216)
at org.openqa.selenium.remote.service.DriverCommandExecutor.execute(DriverCommandExecutor.java:174)
at org.openqa.selenium.remote.RemoteWebDriver.execute(RemoteWebDriver.java:518)
at org.openqa.selenium.remote.ElementLocation$ElementFinder$2.findElement(ElementLocation.java:165)
at org.openqa.selenium.remote.ElementLocation.findElement(ElementLocation.java:59)
at org.openqa.selenium.remote.RemoteWebDriver.findElement(RemoteWebDriver.java:355)
at org.openqa.selenium.remote.RemoteWebDriver.findElement(RemoteWebDriver.java:349)
at org.openqa.selenium.support.pagefactory.DefaultElementLocator.findElement(DefaultElementLocator.java:68)
at org.openqa.selenium.support.pagefactory.internal.LocatingElementHandler.invoke(LocatingElementHandler.java:38)
at jdk.proxy2/jdk.proxy2.$Proxy16.click(Unknown Source)
at pageLayer.SearchAProduct.Search_box(SearchAProduct.java:89)
at testLayer.ProductDetailsTest.checkProductDetails(ProductDetailsTest.java:28)
at jdk.internal.reflect.GeneratedMethodAccessor9.invoke(Unknown Source)
at java.base/jdk.internal.reflect.DelegatingMethodAccessorImpl.invoke(DelegatingMethodAccessorImpl.java:43)
at java.base/java.lang.reflect.Method.invoke(Method.java:568)
at org.testng.internal.invokers.MethodInvocationHelper.invokeMethod(MethodInvocationHelper.java:139)
at org.testng.internal.invokers.TestInvoker.invokeMethod(TestInvoker.java:664)
at org.testng.internal.invokers.TestInvoker.invokeTestMethod(TestInvoker.java:227)
at org.testng.internal.invokers.MethodRunner.runInSequence(MethodRunner.java:50)
at org.testng.internal.invokers.TestInvoker$MethodInvocationAgent.invoke(TestInvoker.java:957)
at org.testng.internal.invokers.TestInvoker.invokeTestMethods(TestInvoker.java:200)
at org.testng.internal.invokers.TestMethodWorker.invokeTestMethods(TestMethodWorker.java:148)
at org.testng.internal.invokers.TestMethodWorker.run(TestMethodWorker.java:128)
at java.base/java.util.ArrayList.forEach(ArrayList.java:1511)
at org.testng.TestRunner.privateRun(TestRunner.java:848)
at org.testng.TestRunner.run(TestRunner.java:621)
at org.testng.SuiteRunner.runTest(SuiteRunner.java:443)
at org.testng.SuiteRunner.runSequentially(SuiteRunner.java:437)
at org.testng.SuiteRunner.privateRun(SuiteRunner.java:397)
at org.testng.SuiteRunner.run(SuiteRunner.java:336)
at org.testng.SuiteRunnerWorker.runSuite(SuiteRunnerWorker.java:52)
at org.testng.SuiteRunnerWorker.run(SuiteRunnerWorker.java:95)
at org.testng.TestNG.runSuitesSequentially(TestNG.java:1280)
at org.testng.TestNG.runSuitesLocally(TestNG.java:1200)
at org.testng.TestNG.runSuites(TestNG.java:1114)
at org.testng.TestNG.run(TestNG.java:1082)
at org.testng.remote.AbstractRemoteTestNG.run(AbstractRemoteTestNG.java:115)
at org.testng.remote.RemoteTestNG.initAndRun(RemoteTestNG.java:251)
at org.testng.remote.RemoteTestNG.main(RemoteTestNG.java:77)
]]>
    </error>
  </testcase> <!-- checkProductDetails -->
  <testcase classname="testLayer.ProductDetailsTest" name="checkProductDetails" time="6.014">
    <error message="stale element reference: stale element not found in the current frame
  (Session info: chrome-headless-shell=124.0.6367.119)
For documentation on this error, please visit: https://www.selenium.dev/documentation/webdriver/troubleshooting/errors#stale-element-reference-exception
Build info: version: &#039;4.19.1&#039;, revision: &#039;abe0ee07dc&#039;
System info: os.name: &#039;Windows 10&#039;, os.arch: &#039;amd64&#039;, os.version: &#039;10.0&#039;, java.version: &#039;17.0.7&#039;
Driver info: org.openqa.selenium.chrome.ChromeDriver
Command: [0faf4c94b17a8fb07eca2e113f844dd4, isElementDisplayed {id=f.7E8F19AA449D7B029FA6E539A6ACBA52.d.5BAC8DAE19EFA385AFC94052FD6B7B02.e.64}]
Capabilities {acceptInsecureCerts: false, browserName: chrome-headless-shell, browserVersion: 124.0.6367.119, chrome: {chromedriverVersion: 124.0.6367.91 (51df0e5e17a8..., userDataDir: C:\Users\Admin\AppData\Loca...}, fedcm:accounts: true, goog:chromeOptions: {debuggerAddress: localhost:58916}, networkConnectionEnabled: false, pageLoadStrategy: normal, platformName: windows, proxy: Proxy(), se:cdp: ws://localhost:58916/devtoo..., se:cdpVersion: 124.0.6367.119, setWindowRect: true, strictFileInteractability: false, timeouts: {implicit: 0, pageLoad: 300000, script: 30000}, unhandledPromptBehavior: dismiss and notify, webauthn:extension:credBlob: true, webauthn:extension:largeBlob: true, webauthn:extension:minPinLength: true, webauthn:extension:prf: true, webauthn:virtualAuthenticators: true}
Element: [[ChromeDriver: chrome-headless-shell on windows (0faf4c94b17a8fb07eca2e113f844dd4)] -&gt; css selector: .mst-searchautocomplete__wrapper li]
Session ID: 0faf4c94b17a8fb07eca2e113f844dd4" type="org.openqa.selenium.StaleElementReferenceException">
      <![CDATA[org.openqa.selenium.StaleElementReferenceException: stale element reference: stale element not found in the current frame
  (Session info: chrome-headless-shell=124.0.6367.119)
For documentation on this error, please visit: https://www.selenium.dev/documentation/webdriver/troubleshooting/errors#stale-element-reference-exception
Build info: version: '4.19.1', revision: 'abe0ee07dc'
System info: os.name: 'Windows 10', os.arch: 'amd64', os.version: '10.0', java.version: '17.0.7'
Driver info: org.openqa.selenium.chrome.ChromeDriver
Command: [0faf4c94b17a8fb07eca2e113f844dd4, isElementDisplayed {id=f.7E8F19AA449D7B029FA6E539A6ACBA52.d.5BAC8DAE19EFA385AFC94052FD6B7B02.e.64}]
Capabilities {acceptInsecureCerts: false, browserName: chrome-headless-shell, browserVersion: 124.0.6367.119, chrome: {chromedriverVersion: 124.0.6367.91 (51df0e5e17a8..., userDataDir: C:\Users\Admin\AppData\Loca...}, fedcm:accounts: true, goog:chromeOptions: {debuggerAddress: localhost:58916}, networkConnectionEnabled: false, pageLoadStrategy: normal, platformName: windows, proxy: Proxy(), se:cdp: ws://localhost:58916/devtoo..., se:cdpVersion: 124.0.6367.119, setWindowRect: true, strictFileInteractability: false, timeouts: {implicit: 0, pageLoad: 300000, script: 30000}, unhandledPromptBehavior: dismiss and notify, webauthn:extension:credBlob: true, webauthn:extension:largeBlob: true, webauthn:extension:minPinLength: true, webauthn:extension:prf: true, webauthn:virtualAuthenticators: true}
Element: [[ChromeDriver: chrome-headless-shell on windows (0faf4c94b17a8fb07eca2e113f844dd4)] -> css selector: .mst-searchautocomplete__wrapper li]
Session ID: 0faf4c94b17a8fb07eca2e113f844dd4
at java.base/jdk.internal.reflect.NativeConstructorAccessorImpl.newInstance0(Native Method)
at java.base/jdk.internal.reflect.NativeConstructorAccessorImpl.newInstance(NativeConstructorAccessorImpl.java:77)
at java.base/jdk.internal.reflect.DelegatingConstructorAccessorImpl.newInstance(DelegatingConstructorAccessorImpl.java:45)
at java.base/java.lang.reflect.Constructor.newInstanceWithCaller(Constructor.java:499)
at java.base/java.lang.reflect.Constructor.newInstance(Constructor.java:480)
at org.openqa.selenium.remote.ErrorCodec.decode(ErrorCodec.java:167)
at org.openqa.selenium.remote.codec.w3c.W3CHttpResponseCodec.decode(W3CHttpResponseCodec.java:138)
at org.openqa.selenium.remote.codec.w3c.W3CHttpResponseCodec.decode(W3CHttpResponseCodec.java:50)
at org.openqa.selenium.remote.HttpCommandExecutor.execute(HttpCommandExecutor.java:190)
at org.openqa.selenium.remote.service.DriverCommandExecutor.invokeExecute(DriverCommandExecutor.java:216)
at org.openqa.selenium.remote.service.DriverCommandExecutor.execute(DriverCommandExecutor.java:174)
at org.openqa.selenium.remote.RemoteWebDriver.execute(RemoteWebDriver.java:518)
at org.openqa.selenium.remote.RemoteWebElement.execute(RemoteWebElement.java:223)
at org.openqa.selenium.remote.RemoteWebElement.isDisplayed(RemoteWebElement.java:282)
at jdk.internal.reflect.GeneratedMethodAccessor11.invoke(Unknown Source)
at java.base/jdk.internal.reflect.DelegatingMethodAccessorImpl.invoke(DelegatingMethodAccessorImpl.java:43)
at java.base/java.lang.reflect.Method.invoke(Method.java:568)
at org.openqa.selenium.support.pagefactory.internal.LocatingElementHandler.invoke(LocatingElementHandler.java:51)
at jdk.proxy2/jdk.proxy2.$Proxy16.isDisplayed(Unknown Source)
at org.openqa.selenium.support.ui.ExpectedConditions.elementIfVisible(ExpectedConditions.java:304)
at org.openqa.selenium.support.ui.ExpectedConditions$10.apply(ExpectedConditions.java:290)
at org.openqa.selenium.support.ui.ExpectedConditions$10.apply(ExpectedConditions.java:287)
at org.openqa.selenium.support.ui.ExpectedConditions$23.apply(ExpectedConditions.java:656)
at org.openqa.selenium.support.ui.ExpectedConditions$23.apply(ExpectedConditions.java:652)
at org.openqa.selenium.support.ui.FluentWait.until(FluentWait.java:203)
at utilities.UtilClass.waitTillClickable(UtilClass.java:148)
at pageLayer.SearchAProduct.Search_box(SearchAProduct.java:82)
at testLayer.ProductDetailsTest.checkProductDetails(ProductDetailsTest.java:28)
at jdk.internal.reflect.GeneratedMethodAccessor9.invoke(Unknown Source)
at java.base/jdk.internal.reflect.DelegatingMethodAccessorImpl.invoke(DelegatingMethodAccessorImpl.java:43)
at java.base/java.lang.reflect.Method.invoke(Method.java:568)
at org.testng.internal.invokers.MethodInvocationHelper.invokeMethod(MethodInvocationHelper.java:139)
at org.testng.internal.invokers.TestInvoker.invokeMethod(TestInvoker.java:664)
at org.testng.internal.invokers.TestInvoker.invokeTestMethod(TestInvoker.java:227)
at org.testng.internal.invokers.MethodRunner.runInSequence(MethodRunner.java:50)
at org.testng.internal.invokers.TestInvoker$MethodInvocationAgent.invoke(TestInvoker.java:957)
at org.testng.internal.invokers.TestInvoker.invokeTestMethods(TestInvoker.java:200)
at org.testng.internal.invokers.TestMethodWorker.invokeTestMethods(TestMethodWorker.java:148)
at org.testng.internal.invokers.TestMethodWorker.run(TestMethodWorker.java:128)
at java.base/java.util.ArrayList.forEach(ArrayList.java:1511)
at org.testng.TestRunner.privateRun(TestRunner.java:848)
at org.testng.TestRunner.run(TestRunner.java:621)
at org.testng.SuiteRunner.runTest(SuiteRunner.java:443)
at org.testng.SuiteRunner.runSequentially(SuiteRunner.java:437)
at org.testng.SuiteRunner.privateRun(SuiteRunner.java:397)
at org.testng.SuiteRunner.run(SuiteRunner.java:336)
at org.testng.SuiteRunnerWorker.runSuite(SuiteRunnerWorker.java:52)
at org.testng.SuiteRunnerWorker.run(SuiteRunnerWorker.java:95)
at org.testng.TestNG.runSuitesSequentially(TestNG.java:1280)
at org.testng.TestNG.runSuitesLocally(TestNG.java:1200)
at org.testng.TestNG.runSuites(TestNG.java:1114)
at org.testng.TestNG.run(TestNG.java:1082)
at org.testng.remote.AbstractRemoteTestNG.run(AbstractRemoteTestNG.java:115)
at org.testng.remote.RemoteTestNG.initAndRun(RemoteTestNG.java:251)
at org.testng.remote.RemoteTestNG.main(RemoteTestNG.java:77)
]]>
    </error>
  </testcase> <!-- checkProductDetails -->
  <testcase classname="testLayer.ProductDetailsTest" name="checkProductDetails" time="21.106"/>
  <testcase classname="testLayer.ProductDetailsTest" name="checkProductDetails" time="18.145"/>
  <testcase classname="testLayer.ProductDetailsTest" name="checkProductDetails" time="15.114"/>
  <testcase classname="testLayer.ProductDetailsTest" name="checkProductDetails" time="18.176"/>
  <testcase classname="testLayer.ProductDetailsTest" name="checkProductDetails" time="16.337"/>
  <testcase classname="testLayer.ProductDetailsTest" name="checkProductDetails" time="6.817">
    <error message="stale element reference: stale element not found in the current frame
  (Session info: chrome-headless-shell=124.0.6367.119)
For documentation on this error, please visit: https://www.selenium.dev/documentation/webdriver/troubleshooting/errors#stale-element-reference-exception
Build info: version: &#039;4.19.1&#039;, revision: &#039;abe0ee07dc&#039;
System info: os.name: &#039;Windows 10&#039;, os.arch: &#039;amd64&#039;, os.version: &#039;10.0&#039;, java.version: &#039;17.0.7&#039;
Driver info: org.openqa.selenium.chrome.ChromeDriver
Command: [4dd015416674f72dbc9c09cd10322d7c, isElementDisplayed {id=f.163C75CD15CB05DFF46573179BE8F0EE.d.CADE1DEB03FBB2E6B3DABD137F3CA15E.e.64}]
Capabilities {acceptInsecureCerts: false, browserName: chrome-headless-shell, browserVersion: 124.0.6367.119, chrome: {chromedriverVersion: 124.0.6367.91 (51df0e5e17a8..., userDataDir: C:\Users\Admin\AppData\Loca...}, fedcm:accounts: true, goog:chromeOptions: {debuggerAddress: localhost:59247}, networkConnectionEnabled: false, pageLoadStrategy: normal, platformName: windows, proxy: Proxy(), se:cdp: ws://localhost:59247/devtoo..., se:cdpVersion: 124.0.6367.119, setWindowRect: true, strictFileInteractability: false, timeouts: {implicit: 0, pageLoad: 300000, script: 30000}, unhandledPromptBehavior: dismiss and notify, webauthn:extension:credBlob: true, webauthn:extension:largeBlob: true, webauthn:extension:minPinLength: true, webauthn:extension:prf: true, webauthn:virtualAuthenticators: true}
Element: [[ChromeDriver: chrome-headless-shell on windows (4dd015416674f72dbc9c09cd10322d7c)] -&gt; css selector: .mst-searchautocomplete__wrapper li]
Session ID: 4dd015416674f72dbc9c09cd10322d7c" type="org.openqa.selenium.StaleElementReferenceException">
      <![CDATA[org.openqa.selenium.StaleElementReferenceException: stale element reference: stale element not found in the current frame
  (Session info: chrome-headless-shell=124.0.6367.119)
For documentation on this error, please visit: https://www.selenium.dev/documentation/webdriver/troubleshooting/errors#stale-element-reference-exception
Build info: version: '4.19.1', revision: 'abe0ee07dc'
System info: os.name: 'Windows 10', os.arch: 'amd64', os.version: '10.0', java.version: '17.0.7'
Driver info: org.openqa.selenium.chrome.ChromeDriver
Command: [4dd015416674f72dbc9c09cd10322d7c, isElementDisplayed {id=f.163C75CD15CB05DFF46573179BE8F0EE.d.CADE1DEB03FBB2E6B3DABD137F3CA15E.e.64}]
Capabilities {acceptInsecureCerts: false, browserName: chrome-headless-shell, browserVersion: 124.0.6367.119, chrome: {chromedriverVersion: 124.0.6367.91 (51df0e5e17a8..., userDataDir: C:\Users\Admin\AppData\Loca...}, fedcm:accounts: true, goog:chromeOptions: {debuggerAddress: localhost:59247}, networkConnectionEnabled: false, pageLoadStrategy: normal, platformName: windows, proxy: Proxy(), se:cdp: ws://localhost:59247/devtoo..., se:cdpVersion: 124.0.6367.119, setWindowRect: true, strictFileInteractability: false, timeouts: {implicit: 0, pageLoad: 300000, script: 30000}, unhandledPromptBehavior: dismiss and notify, webauthn:extension:credBlob: true, webauthn:extension:largeBlob: true, webauthn:extension:minPinLength: true, webauthn:extension:prf: true, webauthn:virtualAuthenticators: true}
Element: [[ChromeDriver: chrome-headless-shell on windows (4dd015416674f72dbc9c09cd10322d7c)] -> css selector: .mst-searchautocomplete__wrapper li]
Session ID: 4dd015416674f72dbc9c09cd10322d7c
at java.base/jdk.internal.reflect.NativeConstructorAccessorImpl.newInstance0(Native Method)
at java.base/jdk.internal.reflect.NativeConstructorAccessorImpl.newInstance(NativeConstructorAccessorImpl.java:77)
at java.base/jdk.internal.reflect.DelegatingConstructorAccessorImpl.newInstance(DelegatingConstructorAccessorImpl.java:45)
at java.base/java.lang.reflect.Constructor.newInstanceWithCaller(Constructor.java:499)
at java.base/java.lang.reflect.Constructor.newInstance(Constructor.java:480)
at org.openqa.selenium.remote.ErrorCodec.decode(ErrorCodec.java:167)
at org.openqa.selenium.remote.codec.w3c.W3CHttpResponseCodec.decode(W3CHttpResponseCodec.java:138)
at org.openqa.selenium.remote.codec.w3c.W3CHttpResponseCodec.decode(W3CHttpResponseCodec.java:50)
at org.openqa.selenium.remote.HttpCommandExecutor.execute(HttpCommandExecutor.java:190)
at org.openqa.selenium.remote.service.DriverCommandExecutor.invokeExecute(DriverCommandExecutor.java:216)
at org.openqa.selenium.remote.service.DriverCommandExecutor.execute(DriverCommandExecutor.java:174)
at org.openqa.selenium.remote.RemoteWebDriver.execute(RemoteWebDriver.java:518)
at org.openqa.selenium.remote.RemoteWebElement.execute(RemoteWebElement.java:223)
at org.openqa.selenium.remote.RemoteWebElement.isDisplayed(RemoteWebElement.java:282)
at jdk.internal.reflect.GeneratedMethodAccessor11.invoke(Unknown Source)
at java.base/jdk.internal.reflect.DelegatingMethodAccessorImpl.invoke(DelegatingMethodAccessorImpl.java:43)
at java.base/java.lang.reflect.Method.invoke(Method.java:568)
at org.openqa.selenium.support.pagefactory.internal.LocatingElementHandler.invoke(LocatingElementHandler.java:51)
at jdk.proxy2/jdk.proxy2.$Proxy16.isDisplayed(Unknown Source)
at org.openqa.selenium.support.ui.ExpectedConditions.elementIfVisible(ExpectedConditions.java:304)
at org.openqa.selenium.support.ui.ExpectedConditions$10.apply(ExpectedConditions.java:290)
at org.openqa.selenium.support.ui.ExpectedConditions$10.apply(ExpectedConditions.java:287)
at org.openqa.selenium.support.ui.ExpectedConditions$23.apply(ExpectedConditions.java:656)
at org.openqa.selenium.support.ui.ExpectedConditions$23.apply(ExpectedConditions.java:652)
at org.openqa.selenium.support.ui.FluentWait.until(FluentWait.java:203)
at utilities.UtilClass.waitTillClickable(UtilClass.java:148)
at pageLayer.SearchAProduct.Search_box(SearchAProduct.java:82)
at testLayer.ProductDetailsTest.checkProductDetails(ProductDetailsTest.java:28)
at jdk.internal.reflect.GeneratedMethodAccessor9.invoke(Unknown Source)
at java.base/jdk.internal.reflect.DelegatingMethodAccessorImpl.invoke(DelegatingMethodAccessorImpl.java:43)
at java.base/java.lang.reflect.Method.invoke(Method.java:568)
at org.testng.internal.invokers.MethodInvocationHelper.invokeMethod(MethodInvocationHelper.java:139)
at org.testng.internal.invokers.TestInvoker.invokeMethod(TestInvoker.java:664)
at org.testng.internal.invokers.TestInvoker.invokeTestMethod(TestInvoker.java:227)
at org.testng.internal.invokers.MethodRunner.runInSequence(MethodRunner.java:50)
at org.testng.internal.invokers.TestInvoker$MethodInvocationAgent.invoke(TestInvoker.java:957)
at org.testng.internal.invokers.TestInvoker.invokeTestMethods(TestInvoker.java:200)
at org.testng.internal.invokers.TestMethodWorker.invokeTestMethods(TestMethodWorker.java:148)
at org.testng.internal.invokers.TestMethodWorker.run(TestMethodWorker.java:128)
at java.base/java.util.ArrayList.forEach(ArrayList.java:1511)
at org.testng.TestRunner.privateRun(TestRunner.java:848)
at org.testng.TestRunner.run(TestRunner.java:621)
at org.testng.SuiteRunner.runTest(SuiteRunner.java:443)
at org.testng.SuiteRunner.runSequentially(SuiteRunner.java:437)
at org.testng.SuiteRunner.privateRun(SuiteRunner.java:397)
at org.testng.SuiteRunner.run(SuiteRunner.java:336)
at org.testng.SuiteRunnerWorker.runSuite(SuiteRunnerWorker.java:52)
at org.testng.SuiteRunnerWorker.run(SuiteRunnerWorker.java:95)
at org.testng.TestNG.runSuitesSequentially(TestNG.java:1280)
at org.testng.TestNG.runSuitesLocally(TestNG.java:1200)
at org.testng.TestNG.runSuites(TestNG.java:1114)
at org.testng.TestNG.run(TestNG.java:1082)
at org.testng.remote.AbstractRemoteTestNG.run(AbstractRemoteTestNG.java:115)
at org.testng.remote.RemoteTestNG.initAndRun(RemoteTestNG.java:251)
at org.testng.remote.RemoteTestNG.main(RemoteTestNG.java:77)
]]>
    </error>
  </testcase> <!-- checkProductDetails -->
  <testcase classname="testLayer.ProductDetailsTest" name="checkProductDetails" time="18.259"/>
  <testcase classname="testLayer.ProductDetailsTest" name="checkProductDetails" time="18.249"/>
  <testcase classname="testLayer.ProductDetailsTest" name="checkProductDetails" time="23.015"/>
  <testcase classname="testLayer.ProductDetailsTest" name="checkProductDetails" time="30.797"/>
  <testcase classname="testLayer.ProductDetailsTest" name="checkProductDetails" time="36.397"/>
  <testcase classname="testLayer.ProductDetailsTest" name="checkProductDetails" time="27.788"/>
  <testcase classname="testLayer.ProductDetailsTest" name="checkProductDetails" time="18.503"/>
  <testcase classname="testLayer.ProductDetailsTest" name="checkProductDetails" time="19.821"/>
  <testcase classname="testLayer.ProductDetailsTest" name="checkProductDetails" time="16.019"/>
  <testcase classname="testLayer.ProductDetailsTest" name="checkProductDetails" time="21.573"/>
  <testcase classname="testLayer.ProductDetailsTest" name="checkProductDetails" time="13.980"/>
  <testcase classname="testLayer.ProductDetailsTest" name="checkProductDetails" time="15.827"/>
  <testcase classname="testLayer.ProductDetailsTest" name="checkProductDetails" time="22.409"/>
  <testcase classname="testLayer.ProductDetailsTest" name="checkProductDetails" time="18.855"/>
  <testcase classname="testLayer.ProductDetailsTest" name="checkProductDetails" time="15.041"/>
  <testcase classname="testLayer.ProductDetailsTest" name="checkProductDetails" time="16.107"/>
  <testcase classname="testLayer.ProductDetailsTest" name="checkProductDetails" time="15.258"/>
  <testcase classname="testLayer.ProductDetailsTest" name="checkProductDetails" time="16.406"/>
  <testcase classname="testLayer.ProductDetailsTest" name="checkProductDetails" time="14.833"/>
  <testcase classname="testLayer.ProductDetailsTest" name="checkProductDetails" time="13.614"/>
  <testcase classname="testLayer.ProductDetailsTest" name="checkProductDetails" time="7.116">
    <error message="stale element reference: stale element not found in the current frame
  (Session info: chrome-headless-shell=124.0.6367.119)
For documentation on this error, please visit: https://www.selenium.dev/documentation/webdriver/troubleshooting/errors#stale-element-reference-exception
Build info: version: &#039;4.19.1&#039;, revision: &#039;abe0ee07dc&#039;
System info: os.name: &#039;Windows 10&#039;, os.arch: &#039;amd64&#039;, os.version: &#039;10.0&#039;, java.version: &#039;17.0.7&#039;
Driver info: org.openqa.selenium.chrome.ChromeDriver
Command: [b7d1e75cdbc336743dff78cb21f5044b, isElementDisplayed {id=f.019DEB35A4BE1E1EEA566FEC0D6D416E.d.9885C039178D0A83EFDE035140625126.e.64}]
Capabilities {acceptInsecureCerts: false, browserName: chrome-headless-shell, browserVersion: 124.0.6367.119, chrome: {chromedriverVersion: 124.0.6367.91 (51df0e5e17a8..., userDataDir: C:\Users\Admin\AppData\Loca...}, fedcm:accounts: true, goog:chromeOptions: {debuggerAddress: localhost:61629}, networkConnectionEnabled: false, pageLoadStrategy: normal, platformName: windows, proxy: Proxy(), se:cdp: ws://localhost:61629/devtoo..., se:cdpVersion: 124.0.6367.119, setWindowRect: true, strictFileInteractability: false, timeouts: {implicit: 0, pageLoad: 300000, script: 30000}, unhandledPromptBehavior: dismiss and notify, webauthn:extension:credBlob: true, webauthn:extension:largeBlob: true, webauthn:extension:minPinLength: true, webauthn:extension:prf: true, webauthn:virtualAuthenticators: true}
Element: [[ChromeDriver: chrome-headless-shell on windows (b7d1e75cdbc336743dff78cb21f5044b)] -&gt; css selector: .mst-searchautocomplete__wrapper li]
Session ID: b7d1e75cdbc336743dff78cb21f5044b" type="org.openqa.selenium.StaleElementReferenceException">
      <![CDATA[org.openqa.selenium.StaleElementReferenceException: stale element reference: stale element not found in the current frame
  (Session info: chrome-headless-shell=124.0.6367.119)
For documentation on this error, please visit: https://www.selenium.dev/documentation/webdriver/troubleshooting/errors#stale-element-reference-exception
Build info: version: '4.19.1', revision: 'abe0ee07dc'
System info: os.name: 'Windows 10', os.arch: 'amd64', os.version: '10.0', java.version: '17.0.7'
Driver info: org.openqa.selenium.chrome.ChromeDriver
Command: [b7d1e75cdbc336743dff78cb21f5044b, isElementDisplayed {id=f.019DEB35A4BE1E1EEA566FEC0D6D416E.d.9885C039178D0A83EFDE035140625126.e.64}]
Capabilities {acceptInsecureCerts: false, browserName: chrome-headless-shell, browserVersion: 124.0.6367.119, chrome: {chromedriverVersion: 124.0.6367.91 (51df0e5e17a8..., userDataDir: C:\Users\Admin\AppData\Loca...}, fedcm:accounts: true, goog:chromeOptions: {debuggerAddress: localhost:61629}, networkConnectionEnabled: false, pageLoadStrategy: normal, platformName: windows, proxy: Proxy(), se:cdp: ws://localhost:61629/devtoo..., se:cdpVersion: 124.0.6367.119, setWindowRect: true, strictFileInteractability: false, timeouts: {implicit: 0, pageLoad: 300000, script: 30000}, unhandledPromptBehavior: dismiss and notify, webauthn:extension:credBlob: true, webauthn:extension:largeBlob: true, webauthn:extension:minPinLength: true, webauthn:extension:prf: true, webauthn:virtualAuthenticators: true}
Element: [[ChromeDriver: chrome-headless-shell on windows (b7d1e75cdbc336743dff78cb21f5044b)] -> css selector: .mst-searchautocomplete__wrapper li]
Session ID: b7d1e75cdbc336743dff78cb21f5044b
at java.base/jdk.internal.reflect.NativeConstructorAccessorImpl.newInstance0(Native Method)
at java.base/jdk.internal.reflect.NativeConstructorAccessorImpl.newInstance(NativeConstructorAccessorImpl.java:77)
at java.base/jdk.internal.reflect.DelegatingConstructorAccessorImpl.newInstance(DelegatingConstructorAccessorImpl.java:45)
at java.base/java.lang.reflect.Constructor.newInstanceWithCaller(Constructor.java:499)
at java.base/java.lang.reflect.Constructor.newInstance(Constructor.java:480)
at org.openqa.selenium.remote.ErrorCodec.decode(ErrorCodec.java:167)
at org.openqa.selenium.remote.codec.w3c.W3CHttpResponseCodec.decode(W3CHttpResponseCodec.java:138)
at org.openqa.selenium.remote.codec.w3c.W3CHttpResponseCodec.decode(W3CHttpResponseCodec.java:50)
at org.openqa.selenium.remote.HttpCommandExecutor.execute(HttpCommandExecutor.java:190)
at org.openqa.selenium.remote.service.DriverCommandExecutor.invokeExecute(DriverCommandExecutor.java:216)
at org.openqa.selenium.remote.service.DriverCommandExecutor.execute(DriverCommandExecutor.java:174)
at org.openqa.selenium.remote.RemoteWebDriver.execute(RemoteWebDriver.java:518)
at org.openqa.selenium.remote.RemoteWebElement.execute(RemoteWebElement.java:223)
at org.openqa.selenium.remote.RemoteWebElement.isDisplayed(RemoteWebElement.java:282)
at jdk.internal.reflect.GeneratedMethodAccessor11.invoke(Unknown Source)
at java.base/jdk.internal.reflect.DelegatingMethodAccessorImpl.invoke(DelegatingMethodAccessorImpl.java:43)
at java.base/java.lang.reflect.Method.invoke(Method.java:568)
at org.openqa.selenium.support.pagefactory.internal.LocatingElementHandler.invoke(LocatingElementHandler.java:51)
at jdk.proxy2/jdk.proxy2.$Proxy16.isDisplayed(Unknown Source)
at org.openqa.selenium.support.ui.ExpectedConditions.elementIfVisible(ExpectedConditions.java:304)
at org.openqa.selenium.support.ui.ExpectedConditions$10.apply(ExpectedConditions.java:290)
at org.openqa.selenium.support.ui.ExpectedConditions$10.apply(ExpectedConditions.java:287)
at org.openqa.selenium.support.ui.ExpectedConditions$23.apply(ExpectedConditions.java:656)
at org.openqa.selenium.support.ui.ExpectedConditions$23.apply(ExpectedConditions.java:652)
at org.openqa.selenium.support.ui.FluentWait.until(FluentWait.java:203)
at utilities.UtilClass.waitTillClickable(UtilClass.java:148)
at pageLayer.SearchAProduct.Search_box(SearchAProduct.java:82)
at testLayer.ProductDetailsTest.checkProductDetails(ProductDetailsTest.java:28)
at jdk.internal.reflect.GeneratedMethodAccessor9.invoke(Unknown Source)
at java.base/jdk.internal.reflect.DelegatingMethodAccessorImpl.invoke(DelegatingMethodAccessorImpl.java:43)
at java.base/java.lang.reflect.Method.invoke(Method.java:568)
at org.testng.internal.invokers.MethodInvocationHelper.invokeMethod(MethodInvocationHelper.java:139)
at org.testng.internal.invokers.TestInvoker.invokeMethod(TestInvoker.java:664)
at org.testng.internal.invokers.TestInvoker.invokeTestMethod(TestInvoker.java:227)
at org.testng.internal.invokers.MethodRunner.runInSequence(MethodRunner.java:50)
at org.testng.internal.invokers.TestInvoker$MethodInvocationAgent.invoke(TestInvoker.java:957)
at org.testng.internal.invokers.TestInvoker.invokeTestMethods(TestInvoker.java:200)
at org.testng.internal.invokers.TestMethodWorker.invokeTestMethods(TestMethodWorker.java:148)
at org.testng.internal.invokers.TestMethodWorker.run(TestMethodWorker.java:128)
at java.base/java.util.ArrayList.forEach(ArrayList.java:1511)
at org.testng.TestRunner.privateRun(TestRunner.java:848)
at org.testng.TestRunner.run(TestRunner.java:621)
at org.testng.SuiteRunner.runTest(SuiteRunner.java:443)
at org.testng.SuiteRunner.runSequentially(SuiteRunner.java:437)
at org.testng.SuiteRunner.privateRun(SuiteRunner.java:397)
at org.testng.SuiteRunner.run(SuiteRunner.java:336)
at org.testng.SuiteRunnerWorker.runSuite(SuiteRunnerWorker.java:52)
at org.testng.SuiteRunnerWorker.run(SuiteRunnerWorker.java:95)
at org.testng.TestNG.runSuitesSequentially(TestNG.java:1280)
at org.testng.TestNG.runSuitesLocally(TestNG.java:1200)
at org.testng.TestNG.runSuites(TestNG.java:1114)
at org.testng.TestNG.run(TestNG.java:1082)
at org.testng.remote.AbstractRemoteTestNG.run(AbstractRemoteTestNG.java:115)
at org.testng.remote.RemoteTestNG.initAndRun(RemoteTestNG.java:251)
at org.testng.remote.RemoteTestNG.main(RemoteTestNG.java:77)
]]>
    </error>
  </testcase> <!-- checkProductDetails -->
  <testcase classname="testLayer.ProductDetailsTest" name="checkProductDetails" time="14.600"/>
  <testcase classname="testLayer.ProductDetailsTest" name="checkProductDetails" time="16.902"/>
  <testcase classname="testLayer.ProductDetailsTest" name="checkProductDetails" time="28.840"/>
  <testcase classname="testLayer.ProductDetailsTest" name="checkProductDetails" time="14.955"/>
  <testcase classname="testLayer.ProductDetailsTest" name="checkProductDetails" time="32.493"/>
  <testcase classname="testLayer.ProductDetailsTest" name="checkProductDetails" time="26.581"/>
  <testcase classname="testLayer.ProductDetailsTest" name="checkProductDetails" time="30.732">
    <error message="no such element: Unable to locate element: {&quot;method&quot;:&quot;css selector&quot;,&quot;selector&quot;:&quot;.mst-searchautocomplete__wrapper li&quot;}
  (Session info: chrome-headless-shell=124.0.6367.119)
For documentation on this error, please visit: https://www.selenium.dev/documentation/webdriver/troubleshooting/errors#no-such-element-exception
Build info: version: &#039;4.19.1&#039;, revision: &#039;abe0ee07dc&#039;
System info: os.name: &#039;Windows 10&#039;, os.arch: &#039;amd64&#039;, os.version: &#039;10.0&#039;, java.version: &#039;17.0.7&#039;
Driver info: org.openqa.selenium.chrome.ChromeDriver
Command: [b14b14160138ae7f9964edd8e72d2ac6, findElement {value=.mst-searchautocomplete__wrapper li, using=css selector}]
Capabilities {acceptInsecureCerts: false, browserName: chrome-headless-shell, browserVersion: 124.0.6367.119, chrome: {chromedriverVersion: 124.0.6367.91 (51df0e5e17a8..., userDataDir: C:\Users\Admin\AppData\Loca...}, fedcm:accounts: true, goog:chromeOptions: {debuggerAddress: localhost:57699}, networkConnectionEnabled: false, pageLoadStrategy: normal, platformName: windows, proxy: Proxy(), se:cdp: ws://localhost:57699/devtoo..., se:cdpVersion: 124.0.6367.119, setWindowRect: true, strictFileInteractability: false, timeouts: {implicit: 0, pageLoad: 300000, script: 30000}, unhandledPromptBehavior: dismiss and notify, webauthn:extension:credBlob: true, webauthn:extension:largeBlob: true, webauthn:extension:minPinLength: true, webauthn:extension:prf: true, webauthn:virtualAuthenticators: true}
Session ID: b14b14160138ae7f9964edd8e72d2ac6" type="org.openqa.selenium.NoSuchElementException">
      <![CDATA[org.openqa.selenium.NoSuchElementException: no such element: Unable to locate element: {"method":"css selector","selector":".mst-searchautocomplete__wrapper li"}
  (Session info: chrome-headless-shell=124.0.6367.119)
For documentation on this error, please visit: https://www.selenium.dev/documentation/webdriver/troubleshooting/errors#no-such-element-exception
Build info: version: '4.19.1', revision: 'abe0ee07dc'
System info: os.name: 'Windows 10', os.arch: 'amd64', os.version: '10.0', java.version: '17.0.7'
Driver info: org.openqa.selenium.chrome.ChromeDriver
Command: [b14b14160138ae7f9964edd8e72d2ac6, findElement {value=.mst-searchautocomplete__wrapper li, using=css selector}]
Capabilities {acceptInsecureCerts: false, browserName: chrome-headless-shell, browserVersion: 124.0.6367.119, chrome: {chromedriverVersion: 124.0.6367.91 (51df0e5e17a8..., userDataDir: C:\Users\Admin\AppData\Loca...}, fedcm:accounts: true, goog:chromeOptions: {debuggerAddress: localhost:57699}, networkConnectionEnabled: false, pageLoadStrategy: normal, platformName: windows, proxy: Proxy(), se:cdp: ws://localhost:57699/devtoo..., se:cdpVersion: 124.0.6367.119, setWindowRect: true, strictFileInteractability: false, timeouts: {implicit: 0, pageLoad: 300000, script: 30000}, unhandledPromptBehavior: dismiss and notify, webauthn:extension:credBlob: true, webauthn:extension:largeBlob: true, webauthn:extension:minPinLength: true, webauthn:extension:prf: true, webauthn:virtualAuthenticators: true}
Session ID: b14b14160138ae7f9964edd8e72d2ac6
at java.base/jdk.internal.reflect.NativeConstructorAccessorImpl.newInstance0(Native Method)
at java.base/jdk.internal.reflect.NativeConstructorAccessorImpl.newInstance(NativeConstructorAccessorImpl.java:77)
at java.base/jdk.internal.reflect.DelegatingConstructorAccessorImpl.newInstance(DelegatingConstructorAccessorImpl.java:45)
at java.base/java.lang.reflect.Constructor.newInstanceWithCaller(Constructor.java:499)
at java.base/java.lang.reflect.Constructor.newInstance(Constructor.java:480)
at org.openqa.selenium.remote.ErrorCodec.decode(ErrorCodec.java:167)
at org.openqa.selenium.remote.codec.w3c.W3CHttpResponseCodec.decode(W3CHttpResponseCodec.java:138)
at org.openqa.selenium.remote.codec.w3c.W3CHttpResponseCodec.decode(W3CHttpResponseCodec.java:50)
at org.openqa.selenium.remote.HttpCommandExecutor.execute(HttpCommandExecutor.java:190)
at org.openqa.selenium.remote.service.DriverCommandExecutor.invokeExecute(DriverCommandExecutor.java:216)
at org.openqa.selenium.remote.service.DriverCommandExecutor.execute(DriverCommandExecutor.java:174)
at org.openqa.selenium.remote.RemoteWebDriver.execute(RemoteWebDriver.java:518)
at org.openqa.selenium.remote.ElementLocation$ElementFinder$2.findElement(ElementLocation.java:165)
at org.openqa.selenium.remote.ElementLocation.findElement(ElementLocation.java:59)
at org.openqa.selenium.remote.RemoteWebDriver.findElement(RemoteWebDriver.java:355)
at org.openqa.selenium.remote.RemoteWebDriver.findElement(RemoteWebDriver.java:349)
at org.openqa.selenium.support.pagefactory.DefaultElementLocator.findElement(DefaultElementLocator.java:68)
at org.openqa.selenium.support.pagefactory.internal.LocatingElementHandler.invoke(LocatingElementHandler.java:38)
at jdk.proxy2/jdk.proxy2.$Proxy16.click(Unknown Source)
at pageLayer.SearchAProduct.Search_box(SearchAProduct.java:89)
at testLayer.ProductDetailsTest.checkProductDetails(ProductDetailsTest.java:28)
at jdk.internal.reflect.GeneratedMethodAccessor9.invoke(Unknown Source)
at java.base/jdk.internal.reflect.DelegatingMethodAccessorImpl.invoke(DelegatingMethodAccessorImpl.java:43)
at java.base/java.lang.reflect.Method.invoke(Method.java:568)
at org.testng.internal.invokers.MethodInvocationHelper.invokeMethod(MethodInvocationHelper.java:139)
at org.testng.internal.invokers.TestInvoker.invokeMethod(TestInvoker.java:664)
at org.testng.internal.invokers.TestInvoker.invokeTestMethod(TestInvoker.java:227)
at org.testng.internal.invokers.MethodRunner.runInSequence(MethodRunner.java:50)
at org.testng.internal.invokers.TestInvoker$MethodInvocationAgent.invoke(TestInvoker.java:957)
at org.testng.internal.invokers.TestInvoker.invokeTestMethods(TestInvoker.java:200)
at org.testng.internal.invokers.TestMethodWorker.invokeTestMethods(TestMethodWorker.java:148)
at org.testng.internal.invokers.TestMethodWorker.run(TestMethodWorker.java:128)
at java.base/java.util.ArrayList.forEach(ArrayList.java:1511)
at org.testng.TestRunner.privateRun(TestRunner.java:848)
at org.testng.TestRunner.run(TestRunner.java:621)
at org.testng.SuiteRunner.runTest(SuiteRunner.java:443)
at org.testng.SuiteRunner.runSequentially(SuiteRunner.java:437)
at org.testng.SuiteRunner.privateRun(SuiteRunner.java:397)
at org.testng.SuiteRunner.run(SuiteRunner.java:336)
at org.testng.SuiteRunnerWorker.runSuite(SuiteRunnerWorker.java:52)
at org.testng.SuiteRunnerWorker.run(SuiteRunnerWorker.java:95)
at org.testng.TestNG.runSuitesSequentially(TestNG.java:1280)
at org.testng.TestNG.runSuitesLocally(TestNG.java:1200)
at org.testng.TestNG.runSuites(TestNG.java:1114)
at org.testng.TestNG.run(TestNG.java:1082)
at org.testng.remote.AbstractRemoteTestNG.run(AbstractRemoteTestNG.java:115)
at org.testng.remote.RemoteTestNG.initAndRun(RemoteTestNG.java:251)
at org.testng.remote.RemoteTestNG.main(RemoteTestNG.java:77)
]]>
    </error>
  </testcase> <!-- checkProductDetails -->
  <testcase classname="testLayer.ProductDetailsTest" name="checkProductDetails" time="15.690"/>
  <testcase classname="testLayer.ProductDetailsTest" name="checkProductDetails" time="16.989"/>
  <testcase classname="testLayer.ProductDetailsTest" name="checkProductDetails" time="16.431"/>
  <testcase classname="testLayer.ProductDetailsTest" name="checkProductDetails" time="14.861"/>
  <testcase classname="testLayer.ProductDetailsTest" name="checkProductDetails" time="17.303"/>
  <testcase classname="testLayer.ProductDetailsTest" name="checkProductDetails" time="14.251"/>
  <testcase classname="testLayer.ProductDetailsTest" name="checkProductDetails" time="15.892"/>
  <testcase classname="testLayer.ProductDetailsTest" name="checkProductDetails" time="17.228"/>
  <testcase classname="testLayer.ProductDetailsTest" name="checkProductDetails" time="15.731"/>
  <testcase classname="testLayer.ProductDetailsTest" name="checkProductDetails" time="14.546"/>
  <testcase classname="testLayer.ProductDetailsTest" name="checkProductDetails" time="16.255"/>
  <testcase classname="testLayer.ProductDetailsTest" name="checkProductDetails" time="17.595"/>
  <testcase classname="testLayer.ProductDetailsTest" name="checkProductDetails" time="17.840"/>
  <testcase classname="testLayer.ProductDetailsTest" name="checkProductDetails" time="15.761"/>
  <testcase classname="testLayer.ProductDetailsTest" name="checkProductDetails" time="17.672"/>
  <testcase classname="testLayer.ProductDetailsTest" name="checkProductDetails" time="199.198">
    <error message="java.util.concurrent.TimeoutException
Build info: version: &#039;4.19.1&#039;, revision: &#039;abe0ee07dc&#039;
System info: os.name: &#039;Windows 10&#039;, os.arch: &#039;amd64&#039;, os.version: &#039;10.0&#039;, java.version: &#039;17.0.7&#039;
Driver info: org.openqa.selenium.chrome.ChromeDriver
Command: [574069a5ad2335bfb4b89fdda99ff716, clickElement {id=f.61FE6231114E753BFF564FFE80B854C4.d.8C9F5CB2D0B645BD5CCFE04AC4DA992B.e.71}]
Capabilities {acceptInsecureCerts: false, browserName: chrome-headless-shell, browserVersion: 124.0.6367.119, chrome: {chromedriverVersion: 124.0.6367.91 (51df0e5e17a8..., userDataDir: C:\Users\Admin\AppData\Loca...}, fedcm:accounts: true, goog:chromeOptions: {debuggerAddress: localhost:57162}, networkConnectionEnabled: false, pageLoadStrategy: normal, platformName: windows, proxy: Proxy(), se:cdp: ws://localhost:57162/devtoo..., se:cdpVersion: 124.0.6367.119, setWindowRect: true, strictFileInteractability: false, timeouts: {implicit: 0, pageLoad: 300000, script: 30000}, unhandledPromptBehavior: dismiss and notify, webauthn:extension:credBlob: true, webauthn:extension:largeBlob: true, webauthn:extension:minPinLength: true, webauthn:extension:prf: true, webauthn:virtualAuthenticators: true}
Element: [[ChromeDriver: chrome-headless-shell on windows (574069a5ad2335bfb4b89fdda99ff716)] -&gt; css selector: .mst-searchautocomplete__wrapper li]
Session ID: 574069a5ad2335bfb4b89fdda99ff716" type="org.openqa.selenium.TimeoutException">
      <![CDATA[org.openqa.selenium.TimeoutException: java.util.concurrent.TimeoutException
Build info: version: '4.19.1', revision: 'abe0ee07dc'
System info: os.name: 'Windows 10', os.arch: 'amd64', os.version: '10.0', java.version: '17.0.7'
Driver info: org.openqa.selenium.chrome.ChromeDriver
Command: [574069a5ad2335bfb4b89fdda99ff716, clickElement {id=f.61FE6231114E753BFF564FFE80B854C4.d.8C9F5CB2D0B645BD5CCFE04AC4DA992B.e.71}]
Capabilities {acceptInsecureCerts: false, browserName: chrome-headless-shell, browserVersion: 124.0.6367.119, chrome: {chromedriverVersion: 124.0.6367.91 (51df0e5e17a8..., userDataDir: C:\Users\Admin\AppData\Loca...}, fedcm:accounts: true, goog:chromeOptions: {debuggerAddress: localhost:57162}, networkConnectionEnabled: false, pageLoadStrategy: normal, platformName: windows, proxy: Proxy(), se:cdp: ws://localhost:57162/devtoo..., se:cdpVersion: 124.0.6367.119, setWindowRect: true, strictFileInteractability: false, timeouts: {implicit: 0, pageLoad: 300000, script: 30000}, unhandledPromptBehavior: dismiss and notify, webauthn:extension:credBlob: true, webauthn:extension:largeBlob: true, webauthn:extension:minPinLength: true, webauthn:extension:prf: true, webauthn:virtualAuthenticators: true}
Element: [[ChromeDriver: chrome-headless-shell on windows (574069a5ad2335bfb4b89fdda99ff716)] -> css selector: .mst-searchautocomplete__wrapper li]
Session ID: 574069a5ad2335bfb4b89fdda99ff716
at org.openqa.selenium.remote.http.jdk.JdkHttpClient.execute0(JdkHttpClient.java:396)
at org.openqa.selenium.remote.http.AddSeleniumUserAgent.lambda$apply$0(AddSeleniumUserAgent.java:42)
at org.openqa.selenium.remote.http.Filter.lambda$andFinally$1(Filter.java:55)
at org.openqa.selenium.remote.http.jdk.JdkHttpClient.execute(JdkHttpClient.java:352)
at org.openqa.selenium.remote.HttpCommandExecutor.execute(HttpCommandExecutor.java:187)
at org.openqa.selenium.remote.service.DriverCommandExecutor.invokeExecute(DriverCommandExecutor.java:216)
at org.openqa.selenium.remote.service.DriverCommandExecutor.execute(DriverCommandExecutor.java:174)
at org.openqa.selenium.remote.RemoteWebDriver.execute(RemoteWebDriver.java:518)
at org.openqa.selenium.remote.RemoteWebElement.execute(RemoteWebElement.java:223)
at org.openqa.selenium.remote.RemoteWebElement.click(RemoteWebElement.java:76)
at jdk.internal.reflect.GeneratedMethodAccessor4.invoke(Unknown Source)
at java.base/jdk.internal.reflect.DelegatingMethodAccessorImpl.invoke(DelegatingMethodAccessorImpl.java:43)
at java.base/java.lang.reflect.Method.invoke(Method.java:568)
at org.openqa.selenium.support.pagefactory.internal.LocatingElementHandler.invoke(LocatingElementHandler.java:51)
at jdk.proxy2/jdk.proxy2.$Proxy16.click(Unknown Source)
at pageLayer.SearchAProduct.Search_box(SearchAProduct.java:89)
at testLayer.ProductDetailsTest.checkProductDetails(ProductDetailsTest.java:28)
at jdk.internal.reflect.GeneratedMethodAccessor9.invoke(Unknown Source)
at java.base/jdk.internal.reflect.DelegatingMethodAccessorImpl.invoke(DelegatingMethodAccessorImpl.java:43)
at java.base/java.lang.reflect.Method.invoke(Method.java:568)
at org.testng.internal.invokers.MethodInvocationHelper.invokeMethod(MethodInvocationHelper.java:139)
at org.testng.internal.invokers.TestInvoker.invokeMethod(TestInvoker.java:664)
at org.testng.internal.invokers.TestInvoker.invokeTestMethod(TestInvoker.java:227)
at org.testng.internal.invokers.MethodRunner.runInSequence(MethodRunner.java:50)
at org.testng.internal.invokers.TestInvoker$MethodInvocationAgent.invoke(TestInvoker.java:957)
at org.testng.internal.invokers.TestInvoker.invokeTestMethods(TestInvoker.java:200)
at org.testng.internal.invokers.TestMethodWorker.invokeTestMethods(TestMethodWorker.java:148)
at org.testng.internal.invokers.TestMethodWorker.run(TestMethodWorker.java:128)
at java.base/java.util.ArrayList.forEach(ArrayList.java:1511)
at org.testng.TestRunner.privateRun(TestRunner.java:848)
at org.testng.TestRunner.run(TestRunner.java:621)
at org.testng.SuiteRunner.runTest(SuiteRunner.java:443)
at org.testng.SuiteRunner.runSequentially(SuiteRunner.java:437)
at org.testng.SuiteRunner.privateRun(SuiteRunner.java:397)
at org.testng.SuiteRunner.run(SuiteRunner.java:336)
at org.testng.SuiteRunnerWorker.runSuite(SuiteRunnerWorker.java:52)
at org.testng.SuiteRunnerWorker.run(SuiteRunnerWorker.java:95)
at org.testng.TestNG.runSuitesSequentially(TestNG.java:1280)
at org.testng.TestNG.runSuitesLocally(TestNG.java:1200)
at org.testng.TestNG.runSuites(TestNG.java:1114)
at org.testng.TestNG.run(TestNG.java:1082)
at org.testng.remote.AbstractRemoteTestNG.run(AbstractRemoteTestNG.java:115)
at org.testng.remote.RemoteTestNG.initAndRun(RemoteTestNG.java:251)
at org.testng.remote.RemoteTestNG.main(RemoteTestNG.java:77)
Caused by: java.util.concurrent.TimeoutException
at java.base/java.util.concurrent.CompletableFuture.timedGet(CompletableFuture.java:1960)
at java.base/java.util.concurrent.CompletableFuture.get(CompletableFuture.java:2095)
at org.openqa.selenium.remote.http.jdk.JdkHttpClient.execute0(JdkHttpClient.java:379)
... 43 more
]]>
    </error>
  </testcase> <!-- checkProductDetails -->
  <testcase classname="testLayer.ProductDetailsTest" name="checkProductDetails" time="21.139"/>
  <testcase classname="testLayer.ProductDetailsTest" name="checkProductDetails" time="36.471"/>
  <testcase classname="testLayer.ProductDetailsTest" name="checkProductDetails" time="18.030"/>
  <testcase classname="testLayer.ProductDetailsTest" name="checkProductDetails" time="44.371"/>
  <testcase classname="testLayer.ProductDetailsTest" name="checkProductDetails" time="33.072"/>
  <testcase classname="testLayer.ProductDetailsTest" name="checkProductDetails" time="18.444"/>
  <testcase classname="testLayer.ProductDetailsTest" name="checkProductDetails" time="18.050"/>
  <testcase classname="testLayer.ProductDetailsTest" name="checkProductDetails" time="21.292"/>
  <testcase classname="testLayer.ProductDetailsTest" name="checkProductDetails" time="15.913"/>
  <testcase classname="testLayer.ProductDetailsTest" name="checkProductDetails" time="16.006"/>
  <testcase classname="testLayer.ProductDetailsTest" name="checkProductDetails" time="16.775"/>
  <testcase classname="testLayer.ProductDetailsTest" name="checkProductDetails" time="15.374"/>
  <testcase classname="testLayer.ProductDetailsTest" name="checkProductDetails" time="15.558"/>
  <testcase classname="testLayer.ProductDetailsTest" name="checkProductDetails" time="17.390"/>
  <testcase classname="testLayer.ProductDetailsTest" name="checkProductDetails" time="15.390"/>
  <testcase classname="testLayer.ProductDetailsTest" name="checkProductDetails" time="14.888"/>
  <testcase classname="testLayer.ProductDetailsTest" name="checkProductDetails" time="34.029"/>
  <testcase classname="testLayer.ProductDetailsTest" name="checkProductDetails" time="17.951"/>
  <testcase classname="testLayer.ProductDetailsTest" name="checkProductDetails" time="17.783"/>
  <testcase classname="testLayer.ProductDetailsTest" name="checkProductDetails" time="16.117"/>
  <testcase classname="testLayer.ProductDetailsTest" name="checkProductDetails" time="14.787"/>
  <testcase classname="testLayer.ProductDetailsTest" name="checkProductDetails" time="23.063"/>
  <testcase classname="testLayer.ProductDetailsTest" name="checkProductDetails" time="15.243"/>
  <testcase classname="testLayer.ProductDetailsTest" name="checkProductDetails" time="15.336"/>
  <testcase classname="testLayer.ProductDetailsTest" name="checkProductDetails" time="16.425"/>
  <testcase classname="testLayer.ProductDetailsTest" name="checkProductDetails" time="18.143"/>
  <testcase classname="testLayer.ProductDetailsTest" name="checkProductDetails" time="18.677"/>
  <testcase classname="testLayer.ProductDetailsTest" name="checkProductDetails" time="21.715"/>
  <testcase classname="testLayer.ProductDetailsTest" name="checkProductDetails" time="14.366"/>
  <testcase classname="testLayer.ProductDetailsTest" name="checkProductDetails" time="16.302"/>
  <testcase classname="testLayer.ProductDetailsTest" name="checkProductDetails" time="24.387"/>
  <testcase classname="testLayer.ProductDetailsTest" name="checkProductDetails" time="19.423"/>
  <testcase classname="testLayer.ProductDetailsTest" name="checkProductDetails" time="16.976"/>
  <testcase classname="testLayer.ProductDetailsTest" name="checkProductDetails" time="16.543"/>
  <testcase classname="testLayer.ProductDetailsTest" name="checkProductDetails" time="17.562"/>
  <testcase classname="testLayer.ProductDetailsTest" name="checkProductDetails" time="20.241"/>
  <testcase classname="testLayer.ProductDetailsTest" name="checkProductDetails" time="20.033"/>
  <testcase classname="testLayer.ProductDetailsTest" name="checkProductDetails" time="17.176"/>
  <testcase classname="testLayer.ProductDetailsTest" name="checkProductDetails" time="15.424"/>
  <testcase classname="testLayer.ProductDetailsTest" name="checkProductDetails" time="13.222"/>
  <testcase classname="testLayer.ProductDetailsTest" name="checkProductDetails" time="22.188"/>
  <testcase classname="testLayer.ProductDetailsTest" name="checkProductDetails" time="14.384"/>
  <testcase classname="testLayer.ProductDetailsTest" name="checkProductDetails" time="191.745">
    <error message="java.util.concurrent.TimeoutException
Build info: version: &#039;4.19.1&#039;, revision: &#039;abe0ee07dc&#039;
System info: os.name: &#039;Windows 10&#039;, os.arch: &#039;amd64&#039;, os.version: &#039;10.0&#039;, java.version: &#039;17.0.7&#039;
Driver info: org.openqa.selenium.chrome.ChromeDriver
Command: [2c71006977ef06247d3d42b2817c59bb, clickElement {id=f.9B7D3F0079A73A8AD66F04BD516ACDDE.d.585C52BE7E3811BEBF8EB6D9D5D7A01A.e.65}]
Capabilities {acceptInsecureCerts: false, browserName: chrome-headless-shell, browserVersion: 124.0.6367.119, chrome: {chromedriverVersion: 124.0.6367.91 (51df0e5e17a8..., userDataDir: C:\Users\Admin\AppData\Loca...}, fedcm:accounts: true, goog:chromeOptions: {debuggerAddress: localhost:57323}, networkConnectionEnabled: false, pageLoadStrategy: normal, platformName: windows, proxy: Proxy(), se:cdp: ws://localhost:57323/devtoo..., se:cdpVersion: 124.0.6367.119, setWindowRect: true, strictFileInteractability: false, timeouts: {implicit: 0, pageLoad: 300000, script: 30000}, unhandledPromptBehavior: dismiss and notify, webauthn:extension:credBlob: true, webauthn:extension:largeBlob: true, webauthn:extension:minPinLength: true, webauthn:extension:prf: true, webauthn:virtualAuthenticators: true}
Element: [[ChromeDriver: chrome-headless-shell on windows (2c71006977ef06247d3d42b2817c59bb)] -&gt; css selector: .mst-searchautocomplete__wrapper li]
Session ID: 2c71006977ef06247d3d42b2817c59bb" type="org.openqa.selenium.TimeoutException">
      <![CDATA[org.openqa.selenium.TimeoutException: java.util.concurrent.TimeoutException
Build info: version: '4.19.1', revision: 'abe0ee07dc'
System info: os.name: 'Windows 10', os.arch: 'amd64', os.version: '10.0', java.version: '17.0.7'
Driver info: org.openqa.selenium.chrome.ChromeDriver
Command: [2c71006977ef06247d3d42b2817c59bb, clickElement {id=f.9B7D3F0079A73A8AD66F04BD516ACDDE.d.585C52BE7E3811BEBF8EB6D9D5D7A01A.e.65}]
Capabilities {acceptInsecureCerts: false, browserName: chrome-headless-shell, browserVersion: 124.0.6367.119, chrome: {chromedriverVersion: 124.0.6367.91 (51df0e5e17a8..., userDataDir: C:\Users\Admin\AppData\Loca...}, fedcm:accounts: true, goog:chromeOptions: {debuggerAddress: localhost:57323}, networkConnectionEnabled: false, pageLoadStrategy: normal, platformName: windows, proxy: Proxy(), se:cdp: ws://localhost:57323/devtoo..., se:cdpVersion: 124.0.6367.119, setWindowRect: true, strictFileInteractability: false, timeouts: {implicit: 0, pageLoad: 300000, script: 30000}, unhandledPromptBehavior: dismiss and notify, webauthn:extension:credBlob: true, webauthn:extension:largeBlob: true, webauthn:extension:minPinLength: true, webauthn:extension:prf: true, webauthn:virtualAuthenticators: true}
Element: [[ChromeDriver: chrome-headless-shell on windows (2c71006977ef06247d3d42b2817c59bb)] -> css selector: .mst-searchautocomplete__wrapper li]
Session ID: 2c71006977ef06247d3d42b2817c59bb
at org.openqa.selenium.remote.http.jdk.JdkHttpClient.execute0(JdkHttpClient.java:396)
at org.openqa.selenium.remote.http.AddSeleniumUserAgent.lambda$apply$0(AddSeleniumUserAgent.java:42)
at org.openqa.selenium.remote.http.Filter.lambda$andFinally$1(Filter.java:55)
at org.openqa.selenium.remote.http.jdk.JdkHttpClient.execute(JdkHttpClient.java:352)
at org.openqa.selenium.remote.HttpCommandExecutor.execute(HttpCommandExecutor.java:187)
at org.openqa.selenium.remote.service.DriverCommandExecutor.invokeExecute(DriverCommandExecutor.java:216)
at org.openqa.selenium.remote.service.DriverCommandExecutor.execute(DriverCommandExecutor.java:174)
at org.openqa.selenium.remote.RemoteWebDriver.execute(RemoteWebDriver.java:518)
at org.openqa.selenium.remote.RemoteWebElement.execute(RemoteWebElement.java:223)
at org.openqa.selenium.remote.RemoteWebElement.click(RemoteWebElement.java:76)
at jdk.internal.reflect.GeneratedMethodAccessor4.invoke(Unknown Source)
at java.base/jdk.internal.reflect.DelegatingMethodAccessorImpl.invoke(DelegatingMethodAccessorImpl.java:43)
at java.base/java.lang.reflect.Method.invoke(Method.java:568)
at org.openqa.selenium.support.pagefactory.internal.LocatingElementHandler.invoke(LocatingElementHandler.java:51)
at jdk.proxy2/jdk.proxy2.$Proxy16.click(Unknown Source)
at pageLayer.SearchAProduct.Search_box(SearchAProduct.java:89)
at testLayer.ProductDetailsTest.checkProductDetails(ProductDetailsTest.java:28)
at jdk.internal.reflect.GeneratedMethodAccessor9.invoke(Unknown Source)
at java.base/jdk.internal.reflect.DelegatingMethodAccessorImpl.invoke(DelegatingMethodAccessorImpl.java:43)
at java.base/java.lang.reflect.Method.invoke(Method.java:568)
at org.testng.internal.invokers.MethodInvocationHelper.invokeMethod(MethodInvocationHelper.java:139)
at org.testng.internal.invokers.TestInvoker.invokeMethod(TestInvoker.java:664)
at org.testng.internal.invokers.TestInvoker.invokeTestMethod(TestInvoker.java:227)
at org.testng.internal.invokers.MethodRunner.runInSequence(MethodRunner.java:50)
at org.testng.internal.invokers.TestInvoker$MethodInvocationAgent.invoke(TestInvoker.java:957)
at org.testng.internal.invokers.TestInvoker.invokeTestMethods(TestInvoker.java:200)
at org.testng.internal.invokers.TestMethodWorker.invokeTestMethods(TestMethodWorker.java:148)
at org.testng.internal.invokers.TestMethodWorker.run(TestMethodWorker.java:128)
at java.base/java.util.ArrayList.forEach(ArrayList.java:1511)
at org.testng.TestRunner.privateRun(TestRunner.java:848)
at org.testng.TestRunner.run(TestRunner.java:621)
at org.testng.SuiteRunner.runTest(SuiteRunner.java:443)
at org.testng.SuiteRunner.runSequentially(SuiteRunner.java:437)
at org.testng.SuiteRunner.privateRun(SuiteRunner.java:397)
at org.testng.SuiteRunner.run(SuiteRunner.java:336)
at org.testng.SuiteRunnerWorker.runSuite(SuiteRunnerWorker.java:52)
at org.testng.SuiteRunnerWorker.run(SuiteRunnerWorker.java:95)
at org.testng.TestNG.runSuitesSequentially(TestNG.java:1280)
at org.testng.TestNG.runSuitesLocally(TestNG.java:1200)
at org.testng.TestNG.runSuites(TestNG.java:1114)
at org.testng.TestNG.run(TestNG.java:1082)
at org.testng.remote.AbstractRemoteTestNG.run(AbstractRemoteTestNG.java:115)
at org.testng.remote.RemoteTestNG.initAndRun(RemoteTestNG.java:251)
at org.testng.remote.RemoteTestNG.main(RemoteTestNG.java:77)
Caused by: java.util.concurrent.TimeoutException
at java.base/java.util.concurrent.CompletableFuture.timedGet(CompletableFuture.java:1960)
at java.base/java.util.concurrent.CompletableFuture.get(CompletableFuture.java:2095)
at org.openqa.selenium.remote.http.jdk.JdkHttpClient.execute0(JdkHttpClient.java:379)
... 43 more
]]>
    </error>
  </testcase> <!-- checkProductDetails -->
  <testcase classname="testLayer.ProductDetailsTest" name="checkProductDetails" time="16.500"/>
  <testcase classname="testLayer.ProductDetailsTest" name="checkProductDetails" time="15.544"/>
  <testcase classname="testLayer.ProductDetailsTest" name="checkProductDetails" time="17.429"/>
  <testcase classname="testLayer.ProductDetailsTest" name="checkProductDetails" time="15.374"/>
  <testcase classname="testLayer.ProductDetailsTest" name="checkProductDetails" time="34.447"/>
  <testcase classname="testLayer.ProductDetailsTest" name="checkProductDetails" time="14.796"/>
  <testcase classname="testLayer.ProductDetailsTest" name="checkProductDetails" time="30.333"/>
  <testcase classname="testLayer.ProductDetailsTest" name="checkProductDetails" time="20.125"/>
  <testcase classname="testLayer.ProductDetailsTest" name="checkProductDetails" time="17.738"/>
  <testcase classname="testLayer.ProductDetailsTest" name="checkProductDetails" time="17.366"/>
  <testcase classname="testLayer.ProductDetailsTest" name="checkProductDetails" time="13.361"/>
  <testcase classname="testLayer.ProductDetailsTest" name="checkProductDetails" time="18.392"/>
  <testcase classname="testLayer.ProductDetailsTest" name="checkProductDetails" time="16.567"/>
  <testcase classname="testLayer.ProductDetailsTest" name="checkProductDetails" time="43.908"/>
  <testcase classname="testLayer.ProductDetailsTest" name="checkProductDetails" time="16.900"/>
  <testcase classname="testLayer.ProductDetailsTest" name="checkProductDetails" time="15.166"/>
  <testcase classname="testLayer.ProductDetailsTest" name="checkProductDetails" time="8.152">
    <error message="stale element reference: stale element not found in the current frame
  (Session info: chrome-headless-shell=124.0.6367.119)
For documentation on this error, please visit: https://www.selenium.dev/documentation/webdriver/troubleshooting/errors#stale-element-reference-exception
Build info: version: &#039;4.19.1&#039;, revision: &#039;abe0ee07dc&#039;
System info: os.name: &#039;Windows 10&#039;, os.arch: &#039;amd64&#039;, os.version: &#039;10.0&#039;, java.version: &#039;17.0.7&#039;
Driver info: org.openqa.selenium.chrome.ChromeDriver
Command: [f51e24903959e6a7b61ab2b8d0083775, isElementDisplayed {id=f.1BAC4D7B69FFA06A4FB1C117C079C0CB.d.33D9FBBD9B7CABD694CD50F0D3057F3F.e.64}]
Capabilities {acceptInsecureCerts: false, browserName: chrome-headless-shell, browserVersion: 124.0.6367.119, chrome: {chromedriverVersion: 124.0.6367.91 (51df0e5e17a8..., userDataDir: C:\Users\Admin\AppData\Loca...}, fedcm:accounts: true, goog:chromeOptions: {debuggerAddress: localhost:60599}, networkConnectionEnabled: false, pageLoadStrategy: normal, platformName: windows, proxy: Proxy(), se:cdp: ws://localhost:60599/devtoo..., se:cdpVersion: 124.0.6367.119, setWindowRect: true, strictFileInteractability: false, timeouts: {implicit: 0, pageLoad: 300000, script: 30000}, unhandledPromptBehavior: dismiss and notify, webauthn:extension:credBlob: true, webauthn:extension:largeBlob: true, webauthn:extension:minPinLength: true, webauthn:extension:prf: true, webauthn:virtualAuthenticators: true}
Element: [[ChromeDriver: chrome-headless-shell on windows (f51e24903959e6a7b61ab2b8d0083775)] -&gt; css selector: .mst-searchautocomplete__wrapper li]
Session ID: f51e24903959e6a7b61ab2b8d0083775" type="org.openqa.selenium.StaleElementReferenceException">
      <![CDATA[org.openqa.selenium.StaleElementReferenceException: stale element reference: stale element not found in the current frame
  (Session info: chrome-headless-shell=124.0.6367.119)
For documentation on this error, please visit: https://www.selenium.dev/documentation/webdriver/troubleshooting/errors#stale-element-reference-exception
Build info: version: '4.19.1', revision: 'abe0ee07dc'
System info: os.name: 'Windows 10', os.arch: 'amd64', os.version: '10.0', java.version: '17.0.7'
Driver info: org.openqa.selenium.chrome.ChromeDriver
Command: [f51e24903959e6a7b61ab2b8d0083775, isElementDisplayed {id=f.1BAC4D7B69FFA06A4FB1C117C079C0CB.d.33D9FBBD9B7CABD694CD50F0D3057F3F.e.64}]
Capabilities {acceptInsecureCerts: false, browserName: chrome-headless-shell, browserVersion: 124.0.6367.119, chrome: {chromedriverVersion: 124.0.6367.91 (51df0e5e17a8..., userDataDir: C:\Users\Admin\AppData\Loca...}, fedcm:accounts: true, goog:chromeOptions: {debuggerAddress: localhost:60599}, networkConnectionEnabled: false, pageLoadStrategy: normal, platformName: windows, proxy: Proxy(), se:cdp: ws://localhost:60599/devtoo..., se:cdpVersion: 124.0.6367.119, setWindowRect: true, strictFileInteractability: false, timeouts: {implicit: 0, pageLoad: 300000, script: 30000}, unhandledPromptBehavior: dismiss and notify, webauthn:extension:credBlob: true, webauthn:extension:largeBlob: true, webauthn:extension:minPinLength: true, webauthn:extension:prf: true, webauthn:virtualAuthenticators: true}
Element: [[ChromeDriver: chrome-headless-shell on windows (f51e24903959e6a7b61ab2b8d0083775)] -> css selector: .mst-searchautocomplete__wrapper li]
Session ID: f51e24903959e6a7b61ab2b8d0083775
at java.base/jdk.internal.reflect.NativeConstructorAccessorImpl.newInstance0(Native Method)
at java.base/jdk.internal.reflect.NativeConstructorAccessorImpl.newInstance(NativeConstructorAccessorImpl.java:77)
at java.base/jdk.internal.reflect.DelegatingConstructorAccessorImpl.newInstance(DelegatingConstructorAccessorImpl.java:45)
at java.base/java.lang.reflect.Constructor.newInstanceWithCaller(Constructor.java:499)
at java.base/java.lang.reflect.Constructor.newInstance(Constructor.java:480)
at org.openqa.selenium.remote.ErrorCodec.decode(ErrorCodec.java:167)
at org.openqa.selenium.remote.codec.w3c.W3CHttpResponseCodec.decode(W3CHttpResponseCodec.java:138)
at org.openqa.selenium.remote.codec.w3c.W3CHttpResponseCodec.decode(W3CHttpResponseCodec.java:50)
at org.openqa.selenium.remote.HttpCommandExecutor.execute(HttpCommandExecutor.java:190)
at org.openqa.selenium.remote.service.DriverCommandExecutor.invokeExecute(DriverCommandExecutor.java:216)
at org.openqa.selenium.remote.service.DriverCommandExecutor.execute(DriverCommandExecutor.java:174)
at org.openqa.selenium.remote.RemoteWebDriver.execute(RemoteWebDriver.java:518)
at org.openqa.selenium.remote.RemoteWebElement.execute(RemoteWebElement.java:223)
at org.openqa.selenium.remote.RemoteWebElement.isDisplayed(RemoteWebElement.java:282)
at jdk.internal.reflect.GeneratedMethodAccessor11.invoke(Unknown Source)
at java.base/jdk.internal.reflect.DelegatingMethodAccessorImpl.invoke(DelegatingMethodAccessorImpl.java:43)
at java.base/java.lang.reflect.Method.invoke(Method.java:568)
at org.openqa.selenium.support.pagefactory.internal.LocatingElementHandler.invoke(LocatingElementHandler.java:51)
at jdk.proxy2/jdk.proxy2.$Proxy16.isDisplayed(Unknown Source)
at org.openqa.selenium.support.ui.ExpectedConditions.elementIfVisible(ExpectedConditions.java:304)
at org.openqa.selenium.support.ui.ExpectedConditions$10.apply(ExpectedConditions.java:290)
at org.openqa.selenium.support.ui.ExpectedConditions$10.apply(ExpectedConditions.java:287)
at org.openqa.selenium.support.ui.ExpectedConditions$23.apply(ExpectedConditions.java:656)
at org.openqa.selenium.support.ui.ExpectedConditions$23.apply(ExpectedConditions.java:652)
at org.openqa.selenium.support.ui.FluentWait.until(FluentWait.java:203)
at utilities.UtilClass.waitTillClickable(UtilClass.java:148)
at pageLayer.SearchAProduct.Search_box(SearchAProduct.java:82)
at testLayer.ProductDetailsTest.checkProductDetails(ProductDetailsTest.java:28)
at jdk.internal.reflect.GeneratedMethodAccessor9.invoke(Unknown Source)
at java.base/jdk.internal.reflect.DelegatingMethodAccessorImpl.invoke(DelegatingMethodAccessorImpl.java:43)
at java.base/java.lang.reflect.Method.invoke(Method.java:568)
at org.testng.internal.invokers.MethodInvocationHelper.invokeMethod(MethodInvocationHelper.java:139)
at org.testng.internal.invokers.TestInvoker.invokeMethod(TestInvoker.java:664)
at org.testng.internal.invokers.TestInvoker.invokeTestMethod(TestInvoker.java:227)
at org.testng.internal.invokers.MethodRunner.runInSequence(MethodRunner.java:50)
at org.testng.internal.invokers.TestInvoker$MethodInvocationAgent.invoke(TestInvoker.java:957)
at org.testng.internal.invokers.TestInvoker.invokeTestMethods(TestInvoker.java:200)
at org.testng.internal.invokers.TestMethodWorker.invokeTestMethods(TestMethodWorker.java:148)
at org.testng.internal.invokers.TestMethodWorker.run(TestMethodWorker.java:128)
at java.base/java.util.ArrayList.forEach(ArrayList.java:1511)
at org.testng.TestRunner.privateRun(TestRunner.java:848)
at org.testng.TestRunner.run(TestRunner.java:621)
at org.testng.SuiteRunner.runTest(SuiteRunner.java:443)
at org.testng.SuiteRunner.runSequentially(SuiteRunner.java:437)
at org.testng.SuiteRunner.privateRun(SuiteRunner.java:397)
at org.testng.SuiteRunner.run(SuiteRunner.java:336)
at org.testng.SuiteRunnerWorker.runSuite(SuiteRunnerWorker.java:52)
at org.testng.SuiteRunnerWorker.run(SuiteRunnerWorker.java:95)
at org.testng.TestNG.runSuitesSequentially(TestNG.java:1280)
at org.testng.TestNG.runSuitesLocally(TestNG.java:1200)
at org.testng.TestNG.runSuites(TestNG.java:1114)
at org.testng.TestNG.run(TestNG.java:1082)
at org.testng.remote.AbstractRemoteTestNG.run(AbstractRemoteTestNG.java:115)
at org.testng.remote.RemoteTestNG.initAndRun(RemoteTestNG.java:251)
at org.testng.remote.RemoteTestNG.main(RemoteTestNG.java:77)
]]>
    </error>
  </testcase> <!-- checkProductDetails -->
  <testcase classname="testLayer.ProductDetailsTest" name="checkProductDetails" time="17.183"/>
  <testcase classname="testLayer.ProductDetailsTest" name="checkProductDetails" time="14.688"/>
  <testcase classname="testLayer.ProductDetailsTest" name="checkProductDetails" time="20.524"/>
  <testcase classname="testLayer.ProductDetailsTest" name="checkProductDetails" time="49.398">
    <error message="Expected condition failed: waiting for element to be clickable: Proxy element for: DefaultElementLocator &#039;By.cssSelector: .mst-searchautocomplete__wrapper li&#039; (tried for 5 second(s) with 500 milliseconds interval)" type="org.openqa.selenium.TimeoutException">
      <![CDATA[org.openqa.selenium.TimeoutException: Expected condition failed: waiting for element to be clickable: Proxy element for: DefaultElementLocator 'By.cssSelector: .mst-searchautocomplete__wrapper li' (tried for 5 second(s) with 500 milliseconds interval)
at org.openqa.selenium.support.ui.WebDriverWait.timeoutException(WebDriverWait.java:84)
at org.openqa.selenium.support.ui.FluentWait.until(FluentWait.java:228)
at utilities.UtilClass.waitTillClickable(UtilClass.java:148)
at pageLayer.SearchAProduct.Search_box(SearchAProduct.java:82)
at testLayer.ProductDetailsTest.checkProductDetails(ProductDetailsTest.java:28)
at jdk.internal.reflect.GeneratedMethodAccessor9.invoke(Unknown Source)
at java.base/jdk.internal.reflect.DelegatingMethodAccessorImpl.invoke(DelegatingMethodAccessorImpl.java:43)
at java.base/java.lang.reflect.Method.invoke(Method.java:568)
at org.testng.internal.invokers.MethodInvocationHelper.invokeMethod(MethodInvocationHelper.java:139)
at org.testng.internal.invokers.TestInvoker.invokeMethod(TestInvoker.java:664)
at org.testng.internal.invokers.TestInvoker.invokeTestMethod(TestInvoker.java:227)
at org.testng.internal.invokers.MethodRunner.runInSequence(MethodRunner.java:50)
at org.testng.internal.invokers.TestInvoker$MethodInvocationAgent.invoke(TestInvoker.java:957)
at org.testng.internal.invokers.TestInvoker.invokeTestMethods(TestInvoker.java:200)
at org.testng.internal.invokers.TestMethodWorker.invokeTestMethods(TestMethodWorker.java:148)
at org.testng.internal.invokers.TestMethodWorker.run(TestMethodWorker.java:128)
at java.base/java.util.ArrayList.forEach(ArrayList.java:1511)
at org.testng.TestRunner.privateRun(TestRunner.java:848)
at org.testng.TestRunner.run(TestRunner.java:621)
at org.testng.SuiteRunner.runTest(SuiteRunner.java:443)
at org.testng.SuiteRunner.runSequentially(SuiteRunner.java:437)
at org.testng.SuiteRunner.privateRun(SuiteRunner.java:397)
at org.testng.SuiteRunner.run(SuiteRunner.java:336)
at org.testng.SuiteRunnerWorker.runSuite(SuiteRunnerWorker.java:52)
at org.testng.SuiteRunnerWorker.run(SuiteRunnerWorker.java:95)
at org.testng.TestNG.runSuitesSequentially(TestNG.java:1280)
at org.testng.TestNG.runSuitesLocally(TestNG.java:1200)
at org.testng.TestNG.runSuites(TestNG.java:1114)
at org.testng.TestNG.run(TestNG.java:1082)
at org.testng.remote.AbstractRemoteTestNG.run(AbstractRemoteTestNG.java:115)
at org.testng.remote.RemoteTestNG.initAndRun(RemoteTestNG.java:251)
at org.testng.remote.RemoteTestNG.main(RemoteTestNG.java:77)
Caused by: org.openqa.selenium.NoSuchElementException: no such element: Unable to locate element: {"method":"css selector","selector":".mst-searchautocomplete__wrapper li"}
  (Session info: chrome-headless-shell=124.0.6367.119)
For documentation on this error, please visit: https://www.selenium.dev/documentation/webdriver/troubleshooting/errors#no-such-element-exception
Build info: version: '4.19.1', revision: 'abe0ee07dc'
System info: os.name: 'Windows 10', os.arch: 'amd64', os.version: '10.0', java.version: '17.0.7'
Driver info: org.openqa.selenium.chrome.ChromeDriver
Command: [c8d7dc784eaa0080c18ff7854bec3505, findElement {value=.mst-searchautocomplete__wrapper li, using=css selector}]
Capabilities {acceptInsecureCerts: false, browserName: chrome-headless-shell, browserVersion: 124.0.6367.119, chrome: {chromedriverVersion: 124.0.6367.91 (51df0e5e17a8..., userDataDir: C:\Users\Admin\AppData\Loca...}, fedcm:accounts: true, goog:chromeOptions: {debuggerAddress: localhost:57762}, networkConnectionEnabled: false, pageLoadStrategy: normal, platformName: windows, proxy: Proxy(), se:cdp: ws://localhost:57762/devtoo..., se:cdpVersion: 124.0.6367.119, setWindowRect: true, strictFileInteractability: false, timeouts: {implicit: 0, pageLoad: 300000, script: 30000}, unhandledPromptBehavior: dismiss and notify, webauthn:extension:credBlob: true, webauthn:extension:largeBlob: true, webauthn:extension:minPinLength: true, webauthn:extension:prf: true, webauthn:virtualAuthenticators: true}
Session ID: c8d7dc784eaa0080c18ff7854bec3505
at java.base/jdk.internal.reflect.NativeConstructorAccessorImpl.newInstance0(Native Method)
at java.base/jdk.internal.reflect.NativeConstructorAccessorImpl.newInstance(NativeConstructorAccessorImpl.java:77)
at java.base/jdk.internal.reflect.DelegatingConstructorAccessorImpl.newInstance(DelegatingConstructorAccessorImpl.java:45)
at java.base/java.lang.reflect.Constructor.newInstanceWithCaller(Constructor.java:499)
at java.base/java.lang.reflect.Constructor.newInstance(Constructor.java:480)
at org.openqa.selenium.remote.ErrorCodec.decode(ErrorCodec.java:167)
at org.openqa.selenium.remote.codec.w3c.W3CHttpResponseCodec.decode(W3CHttpResponseCodec.java:138)
at org.openqa.selenium.remote.codec.w3c.W3CHttpResponseCodec.decode(W3CHttpResponseCodec.java:50)
at org.openqa.selenium.remote.HttpCommandExecutor.execute(HttpCommandExecutor.java:190)
at org.openqa.selenium.remote.service.DriverCommandExecutor.invokeExecute(DriverCommandExecutor.java:216)
at org.openqa.selenium.remote.service.DriverCommandExecutor.execute(DriverCommandExecutor.java:174)
at org.openqa.selenium.remote.RemoteWebDriver.execute(RemoteWebDriver.java:518)
at org.openqa.selenium.remote.ElementLocation$ElementFinder$2.findElement(ElementLocation.java:165)
at org.openqa.selenium.remote.ElementLocation.findElement(ElementLocation.java:59)
at org.openqa.selenium.remote.RemoteWebDriver.findElement(RemoteWebDriver.java:355)
at org.openqa.selenium.remote.RemoteWebDriver.findElement(RemoteWebDriver.java:349)
at org.openqa.selenium.support.pagefactory.DefaultElementLocator.findElement(DefaultElementLocator.java:68)
at org.openqa.selenium.support.pagefactory.internal.LocatingElementHandler.invoke(LocatingElementHandler.java:38)
at jdk.proxy2/jdk.proxy2.$Proxy16.isDisplayed(Unknown Source)
at org.openqa.selenium.support.ui.ExpectedConditions.elementIfVisible(ExpectedConditions.java:304)
at org.openqa.selenium.support.ui.ExpectedConditions$10.apply(ExpectedConditions.java:290)
at org.openqa.selenium.support.ui.ExpectedConditions$10.apply(ExpectedConditions.java:287)
at org.openqa.selenium.support.ui.ExpectedConditions$23.apply(ExpectedConditions.java:656)
at org.openqa.selenium.support.ui.ExpectedConditions$23.apply(ExpectedConditions.java:652)
at org.openqa.selenium.support.ui.FluentWait.until(FluentWait.java:203)
... 30 more
]]>
    </error>
  </testcase> <!-- checkProductDetails -->
  <testcase classname="testLayer.ProductDetailsTest" name="checkProductDetails" time="14.538"/>
  <testcase classname="testLayer.ProductDetailsTest" name="checkProductDetails" time="15.223"/>
  <testcase classname="testLayer.ProductDetailsTest" name="checkProductDetails" time="15.640"/>
  <testcase classname="testLayer.ProductDetailsTest" name="checkProductDetails" time="17.247"/>
  <testcase classname="testLayer.ProductDetailsTest" name="checkProductDetails" time="14.732"/>
  <testcase classname="testLayer.ProductDetailsTest" name="checkProductDetails" time="17.424"/>
  <testcase classname="testLayer.ProductDetailsTest" name="checkProductDetails" time="16.051"/>
  <testcase classname="testLayer.ProductDetailsTest" name="checkProductDetails" time="15.716"/>
  <testcase classname="testLayer.ProductDetailsTest" name="checkProductDetails" time="17.621"/>
  <testcase classname="testLayer.ProductDetailsTest" name="checkProductDetails" time="15.581"/>
  <testcase classname="testLayer.ProductDetailsTest" name="checkProductDetails" time="15.442"/>
  <testcase classname="testLayer.ProductDetailsTest" name="checkProductDetails" time="16.443"/>
  <testcase classname="testLayer.ProductDetailsTest" name="checkProductDetails" time="15.409"/>
  <testcase classname="testLayer.ProductDetailsTest" name="checkProductDetails" time="15.389"/>
  <testcase classname="testLayer.ProductDetailsTest" name="checkProductDetails" time="13.498"/>
  <testcase classname="testLayer.ProductDetailsTest" name="checkProductDetails" time="20.582"/>
  <testcase classname="testLayer.ProductDetailsTest" name="checkProductDetails" time="15.982"/>
  <testcase classname="testLayer.ProductDetailsTest" name="checkProductDetails" time="18.418"/>
  <testcase classname="testLayer.ProductDetailsTest" name="checkProductDetails" time="16.363"/>
  <testcase classname="testLayer.ProductDetailsTest" name="checkProductDetails" time="18.889"/>
  <testcase classname="testLayer.ProductDetailsTest" name="checkProductDetails" time="33.031"/>
  <testcase classname="testLayer.ProductDetailsTest" name="checkProductDetails" time="28.739">
    <error message="no such element: Unable to locate element: {&quot;method&quot;:&quot;css selector&quot;,&quot;selector&quot;:&quot;.mst-searchautocomplete__wrapper li&quot;}
  (Session info: chrome-headless-shell=124.0.6367.119)
For documentation on this error, please visit: https://www.selenium.dev/documentation/webdriver/troubleshooting/errors#no-such-element-exception
Build info: version: &#039;4.19.1&#039;, revision: &#039;abe0ee07dc&#039;
System info: os.name: &#039;Windows 10&#039;, os.arch: &#039;amd64&#039;, os.version: &#039;10.0&#039;, java.version: &#039;17.0.7&#039;
Driver info: org.openqa.selenium.chrome.ChromeDriver
Command: [8a8419c5c20b1f9dd51c477a8831c4a3, findElement {value=.mst-searchautocomplete__wrapper li, using=css selector}]
Capabilities {acceptInsecureCerts: false, browserName: chrome-headless-shell, browserVersion: 124.0.6367.119, chrome: {chromedriverVersion: 124.0.6367.91 (51df0e5e17a8..., userDataDir: C:\Users\Admin\AppData\Loca...}, fedcm:accounts: true, goog:chromeOptions: {debuggerAddress: localhost:59115}, networkConnectionEnabled: false, pageLoadStrategy: normal, platformName: windows, proxy: Proxy(), se:cdp: ws://localhost:59115/devtoo..., se:cdpVersion: 124.0.6367.119, setWindowRect: true, strictFileInteractability: false, timeouts: {implicit: 0, pageLoad: 300000, script: 30000}, unhandledPromptBehavior: dismiss and notify, webauthn:extension:credBlob: true, webauthn:extension:largeBlob: true, webauthn:extension:minPinLength: true, webauthn:extension:prf: true, webauthn:virtualAuthenticators: true}
Session ID: 8a8419c5c20b1f9dd51c477a8831c4a3" type="org.openqa.selenium.NoSuchElementException">
      <![CDATA[org.openqa.selenium.NoSuchElementException: no such element: Unable to locate element: {"method":"css selector","selector":".mst-searchautocomplete__wrapper li"}
  (Session info: chrome-headless-shell=124.0.6367.119)
For documentation on this error, please visit: https://www.selenium.dev/documentation/webdriver/troubleshooting/errors#no-such-element-exception
Build info: version: '4.19.1', revision: 'abe0ee07dc'
System info: os.name: 'Windows 10', os.arch: 'amd64', os.version: '10.0', java.version: '17.0.7'
Driver info: org.openqa.selenium.chrome.ChromeDriver
Command: [8a8419c5c20b1f9dd51c477a8831c4a3, findElement {value=.mst-searchautocomplete__wrapper li, using=css selector}]
Capabilities {acceptInsecureCerts: false, browserName: chrome-headless-shell, browserVersion: 124.0.6367.119, chrome: {chromedriverVersion: 124.0.6367.91 (51df0e5e17a8..., userDataDir: C:\Users\Admin\AppData\Loca...}, fedcm:accounts: true, goog:chromeOptions: {debuggerAddress: localhost:59115}, networkConnectionEnabled: false, pageLoadStrategy: normal, platformName: windows, proxy: Proxy(), se:cdp: ws://localhost:59115/devtoo..., se:cdpVersion: 124.0.6367.119, setWindowRect: true, strictFileInteractability: false, timeouts: {implicit: 0, pageLoad: 300000, script: 30000}, unhandledPromptBehavior: dismiss and notify, webauthn:extension:credBlob: true, webauthn:extension:largeBlob: true, webauthn:extension:minPinLength: true, webauthn:extension:prf: true, webauthn:virtualAuthenticators: true}
Session ID: 8a8419c5c20b1f9dd51c477a8831c4a3
at java.base/jdk.internal.reflect.NativeConstructorAccessorImpl.newInstance0(Native Method)
at java.base/jdk.internal.reflect.NativeConstructorAccessorImpl.newInstance(NativeConstructorAccessorImpl.java:77)
at java.base/jdk.internal.reflect.DelegatingConstructorAccessorImpl.newInstance(DelegatingConstructorAccessorImpl.java:45)
at java.base/java.lang.reflect.Constructor.newInstanceWithCaller(Constructor.java:499)
at java.base/java.lang.reflect.Constructor.newInstance(Constructor.java:480)
at org.openqa.selenium.remote.ErrorCodec.decode(ErrorCodec.java:167)
at org.openqa.selenium.remote.codec.w3c.W3CHttpResponseCodec.decode(W3CHttpResponseCodec.java:138)
at org.openqa.selenium.remote.codec.w3c.W3CHttpResponseCodec.decode(W3CHttpResponseCodec.java:50)
at org.openqa.selenium.remote.HttpCommandExecutor.execute(HttpCommandExecutor.java:190)
at org.openqa.selenium.remote.service.DriverCommandExecutor.invokeExecute(DriverCommandExecutor.java:216)
at org.openqa.selenium.remote.service.DriverCommandExecutor.execute(DriverCommandExecutor.java:174)
at org.openqa.selenium.remote.RemoteWebDriver.execute(RemoteWebDriver.java:518)
at org.openqa.selenium.remote.ElementLocation$ElementFinder$2.findElement(ElementLocation.java:165)
at org.openqa.selenium.remote.ElementLocation.findElement(ElementLocation.java:59)
at org.openqa.selenium.remote.RemoteWebDriver.findElement(RemoteWebDriver.java:355)
at org.openqa.selenium.remote.RemoteWebDriver.findElement(RemoteWebDriver.java:349)
at org.openqa.selenium.support.pagefactory.DefaultElementLocator.findElement(DefaultElementLocator.java:68)
at org.openqa.selenium.support.pagefactory.internal.LocatingElementHandler.invoke(LocatingElementHandler.java:38)
at jdk.proxy2/jdk.proxy2.$Proxy16.click(Unknown Source)
at pageLayer.SearchAProduct.Search_box(SearchAProduct.java:89)
at testLayer.ProductDetailsTest.checkProductDetails(ProductDetailsTest.java:28)
at jdk.internal.reflect.GeneratedMethodAccessor9.invoke(Unknown Source)
at java.base/jdk.internal.reflect.DelegatingMethodAccessorImpl.invoke(DelegatingMethodAccessorImpl.java:43)
at java.base/java.lang.reflect.Method.invoke(Method.java:568)
at org.testng.internal.invokers.MethodInvocationHelper.invokeMethod(MethodInvocationHelper.java:139)
at org.testng.internal.invokers.TestInvoker.invokeMethod(TestInvoker.java:664)
at org.testng.internal.invokers.TestInvoker.invokeTestMethod(TestInvoker.java:227)
at org.testng.internal.invokers.MethodRunner.runInSequence(MethodRunner.java:50)
at org.testng.internal.invokers.TestInvoker$MethodInvocationAgent.invoke(TestInvoker.java:957)
at org.testng.internal.invokers.TestInvoker.invokeTestMethods(TestInvoker.java:200)
at org.testng.internal.invokers.TestMethodWorker.invokeTestMethods(TestMethodWorker.java:148)
at org.testng.internal.invokers.TestMethodWorker.run(TestMethodWorker.java:128)
at java.base/java.util.ArrayList.forEach(ArrayList.java:1511)
at org.testng.TestRunner.privateRun(TestRunner.java:848)
at org.testng.TestRunner.run(TestRunner.java:621)
at org.testng.SuiteRunner.runTest(SuiteRunner.java:443)
at org.testng.SuiteRunner.runSequentially(SuiteRunner.java:437)
at org.testng.SuiteRunner.privateRun(SuiteRunner.java:397)
at org.testng.SuiteRunner.run(SuiteRunner.java:336)
at org.testng.SuiteRunnerWorker.runSuite(SuiteRunnerWorker.java:52)
at org.testng.SuiteRunnerWorker.run(SuiteRunnerWorker.java:95)
at org.testng.TestNG.runSuitesSequentially(TestNG.java:1280)
at org.testng.TestNG.runSuitesLocally(TestNG.java:1200)
at org.testng.TestNG.runSuites(TestNG.java:1114)
at org.testng.TestNG.run(TestNG.java:1082)
at org.testng.remote.AbstractRemoteTestNG.run(AbstractRemoteTestNG.java:115)
at org.testng.remote.RemoteTestNG.initAndRun(RemoteTestNG.java:251)
at org.testng.remote.RemoteTestNG.main(RemoteTestNG.java:77)
]]>
    </error>
  </testcase> <!-- checkProductDetails -->
  <testcase classname="testLayer.ProductDetailsTest" name="checkProductDetails" time="16.855"/>
  <testcase classname="testLayer.ProductDetailsTest" name="checkProductDetails" time="18.860"/>
  <testcase classname="testLayer.ProductDetailsTest" name="checkProductDetails" time="17.579"/>
  <testcase classname="testLayer.ProductDetailsTest" name="checkProductDetails" time="18.823"/>
  <testcase classname="testLayer.ProductDetailsTest" name="checkProductDetails" time="14.942"/>
  <testcase classname="testLayer.ProductDetailsTest" name="checkProductDetails" time="13.627"/>
  <testcase classname="testLayer.ProductDetailsTest" name="checkProductDetails" time="16.013"/>
  <testcase classname="testLayer.ProductDetailsTest" name="checkProductDetails" time="33.437"/>
  <testcase classname="testLayer.ProductDetailsTest" name="checkProductDetails" time="13.385"/>
  <testcase classname="testLayer.ProductDetailsTest" name="checkProductDetails" time="15.676"/>
  <testcase classname="testLayer.ProductDetailsTest" name="checkProductDetails" time="20.515"/>
  <testcase classname="testLayer.ProductDetailsTest" name="checkProductDetails" time="16.945"/>
  <testcase classname="testLayer.ProductDetailsTest" name="checkProductDetails" time="33.496"/>
  <testcase classname="testLayer.ProductDetailsTest" name="checkProductDetails" time="14.451"/>
  <testcase classname="testLayer.ProductDetailsTest" name="checkProductDetails" time="37.838"/>
  <testcase classname="testLayer.ProductDetailsTest" name="checkProductDetails" time="41.087"/>
  <testcase classname="testLayer.ProductDetailsTest" name="checkProductDetails" time="18.145"/>
  <testcase classname="testLayer.ProductDetailsTest" name="checkProductDetails" time="30.374"/>
  <testcase classname="testLayer.ProductDetailsTest" name="checkProductDetails" time="16.799"/>
  <testcase classname="testLayer.ProductDetailsTest" name="checkProductDetails" time="15.935"/>
  <testcase classname="testLayer.ProductDetailsTest" name="checkProductDetails" time="17.955"/>
  <testcase classname="testLayer.ProductDetailsTest" name="checkProductDetails" time="21.557"/>
  <testcase classname="testLayer.ProductDetailsTest" name="checkProductDetails" time="14.787"/>
  <testcase classname="testLayer.ProductDetailsTest" name="checkProductDetails" time="16.011"/>
  <testcase classname="testLayer.ProductDetailsTest" name="checkProductDetails" time="96.409"/>
  <testcase classname="testLayer.ProductDetailsTest" name="checkProductDetails" time="14.504"/>
  <testcase classname="testLayer.ProductDetailsTest" name="checkProductDetails" time="15.700"/>
  <testcase classname="testLayer.ProductDetailsTest" name="checkProductDetails" time="17.179"/>
  <testcase classname="testLayer.ProductDetailsTest" name="checkProductDetails" time="18.608"/>
  <testcase classname="testLayer.ProductDetailsTest" name="checkProductDetails" time="15.383"/>
  <testcase classname="testLayer.ProductDetailsTest" name="checkProductDetails" time="21.241"/>
  <testcase classname="testLayer.ProductDetailsTest" name="checkProductDetails" time="21.256"/>
  <testcase classname="testLayer.ProductDetailsTest" name="checkProductDetails" time="15.080"/>
  <testcase classname="testLayer.ProductDetailsTest" name="checkProductDetails" time="15.889"/>
  <testcase classname="testLayer.ProductDetailsTest" name="checkProductDetails" time="102.288"/>
  <testcase classname="testLayer.ProductDetailsTest" name="checkProductDetails" time="41.818"/>
  <testcase classname="testLayer.ProductDetailsTest" name="checkProductDetails" time="17.716"/>
  <testcase classname="testLayer.ProductDetailsTest" name="checkProductDetails" time="15.389"/>
  <testcase classname="testLayer.ProductDetailsTest" name="checkProductDetails" time="14.640"/>
  <testcase classname="testLayer.ProductDetailsTest" name="checkProductDetails" time="20.519"/>
  <testcase classname="testLayer.ProductDetailsTest" name="checkProductDetails" time="16.297"/>
  <testcase classname="testLayer.ProductDetailsTest" name="checkProductDetails" time="26.805"/>
  <testcase classname="testLayer.ProductDetailsTest" name="checkProductDetails" time="28.915"/>
  <testcase classname="testLayer.ProductDetailsTest" name="checkProductDetails" time="38.061"/>
  <testcase classname="testLayer.ProductDetailsTest" name="checkProductDetails" time="16.545"/>
  <testcase classname="testLayer.ProductDetailsTest" name="checkProductDetails" time="17.123"/>
  <testcase classname="testLayer.ProductDetailsTest" name="checkProductDetails" time="20.566"/>
  <testcase classname="testLayer.ProductDetailsTest" name="checkProductDetails" time="24.850"/>
  <testcase classname="testLayer.ProductDetailsTest" name="checkProductDetails" time="17.862"/>
  <testcase classname="testLayer.ProductDetailsTest" name="checkProductDetails" time="17.911"/>
  <testcase classname="testLayer.ProductDetailsTest" name="checkProductDetails" time="16.638"/>
  <testcase classname="testLayer.ProductDetailsTest" name="checkProductDetails" time="19.289"/>
  <testcase classname="testLayer.ProductDetailsTest" name="checkProductDetails" time="16.192"/>
  <testcase classname="testLayer.ProductDetailsTest" name="checkProductDetails" time="16.228"/>
  <testcase classname="testLayer.ProductDetailsTest" name="checkProductDetails" time="15.743"/>
  <testcase classname="testLayer.ProductDetailsTest" name="checkProductDetails" time="17.931"/>
  <testcase classname="testLayer.ProductDetailsTest" name="checkProductDetails" time="33.192"/>
  <testcase classname="testLayer.ProductDetailsTest" name="checkProductDetails" time="17.267"/>
  <testcase classname="testLayer.ProductDetailsTest" name="checkProductDetails" time="14.123"/>
  <testcase classname="testLayer.ProductDetailsTest" name="checkProductDetails" time="16.437"/>
  <testcase classname="testLayer.ProductDetailsTest" name="checkProductDetails" time="14.735"/>
  <testcase classname="testLayer.ProductDetailsTest" name="checkProductDetails" time="16.663"/>
  <testcase classname="testLayer.ProductDetailsTest" name="checkProductDetails" time="18.116"/>
  <testcase classname="testLayer.ProductDetailsTest" name="checkProductDetails" time="17.602"/>
  <testcase classname="testLayer.ProductDetailsTest" name="checkProductDetails" time="8.078">
    <error message="stale element reference: stale element not found in the current frame
  (Session info: chrome-headless-shell=124.0.6367.119)
For documentation on this error, please visit: https://www.selenium.dev/documentation/webdriver/troubleshooting/errors#stale-element-reference-exception
Build info: version: &#039;4.19.1&#039;, revision: &#039;abe0ee07dc&#039;
System info: os.name: &#039;Windows 10&#039;, os.arch: &#039;amd64&#039;, os.version: &#039;10.0&#039;, java.version: &#039;17.0.7&#039;
Driver info: org.openqa.selenium.chrome.ChromeDriver
Command: [f048b1fde45807ae748861df4557f61f, isElementDisplayed {id=f.AFC2C8FFDDA67776A41CB2F542380C75.d.237475AB9747E1D6938ED17CFD3C097F.e.64}]
Capabilities {acceptInsecureCerts: false, browserName: chrome-headless-shell, browserVersion: 124.0.6367.119, chrome: {chromedriverVersion: 124.0.6367.91 (51df0e5e17a8..., userDataDir: C:\Users\Admin\AppData\Loca...}, fedcm:accounts: true, goog:chromeOptions: {debuggerAddress: localhost:61819}, networkConnectionEnabled: false, pageLoadStrategy: normal, platformName: windows, proxy: Proxy(), se:cdp: ws://localhost:61819/devtoo..., se:cdpVersion: 124.0.6367.119, setWindowRect: true, strictFileInteractability: false, timeouts: {implicit: 0, pageLoad: 300000, script: 30000}, unhandledPromptBehavior: dismiss and notify, webauthn:extension:credBlob: true, webauthn:extension:largeBlob: true, webauthn:extension:minPinLength: true, webauthn:extension:prf: true, webauthn:virtualAuthenticators: true}
Element: [[ChromeDriver: chrome-headless-shell on windows (f048b1fde45807ae748861df4557f61f)] -&gt; css selector: .mst-searchautocomplete__wrapper li]
Session ID: f048b1fde45807ae748861df4557f61f" type="org.openqa.selenium.StaleElementReferenceException">
      <![CDATA[org.openqa.selenium.StaleElementReferenceException: stale element reference: stale element not found in the current frame
  (Session info: chrome-headless-shell=124.0.6367.119)
For documentation on this error, please visit: https://www.selenium.dev/documentation/webdriver/troubleshooting/errors#stale-element-reference-exception
Build info: version: '4.19.1', revision: 'abe0ee07dc'
System info: os.name: 'Windows 10', os.arch: 'amd64', os.version: '10.0', java.version: '17.0.7'
Driver info: org.openqa.selenium.chrome.ChromeDriver
Command: [f048b1fde45807ae748861df4557f61f, isElementDisplayed {id=f.AFC2C8FFDDA67776A41CB2F542380C75.d.237475AB9747E1D6938ED17CFD3C097F.e.64}]
Capabilities {acceptInsecureCerts: false, browserName: chrome-headless-shell, browserVersion: 124.0.6367.119, chrome: {chromedriverVersion: 124.0.6367.91 (51df0e5e17a8..., userDataDir: C:\Users\Admin\AppData\Loca...}, fedcm:accounts: true, goog:chromeOptions: {debuggerAddress: localhost:61819}, networkConnectionEnabled: false, pageLoadStrategy: normal, platformName: windows, proxy: Proxy(), se:cdp: ws://localhost:61819/devtoo..., se:cdpVersion: 124.0.6367.119, setWindowRect: true, strictFileInteractability: false, timeouts: {implicit: 0, pageLoad: 300000, script: 30000}, unhandledPromptBehavior: dismiss and notify, webauthn:extension:credBlob: true, webauthn:extension:largeBlob: true, webauthn:extension:minPinLength: true, webauthn:extension:prf: true, webauthn:virtualAuthenticators: true}
Element: [[ChromeDriver: chrome-headless-shell on windows (f048b1fde45807ae748861df4557f61f)] -> css selector: .mst-searchautocomplete__wrapper li]
Session ID: f048b1fde45807ae748861df4557f61f
at java.base/jdk.internal.reflect.NativeConstructorAccessorImpl.newInstance0(Native Method)
at java.base/jdk.internal.reflect.NativeConstructorAccessorImpl.newInstance(NativeConstructorAccessorImpl.java:77)
at java.base/jdk.internal.reflect.DelegatingConstructorAccessorImpl.newInstance(DelegatingConstructorAccessorImpl.java:45)
at java.base/java.lang.reflect.Constructor.newInstanceWithCaller(Constructor.java:499)
at java.base/java.lang.reflect.Constructor.newInstance(Constructor.java:480)
at org.openqa.selenium.remote.ErrorCodec.decode(ErrorCodec.java:167)
at org.openqa.selenium.remote.codec.w3c.W3CHttpResponseCodec.decode(W3CHttpResponseCodec.java:138)
at org.openqa.selenium.remote.codec.w3c.W3CHttpResponseCodec.decode(W3CHttpResponseCodec.java:50)
at org.openqa.selenium.remote.HttpCommandExecutor.execute(HttpCommandExecutor.java:190)
at org.openqa.selenium.remote.service.DriverCommandExecutor.invokeExecute(DriverCommandExecutor.java:216)
at org.openqa.selenium.remote.service.DriverCommandExecutor.execute(DriverCommandExecutor.java:174)
at org.openqa.selenium.remote.RemoteWebDriver.execute(RemoteWebDriver.java:518)
at org.openqa.selenium.remote.RemoteWebElement.execute(RemoteWebElement.java:223)
at org.openqa.selenium.remote.RemoteWebElement.isDisplayed(RemoteWebElement.java:282)
at jdk.internal.reflect.GeneratedMethodAccessor11.invoke(Unknown Source)
at java.base/jdk.internal.reflect.DelegatingMethodAccessorImpl.invoke(DelegatingMethodAccessorImpl.java:43)
at java.base/java.lang.reflect.Method.invoke(Method.java:568)
at org.openqa.selenium.support.pagefactory.internal.LocatingElementHandler.invoke(LocatingElementHandler.java:51)
at jdk.proxy2/jdk.proxy2.$Proxy16.isDisplayed(Unknown Source)
at org.openqa.selenium.support.ui.ExpectedConditions.elementIfVisible(ExpectedConditions.java:304)
at org.openqa.selenium.support.ui.ExpectedConditions$10.apply(ExpectedConditions.java:290)
at org.openqa.selenium.support.ui.ExpectedConditions$10.apply(ExpectedConditions.java:287)
at org.openqa.selenium.support.ui.ExpectedConditions$23.apply(ExpectedConditions.java:656)
at org.openqa.selenium.support.ui.ExpectedConditions$23.apply(ExpectedConditions.java:652)
at org.openqa.selenium.support.ui.FluentWait.until(FluentWait.java:203)
at utilities.UtilClass.waitTillClickable(UtilClass.java:148)
at pageLayer.SearchAProduct.Search_box(SearchAProduct.java:82)
at testLayer.ProductDetailsTest.checkProductDetails(ProductDetailsTest.java:28)
at jdk.internal.reflect.GeneratedMethodAccessor9.invoke(Unknown Source)
at java.base/jdk.internal.reflect.DelegatingMethodAccessorImpl.invoke(DelegatingMethodAccessorImpl.java:43)
at java.base/java.lang.reflect.Method.invoke(Method.java:568)
at org.testng.internal.invokers.MethodInvocationHelper.invokeMethod(MethodInvocationHelper.java:139)
at org.testng.internal.invokers.TestInvoker.invokeMethod(TestInvoker.java:664)
at org.testng.internal.invokers.TestInvoker.invokeTestMethod(TestInvoker.java:227)
at org.testng.internal.invokers.MethodRunner.runInSequence(MethodRunner.java:50)
at org.testng.internal.invokers.TestInvoker$MethodInvocationAgent.invoke(TestInvoker.java:957)
at org.testng.internal.invokers.TestInvoker.invokeTestMethods(TestInvoker.java:200)
at org.testng.internal.invokers.TestMethodWorker.invokeTestMethods(TestMethodWorker.java:148)
at org.testng.internal.invokers.TestMethodWorker.run(TestMethodWorker.java:128)
at java.base/java.util.ArrayList.forEach(ArrayList.java:1511)
at org.testng.TestRunner.privateRun(TestRunner.java:848)
at org.testng.TestRunner.run(TestRunner.java:621)
at org.testng.SuiteRunner.runTest(SuiteRunner.java:443)
at org.testng.SuiteRunner.runSequentially(SuiteRunner.java:437)
at org.testng.SuiteRunner.privateRun(SuiteRunner.java:397)
at org.testng.SuiteRunner.run(SuiteRunner.java:336)
at org.testng.SuiteRunnerWorker.runSuite(SuiteRunnerWorker.java:52)
at org.testng.SuiteRunnerWorker.run(SuiteRunnerWorker.java:95)
at org.testng.TestNG.runSuitesSequentially(TestNG.java:1280)
at org.testng.TestNG.runSuitesLocally(TestNG.java:1200)
at org.testng.TestNG.runSuites(TestNG.java:1114)
at org.testng.TestNG.run(TestNG.java:1082)
at org.testng.remote.AbstractRemoteTestNG.run(AbstractRemoteTestNG.java:115)
at org.testng.remote.RemoteTestNG.initAndRun(RemoteTestNG.java:251)
at org.testng.remote.RemoteTestNG.main(RemoteTestNG.java:77)
]]>
    </error>
  </testcase> <!-- checkProductDetails -->
  <testcase classname="testLayer.ProductDetailsTest" name="checkProductDetails" time="24.723"/>
  <testcase classname="testLayer.ProductDetailsTest" name="checkProductDetails" time="15.411"/>
  <testcase classname="testLayer.ProductDetailsTest" name="checkProductDetails" time="13.605"/>
  <testcase classname="testLayer.ProductDetailsTest" name="checkProductDetails" time="17.929"/>
  <testcase classname="testLayer.ProductDetailsTest" name="checkProductDetails" time="22.869"/>
  <testcase classname="testLayer.ProductDetailsTest" name="checkProductDetails" time="20.247"/>
  <testcase classname="testLayer.ProductDetailsTest" name="checkProductDetails" time="13.037"/>
  <testcase classname="testLayer.ProductDetailsTest" name="checkProductDetails" time="21.145"/>
  <testcase classname="testLayer.ProductDetailsTest" name="checkProductDetails" time="17.718"/>
  <testcase classname="testLayer.ProductDetailsTest" name="checkProductDetails" time="13.756"/>
  <testcase classname="testLayer.ProductDetailsTest" name="checkProductDetails" time="34.706">
    <error message="no such element: Unable to locate element: {&quot;method&quot;:&quot;css selector&quot;,&quot;selector&quot;:&quot;.attributes-list [data-th=&#039;Size&#039;]&quot;}
  (Session info: chrome-headless-shell=124.0.6367.119)
For documentation on this error, please visit: https://www.selenium.dev/documentation/webdriver/troubleshooting/errors#no-such-element-exception
Build info: version: &#039;4.19.1&#039;, revision: &#039;abe0ee07dc&#039;
System info: os.name: &#039;Windows 10&#039;, os.arch: &#039;amd64&#039;, os.version: &#039;10.0&#039;, java.version: &#039;17.0.7&#039;
Driver info: org.openqa.selenium.chrome.ChromeDriver
Command: [5d791e7a25748b92313f40256b6f8798, findElement {value=.attributes-list [data-th=&#039;Size&#039;], using=css selector}]
Capabilities {acceptInsecureCerts: false, browserName: chrome-headless-shell, browserVersion: 124.0.6367.119, chrome: {chromedriverVersion: 124.0.6367.91 (51df0e5e17a8..., userDataDir: C:\Users\Admin\AppData\Loca...}, fedcm:accounts: true, goog:chromeOptions: {debuggerAddress: localhost:56242}, networkConnectionEnabled: false, pageLoadStrategy: normal, platformName: windows, proxy: Proxy(), se:cdp: ws://localhost:56242/devtoo..., se:cdpVersion: 124.0.6367.119, setWindowRect: true, strictFileInteractability: false, timeouts: {implicit: 0, pageLoad: 300000, script: 30000}, unhandledPromptBehavior: dismiss and notify, webauthn:extension:credBlob: true, webauthn:extension:largeBlob: true, webauthn:extension:minPinLength: true, webauthn:extension:prf: true, webauthn:virtualAuthenticators: true}
Session ID: 5d791e7a25748b92313f40256b6f8798" type="org.openqa.selenium.NoSuchElementException">
      <![CDATA[org.openqa.selenium.NoSuchElementException: no such element: Unable to locate element: {"method":"css selector","selector":".attributes-list [data-th='Size']"}
  (Session info: chrome-headless-shell=124.0.6367.119)
For documentation on this error, please visit: https://www.selenium.dev/documentation/webdriver/troubleshooting/errors#no-such-element-exception
Build info: version: '4.19.1', revision: 'abe0ee07dc'
System info: os.name: 'Windows 10', os.arch: 'amd64', os.version: '10.0', java.version: '17.0.7'
Driver info: org.openqa.selenium.chrome.ChromeDriver
Command: [5d791e7a25748b92313f40256b6f8798, findElement {value=.attributes-list [data-th='Size'], using=css selector}]
Capabilities {acceptInsecureCerts: false, browserName: chrome-headless-shell, browserVersion: 124.0.6367.119, chrome: {chromedriverVersion: 124.0.6367.91 (51df0e5e17a8..., userDataDir: C:\Users\Admin\AppData\Loca...}, fedcm:accounts: true, goog:chromeOptions: {debuggerAddress: localhost:56242}, networkConnectionEnabled: false, pageLoadStrategy: normal, platformName: windows, proxy: Proxy(), se:cdp: ws://localhost:56242/devtoo..., se:cdpVersion: 124.0.6367.119, setWindowRect: true, strictFileInteractability: false, timeouts: {implicit: 0, pageLoad: 300000, script: 30000}, unhandledPromptBehavior: dismiss and notify, webauthn:extension:credBlob: true, webauthn:extension:largeBlob: true, webauthn:extension:minPinLength: true, webauthn:extension:prf: true, webauthn:virtualAuthenticators: true}
Session ID: 5d791e7a25748b92313f40256b6f8798
at java.base/jdk.internal.reflect.NativeConstructorAccessorImpl.newInstance0(Native Method)
at java.base/jdk.internal.reflect.NativeConstructorAccessorImpl.newInstance(NativeConstructorAccessorImpl.java:77)
at java.base/jdk.internal.reflect.DelegatingConstructorAccessorImpl.newInstance(DelegatingConstructorAccessorImpl.java:45)
at java.base/java.lang.reflect.Constructor.newInstanceWithCaller(Constructor.java:499)
at java.base/java.lang.reflect.Constructor.newInstance(Constructor.java:480)
at org.openqa.selenium.remote.ErrorCodec.decode(ErrorCodec.java:167)
at org.openqa.selenium.remote.codec.w3c.W3CHttpResponseCodec.decode(W3CHttpResponseCodec.java:138)
at org.openqa.selenium.remote.codec.w3c.W3CHttpResponseCodec.decode(W3CHttpResponseCodec.java:50)
at org.openqa.selenium.remote.HttpCommandExecutor.execute(HttpCommandExecutor.java:190)
at org.openqa.selenium.remote.service.DriverCommandExecutor.invokeExecute(DriverCommandExecutor.java:216)
at org.openqa.selenium.remote.service.DriverCommandExecutor.execute(DriverCommandExecutor.java:174)
at org.openqa.selenium.remote.RemoteWebDriver.execute(RemoteWebDriver.java:518)
at org.openqa.selenium.remote.ElementLocation$ElementFinder$2.findElement(ElementLocation.java:165)
at org.openqa.selenium.remote.ElementLocation.findElement(ElementLocation.java:59)
at org.openqa.selenium.remote.RemoteWebDriver.findElement(RemoteWebDriver.java:355)
at org.openqa.selenium.remote.RemoteWebDriver.findElement(RemoteWebDriver.java:349)
at org.openqa.selenium.support.pagefactory.DefaultElementLocator.findElement(DefaultElementLocator.java:68)
at org.openqa.selenium.support.pagefactory.internal.LocatingElementHandler.invoke(LocatingElementHandler.java:38)
at jdk.proxy2/jdk.proxy2.$Proxy16.getText(Unknown Source)
at pageLayer.PDP_Page.get_Size_Of_product(PDP_Page.java:53)
at testLayer.ProductDetailsTest.checkProductDetails(ProductDetailsTest.java:33)
at jdk.internal.reflect.GeneratedMethodAccessor9.invoke(Unknown Source)
at java.base/jdk.internal.reflect.DelegatingMethodAccessorImpl.invoke(DelegatingMethodAccessorImpl.java:43)
at java.base/java.lang.reflect.Method.invoke(Method.java:568)
at org.testng.internal.invokers.MethodInvocationHelper.invokeMethod(MethodInvocationHelper.java:139)
at org.testng.internal.invokers.TestInvoker.invokeMethod(TestInvoker.java:664)
at org.testng.internal.invokers.TestInvoker.invokeTestMethod(TestInvoker.java:227)
at org.testng.internal.invokers.MethodRunner.runInSequence(MethodRunner.java:50)
at org.testng.internal.invokers.TestInvoker$MethodInvocationAgent.invoke(TestInvoker.java:957)
at org.testng.internal.invokers.TestInvoker.invokeTestMethods(TestInvoker.java:200)
at org.testng.internal.invokers.TestMethodWorker.invokeTestMethods(TestMethodWorker.java:148)
at org.testng.internal.invokers.TestMethodWorker.run(TestMethodWorker.java:128)
at java.base/java.util.ArrayList.forEach(ArrayList.java:1511)
at org.testng.TestRunner.privateRun(TestRunner.java:848)
at org.testng.TestRunner.run(TestRunner.java:621)
at org.testng.SuiteRunner.runTest(SuiteRunner.java:443)
at org.testng.SuiteRunner.runSequentially(SuiteRunner.java:437)
at org.testng.SuiteRunner.privateRun(SuiteRunner.java:397)
at org.testng.SuiteRunner.run(SuiteRunner.java:336)
at org.testng.SuiteRunnerWorker.runSuite(SuiteRunnerWorker.java:52)
at org.testng.SuiteRunnerWorker.run(SuiteRunnerWorker.java:95)
at org.testng.TestNG.runSuitesSequentially(TestNG.java:1280)
at org.testng.TestNG.runSuitesLocally(TestNG.java:1200)
at org.testng.TestNG.runSuites(TestNG.java:1114)
at org.testng.TestNG.run(TestNG.java:1082)
at org.testng.remote.AbstractRemoteTestNG.run(AbstractRemoteTestNG.java:115)
at org.testng.remote.RemoteTestNG.initAndRun(RemoteTestNG.java:251)
at org.testng.remote.RemoteTestNG.main(RemoteTestNG.java:77)
]]>
    </error>
  </testcase> <!-- checkProductDetails -->
  <testcase classname="testLayer.ProductDetailsTest" name="checkProductDetails" time="26.253"/>
  <testcase classname="testLayer.ProductDetailsTest" name="checkProductDetails" time="21.821"/>
  <testcase classname="testLayer.ProductDetailsTest" name="checkProductDetails" time="14.788"/>
  <testcase classname="testLayer.ProductDetailsTest" name="checkProductDetails" time="18.330"/>
  <testcase classname="testLayer.ProductDetailsTest" name="checkProductDetails" time="17.041"/>
  <testcase classname="testLayer.ProductDetailsTest" name="checkProductDetails" time="16.523"/>
  <testcase classname="testLayer.ProductDetailsTest" name="checkProductDetails" time="18.690"/>
  <testcase classname="testLayer.ProductDetailsTest" name="checkProductDetails" time="16.041"/>
  <testcase classname="testLayer.ProductDetailsTest" name="checkProductDetails" time="17.539"/>
  <testcase classname="testLayer.ProductDetailsTest" name="checkProductDetails" time="18.880"/>
  <testcase classname="testLayer.ProductDetailsTest" name="checkProductDetails" time="14.261"/>
  <testcase classname="testLayer.ProductDetailsTest" name="checkProductDetails" time="19.924"/>
  <testcase classname="testLayer.ProductDetailsTest" name="checkProductDetails" time="11.531">
    <error message="stale element reference: stale element not found in the current frame
  (Session info: chrome-headless-shell=124.0.6367.119)
For documentation on this error, please visit: https://www.selenium.dev/documentation/webdriver/troubleshooting/errors#stale-element-reference-exception
Build info: version: &#039;4.19.1&#039;, revision: &#039;abe0ee07dc&#039;
System info: os.name: &#039;Windows 10&#039;, os.arch: &#039;amd64&#039;, os.version: &#039;10.0&#039;, java.version: &#039;17.0.7&#039;
Driver info: org.openqa.selenium.chrome.ChromeDriver
Command: [e934eba397580fdf5f08ddac39130601, isElementDisplayed {id=f.8270132BFE9D2680D3151CB66ADCCEF6.d.76E7767A1F1FBC24CF563665B599B386.e.66}]
Capabilities {acceptInsecureCerts: false, browserName: chrome-headless-shell, browserVersion: 124.0.6367.119, chrome: {chromedriverVersion: 124.0.6367.91 (51df0e5e17a8..., userDataDir: C:\Users\Admin\AppData\Loca...}, fedcm:accounts: true, goog:chromeOptions: {debuggerAddress: localhost:58714}, networkConnectionEnabled: false, pageLoadStrategy: normal, platformName: windows, proxy: Proxy(), se:cdp: ws://localhost:58714/devtoo..., se:cdpVersion: 124.0.6367.119, setWindowRect: true, strictFileInteractability: false, timeouts: {implicit: 0, pageLoad: 300000, script: 30000}, unhandledPromptBehavior: dismiss and notify, webauthn:extension:credBlob: true, webauthn:extension:largeBlob: true, webauthn:extension:minPinLength: true, webauthn:extension:prf: true, webauthn:virtualAuthenticators: true}
Element: [[ChromeDriver: chrome-headless-shell on windows (e934eba397580fdf5f08ddac39130601)] -&gt; css selector: .mst-searchautocomplete__wrapper li]
Session ID: e934eba397580fdf5f08ddac39130601" type="org.openqa.selenium.StaleElementReferenceException">
      <![CDATA[org.openqa.selenium.StaleElementReferenceException: stale element reference: stale element not found in the current frame
  (Session info: chrome-headless-shell=124.0.6367.119)
For documentation on this error, please visit: https://www.selenium.dev/documentation/webdriver/troubleshooting/errors#stale-element-reference-exception
Build info: version: '4.19.1', revision: 'abe0ee07dc'
System info: os.name: 'Windows 10', os.arch: 'amd64', os.version: '10.0', java.version: '17.0.7'
Driver info: org.openqa.selenium.chrome.ChromeDriver
Command: [e934eba397580fdf5f08ddac39130601, isElementDisplayed {id=f.8270132BFE9D2680D3151CB66ADCCEF6.d.76E7767A1F1FBC24CF563665B599B386.e.66}]
Capabilities {acceptInsecureCerts: false, browserName: chrome-headless-shell, browserVersion: 124.0.6367.119, chrome: {chromedriverVersion: 124.0.6367.91 (51df0e5e17a8..., userDataDir: C:\Users\Admin\AppData\Loca...}, fedcm:accounts: true, goog:chromeOptions: {debuggerAddress: localhost:58714}, networkConnectionEnabled: false, pageLoadStrategy: normal, platformName: windows, proxy: Proxy(), se:cdp: ws://localhost:58714/devtoo..., se:cdpVersion: 124.0.6367.119, setWindowRect: true, strictFileInteractability: false, timeouts: {implicit: 0, pageLoad: 300000, script: 30000}, unhandledPromptBehavior: dismiss and notify, webauthn:extension:credBlob: true, webauthn:extension:largeBlob: true, webauthn:extension:minPinLength: true, webauthn:extension:prf: true, webauthn:virtualAuthenticators: true}
Element: [[ChromeDriver: chrome-headless-shell on windows (e934eba397580fdf5f08ddac39130601)] -> css selector: .mst-searchautocomplete__wrapper li]
Session ID: e934eba397580fdf5f08ddac39130601
at java.base/jdk.internal.reflect.NativeConstructorAccessorImpl.newInstance0(Native Method)
at java.base/jdk.internal.reflect.NativeConstructorAccessorImpl.newInstance(NativeConstructorAccessorImpl.java:77)
at java.base/jdk.internal.reflect.DelegatingConstructorAccessorImpl.newInstance(DelegatingConstructorAccessorImpl.java:45)
at java.base/java.lang.reflect.Constructor.newInstanceWithCaller(Constructor.java:499)
at java.base/java.lang.reflect.Constructor.newInstance(Constructor.java:480)
at org.openqa.selenium.remote.ErrorCodec.decode(ErrorCodec.java:167)
at org.openqa.selenium.remote.codec.w3c.W3CHttpResponseCodec.decode(W3CHttpResponseCodec.java:138)
at org.openqa.selenium.remote.codec.w3c.W3CHttpResponseCodec.decode(W3CHttpResponseCodec.java:50)
at org.openqa.selenium.remote.HttpCommandExecutor.execute(HttpCommandExecutor.java:190)
at org.openqa.selenium.remote.service.DriverCommandExecutor.invokeExecute(DriverCommandExecutor.java:216)
at org.openqa.selenium.remote.service.DriverCommandExecutor.execute(DriverCommandExecutor.java:174)
at org.openqa.selenium.remote.RemoteWebDriver.execute(RemoteWebDriver.java:518)
at org.openqa.selenium.remote.RemoteWebElement.execute(RemoteWebElement.java:223)
at org.openqa.selenium.remote.RemoteWebElement.isDisplayed(RemoteWebElement.java:282)
at jdk.internal.reflect.GeneratedMethodAccessor11.invoke(Unknown Source)
at java.base/jdk.internal.reflect.DelegatingMethodAccessorImpl.invoke(DelegatingMethodAccessorImpl.java:43)
at java.base/java.lang.reflect.Method.invoke(Method.java:568)
at org.openqa.selenium.support.pagefactory.internal.LocatingElementHandler.invoke(LocatingElementHandler.java:51)
at jdk.proxy2/jdk.proxy2.$Proxy16.isDisplayed(Unknown Source)
at org.openqa.selenium.support.ui.ExpectedConditions.elementIfVisible(ExpectedConditions.java:304)
at org.openqa.selenium.support.ui.ExpectedConditions$10.apply(ExpectedConditions.java:290)
at org.openqa.selenium.support.ui.ExpectedConditions$10.apply(ExpectedConditions.java:287)
at org.openqa.selenium.support.ui.ExpectedConditions$23.apply(ExpectedConditions.java:656)
at org.openqa.selenium.support.ui.ExpectedConditions$23.apply(ExpectedConditions.java:652)
at org.openqa.selenium.support.ui.FluentWait.until(FluentWait.java:203)
at utilities.UtilClass.waitTillClickable(UtilClass.java:148)
at pageLayer.SearchAProduct.Search_box(SearchAProduct.java:82)
at testLayer.ProductDetailsTest.checkProductDetails(ProductDetailsTest.java:28)
at jdk.internal.reflect.GeneratedMethodAccessor9.invoke(Unknown Source)
at java.base/jdk.internal.reflect.DelegatingMethodAccessorImpl.invoke(DelegatingMethodAccessorImpl.java:43)
at java.base/java.lang.reflect.Method.invoke(Method.java:568)
at org.testng.internal.invokers.MethodInvocationHelper.invokeMethod(MethodInvocationHelper.java:139)
at org.testng.internal.invokers.TestInvoker.invokeMethod(TestInvoker.java:664)
at org.testng.internal.invokers.TestInvoker.invokeTestMethod(TestInvoker.java:227)
at org.testng.internal.invokers.MethodRunner.runInSequence(MethodRunner.java:50)
at org.testng.internal.invokers.TestInvoker$MethodInvocationAgent.invoke(TestInvoker.java:957)
at org.testng.internal.invokers.TestInvoker.invokeTestMethods(TestInvoker.java:200)
at org.testng.internal.invokers.TestMethodWorker.invokeTestMethods(TestMethodWorker.java:148)
at org.testng.internal.invokers.TestMethodWorker.run(TestMethodWorker.java:128)
at java.base/java.util.ArrayList.forEach(ArrayList.java:1511)
at org.testng.TestRunner.privateRun(TestRunner.java:848)
at org.testng.TestRunner.run(TestRunner.java:621)
at org.testng.SuiteRunner.runTest(SuiteRunner.java:443)
at org.testng.SuiteRunner.runSequentially(SuiteRunner.java:437)
at org.testng.SuiteRunner.privateRun(SuiteRunner.java:397)
at org.testng.SuiteRunner.run(SuiteRunner.java:336)
at org.testng.SuiteRunnerWorker.runSuite(SuiteRunnerWorker.java:52)
at org.testng.SuiteRunnerWorker.run(SuiteRunnerWorker.java:95)
at org.testng.TestNG.runSuitesSequentially(TestNG.java:1280)
at org.testng.TestNG.runSuitesLocally(TestNG.java:1200)
at org.testng.TestNG.runSuites(TestNG.java:1114)
at org.testng.TestNG.run(TestNG.java:1082)
at org.testng.remote.AbstractRemoteTestNG.run(AbstractRemoteTestNG.java:115)
at org.testng.remote.RemoteTestNG.initAndRun(RemoteTestNG.java:251)
at org.testng.remote.RemoteTestNG.main(RemoteTestNG.java:77)
]]>
    </error>
  </testcase> <!-- checkProductDetails -->
  <testcase classname="testLayer.ProductDetailsTest" name="checkProductDetails" time="19.205"/>
  <testcase classname="testLayer.ProductDetailsTest" name="checkProductDetails" time="16.474"/>
  <testcase classname="testLayer.ProductDetailsTest" name="checkProductDetails" time="18.837"/>
  <testcase classname="testLayer.ProductDetailsTest" name="checkProductDetails" time="16.055"/>
  <testcase classname="testLayer.ProductDetailsTest" name="checkProductDetails" time="17.935"/>
  <testcase classname="testLayer.ProductDetailsTest" name="checkProductDetails" time="16.046"/>
  <testcase classname="testLayer.ProductDetailsTest" name="checkProductDetails" time="16.519"/>
  <testcase classname="testLayer.ProductDetailsTest" name="checkProductDetails" time="6.841">
    <error message="stale element reference: stale element not found in the current frame
  (Session info: chrome-headless-shell=124.0.6367.119)
For documentation on this error, please visit: https://www.selenium.dev/documentation/webdriver/troubleshooting/errors#stale-element-reference-exception
Build info: version: &#039;4.19.1&#039;, revision: &#039;abe0ee07dc&#039;
System info: os.name: &#039;Windows 10&#039;, os.arch: &#039;amd64&#039;, os.version: &#039;10.0&#039;, java.version: &#039;17.0.7&#039;
Driver info: org.openqa.selenium.chrome.ChromeDriver
Command: [c7d7491c42e1408f67be4749f0696869, isElementDisplayed {id=f.31778D75FB45FEF339317B1F369150DF.d.6EEC97286F145089784AA56CF3A8C1BF.e.70}]
Capabilities {acceptInsecureCerts: false, browserName: chrome-headless-shell, browserVersion: 124.0.6367.119, chrome: {chromedriverVersion: 124.0.6367.91 (51df0e5e17a8..., userDataDir: C:\Users\Admin\AppData\Loca...}, fedcm:accounts: true, goog:chromeOptions: {debuggerAddress: localhost:59640}, networkConnectionEnabled: false, pageLoadStrategy: normal, platformName: windows, proxy: Proxy(), se:cdp: ws://localhost:59640/devtoo..., se:cdpVersion: 124.0.6367.119, setWindowRect: true, strictFileInteractability: false, timeouts: {implicit: 0, pageLoad: 300000, script: 30000}, unhandledPromptBehavior: dismiss and notify, webauthn:extension:credBlob: true, webauthn:extension:largeBlob: true, webauthn:extension:minPinLength: true, webauthn:extension:prf: true, webauthn:virtualAuthenticators: true}
Element: [[ChromeDriver: chrome-headless-shell on windows (c7d7491c42e1408f67be4749f0696869)] -&gt; css selector: .mst-searchautocomplete__wrapper li]
Session ID: c7d7491c42e1408f67be4749f0696869" type="org.openqa.selenium.StaleElementReferenceException">
      <![CDATA[org.openqa.selenium.StaleElementReferenceException: stale element reference: stale element not found in the current frame
  (Session info: chrome-headless-shell=124.0.6367.119)
For documentation on this error, please visit: https://www.selenium.dev/documentation/webdriver/troubleshooting/errors#stale-element-reference-exception
Build info: version: '4.19.1', revision: 'abe0ee07dc'
System info: os.name: 'Windows 10', os.arch: 'amd64', os.version: '10.0', java.version: '17.0.7'
Driver info: org.openqa.selenium.chrome.ChromeDriver
Command: [c7d7491c42e1408f67be4749f0696869, isElementDisplayed {id=f.31778D75FB45FEF339317B1F369150DF.d.6EEC97286F145089784AA56CF3A8C1BF.e.70}]
Capabilities {acceptInsecureCerts: false, browserName: chrome-headless-shell, browserVersion: 124.0.6367.119, chrome: {chromedriverVersion: 124.0.6367.91 (51df0e5e17a8..., userDataDir: C:\Users\Admin\AppData\Loca...}, fedcm:accounts: true, goog:chromeOptions: {debuggerAddress: localhost:59640}, networkConnectionEnabled: false, pageLoadStrategy: normal, platformName: windows, proxy: Proxy(), se:cdp: ws://localhost:59640/devtoo..., se:cdpVersion: 124.0.6367.119, setWindowRect: true, strictFileInteractability: false, timeouts: {implicit: 0, pageLoad: 300000, script: 30000}, unhandledPromptBehavior: dismiss and notify, webauthn:extension:credBlob: true, webauthn:extension:largeBlob: true, webauthn:extension:minPinLength: true, webauthn:extension:prf: true, webauthn:virtualAuthenticators: true}
Element: [[ChromeDriver: chrome-headless-shell on windows (c7d7491c42e1408f67be4749f0696869)] -> css selector: .mst-searchautocomplete__wrapper li]
Session ID: c7d7491c42e1408f67be4749f0696869
at jdk.internal.reflect.GeneratedConstructorAccessor46.newInstance(Unknown Source)
at java.base/jdk.internal.reflect.DelegatingConstructorAccessorImpl.newInstance(DelegatingConstructorAccessorImpl.java:45)
at java.base/java.lang.reflect.Constructor.newInstanceWithCaller(Constructor.java:499)
at java.base/java.lang.reflect.Constructor.newInstance(Constructor.java:480)
at org.openqa.selenium.remote.ErrorCodec.decode(ErrorCodec.java:167)
at org.openqa.selenium.remote.codec.w3c.W3CHttpResponseCodec.decode(W3CHttpResponseCodec.java:138)
at org.openqa.selenium.remote.codec.w3c.W3CHttpResponseCodec.decode(W3CHttpResponseCodec.java:50)
at org.openqa.selenium.remote.HttpCommandExecutor.execute(HttpCommandExecutor.java:190)
at org.openqa.selenium.remote.service.DriverCommandExecutor.invokeExecute(DriverCommandExecutor.java:216)
at org.openqa.selenium.remote.service.DriverCommandExecutor.execute(DriverCommandExecutor.java:174)
at org.openqa.selenium.remote.RemoteWebDriver.execute(RemoteWebDriver.java:518)
at org.openqa.selenium.remote.RemoteWebElement.execute(RemoteWebElement.java:223)
at org.openqa.selenium.remote.RemoteWebElement.isDisplayed(RemoteWebElement.java:282)
at jdk.internal.reflect.GeneratedMethodAccessor11.invoke(Unknown Source)
at java.base/jdk.internal.reflect.DelegatingMethodAccessorImpl.invoke(DelegatingMethodAccessorImpl.java:43)
at java.base/java.lang.reflect.Method.invoke(Method.java:568)
at org.openqa.selenium.support.pagefactory.internal.LocatingElementHandler.invoke(LocatingElementHandler.java:51)
at jdk.proxy2/jdk.proxy2.$Proxy16.isDisplayed(Unknown Source)
at org.openqa.selenium.support.ui.ExpectedConditions.elementIfVisible(ExpectedConditions.java:304)
at org.openqa.selenium.support.ui.ExpectedConditions$10.apply(ExpectedConditions.java:290)
at org.openqa.selenium.support.ui.ExpectedConditions$10.apply(ExpectedConditions.java:287)
at org.openqa.selenium.support.ui.ExpectedConditions$23.apply(ExpectedConditions.java:656)
at org.openqa.selenium.support.ui.ExpectedConditions$23.apply(ExpectedConditions.java:652)
at org.openqa.selenium.support.ui.FluentWait.until(FluentWait.java:203)
at utilities.UtilClass.waitTillClickable(UtilClass.java:148)
at pageLayer.SearchAProduct.Search_box(SearchAProduct.java:82)
at testLayer.ProductDetailsTest.checkProductDetails(ProductDetailsTest.java:28)
at jdk.internal.reflect.GeneratedMethodAccessor9.invoke(Unknown Source)
at java.base/jdk.internal.reflect.DelegatingMethodAccessorImpl.invoke(DelegatingMethodAccessorImpl.java:43)
at java.base/java.lang.reflect.Method.invoke(Method.java:568)
at org.testng.internal.invokers.MethodInvocationHelper.invokeMethod(MethodInvocationHelper.java:139)
at org.testng.internal.invokers.TestInvoker.invokeMethod(TestInvoker.java:664)
at org.testng.internal.invokers.TestInvoker.invokeTestMethod(TestInvoker.java:227)
at org.testng.internal.invokers.MethodRunner.runInSequence(MethodRunner.java:50)
at org.testng.internal.invokers.TestInvoker$MethodInvocationAgent.invoke(TestInvoker.java:957)
at org.testng.internal.invokers.TestInvoker.invokeTestMethods(TestInvoker.java:200)
at org.testng.internal.invokers.TestMethodWorker.invokeTestMethods(TestMethodWorker.java:148)
at org.testng.internal.invokers.TestMethodWorker.run(TestMethodWorker.java:128)
at java.base/java.util.ArrayList.forEach(ArrayList.java:1511)
at org.testng.TestRunner.privateRun(TestRunner.java:848)
at org.testng.TestRunner.run(TestRunner.java:621)
at org.testng.SuiteRunner.runTest(SuiteRunner.java:443)
at org.testng.SuiteRunner.runSequentially(SuiteRunner.java:437)
at org.testng.SuiteRunner.privateRun(SuiteRunner.java:397)
at org.testng.SuiteRunner.run(SuiteRunner.java:336)
at org.testng.SuiteRunnerWorker.runSuite(SuiteRunnerWorker.java:52)
at org.testng.SuiteRunnerWorker.run(SuiteRunnerWorker.java:95)
at org.testng.TestNG.runSuitesSequentially(TestNG.java:1280)
at org.testng.TestNG.runSuitesLocally(TestNG.java:1200)
at org.testng.TestNG.runSuites(TestNG.java:1114)
at org.testng.TestNG.run(TestNG.java:1082)
at org.testng.remote.AbstractRemoteTestNG.run(AbstractRemoteTestNG.java:115)
at org.testng.remote.RemoteTestNG.initAndRun(RemoteTestNG.java:251)
at org.testng.remote.RemoteTestNG.main(RemoteTestNG.java:77)
]]>
    </error>
  </testcase> <!-- checkProductDetails -->
  <testcase classname="testLayer.ProductDetailsTest" name="checkProductDetails" time="43.563"/>
  <testcase classname="testLayer.ProductDetailsTest" name="checkProductDetails" time="17.216"/>
  <testcase classname="testLayer.ProductDetailsTest" name="checkProductDetails" time="18.293"/>
  <testcase classname="testLayer.ProductDetailsTest" name="checkProductDetails" time="19.219"/>
  <testcase classname="testLayer.ProductDetailsTest" name="checkProductDetails" time="35.643"/>
  <testcase classname="testLayer.ProductDetailsTest" name="checkProductDetails" time="19.559"/>
  <testcase classname="testLayer.ProductDetailsTest" name="checkProductDetails" time="14.284"/>
  <testcase classname="testLayer.ProductDetailsTest" name="checkProductDetails" time="34.334">
    <error message="no such element: Unable to locate element: {&quot;method&quot;:&quot;css selector&quot;,&quot;selector&quot;:&quot;.attributes-list [data-th=&#039;Size&#039;]&quot;}
  (Session info: chrome-headless-shell=124.0.6367.119)
For documentation on this error, please visit: https://www.selenium.dev/documentation/webdriver/troubleshooting/errors#no-such-element-exception
Build info: version: &#039;4.19.1&#039;, revision: &#039;abe0ee07dc&#039;
System info: os.name: &#039;Windows 10&#039;, os.arch: &#039;amd64&#039;, os.version: &#039;10.0&#039;, java.version: &#039;17.0.7&#039;
Driver info: org.openqa.selenium.chrome.ChromeDriver
Command: [786cac42e948defb4e7a78afabca98a8, findElement {value=.attributes-list [data-th=&#039;Size&#039;], using=css selector}]
Capabilities {acceptInsecureCerts: false, browserName: chrome-headless-shell, browserVersion: 124.0.6367.119, chrome: {chromedriverVersion: 124.0.6367.91 (51df0e5e17a8..., userDataDir: C:\Users\Admin\AppData\Loca...}, fedcm:accounts: true, goog:chromeOptions: {debuggerAddress: localhost:55234}, networkConnectionEnabled: false, pageLoadStrategy: normal, platformName: windows, proxy: Proxy(), se:cdp: ws://localhost:55234/devtoo..., se:cdpVersion: 124.0.6367.119, setWindowRect: true, strictFileInteractability: false, timeouts: {implicit: 0, pageLoad: 300000, script: 30000}, unhandledPromptBehavior: dismiss and notify, webauthn:extension:credBlob: true, webauthn:extension:largeBlob: true, webauthn:extension:minPinLength: true, webauthn:extension:prf: true, webauthn:virtualAuthenticators: true}
Session ID: 786cac42e948defb4e7a78afabca98a8" type="org.openqa.selenium.NoSuchElementException">
      <![CDATA[org.openqa.selenium.NoSuchElementException: no such element: Unable to locate element: {"method":"css selector","selector":".attributes-list [data-th='Size']"}
  (Session info: chrome-headless-shell=124.0.6367.119)
For documentation on this error, please visit: https://www.selenium.dev/documentation/webdriver/troubleshooting/errors#no-such-element-exception
Build info: version: '4.19.1', revision: 'abe0ee07dc'
System info: os.name: 'Windows 10', os.arch: 'amd64', os.version: '10.0', java.version: '17.0.7'
Driver info: org.openqa.selenium.chrome.ChromeDriver
Command: [786cac42e948defb4e7a78afabca98a8, findElement {value=.attributes-list [data-th='Size'], using=css selector}]
Capabilities {acceptInsecureCerts: false, browserName: chrome-headless-shell, browserVersion: 124.0.6367.119, chrome: {chromedriverVersion: 124.0.6367.91 (51df0e5e17a8..., userDataDir: C:\Users\Admin\AppData\Loca...}, fedcm:accounts: true, goog:chromeOptions: {debuggerAddress: localhost:55234}, networkConnectionEnabled: false, pageLoadStrategy: normal, platformName: windows, proxy: Proxy(), se:cdp: ws://localhost:55234/devtoo..., se:cdpVersion: 124.0.6367.119, setWindowRect: true, strictFileInteractability: false, timeouts: {implicit: 0, pageLoad: 300000, script: 30000}, unhandledPromptBehavior: dismiss and notify, webauthn:extension:credBlob: true, webauthn:extension:largeBlob: true, webauthn:extension:minPinLength: true, webauthn:extension:prf: true, webauthn:virtualAuthenticators: true}
Session ID: 786cac42e948defb4e7a78afabca98a8
at java.base/jdk.internal.reflect.NativeConstructorAccessorImpl.newInstance0(Native Method)
at java.base/jdk.internal.reflect.NativeConstructorAccessorImpl.newInstance(NativeConstructorAccessorImpl.java:77)
at java.base/jdk.internal.reflect.DelegatingConstructorAccessorImpl.newInstance(DelegatingConstructorAccessorImpl.java:45)
at java.base/java.lang.reflect.Constructor.newInstanceWithCaller(Constructor.java:499)
at java.base/java.lang.reflect.Constructor.newInstance(Constructor.java:480)
at org.openqa.selenium.remote.ErrorCodec.decode(ErrorCodec.java:167)
at org.openqa.selenium.remote.codec.w3c.W3CHttpResponseCodec.decode(W3CHttpResponseCodec.java:138)
at org.openqa.selenium.remote.codec.w3c.W3CHttpResponseCodec.decode(W3CHttpResponseCodec.java:50)
at org.openqa.selenium.remote.HttpCommandExecutor.execute(HttpCommandExecutor.java:190)
at org.openqa.selenium.remote.service.DriverCommandExecutor.invokeExecute(DriverCommandExecutor.java:216)
at org.openqa.selenium.remote.service.DriverCommandExecutor.execute(DriverCommandExecutor.java:174)
at org.openqa.selenium.remote.RemoteWebDriver.execute(RemoteWebDriver.java:518)
at org.openqa.selenium.remote.ElementLocation$ElementFinder$2.findElement(ElementLocation.java:165)
at org.openqa.selenium.remote.ElementLocation.findElement(ElementLocation.java:59)
at org.openqa.selenium.remote.RemoteWebDriver.findElement(RemoteWebDriver.java:355)
at org.openqa.selenium.remote.RemoteWebDriver.findElement(RemoteWebDriver.java:349)
at org.openqa.selenium.support.pagefactory.DefaultElementLocator.findElement(DefaultElementLocator.java:68)
at org.openqa.selenium.support.pagefactory.internal.LocatingElementHandler.invoke(LocatingElementHandler.java:38)
at jdk.proxy2/jdk.proxy2.$Proxy16.getText(Unknown Source)
at pageLayer.PDP_Page.get_Size_Of_product(PDP_Page.java:53)
at testLayer.ProductDetailsTest.checkProductDetails(ProductDetailsTest.java:33)
at jdk.internal.reflect.GeneratedMethodAccessor9.invoke(Unknown Source)
at java.base/jdk.internal.reflect.DelegatingMethodAccessorImpl.invoke(DelegatingMethodAccessorImpl.java:43)
at java.base/java.lang.reflect.Method.invoke(Method.java:568)
at org.testng.internal.invokers.MethodInvocationHelper.invokeMethod(MethodInvocationHelper.java:139)
at org.testng.internal.invokers.TestInvoker.invokeMethod(TestInvoker.java:664)
at org.testng.internal.invokers.TestInvoker.invokeTestMethod(TestInvoker.java:227)
at org.testng.internal.invokers.MethodRunner.runInSequence(MethodRunner.java:50)
at org.testng.internal.invokers.TestInvoker$MethodInvocationAgent.invoke(TestInvoker.java:957)
at org.testng.internal.invokers.TestInvoker.invokeTestMethods(TestInvoker.java:200)
at org.testng.internal.invokers.TestMethodWorker.invokeTestMethods(TestMethodWorker.java:148)
at org.testng.internal.invokers.TestMethodWorker.run(TestMethodWorker.java:128)
at java.base/java.util.ArrayList.forEach(ArrayList.java:1511)
at org.testng.TestRunner.privateRun(TestRunner.java:848)
at org.testng.TestRunner.run(TestRunner.java:621)
at org.testng.SuiteRunner.runTest(SuiteRunner.java:443)
at org.testng.SuiteRunner.runSequentially(SuiteRunner.java:437)
at org.testng.SuiteRunner.privateRun(SuiteRunner.java:397)
at org.testng.SuiteRunner.run(SuiteRunner.java:336)
at org.testng.SuiteRunnerWorker.runSuite(SuiteRunnerWorker.java:52)
at org.testng.SuiteRunnerWorker.run(SuiteRunnerWorker.java:95)
at org.testng.TestNG.runSuitesSequentially(TestNG.java:1280)
at org.testng.TestNG.runSuitesLocally(TestNG.java:1200)
at org.testng.TestNG.runSuites(TestNG.java:1114)
at org.testng.TestNG.run(TestNG.java:1082)
at org.testng.remote.AbstractRemoteTestNG.run(AbstractRemoteTestNG.java:115)
at org.testng.remote.RemoteTestNG.initAndRun(RemoteTestNG.java:251)
at org.testng.remote.RemoteTestNG.main(RemoteTestNG.java:77)
]]>
    </error>
  </testcase> <!-- checkProductDetails -->
  <testcase classname="testLayer.ProductDetailsTest" name="checkProductDetails" time="19.417"/>
  <testcase classname="testLayer.ProductDetailsTest" name="checkProductDetails" time="15.302"/>
  <testcase classname="testLayer.ProductDetailsTest" name="checkProductDetails" time="16.752"/>
  <testcase classname="testLayer.ProductDetailsTest" name="checkProductDetails" time="17.847"/>
  <testcase classname="testLayer.ProductDetailsTest" name="checkProductDetails" time="18.659"/>
  <testcase classname="testLayer.ProductDetailsTest" name="checkProductDetails" time="22.914"/>
  <testcase classname="testLayer.ProductDetailsTest" name="checkProductDetails" time="16.940"/>
  <testcase classname="testLayer.ProductDetailsTest" name="checkProductDetails" time="16.016"/>
  <testcase classname="testLayer.ProductDetailsTest" name="checkProductDetails" time="30.038"/>
  <testcase classname="testLayer.ProductDetailsTest" name="checkProductDetails" time="14.550"/>
  <testcase classname="testLayer.ProductDetailsTest" name="checkProductDetails" time="16.884"/>
  <testcase classname="testLayer.ProductDetailsTest" name="checkProductDetails" time="21.685"/>
  <testcase classname="testLayer.ProductDetailsTest" name="checkProductDetails" time="14.923"/>
  <testcase classname="testLayer.ProductDetailsTest" name="checkProductDetails" time="14.184"/>
  <testcase classname="testLayer.ProductDetailsTest" name="checkProductDetails" time="35.535"/>
  <testcase classname="testLayer.ProductDetailsTest" name="checkProductDetails" time="34.929"/>
  <testcase classname="testLayer.ProductDetailsTest" name="checkProductDetails" time="17.113"/>
  <testcase classname="testLayer.ProductDetailsTest" name="checkProductDetails" time="16.732"/>
  <testcase classname="testLayer.ProductDetailsTest" name="checkProductDetails" time="10.179">
    <error message="stale element reference: stale element not found in the current frame
  (Session info: chrome-headless-shell=124.0.6367.119)
For documentation on this error, please visit: https://www.selenium.dev/documentation/webdriver/troubleshooting/errors#stale-element-reference-exception
Build info: version: &#039;4.19.1&#039;, revision: &#039;abe0ee07dc&#039;
System info: os.name: &#039;Windows 10&#039;, os.arch: &#039;amd64&#039;, os.version: &#039;10.0&#039;, java.version: &#039;17.0.7&#039;
Driver info: org.openqa.selenium.chrome.ChromeDriver
Command: [0dfa8f38f318ef2c4db3ee9779fab62f, isElementDisplayed {id=f.2BE16F0210FCB4CCCE0FCF09EFDDF8BE.d.5A80EDF26F96D9CBF02C86CF79417132.e.64}]
Capabilities {acceptInsecureCerts: false, browserName: chrome-headless-shell, browserVersion: 124.0.6367.119, chrome: {chromedriverVersion: 124.0.6367.91 (51df0e5e17a8..., userDataDir: C:\Users\Admin\AppData\Loca...}, fedcm:accounts: true, goog:chromeOptions: {debuggerAddress: localhost:59334}, networkConnectionEnabled: false, pageLoadStrategy: normal, platformName: windows, proxy: Proxy(), se:cdp: ws://localhost:59334/devtoo..., se:cdpVersion: 124.0.6367.119, setWindowRect: true, strictFileInteractability: false, timeouts: {implicit: 0, pageLoad: 300000, script: 30000}, unhandledPromptBehavior: dismiss and notify, webauthn:extension:credBlob: true, webauthn:extension:largeBlob: true, webauthn:extension:minPinLength: true, webauthn:extension:prf: true, webauthn:virtualAuthenticators: true}
Element: [[ChromeDriver: chrome-headless-shell on windows (0dfa8f38f318ef2c4db3ee9779fab62f)] -&gt; css selector: .mst-searchautocomplete__wrapper li]
Session ID: 0dfa8f38f318ef2c4db3ee9779fab62f" type="org.openqa.selenium.StaleElementReferenceException">
      <![CDATA[org.openqa.selenium.StaleElementReferenceException: stale element reference: stale element not found in the current frame
  (Session info: chrome-headless-shell=124.0.6367.119)
For documentation on this error, please visit: https://www.selenium.dev/documentation/webdriver/troubleshooting/errors#stale-element-reference-exception
Build info: version: '4.19.1', revision: 'abe0ee07dc'
System info: os.name: 'Windows 10', os.arch: 'amd64', os.version: '10.0', java.version: '17.0.7'
Driver info: org.openqa.selenium.chrome.ChromeDriver
Command: [0dfa8f38f318ef2c4db3ee9779fab62f, isElementDisplayed {id=f.2BE16F0210FCB4CCCE0FCF09EFDDF8BE.d.5A80EDF26F96D9CBF02C86CF79417132.e.64}]
Capabilities {acceptInsecureCerts: false, browserName: chrome-headless-shell, browserVersion: 124.0.6367.119, chrome: {chromedriverVersion: 124.0.6367.91 (51df0e5e17a8..., userDataDir: C:\Users\Admin\AppData\Loca...}, fedcm:accounts: true, goog:chromeOptions: {debuggerAddress: localhost:59334}, networkConnectionEnabled: false, pageLoadStrategy: normal, platformName: windows, proxy: Proxy(), se:cdp: ws://localhost:59334/devtoo..., se:cdpVersion: 124.0.6367.119, setWindowRect: true, strictFileInteractability: false, timeouts: {implicit: 0, pageLoad: 300000, script: 30000}, unhandledPromptBehavior: dismiss and notify, webauthn:extension:credBlob: true, webauthn:extension:largeBlob: true, webauthn:extension:minPinLength: true, webauthn:extension:prf: true, webauthn:virtualAuthenticators: true}
Element: [[ChromeDriver: chrome-headless-shell on windows (0dfa8f38f318ef2c4db3ee9779fab62f)] -> css selector: .mst-searchautocomplete__wrapper li]
Session ID: 0dfa8f38f318ef2c4db3ee9779fab62f
at jdk.internal.reflect.GeneratedConstructorAccessor46.newInstance(Unknown Source)
at java.base/jdk.internal.reflect.DelegatingConstructorAccessorImpl.newInstance(DelegatingConstructorAccessorImpl.java:45)
at java.base/java.lang.reflect.Constructor.newInstanceWithCaller(Constructor.java:499)
at java.base/java.lang.reflect.Constructor.newInstance(Constructor.java:480)
at org.openqa.selenium.remote.ErrorCodec.decode(ErrorCodec.java:167)
at org.openqa.selenium.remote.codec.w3c.W3CHttpResponseCodec.decode(W3CHttpResponseCodec.java:138)
at org.openqa.selenium.remote.codec.w3c.W3CHttpResponseCodec.decode(W3CHttpResponseCodec.java:50)
at org.openqa.selenium.remote.HttpCommandExecutor.execute(HttpCommandExecutor.java:190)
at org.openqa.selenium.remote.service.DriverCommandExecutor.invokeExecute(DriverCommandExecutor.java:216)
at org.openqa.selenium.remote.service.DriverCommandExecutor.execute(DriverCommandExecutor.java:174)
at org.openqa.selenium.remote.RemoteWebDriver.execute(RemoteWebDriver.java:518)
at org.openqa.selenium.remote.RemoteWebElement.execute(RemoteWebElement.java:223)
at org.openqa.selenium.remote.RemoteWebElement.isDisplayed(RemoteWebElement.java:282)
at jdk.internal.reflect.GeneratedMethodAccessor11.invoke(Unknown Source)
at java.base/jdk.internal.reflect.DelegatingMethodAccessorImpl.invoke(DelegatingMethodAccessorImpl.java:43)
at java.base/java.lang.reflect.Method.invoke(Method.java:568)
at org.openqa.selenium.support.pagefactory.internal.LocatingElementHandler.invoke(LocatingElementHandler.java:51)
at jdk.proxy2/jdk.proxy2.$Proxy16.isDisplayed(Unknown Source)
at org.openqa.selenium.support.ui.ExpectedConditions.elementIfVisible(ExpectedConditions.java:304)
at org.openqa.selenium.support.ui.ExpectedConditions$10.apply(ExpectedConditions.java:290)
at org.openqa.selenium.support.ui.ExpectedConditions$10.apply(ExpectedConditions.java:287)
at org.openqa.selenium.support.ui.ExpectedConditions$23.apply(ExpectedConditions.java:656)
at org.openqa.selenium.support.ui.ExpectedConditions$23.apply(ExpectedConditions.java:652)
at org.openqa.selenium.support.ui.FluentWait.until(FluentWait.java:203)
at utilities.UtilClass.waitTillClickable(UtilClass.java:148)
at pageLayer.SearchAProduct.Search_box(SearchAProduct.java:82)
at testLayer.ProductDetailsTest.checkProductDetails(ProductDetailsTest.java:28)
at jdk.internal.reflect.GeneratedMethodAccessor9.invoke(Unknown Source)
at java.base/jdk.internal.reflect.DelegatingMethodAccessorImpl.invoke(DelegatingMethodAccessorImpl.java:43)
at java.base/java.lang.reflect.Method.invoke(Method.java:568)
at org.testng.internal.invokers.MethodInvocationHelper.invokeMethod(MethodInvocationHelper.java:139)
at org.testng.internal.invokers.TestInvoker.invokeMethod(TestInvoker.java:664)
at org.testng.internal.invokers.TestInvoker.invokeTestMethod(TestInvoker.java:227)
at org.testng.internal.invokers.MethodRunner.runInSequence(MethodRunner.java:50)
at org.testng.internal.invokers.TestInvoker$MethodInvocationAgent.invoke(TestInvoker.java:957)
at org.testng.internal.invokers.TestInvoker.invokeTestMethods(TestInvoker.java:200)
at org.testng.internal.invokers.TestMethodWorker.invokeTestMethods(TestMethodWorker.java:148)
at org.testng.internal.invokers.TestMethodWorker.run(TestMethodWorker.java:128)
at java.base/java.util.ArrayList.forEach(ArrayList.java:1511)
at org.testng.TestRunner.privateRun(TestRunner.java:848)
at org.testng.TestRunner.run(TestRunner.java:621)
at org.testng.SuiteRunner.runTest(SuiteRunner.java:443)
at org.testng.SuiteRunner.runSequentially(SuiteRunner.java:437)
at org.testng.SuiteRunner.privateRun(SuiteRunner.java:397)
at org.testng.SuiteRunner.run(SuiteRunner.java:336)
at org.testng.SuiteRunnerWorker.runSuite(SuiteRunnerWorker.java:52)
at org.testng.SuiteRunnerWorker.run(SuiteRunnerWorker.java:95)
at org.testng.TestNG.runSuitesSequentially(TestNG.java:1280)
at org.testng.TestNG.runSuitesLocally(TestNG.java:1200)
at org.testng.TestNG.runSuites(TestNG.java:1114)
at org.testng.TestNG.run(TestNG.java:1082)
at org.testng.remote.AbstractRemoteTestNG.run(AbstractRemoteTestNG.java:115)
at org.testng.remote.RemoteTestNG.initAndRun(RemoteTestNG.java:251)
at org.testng.remote.RemoteTestNG.main(RemoteTestNG.java:77)
]]>
    </error>
  </testcase> <!-- checkProductDetails -->
  <testcase classname="testLayer.ProductDetailsTest" name="checkProductDetails" time="15.919"/>
  <testcase classname="testLayer.ProductDetailsTest" name="checkProductDetails" time="19.712"/>
  <testcase classname="testLayer.ProductDetailsTest" name="checkProductDetails" time="15.421"/>
  <testcase classname="testLayer.ProductDetailsTest" name="checkProductDetails" time="13.445"/>
  <testcase classname="testLayer.ProductDetailsTest" name="checkProductDetails" time="16.561"/>
  <testcase classname="testLayer.ProductDetailsTest" name="checkProductDetails" time="26.502"/>
  <testcase classname="testLayer.ProductDetailsTest" name="checkProductDetails" time="15.979"/>
  <testcase classname="testLayer.ProductDetailsTest" name="checkProductDetails" time="14.252"/>
  <testcase classname="testLayer.ProductDetailsTest" name="checkProductDetails" time="15.462"/>
  <testcase classname="testLayer.ProductDetailsTest" name="checkProductDetails" time="18.785"/>
  <testcase classname="testLayer.ProductDetailsTest" name="checkProductDetails" time="14.318"/>
  <testcase classname="testLayer.ProductDetailsTest" name="checkProductDetails" time="16.033"/>
  <testcase classname="testLayer.ProductDetailsTest" name="checkProductDetails" time="16.420"/>
  <testcase classname="testLayer.ProductDetailsTest" name="checkProductDetails" time="17.538"/>
  <testcase classname="testLayer.ProductDetailsTest" name="checkProductDetails" time="14.803"/>
  <testcase classname="testLayer.ProductDetailsTest" name="checkProductDetails" time="12.834"/>
  <testcase classname="testLayer.ProductDetailsTest" name="checkProductDetails" time="26.029"/>
  <testcase classname="testLayer.ProductDetailsTest" name="checkProductDetails" time="15.638"/>
  <testcase classname="testLayer.ProductDetailsTest" name="checkProductDetails" time="19.661"/>
  <testcase classname="testLayer.ProductDetailsTest" name="checkProductDetails" time="17.538"/>
  <testcase classname="testLayer.ProductDetailsTest" name="checkProductDetails" time="15.568"/>
  <testcase classname="testLayer.ProductDetailsTest" name="checkProductDetails" time="15.041"/>
  <testcase classname="testLayer.ProductDetailsTest" name="checkProductDetails" time="16.197"/>
  <testcase classname="testLayer.ProductDetailsTest" name="checkProductDetails" time="16.131"/>
  <testcase classname="testLayer.ProductDetailsTest" name="checkProductDetails" time="16.506"/>
  <testcase classname="testLayer.ProductDetailsTest" name="checkProductDetails" time="15.856"/>
  <testcase classname="testLayer.ProductDetailsTest" name="checkProductDetails" time="18.873"/>
  <testcase classname="testLayer.ProductDetailsTest" name="checkProductDetails" time="15.100"/>
  <testcase classname="testLayer.ProductDetailsTest" name="checkProductDetails" time="15.767"/>
  <testcase classname="testLayer.ProductDetailsTest" name="checkProductDetails" time="30.749">
    <error message="no such element: Unable to locate element: {&quot;method&quot;:&quot;css selector&quot;,&quot;selector&quot;:&quot;.mst-searchautocomplete__wrapper li&quot;}
  (Session info: chrome-headless-shell=124.0.6367.119)
For documentation on this error, please visit: https://www.selenium.dev/documentation/webdriver/troubleshooting/errors#no-such-element-exception
Build info: version: &#039;4.19.1&#039;, revision: &#039;abe0ee07dc&#039;
System info: os.name: &#039;Windows 10&#039;, os.arch: &#039;amd64&#039;, os.version: &#039;10.0&#039;, java.version: &#039;17.0.7&#039;
Driver info: org.openqa.selenium.chrome.ChromeDriver
Command: [2e96c82287391132f6e5a45cf6984ade, findElement {value=.mst-searchautocomplete__wrapper li, using=css selector}]
Capabilities {acceptInsecureCerts: false, browserName: chrome-headless-shell, browserVersion: 124.0.6367.119, chrome: {chromedriverVersion: 124.0.6367.91 (51df0e5e17a8..., userDataDir: C:\Users\Admin\AppData\Loca...}, fedcm:accounts: true, goog:chromeOptions: {debuggerAddress: localhost:57523}, networkConnectionEnabled: false, pageLoadStrategy: normal, platformName: windows, proxy: Proxy(), se:cdp: ws://localhost:57523/devtoo..., se:cdpVersion: 124.0.6367.119, setWindowRect: true, strictFileInteractability: false, timeouts: {implicit: 0, pageLoad: 300000, script: 30000}, unhandledPromptBehavior: dismiss and notify, webauthn:extension:credBlob: true, webauthn:extension:largeBlob: true, webauthn:extension:minPinLength: true, webauthn:extension:prf: true, webauthn:virtualAuthenticators: true}
Session ID: 2e96c82287391132f6e5a45cf6984ade" type="org.openqa.selenium.NoSuchElementException">
      <![CDATA[org.openqa.selenium.NoSuchElementException: no such element: Unable to locate element: {"method":"css selector","selector":".mst-searchautocomplete__wrapper li"}
  (Session info: chrome-headless-shell=124.0.6367.119)
For documentation on this error, please visit: https://www.selenium.dev/documentation/webdriver/troubleshooting/errors#no-such-element-exception
Build info: version: '4.19.1', revision: 'abe0ee07dc'
System info: os.name: 'Windows 10', os.arch: 'amd64', os.version: '10.0', java.version: '17.0.7'
Driver info: org.openqa.selenium.chrome.ChromeDriver
Command: [2e96c82287391132f6e5a45cf6984ade, findElement {value=.mst-searchautocomplete__wrapper li, using=css selector}]
Capabilities {acceptInsecureCerts: false, browserName: chrome-headless-shell, browserVersion: 124.0.6367.119, chrome: {chromedriverVersion: 124.0.6367.91 (51df0e5e17a8..., userDataDir: C:\Users\Admin\AppData\Loca...}, fedcm:accounts: true, goog:chromeOptions: {debuggerAddress: localhost:57523}, networkConnectionEnabled: false, pageLoadStrategy: normal, platformName: windows, proxy: Proxy(), se:cdp: ws://localhost:57523/devtoo..., se:cdpVersion: 124.0.6367.119, setWindowRect: true, strictFileInteractability: false, timeouts: {implicit: 0, pageLoad: 300000, script: 30000}, unhandledPromptBehavior: dismiss and notify, webauthn:extension:credBlob: true, webauthn:extension:largeBlob: true, webauthn:extension:minPinLength: true, webauthn:extension:prf: true, webauthn:virtualAuthenticators: true}
Session ID: 2e96c82287391132f6e5a45cf6984ade
at java.base/jdk.internal.reflect.NativeConstructorAccessorImpl.newInstance0(Native Method)
at java.base/jdk.internal.reflect.NativeConstructorAccessorImpl.newInstance(NativeConstructorAccessorImpl.java:77)
at java.base/jdk.internal.reflect.DelegatingConstructorAccessorImpl.newInstance(DelegatingConstructorAccessorImpl.java:45)
at java.base/java.lang.reflect.Constructor.newInstanceWithCaller(Constructor.java:499)
at java.base/java.lang.reflect.Constructor.newInstance(Constructor.java:480)
at org.openqa.selenium.remote.ErrorCodec.decode(ErrorCodec.java:167)
at org.openqa.selenium.remote.codec.w3c.W3CHttpResponseCodec.decode(W3CHttpResponseCodec.java:138)
at org.openqa.selenium.remote.codec.w3c.W3CHttpResponseCodec.decode(W3CHttpResponseCodec.java:50)
at org.openqa.selenium.remote.HttpCommandExecutor.execute(HttpCommandExecutor.java:190)
at org.openqa.selenium.remote.service.DriverCommandExecutor.invokeExecute(DriverCommandExecutor.java:216)
at org.openqa.selenium.remote.service.DriverCommandExecutor.execute(DriverCommandExecutor.java:174)
at org.openqa.selenium.remote.RemoteWebDriver.execute(RemoteWebDriver.java:518)
at org.openqa.selenium.remote.ElementLocation$ElementFinder$2.findElement(ElementLocation.java:165)
at org.openqa.selenium.remote.ElementLocation.findElement(ElementLocation.java:59)
at org.openqa.selenium.remote.RemoteWebDriver.findElement(RemoteWebDriver.java:355)
at org.openqa.selenium.remote.RemoteWebDriver.findElement(RemoteWebDriver.java:349)
at org.openqa.selenium.support.pagefactory.DefaultElementLocator.findElement(DefaultElementLocator.java:68)
at org.openqa.selenium.support.pagefactory.internal.LocatingElementHandler.invoke(LocatingElementHandler.java:38)
at jdk.proxy2/jdk.proxy2.$Proxy16.click(Unknown Source)
at pageLayer.SearchAProduct.Search_box(SearchAProduct.java:89)
at testLayer.ProductDetailsTest.checkProductDetails(ProductDetailsTest.java:28)
at jdk.internal.reflect.GeneratedMethodAccessor9.invoke(Unknown Source)
at java.base/jdk.internal.reflect.DelegatingMethodAccessorImpl.invoke(DelegatingMethodAccessorImpl.java:43)
at java.base/java.lang.reflect.Method.invoke(Method.java:568)
at org.testng.internal.invokers.MethodInvocationHelper.invokeMethod(MethodInvocationHelper.java:139)
at org.testng.internal.invokers.TestInvoker.invokeMethod(TestInvoker.java:664)
at org.testng.internal.invokers.TestInvoker.invokeTestMethod(TestInvoker.java:227)
at org.testng.internal.invokers.MethodRunner.runInSequence(MethodRunner.java:50)
at org.testng.internal.invokers.TestInvoker$MethodInvocationAgent.invoke(TestInvoker.java:957)
at org.testng.internal.invokers.TestInvoker.invokeTestMethods(TestInvoker.java:200)
at org.testng.internal.invokers.TestMethodWorker.invokeTestMethods(TestMethodWorker.java:148)
at org.testng.internal.invokers.TestMethodWorker.run(TestMethodWorker.java:128)
at java.base/java.util.ArrayList.forEach(ArrayList.java:1511)
at org.testng.TestRunner.privateRun(TestRunner.java:848)
at org.testng.TestRunner.run(TestRunner.java:621)
at org.testng.SuiteRunner.runTest(SuiteRunner.java:443)
at org.testng.SuiteRunner.runSequentially(SuiteRunner.java:437)
at org.testng.SuiteRunner.privateRun(SuiteRunner.java:397)
at org.testng.SuiteRunner.run(SuiteRunner.java:336)
at org.testng.SuiteRunnerWorker.runSuite(SuiteRunnerWorker.java:52)
at org.testng.SuiteRunnerWorker.run(SuiteRunnerWorker.java:95)
at org.testng.TestNG.runSuitesSequentially(TestNG.java:1280)
at org.testng.TestNG.runSuitesLocally(TestNG.java:1200)
at org.testng.TestNG.runSuites(TestNG.java:1114)
at org.testng.TestNG.run(TestNG.java:1082)
at org.testng.remote.AbstractRemoteTestNG.run(AbstractRemoteTestNG.java:115)
at org.testng.remote.RemoteTestNG.initAndRun(RemoteTestNG.java:251)
at org.testng.remote.RemoteTestNG.main(RemoteTestNG.java:77)
]]>
    </error>
  </testcase> <!-- checkProductDetails -->
  <testcase classname="testLayer.ProductDetailsTest" name="checkProductDetails" time="14.880"/>
  <testcase classname="testLayer.ProductDetailsTest" name="checkProductDetails" time="19.804"/>
  <testcase classname="testLayer.ProductDetailsTest" name="checkProductDetails" time="16.905"/>
  <testcase classname="testLayer.ProductDetailsTest" name="checkProductDetails" time="14.997"/>
  <testcase classname="testLayer.ProductDetailsTest" name="checkProductDetails" time="14.456"/>
  <testcase classname="testLayer.ProductDetailsTest" name="checkProductDetails" time="15.454"/>
  <testcase classname="testLayer.ProductDetailsTest" name="checkProductDetails" time="14.448"/>
  <testcase classname="testLayer.ProductDetailsTest" name="checkProductDetails" time="20.392"/>
  <testcase classname="testLayer.ProductDetailsTest" name="checkProductDetails" time="15.772"/>
  <testcase classname="testLayer.ProductDetailsTest" name="checkProductDetails" time="29.978">
    <error message="no such element: Unable to locate element: {&quot;method&quot;:&quot;css selector&quot;,&quot;selector&quot;:&quot;.mst-searchautocomplete__wrapper li&quot;}
  (Session info: chrome-headless-shell=124.0.6367.119)
For documentation on this error, please visit: https://www.selenium.dev/documentation/webdriver/troubleshooting/errors#no-such-element-exception
Build info: version: &#039;4.19.1&#039;, revision: &#039;abe0ee07dc&#039;
System info: os.name: &#039;Windows 10&#039;, os.arch: &#039;amd64&#039;, os.version: &#039;10.0&#039;, java.version: &#039;17.0.7&#039;
Driver info: org.openqa.selenium.chrome.ChromeDriver
Command: [e99575b3b45a8d0e09ecb10fa921db74, findElement {value=.mst-searchautocomplete__wrapper li, using=css selector}]
Capabilities {acceptInsecureCerts: false, browserName: chrome-headless-shell, browserVersion: 124.0.6367.119, chrome: {chromedriverVersion: 124.0.6367.91 (51df0e5e17a8..., userDataDir: C:\Users\Admin\AppData\Loca...}, fedcm:accounts: true, goog:chromeOptions: {debuggerAddress: localhost:57734}, networkConnectionEnabled: false, pageLoadStrategy: normal, platformName: windows, proxy: Proxy(), se:cdp: ws://localhost:57734/devtoo..., se:cdpVersion: 124.0.6367.119, setWindowRect: true, strictFileInteractability: false, timeouts: {implicit: 0, pageLoad: 300000, script: 30000}, unhandledPromptBehavior: dismiss and notify, webauthn:extension:credBlob: true, webauthn:extension:largeBlob: true, webauthn:extension:minPinLength: true, webauthn:extension:prf: true, webauthn:virtualAuthenticators: true}
Session ID: e99575b3b45a8d0e09ecb10fa921db74" type="org.openqa.selenium.NoSuchElementException">
      <![CDATA[org.openqa.selenium.NoSuchElementException: no such element: Unable to locate element: {"method":"css selector","selector":".mst-searchautocomplete__wrapper li"}
  (Session info: chrome-headless-shell=124.0.6367.119)
For documentation on this error, please visit: https://www.selenium.dev/documentation/webdriver/troubleshooting/errors#no-such-element-exception
Build info: version: '4.19.1', revision: 'abe0ee07dc'
System info: os.name: 'Windows 10', os.arch: 'amd64', os.version: '10.0', java.version: '17.0.7'
Driver info: org.openqa.selenium.chrome.ChromeDriver
Command: [e99575b3b45a8d0e09ecb10fa921db74, findElement {value=.mst-searchautocomplete__wrapper li, using=css selector}]
Capabilities {acceptInsecureCerts: false, browserName: chrome-headless-shell, browserVersion: 124.0.6367.119, chrome: {chromedriverVersion: 124.0.6367.91 (51df0e5e17a8..., userDataDir: C:\Users\Admin\AppData\Loca...}, fedcm:accounts: true, goog:chromeOptions: {debuggerAddress: localhost:57734}, networkConnectionEnabled: false, pageLoadStrategy: normal, platformName: windows, proxy: Proxy(), se:cdp: ws://localhost:57734/devtoo..., se:cdpVersion: 124.0.6367.119, setWindowRect: true, strictFileInteractability: false, timeouts: {implicit: 0, pageLoad: 300000, script: 30000}, unhandledPromptBehavior: dismiss and notify, webauthn:extension:credBlob: true, webauthn:extension:largeBlob: true, webauthn:extension:minPinLength: true, webauthn:extension:prf: true, webauthn:virtualAuthenticators: true}
Session ID: e99575b3b45a8d0e09ecb10fa921db74
at java.base/jdk.internal.reflect.NativeConstructorAccessorImpl.newInstance0(Native Method)
at java.base/jdk.internal.reflect.NativeConstructorAccessorImpl.newInstance(NativeConstructorAccessorImpl.java:77)
at java.base/jdk.internal.reflect.DelegatingConstructorAccessorImpl.newInstance(DelegatingConstructorAccessorImpl.java:45)
at java.base/java.lang.reflect.Constructor.newInstanceWithCaller(Constructor.java:499)
at java.base/java.lang.reflect.Constructor.newInstance(Constructor.java:480)
at org.openqa.selenium.remote.ErrorCodec.decode(ErrorCodec.java:167)
at org.openqa.selenium.remote.codec.w3c.W3CHttpResponseCodec.decode(W3CHttpResponseCodec.java:138)
at org.openqa.selenium.remote.codec.w3c.W3CHttpResponseCodec.decode(W3CHttpResponseCodec.java:50)
at org.openqa.selenium.remote.HttpCommandExecutor.execute(HttpCommandExecutor.java:190)
at org.openqa.selenium.remote.service.DriverCommandExecutor.invokeExecute(DriverCommandExecutor.java:216)
at org.openqa.selenium.remote.service.DriverCommandExecutor.execute(DriverCommandExecutor.java:174)
at org.openqa.selenium.remote.RemoteWebDriver.execute(RemoteWebDriver.java:518)
at org.openqa.selenium.remote.ElementLocation$ElementFinder$2.findElement(ElementLocation.java:165)
at org.openqa.selenium.remote.ElementLocation.findElement(ElementLocation.java:59)
at org.openqa.selenium.remote.RemoteWebDriver.findElement(RemoteWebDriver.java:355)
at org.openqa.selenium.remote.RemoteWebDriver.findElement(RemoteWebDriver.java:349)
at org.openqa.selenium.support.pagefactory.DefaultElementLocator.findElement(DefaultElementLocator.java:68)
at org.openqa.selenium.support.pagefactory.internal.LocatingElementHandler.invoke(LocatingElementHandler.java:38)
at jdk.proxy2/jdk.proxy2.$Proxy16.click(Unknown Source)
at pageLayer.SearchAProduct.Search_box(SearchAProduct.java:89)
at testLayer.ProductDetailsTest.checkProductDetails(ProductDetailsTest.java:28)
at jdk.internal.reflect.GeneratedMethodAccessor9.invoke(Unknown Source)
at java.base/jdk.internal.reflect.DelegatingMethodAccessorImpl.invoke(DelegatingMethodAccessorImpl.java:43)
at java.base/java.lang.reflect.Method.invoke(Method.java:568)
at org.testng.internal.invokers.MethodInvocationHelper.invokeMethod(MethodInvocationHelper.java:139)
at org.testng.internal.invokers.TestInvoker.invokeMethod(TestInvoker.java:664)
at org.testng.internal.invokers.TestInvoker.invokeTestMethod(TestInvoker.java:227)
at org.testng.internal.invokers.MethodRunner.runInSequence(MethodRunner.java:50)
at org.testng.internal.invokers.TestInvoker$MethodInvocationAgent.invoke(TestInvoker.java:957)
at org.testng.internal.invokers.TestInvoker.invokeTestMethods(TestInvoker.java:200)
at org.testng.internal.invokers.TestMethodWorker.invokeTestMethods(TestMethodWorker.java:148)
at org.testng.internal.invokers.TestMethodWorker.run(TestMethodWorker.java:128)
at java.base/java.util.ArrayList.forEach(ArrayList.java:1511)
at org.testng.TestRunner.privateRun(TestRunner.java:848)
at org.testng.TestRunner.run(TestRunner.java:621)
at org.testng.SuiteRunner.runTest(SuiteRunner.java:443)
at org.testng.SuiteRunner.runSequentially(SuiteRunner.java:437)
at org.testng.SuiteRunner.privateRun(SuiteRunner.java:397)
at org.testng.SuiteRunner.run(SuiteRunner.java:336)
at org.testng.SuiteRunnerWorker.runSuite(SuiteRunnerWorker.java:52)
at org.testng.SuiteRunnerWorker.run(SuiteRunnerWorker.java:95)
at org.testng.TestNG.runSuitesSequentially(TestNG.java:1280)
at org.testng.TestNG.runSuitesLocally(TestNG.java:1200)
at org.testng.TestNG.runSuites(TestNG.java:1114)
at org.testng.TestNG.run(TestNG.java:1082)
at org.testng.remote.AbstractRemoteTestNG.run(AbstractRemoteTestNG.java:115)
at org.testng.remote.RemoteTestNG.initAndRun(RemoteTestNG.java:251)
at org.testng.remote.RemoteTestNG.main(RemoteTestNG.java:77)
]]>
    </error>
  </testcase> <!-- checkProductDetails -->
  <testcase classname="testLayer.ProductDetailsTest" name="checkProductDetails" time="16.929"/>
  <testcase classname="testLayer.ProductDetailsTest" name="checkProductDetails" time="21.087"/>
  <testcase classname="testLayer.ProductDetailsTest" name="checkProductDetails" time="15.718"/>
  <testcase classname="testLayer.ProductDetailsTest" name="checkProductDetails" time="21.359"/>
  <testcase classname="testLayer.ProductDetailsTest" name="checkProductDetails" time="18.252"/>
  <testcase classname="testLayer.ProductDetailsTest" name="checkProductDetails" time="17.990"/>
  <testcase classname="testLayer.ProductDetailsTest" name="checkProductDetails" time="22.463"/>
  <testcase classname="testLayer.ProductDetailsTest" name="checkProductDetails" time="26.041"/>
  <testcase classname="testLayer.ProductDetailsTest" name="checkProductDetails" time="38.745"/>
  <testcase classname="testLayer.ProductDetailsTest" name="checkProductDetails" time="18.379"/>
  <testcase classname="testLayer.ProductDetailsTest" name="checkProductDetails" time="18.889"/>
  <testcase classname="testLayer.ProductDetailsTest" name="checkProductDetails" time="17.957"/>
  <testcase classname="testLayer.ProductDetailsTest" name="checkProductDetails" time="18.425"/>
  <testcase classname="testLayer.ProductDetailsTest" name="checkProductDetails" time="29.714"/>
  <testcase classname="testLayer.ProductDetailsTest" name="checkProductDetails" time="19.148"/>
  <testcase classname="testLayer.ProductDetailsTest" name="checkProductDetails" time="17.088"/>
  <testcase classname="testLayer.ProductDetailsTest" name="checkProductDetails" time="18.424"/>
  <testcase classname="testLayer.ProductDetailsTest" name="checkProductDetails" time="16.391"/>
  <testcase classname="testLayer.ProductDetailsTest" name="checkProductDetails" time="37.329"/>
  <testcase classname="testLayer.ProductDetailsTest" name="checkProductDetails" time="30.889">
    <error message="no such element: Unable to locate element: {&quot;method&quot;:&quot;css selector&quot;,&quot;selector&quot;:&quot;.mst-searchautocomplete__wrapper li&quot;}
  (Session info: chrome-headless-shell=124.0.6367.119)
For documentation on this error, please visit: https://www.selenium.dev/documentation/webdriver/troubleshooting/errors#no-such-element-exception
Build info: version: &#039;4.19.1&#039;, revision: &#039;abe0ee07dc&#039;
System info: os.name: &#039;Windows 10&#039;, os.arch: &#039;amd64&#039;, os.version: &#039;10.0&#039;, java.version: &#039;17.0.7&#039;
Driver info: org.openqa.selenium.chrome.ChromeDriver
Command: [7f02f75b87102d31be6941ca91fcad5e, findElement {value=.mst-searchautocomplete__wrapper li, using=css selector}]
Capabilities {acceptInsecureCerts: false, browserName: chrome-headless-shell, browserVersion: 124.0.6367.119, chrome: {chromedriverVersion: 124.0.6367.91 (51df0e5e17a8..., userDataDir: C:\Users\Admin\AppData\Loca...}, fedcm:accounts: true, goog:chromeOptions: {debuggerAddress: localhost:57671}, networkConnectionEnabled: false, pageLoadStrategy: normal, platformName: windows, proxy: Proxy(), se:cdp: ws://localhost:57671/devtoo..., se:cdpVersion: 124.0.6367.119, setWindowRect: true, strictFileInteractability: false, timeouts: {implicit: 0, pageLoad: 300000, script: 30000}, unhandledPromptBehavior: dismiss and notify, webauthn:extension:credBlob: true, webauthn:extension:largeBlob: true, webauthn:extension:minPinLength: true, webauthn:extension:prf: true, webauthn:virtualAuthenticators: true}
Session ID: 7f02f75b87102d31be6941ca91fcad5e" type="org.openqa.selenium.NoSuchElementException">
      <![CDATA[org.openqa.selenium.NoSuchElementException: no such element: Unable to locate element: {"method":"css selector","selector":".mst-searchautocomplete__wrapper li"}
  (Session info: chrome-headless-shell=124.0.6367.119)
For documentation on this error, please visit: https://www.selenium.dev/documentation/webdriver/troubleshooting/errors#no-such-element-exception
Build info: version: '4.19.1', revision: 'abe0ee07dc'
System info: os.name: 'Windows 10', os.arch: 'amd64', os.version: '10.0', java.version: '17.0.7'
Driver info: org.openqa.selenium.chrome.ChromeDriver
Command: [7f02f75b87102d31be6941ca91fcad5e, findElement {value=.mst-searchautocomplete__wrapper li, using=css selector}]
Capabilities {acceptInsecureCerts: false, browserName: chrome-headless-shell, browserVersion: 124.0.6367.119, chrome: {chromedriverVersion: 124.0.6367.91 (51df0e5e17a8..., userDataDir: C:\Users\Admin\AppData\Loca...}, fedcm:accounts: true, goog:chromeOptions: {debuggerAddress: localhost:57671}, networkConnectionEnabled: false, pageLoadStrategy: normal, platformName: windows, proxy: Proxy(), se:cdp: ws://localhost:57671/devtoo..., se:cdpVersion: 124.0.6367.119, setWindowRect: true, strictFileInteractability: false, timeouts: {implicit: 0, pageLoad: 300000, script: 30000}, unhandledPromptBehavior: dismiss and notify, webauthn:extension:credBlob: true, webauthn:extension:largeBlob: true, webauthn:extension:minPinLength: true, webauthn:extension:prf: true, webauthn:virtualAuthenticators: true}
Session ID: 7f02f75b87102d31be6941ca91fcad5e
at java.base/jdk.internal.reflect.NativeConstructorAccessorImpl.newInstance0(Native Method)
at java.base/jdk.internal.reflect.NativeConstructorAccessorImpl.newInstance(NativeConstructorAccessorImpl.java:77)
at java.base/jdk.internal.reflect.DelegatingConstructorAccessorImpl.newInstance(DelegatingConstructorAccessorImpl.java:45)
at java.base/java.lang.reflect.Constructor.newInstanceWithCaller(Constructor.java:499)
at java.base/java.lang.reflect.Constructor.newInstance(Constructor.java:480)
at org.openqa.selenium.remote.ErrorCodec.decode(ErrorCodec.java:167)
at org.openqa.selenium.remote.codec.w3c.W3CHttpResponseCodec.decode(W3CHttpResponseCodec.java:138)
at org.openqa.selenium.remote.codec.w3c.W3CHttpResponseCodec.decode(W3CHttpResponseCodec.java:50)
at org.openqa.selenium.remote.HttpCommandExecutor.execute(HttpCommandExecutor.java:190)
at org.openqa.selenium.remote.service.DriverCommandExecutor.invokeExecute(DriverCommandExecutor.java:216)
at org.openqa.selenium.remote.service.DriverCommandExecutor.execute(DriverCommandExecutor.java:174)
at org.openqa.selenium.remote.RemoteWebDriver.execute(RemoteWebDriver.java:518)
at org.openqa.selenium.remote.ElementLocation$ElementFinder$2.findElement(ElementLocation.java:165)
at org.openqa.selenium.remote.ElementLocation.findElement(ElementLocation.java:59)
at org.openqa.selenium.remote.RemoteWebDriver.findElement(RemoteWebDriver.java:355)
at org.openqa.selenium.remote.RemoteWebDriver.findElement(RemoteWebDriver.java:349)
at org.openqa.selenium.support.pagefactory.DefaultElementLocator.findElement(DefaultElementLocator.java:68)
at org.openqa.selenium.support.pagefactory.internal.LocatingElementHandler.invoke(LocatingElementHandler.java:38)
at jdk.proxy2/jdk.proxy2.$Proxy16.click(Unknown Source)
at pageLayer.SearchAProduct.Search_box(SearchAProduct.java:89)
at testLayer.ProductDetailsTest.checkProductDetails(ProductDetailsTest.java:28)
at jdk.internal.reflect.GeneratedMethodAccessor9.invoke(Unknown Source)
at java.base/jdk.internal.reflect.DelegatingMethodAccessorImpl.invoke(DelegatingMethodAccessorImpl.java:43)
at java.base/java.lang.reflect.Method.invoke(Method.java:568)
at org.testng.internal.invokers.MethodInvocationHelper.invokeMethod(MethodInvocationHelper.java:139)
at org.testng.internal.invokers.TestInvoker.invokeMethod(TestInvoker.java:664)
at org.testng.internal.invokers.TestInvoker.invokeTestMethod(TestInvoker.java:227)
at org.testng.internal.invokers.MethodRunner.runInSequence(MethodRunner.java:50)
at org.testng.internal.invokers.TestInvoker$MethodInvocationAgent.invoke(TestInvoker.java:957)
at org.testng.internal.invokers.TestInvoker.invokeTestMethods(TestInvoker.java:200)
at org.testng.internal.invokers.TestMethodWorker.invokeTestMethods(TestMethodWorker.java:148)
at org.testng.internal.invokers.TestMethodWorker.run(TestMethodWorker.java:128)
at java.base/java.util.ArrayList.forEach(ArrayList.java:1511)
at org.testng.TestRunner.privateRun(TestRunner.java:848)
at org.testng.TestRunner.run(TestRunner.java:621)
at org.testng.SuiteRunner.runTest(SuiteRunner.java:443)
at org.testng.SuiteRunner.runSequentially(SuiteRunner.java:437)
at org.testng.SuiteRunner.privateRun(SuiteRunner.java:397)
at org.testng.SuiteRunner.run(SuiteRunner.java:336)
at org.testng.SuiteRunnerWorker.runSuite(SuiteRunnerWorker.java:52)
at org.testng.SuiteRunnerWorker.run(SuiteRunnerWorker.java:95)
at org.testng.TestNG.runSuitesSequentially(TestNG.java:1280)
at org.testng.TestNG.runSuitesLocally(TestNG.java:1200)
at org.testng.TestNG.runSuites(TestNG.java:1114)
at org.testng.TestNG.run(TestNG.java:1082)
at org.testng.remote.AbstractRemoteTestNG.run(AbstractRemoteTestNG.java:115)
at org.testng.remote.RemoteTestNG.initAndRun(RemoteTestNG.java:251)
at org.testng.remote.RemoteTestNG.main(RemoteTestNG.java:77)
]]>
    </error>
  </testcase> <!-- checkProductDetails -->
  <testcase classname="testLayer.ProductDetailsTest" name="checkProductDetails" time="15.639"/>
  <testcase classname="testLayer.ProductDetailsTest" name="checkProductDetails" time="16.614"/>
  <testcase classname="testLayer.ProductDetailsTest" name="checkProductDetails" time="16.890"/>
  <testcase classname="testLayer.ProductDetailsTest" name="checkProductDetails" time="21.136"/>
  <testcase classname="testLayer.ProductDetailsTest" name="checkProductDetails" time="14.607"/>
  <testcase classname="testLayer.ProductDetailsTest" name="checkProductDetails" time="21.564"/>
  <testcase classname="testLayer.ProductDetailsTest" name="checkProductDetails" time="15.688"/>
  <testcase classname="testLayer.ProductDetailsTest" name="checkProductDetails" time="22.664"/>
  <testcase classname="testLayer.ProductDetailsTest" name="checkProductDetails" time="19.806"/>
  <testcase classname="testLayer.ProductDetailsTest" name="checkProductDetails" time="36.539">
    <error message="no such element: Unable to locate element: {&quot;method&quot;:&quot;css selector&quot;,&quot;selector&quot;:&quot;.attributes-list [data-th=&#039;Size&#039;]&quot;}
  (Session info: chrome-headless-shell=124.0.6367.119)
For documentation on this error, please visit: https://www.selenium.dev/documentation/webdriver/troubleshooting/errors#no-such-element-exception
Build info: version: &#039;4.19.1&#039;, revision: &#039;abe0ee07dc&#039;
System info: os.name: &#039;Windows 10&#039;, os.arch: &#039;amd64&#039;, os.version: &#039;10.0&#039;, java.version: &#039;17.0.7&#039;
Driver info: org.openqa.selenium.chrome.ChromeDriver
Command: [87b8c4d29f1d13497bad924589b3c3f9, findElement {value=.attributes-list [data-th=&#039;Size&#039;], using=css selector}]
Capabilities {acceptInsecureCerts: false, browserName: chrome-headless-shell, browserVersion: 124.0.6367.119, chrome: {chromedriverVersion: 124.0.6367.91 (51df0e5e17a8..., userDataDir: C:\Users\Admin\AppData\Loca...}, fedcm:accounts: true, goog:chromeOptions: {debuggerAddress: localhost:55898}, networkConnectionEnabled: false, pageLoadStrategy: normal, platformName: windows, proxy: Proxy(), se:cdp: ws://localhost:55898/devtoo..., se:cdpVersion: 124.0.6367.119, setWindowRect: true, strictFileInteractability: false, timeouts: {implicit: 0, pageLoad: 300000, script: 30000}, unhandledPromptBehavior: dismiss and notify, webauthn:extension:credBlob: true, webauthn:extension:largeBlob: true, webauthn:extension:minPinLength: true, webauthn:extension:prf: true, webauthn:virtualAuthenticators: true}
Session ID: 87b8c4d29f1d13497bad924589b3c3f9" type="org.openqa.selenium.NoSuchElementException">
      <![CDATA[org.openqa.selenium.NoSuchElementException: no such element: Unable to locate element: {"method":"css selector","selector":".attributes-list [data-th='Size']"}
  (Session info: chrome-headless-shell=124.0.6367.119)
For documentation on this error, please visit: https://www.selenium.dev/documentation/webdriver/troubleshooting/errors#no-such-element-exception
Build info: version: '4.19.1', revision: 'abe0ee07dc'
System info: os.name: 'Windows 10', os.arch: 'amd64', os.version: '10.0', java.version: '17.0.7'
Driver info: org.openqa.selenium.chrome.ChromeDriver
Command: [87b8c4d29f1d13497bad924589b3c3f9, findElement {value=.attributes-list [data-th='Size'], using=css selector}]
Capabilities {acceptInsecureCerts: false, browserName: chrome-headless-shell, browserVersion: 124.0.6367.119, chrome: {chromedriverVersion: 124.0.6367.91 (51df0e5e17a8..., userDataDir: C:\Users\Admin\AppData\Loca...}, fedcm:accounts: true, goog:chromeOptions: {debuggerAddress: localhost:55898}, networkConnectionEnabled: false, pageLoadStrategy: normal, platformName: windows, proxy: Proxy(), se:cdp: ws://localhost:55898/devtoo..., se:cdpVersion: 124.0.6367.119, setWindowRect: true, strictFileInteractability: false, timeouts: {implicit: 0, pageLoad: 300000, script: 30000}, unhandledPromptBehavior: dismiss and notify, webauthn:extension:credBlob: true, webauthn:extension:largeBlob: true, webauthn:extension:minPinLength: true, webauthn:extension:prf: true, webauthn:virtualAuthenticators: true}
Session ID: 87b8c4d29f1d13497bad924589b3c3f9
at java.base/jdk.internal.reflect.NativeConstructorAccessorImpl.newInstance0(Native Method)
at java.base/jdk.internal.reflect.NativeConstructorAccessorImpl.newInstance(NativeConstructorAccessorImpl.java:77)
at java.base/jdk.internal.reflect.DelegatingConstructorAccessorImpl.newInstance(DelegatingConstructorAccessorImpl.java:45)
at java.base/java.lang.reflect.Constructor.newInstanceWithCaller(Constructor.java:499)
at java.base/java.lang.reflect.Constructor.newInstance(Constructor.java:480)
at org.openqa.selenium.remote.ErrorCodec.decode(ErrorCodec.java:167)
at org.openqa.selenium.remote.codec.w3c.W3CHttpResponseCodec.decode(W3CHttpResponseCodec.java:138)
at org.openqa.selenium.remote.codec.w3c.W3CHttpResponseCodec.decode(W3CHttpResponseCodec.java:50)
at org.openqa.selenium.remote.HttpCommandExecutor.execute(HttpCommandExecutor.java:190)
at org.openqa.selenium.remote.service.DriverCommandExecutor.invokeExecute(DriverCommandExecutor.java:216)
at org.openqa.selenium.remote.service.DriverCommandExecutor.execute(DriverCommandExecutor.java:174)
at org.openqa.selenium.remote.RemoteWebDriver.execute(RemoteWebDriver.java:518)
at org.openqa.selenium.remote.ElementLocation$ElementFinder$2.findElement(ElementLocation.java:165)
at org.openqa.selenium.remote.ElementLocation.findElement(ElementLocation.java:59)
at org.openqa.selenium.remote.RemoteWebDriver.findElement(RemoteWebDriver.java:355)
at org.openqa.selenium.remote.RemoteWebDriver.findElement(RemoteWebDriver.java:349)
at org.openqa.selenium.support.pagefactory.DefaultElementLocator.findElement(DefaultElementLocator.java:68)
at org.openqa.selenium.support.pagefactory.internal.LocatingElementHandler.invoke(LocatingElementHandler.java:38)
at jdk.proxy2/jdk.proxy2.$Proxy16.getText(Unknown Source)
at pageLayer.PDP_Page.get_Size_Of_product(PDP_Page.java:53)
at testLayer.ProductDetailsTest.checkProductDetails(ProductDetailsTest.java:33)
at jdk.internal.reflect.GeneratedMethodAccessor9.invoke(Unknown Source)
at java.base/jdk.internal.reflect.DelegatingMethodAccessorImpl.invoke(DelegatingMethodAccessorImpl.java:43)
at java.base/java.lang.reflect.Method.invoke(Method.java:568)
at org.testng.internal.invokers.MethodInvocationHelper.invokeMethod(MethodInvocationHelper.java:139)
at org.testng.internal.invokers.TestInvoker.invokeMethod(TestInvoker.java:664)
at org.testng.internal.invokers.TestInvoker.invokeTestMethod(TestInvoker.java:227)
at org.testng.internal.invokers.MethodRunner.runInSequence(MethodRunner.java:50)
at org.testng.internal.invokers.TestInvoker$MethodInvocationAgent.invoke(TestInvoker.java:957)
at org.testng.internal.invokers.TestInvoker.invokeTestMethods(TestInvoker.java:200)
at org.testng.internal.invokers.TestMethodWorker.invokeTestMethods(TestMethodWorker.java:148)
at org.testng.internal.invokers.TestMethodWorker.run(TestMethodWorker.java:128)
at java.base/java.util.ArrayList.forEach(ArrayList.java:1511)
at org.testng.TestRunner.privateRun(TestRunner.java:848)
at org.testng.TestRunner.run(TestRunner.java:621)
at org.testng.SuiteRunner.runTest(SuiteRunner.java:443)
at org.testng.SuiteRunner.runSequentially(SuiteRunner.java:437)
at org.testng.SuiteRunner.privateRun(SuiteRunner.java:397)
at org.testng.SuiteRunner.run(SuiteRunner.java:336)
at org.testng.SuiteRunnerWorker.runSuite(SuiteRunnerWorker.java:52)
at org.testng.SuiteRunnerWorker.run(SuiteRunnerWorker.java:95)
at org.testng.TestNG.runSuitesSequentially(TestNG.java:1280)
at org.testng.TestNG.runSuitesLocally(TestNG.java:1200)
at org.testng.TestNG.runSuites(TestNG.java:1114)
at org.testng.TestNG.run(TestNG.java:1082)
at org.testng.remote.AbstractRemoteTestNG.run(AbstractRemoteTestNG.java:115)
at org.testng.remote.RemoteTestNG.initAndRun(RemoteTestNG.java:251)
at org.testng.remote.RemoteTestNG.main(RemoteTestNG.java:77)
]]>
    </error>
  </testcase> <!-- checkProductDetails -->
  <testcase classname="testLayer.ProductDetailsTest" name="checkProductDetails" time="16.349"/>
  <testcase classname="testLayer.ProductDetailsTest" name="checkProductDetails" time="17.950"/>
  <testcase classname="testLayer.ProductDetailsTest" name="checkProductDetails" time="38.269"/>
  <testcase classname="testLayer.ProductDetailsTest" name="checkProductDetails" time="17.157"/>
  <testcase classname="testLayer.ProductDetailsTest" name="checkProductDetails" time="16.289"/>
  <testcase classname="testLayer.ProductDetailsTest" name="checkProductDetails" time="16.410"/>
  <testcase classname="testLayer.ProductDetailsTest" name="checkProductDetails" time="17.290"/>
  <testcase classname="testLayer.ProductDetailsTest" name="checkProductDetails" time="17.315"/>
  <testcase classname="testLayer.ProductDetailsTest" name="checkProductDetails" time="16.891"/>
  <testcase classname="testLayer.ProductDetailsTest" name="checkProductDetails" time="16.132"/>
  <testcase classname="testLayer.ProductDetailsTest" name="checkProductDetails" time="18.877"/>
  <testcase classname="testLayer.ProductDetailsTest" name="checkProductDetails" time="22.275"/>
  <testcase classname="testLayer.ProductDetailsTest" name="checkProductDetails" time="13.954"/>
  <testcase classname="testLayer.ProductDetailsTest" name="checkProductDetails" time="33.204"/>
  <testcase classname="testLayer.ProductDetailsTest" name="checkProductDetails" time="18.086"/>
  <testcase classname="testLayer.ProductDetailsTest" name="checkProductDetails" time="14.416"/>
  <testcase classname="testLayer.ProductDetailsTest" name="checkProductDetails" time="15.358"/>
  <testcase classname="testLayer.ProductDetailsTest" name="checkProductDetails" time="17.509"/>
  <testcase classname="testLayer.ProductDetailsTest" name="checkProductDetails" time="17.339"/>
  <testcase classname="testLayer.ProductDetailsTest" name="checkProductDetails" time="16.558"/>
  <testcase classname="testLayer.ProductDetailsTest" name="checkProductDetails" time="19.460"/>
  <testcase classname="testLayer.ProductDetailsTest" name="checkProductDetails" time="17.555"/>
  <testcase classname="testLayer.ProductDetailsTest" name="checkProductDetails" time="17.625"/>
  <testcase classname="testLayer.ProductDetailsTest" name="checkProductDetails" time="15.853"/>
  <testcase classname="testLayer.ProductDetailsTest" name="checkProductDetails" time="15.960"/>
  <testcase classname="testLayer.ProductDetailsTest" name="checkProductDetails" time="21.459"/>
  <testcase classname="testLayer.ProductDetailsTest" name="checkProductDetails" time="15.942"/>
  <testcase classname="testLayer.ProductDetailsTest" name="checkProductDetails" time="16.987"/>
  <testcase classname="testLayer.ProductDetailsTest" name="checkProductDetails" time="15.094"/>
  <testcase classname="testLayer.ProductDetailsTest" name="checkProductDetails" time="17.899"/>
  <testcase classname="testLayer.ProductDetailsTest" name="checkProductDetails" time="14.603"/>
  <testcase classname="testLayer.ProductDetailsTest" name="checkProductDetails" time="16.525"/>
  <testcase classname="testLayer.ProductDetailsTest" name="checkProductDetails" time="15.889"/>
  <testcase classname="testLayer.ProductDetailsTest" name="checkProductDetails" time="14.065"/>
  <testcase classname="testLayer.ProductDetailsTest" name="checkProductDetails" time="24.348"/>
  <testcase classname="testLayer.ProductDetailsTest" name="checkProductDetails" time="14.977"/>
  <testcase classname="testLayer.ProductDetailsTest" name="checkProductDetails" time="14.588"/>
  <testcase classname="testLayer.ProductDetailsTest" name="checkProductDetails" time="35.099"/>
  <testcase classname="testLayer.ProductDetailsTest" name="checkProductDetails" time="20.173"/>
  <testcase classname="testLayer.ProductDetailsTest" name="checkProductDetails" time="15.167"/>
  <testcase classname="testLayer.ProductDetailsTest" name="checkProductDetails" time="14.542"/>
  <testcase classname="testLayer.ProductDetailsTest" name="checkProductDetails" time="16.741"/>
  <testcase classname="testLayer.ProductDetailsTest" name="checkProductDetails" time="17.369"/>
  <testcase classname="testLayer.ProductDetailsTest" name="checkProductDetails" time="15.197"/>
  <testcase classname="testLayer.ProductDetailsTest" name="checkProductDetails" time="16.003"/>
  <testcase classname="testLayer.ProductDetailsTest" name="checkProductDetails" time="36.450"/>
  <testcase classname="testLayer.ProductDetailsTest" name="checkProductDetails" time="17.169"/>
  <testcase classname="testLayer.ProductDetailsTest" name="checkProductDetails" time="20.068"/>
  <testcase classname="testLayer.ProductDetailsTest" name="checkProductDetails" time="16.210"/>
  <testcase classname="testLayer.ProductDetailsTest" name="checkProductDetails" time="21.978"/>
  <testcase classname="testLayer.ProductDetailsTest" name="checkProductDetails" time="15.770"/>
  <testcase classname="testLayer.ProductDetailsTest" name="checkProductDetails" time="33.730"/>
  <testcase classname="testLayer.ProductDetailsTest" name="checkProductDetails" time="16.501"/>
  <testcase classname="testLayer.ProductDetailsTest" name="checkProductDetails" time="15.301"/>
  <testcase classname="testLayer.ProductDetailsTest" name="checkProductDetails" time="16.131"/>
  <testcase classname="testLayer.ProductDetailsTest" name="checkProductDetails" time="35.381"/>
  <testcase classname="testLayer.ProductDetailsTest" name="checkProductDetails" time="23.181"/>
  <testcase classname="testLayer.ProductDetailsTest" name="checkProductDetails" time="26.207"/>
  <testcase classname="testLayer.ProductDetailsTest" name="checkProductDetails" time="17.629"/>
  <testcase classname="testLayer.ProductDetailsTest" name="checkProductDetails" time="19.667"/>
  <testcase classname="testLayer.ProductDetailsTest" name="checkProductDetails" time="29.284"/>
  <testcase classname="testLayer.ProductDetailsTest" name="checkProductDetails" time="14.967"/>
  <testcase classname="testLayer.ProductDetailsTest" name="checkProductDetails" time="16.978"/>
  <testcase classname="testLayer.ProductDetailsTest" name="checkProductDetails" time="17.751"/>
  <testcase classname="testLayer.ProductDetailsTest" name="checkProductDetails" time="17.266"/>
  <testcase classname="testLayer.ProductDetailsTest" name="checkProductDetails" time="25.735"/>
  <testcase classname="testLayer.ProductDetailsTest" name="checkProductDetails" time="19.827"/>
  <testcase classname="testLayer.ProductDetailsTest" name="checkProductDetails" time="17.157"/>
  <testcase classname="testLayer.ProductDetailsTest" name="checkProductDetails" time="61.847"/>
  <testcase classname="testLayer.ProductDetailsTest" name="checkProductDetails" time="17.109"/>
  <testcase classname="testLayer.ProductDetailsTest" name="checkProductDetails" time="15.611"/>
  <testcase classname="testLayer.ProductDetailsTest" name="checkProductDetails" time="19.696"/>
  <testcase classname="testLayer.ProductDetailsTest" name="checkProductDetails" time="15.740"/>
  <testcase classname="testLayer.ProductDetailsTest" name="checkProductDetails" time="19.205"/>
  <testcase classname="testLayer.ProductDetailsTest" name="checkProductDetails" time="13.586"/>
  <testcase classname="testLayer.ProductDetailsTest" name="checkProductDetails" time="18.001"/>
  <testcase classname="testLayer.ProductDetailsTest" name="checkProductDetails" time="13.833"/>
  <testcase classname="testLayer.ProductDetailsTest" name="checkProductDetails" time="17.126"/>
  <testcase classname="testLayer.ProductDetailsTest" name="checkProductDetails" time="19.855"/>
  <testcase classname="testLayer.ProductDetailsTest" name="checkProductDetails" time="16.325"/>
  <testcase classname="testLayer.ProductDetailsTest" name="checkProductDetails" time="18.020"/>
  <testcase classname="testLayer.ProductDetailsTest" name="checkProductDetails" time="16.691"/>
  <testcase classname="testLayer.ProductDetailsTest" name="checkProductDetails" time="15.739"/>
  <testcase classname="testLayer.ProductDetailsTest" name="checkProductDetails" time="16.063"/>
  <testcase classname="testLayer.ProductDetailsTest" name="checkProductDetails" time="15.119"/>
  <testcase classname="testLayer.ProductDetailsTest" name="checkProductDetails" time="16.112"/>
  <testcase classname="testLayer.ProductDetailsTest" name="checkProductDetails" time="15.203"/>
  <testcase classname="testLayer.ProductDetailsTest" name="checkProductDetails" time="21.095"/>
  <testcase classname="testLayer.ProductDetailsTest" name="checkProductDetails" time="17.773"/>
  <testcase classname="testLayer.ProductDetailsTest" name="checkProductDetails" time="18.230"/>
  <testcase classname="testLayer.ProductDetailsTest" name="checkProductDetails" time="14.386"/>
  <testcase classname="testLayer.ProductDetailsTest" name="checkProductDetails" time="13.315"/>
  <testcase classname="testLayer.ProductDetailsTest" name="checkProductDetails" time="17.338"/>
  <testcase classname="testLayer.ProductDetailsTest" name="checkProductDetails" time="16.799"/>
  <testcase classname="testLayer.ProductDetailsTest" name="checkProductDetails" time="22.353"/>
  <testcase classname="testLayer.ProductDetailsTest" name="checkProductDetails" time="24.375"/>
  <testcase classname="testLayer.ProductDetailsTest" name="checkProductDetails" time="19.317"/>
  <testcase classname="testLayer.ProductDetailsTest" name="checkProductDetails" time="21.525"/>
  <testcase classname="testLayer.ProductDetailsTest" name="checkProductDetails" time="15.436"/>
  <testcase classname="testLayer.ProductDetailsTest" name="checkProductDetails" time="17.074"/>
  <testcase classname="testLayer.ProductDetailsTest" name="checkProductDetails" time="15.792"/>
  <testcase classname="testLayer.ProductDetailsTest" name="checkProductDetails" time="17.983"/>
  <testcase classname="testLayer.ProductDetailsTest" name="checkProductDetails" time="18.243"/>
  <testcase classname="testLayer.ProductDetailsTest" name="checkProductDetails" time="15.498"/>
  <testcase classname="testLayer.ProductDetailsTest" name="checkProductDetails" time="17.382"/>
  <testcase classname="testLayer.ProductDetailsTest" name="checkProductDetails" time="14.158"/>
  <testcase classname="testLayer.ProductDetailsTest" name="checkProductDetails" time="16.139"/>
  <testcase classname="testLayer.ProductDetailsTest" name="checkProductDetails" time="16.922"/>
  <testcase classname="testLayer.ProductDetailsTest" name="checkProductDetails" time="14.478"/>
  <testcase classname="testLayer.ProductDetailsTest" name="checkProductDetails" time="14.231"/>
  <testcase classname="testLayer.ProductDetailsTest" name="checkProductDetails" time="17.229"/>
  <testcase classname="testLayer.ProductDetailsTest" name="checkProductDetails" time="19.257"/>
  <testcase classname="testLayer.ProductDetailsTest" name="checkProductDetails" time="17.755"/>
  <testcase classname="testLayer.ProductDetailsTest" name="checkProductDetails" time="17.781"/>
  <testcase classname="testLayer.ProductDetailsTest" name="checkProductDetails" time="17.589"/>
  <testcase classname="testLayer.ProductDetailsTest" name="checkProductDetails" time="16.121"/>
  <testcase classname="testLayer.ProductDetailsTest" name="checkProductDetails" time="14.030"/>
  <testcase classname="testLayer.ProductDetailsTest" name="checkProductDetails" time="18.264"/>
  <testcase classname="testLayer.ProductDetailsTest" name="checkProductDetails" time="19.507"/>
  <testcase classname="testLayer.ProductDetailsTest" name="checkProductDetails" time="14.781"/>
  <testcase classname="testLayer.ProductDetailsTest" name="checkProductDetails" time="17.030"/>
  <testcase classname="testLayer.ProductDetailsTest" name="checkProductDetails" time="18.241"/>
  <testcase classname="testLayer.ProductDetailsTest" name="checkProductDetails" time="17.342"/>
  <testcase classname="testLayer.ProductDetailsTest" name="checkProductDetails" time="24.945"/>
  <testcase classname="testLayer.ProductDetailsTest" name="checkProductDetails" time="14.882"/>
  <testcase classname="testLayer.ProductDetailsTest" name="checkProductDetails" time="32.991"/>
  <testcase classname="testLayer.ProductDetailsTest" name="checkProductDetails" time="16.031"/>
  <testcase classname="testLayer.ProductDetailsTest" name="checkProductDetails" time="13.268"/>
  <testcase classname="testLayer.ProductDetailsTest" name="checkProductDetails" time="14.876"/>
  <testcase classname="testLayer.ProductDetailsTest" name="checkProductDetails" time="16.247"/>
  <testcase classname="testLayer.ProductDetailsTest" name="checkProductDetails" time="23.099"/>
  <testcase classname="testLayer.ProductDetailsTest" name="checkProductDetails" time="15.771"/>
  <testcase classname="testLayer.ProductDetailsTest" name="checkProductDetails" time="16.102"/>
  <testcase classname="testLayer.ProductDetailsTest" name="checkProductDetails" time="15.176"/>
  <testcase classname="testLayer.ProductDetailsTest" name="checkProductDetails" time="15.603"/>
  <testcase classname="testLayer.ProductDetailsTest" name="checkProductDetails" time="14.243"/>
  <testcase classname="testLayer.ProductDetailsTest" name="checkProductDetails" time="19.579"/>
  <testcase classname="testLayer.ProductDetailsTest" name="checkProductDetails" time="17.935"/>
  <testcase classname="testLayer.ProductDetailsTest" name="checkProductDetails" time="15.548"/>
  <testcase classname="testLayer.ProductDetailsTest" name="checkProductDetails" time="15.681"/>
  <testcase classname="testLayer.ProductDetailsTest" name="checkProductDetails" time="17.605"/>
  <testcase classname="testLayer.ProductDetailsTest" name="checkProductDetails" time="25.487"/>
  <testcase classname="testLayer.ProductDetailsTest" name="checkProductDetails" time="20.116"/>
  <testcase classname="testLayer.ProductDetailsTest" name="checkProductDetails" time="15.063"/>
  <testcase classname="testLayer.ProductDetailsTest" name="checkProductDetails" time="18.686"/>
  <testcase classname="testLayer.ProductDetailsTest" name="checkProductDetails" time="19.054"/>
  <testcase classname="testLayer.ProductDetailsTest" name="checkProductDetails" time="14.358"/>
  <testcase classname="testLayer.ProductDetailsTest" name="checkProductDetails" time="15.908"/>
  <testcase classname="testLayer.ProductDetailsTest" name="checkProductDetails" time="17.471"/>
  <testcase classname="testLayer.ProductDetailsTest" name="checkProductDetails" time="17.074"/>
  <testcase classname="testLayer.ProductDetailsTest" name="checkProductDetails" time="13.121"/>
  <testcase classname="testLayer.ProductDetailsTest" name="checkProductDetails" time="15.762"/>
  <testcase classname="testLayer.ProductDetailsTest" name="checkProductDetails" time="19.426"/>
  <testcase classname="testLayer.ProductDetailsTest" name="checkProductDetails" time="16.548"/>
  <testcase classname="testLayer.ProductDetailsTest" name="checkProductDetails" time="18.748"/>
  <testcase classname="testLayer.ProductDetailsTest" name="checkProductDetails" time="26.512"/>
  <testcase classname="testLayer.ProductDetailsTest" name="checkProductDetails" time="17.213"/>
  <testcase classname="testLayer.ProductDetailsTest" name="checkProductDetails" time="25.974"/>
  <testcase classname="testLayer.ProductDetailsTest" name="checkProductDetails" time="17.024"/>
  <testcase classname="testLayer.ProductDetailsTest" name="checkProductDetails" time="21.944"/>
  <testcase classname="testLayer.ProductDetailsTest" name="checkProductDetails" time="15.447"/>
  <testcase classname="testLayer.ProductDetailsTest" name="checkProductDetails" time="24.723"/>
  <testcase classname="testLayer.ProductDetailsTest" name="checkProductDetails" time="21.100"/>
  <testcase classname="testLayer.ProductDetailsTest" name="checkProductDetails" time="20.946"/>
  <testcase classname="testLayer.ProductDetailsTest" name="checkProductDetails" time="20.933"/>
  <testcase classname="testLayer.ProductDetailsTest" name="checkProductDetails" time="15.171"/>
  <testcase classname="testLayer.ProductDetailsTest" name="checkProductDetails" time="20.872"/>
  <testcase classname="testLayer.ProductDetailsTest" name="checkProductDetails" time="16.160"/>
  <testcase classname="testLayer.ProductDetailsTest" name="checkProductDetails" time="13.841"/>
  <testcase classname="testLayer.ProductDetailsTest" name="checkProductDetails" time="17.767"/>
  <testcase classname="testLayer.ProductDetailsTest" name="checkProductDetails" time="15.594"/>
  <testcase classname="testLayer.ProductDetailsTest" name="checkProductDetails" time="136.239"/>
  <testcase classname="testLayer.ProductDetailsTest" name="checkProductDetails" time="16.427"/>
  <testcase classname="testLayer.ProductDetailsTest" name="checkProductDetails" time="15.192"/>
  <testcase classname="testLayer.ProductDetailsTest" name="checkProductDetails" time="17.906"/>
  <testcase classname="testLayer.ProductDetailsTest" name="checkProductDetails" time="15.910"/>
  <testcase classname="testLayer.ProductDetailsTest" name="checkProductDetails" time="17.396"/>
  <testcase classname="testLayer.ProductDetailsTest" name="checkProductDetails" time="17.361"/>
  <testcase classname="testLayer.ProductDetailsTest" name="checkProductDetails" time="13.938"/>
  <testcase classname="testLayer.ProductDetailsTest" name="checkProductDetails" time="18.372"/>
  <testcase classname="testLayer.ProductDetailsTest" name="checkProductDetails" time="14.842"/>
  <testcase classname="testLayer.ProductDetailsTest" name="checkProductDetails" time="40.868"/>
  <testcase classname="testLayer.ProductDetailsTest" name="checkProductDetails" time="37.294">
    <error message="no such element: Unable to locate element: {&quot;method&quot;:&quot;css selector&quot;,&quot;selector&quot;:&quot;.attributes-list [data-th=&#039;Size&#039;]&quot;}
  (Session info: chrome-headless-shell=124.0.6367.119)
For documentation on this error, please visit: https://www.selenium.dev/documentation/webdriver/troubleshooting/errors#no-such-element-exception
Build info: version: &#039;4.19.1&#039;, revision: &#039;abe0ee07dc&#039;
System info: os.name: &#039;Windows 10&#039;, os.arch: &#039;amd64&#039;, os.version: &#039;10.0&#039;, java.version: &#039;17.0.7&#039;
Driver info: org.openqa.selenium.chrome.ChromeDriver
Command: [476e5e8107e3aa7f32d4c1bd2d9ab2bb, findElement {value=.attributes-list [data-th=&#039;Size&#039;], using=css selector}]
Capabilities {acceptInsecureCerts: false, browserName: chrome-headless-shell, browserVersion: 124.0.6367.119, chrome: {chromedriverVersion: 124.0.6367.91 (51df0e5e17a8..., userDataDir: C:\Users\Admin\AppData\Loca...}, fedcm:accounts: true, goog:chromeOptions: {debuggerAddress: localhost:57512}, networkConnectionEnabled: false, pageLoadStrategy: normal, platformName: windows, proxy: Proxy(), se:cdp: ws://localhost:57512/devtoo..., se:cdpVersion: 124.0.6367.119, setWindowRect: true, strictFileInteractability: false, timeouts: {implicit: 0, pageLoad: 300000, script: 30000}, unhandledPromptBehavior: dismiss and notify, webauthn:extension:credBlob: true, webauthn:extension:largeBlob: true, webauthn:extension:minPinLength: true, webauthn:extension:prf: true, webauthn:virtualAuthenticators: true}
Session ID: 476e5e8107e3aa7f32d4c1bd2d9ab2bb" type="org.openqa.selenium.NoSuchElementException">
      <![CDATA[org.openqa.selenium.NoSuchElementException: no such element: Unable to locate element: {"method":"css selector","selector":".attributes-list [data-th='Size']"}
  (Session info: chrome-headless-shell=124.0.6367.119)
For documentation on this error, please visit: https://www.selenium.dev/documentation/webdriver/troubleshooting/errors#no-such-element-exception
Build info: version: '4.19.1', revision: 'abe0ee07dc'
System info: os.name: 'Windows 10', os.arch: 'amd64', os.version: '10.0', java.version: '17.0.7'
Driver info: org.openqa.selenium.chrome.ChromeDriver
Command: [476e5e8107e3aa7f32d4c1bd2d9ab2bb, findElement {value=.attributes-list [data-th='Size'], using=css selector}]
Capabilities {acceptInsecureCerts: false, browserName: chrome-headless-shell, browserVersion: 124.0.6367.119, chrome: {chromedriverVersion: 124.0.6367.91 (51df0e5e17a8..., userDataDir: C:\Users\Admin\AppData\Loca...}, fedcm:accounts: true, goog:chromeOptions: {debuggerAddress: localhost:57512}, networkConnectionEnabled: false, pageLoadStrategy: normal, platformName: windows, proxy: Proxy(), se:cdp: ws://localhost:57512/devtoo..., se:cdpVersion: 124.0.6367.119, setWindowRect: true, strictFileInteractability: false, timeouts: {implicit: 0, pageLoad: 300000, script: 30000}, unhandledPromptBehavior: dismiss and notify, webauthn:extension:credBlob: true, webauthn:extension:largeBlob: true, webauthn:extension:minPinLength: true, webauthn:extension:prf: true, webauthn:virtualAuthenticators: true}
Session ID: 476e5e8107e3aa7f32d4c1bd2d9ab2bb
at java.base/jdk.internal.reflect.NativeConstructorAccessorImpl.newInstance0(Native Method)
at java.base/jdk.internal.reflect.NativeConstructorAccessorImpl.newInstance(NativeConstructorAccessorImpl.java:77)
at java.base/jdk.internal.reflect.DelegatingConstructorAccessorImpl.newInstance(DelegatingConstructorAccessorImpl.java:45)
at java.base/java.lang.reflect.Constructor.newInstanceWithCaller(Constructor.java:499)
at java.base/java.lang.reflect.Constructor.newInstance(Constructor.java:480)
at org.openqa.selenium.remote.ErrorCodec.decode(ErrorCodec.java:167)
at org.openqa.selenium.remote.codec.w3c.W3CHttpResponseCodec.decode(W3CHttpResponseCodec.java:138)
at org.openqa.selenium.remote.codec.w3c.W3CHttpResponseCodec.decode(W3CHttpResponseCodec.java:50)
at org.openqa.selenium.remote.HttpCommandExecutor.execute(HttpCommandExecutor.java:190)
at org.openqa.selenium.remote.service.DriverCommandExecutor.invokeExecute(DriverCommandExecutor.java:216)
at org.openqa.selenium.remote.service.DriverCommandExecutor.execute(DriverCommandExecutor.java:174)
at org.openqa.selenium.remote.RemoteWebDriver.execute(RemoteWebDriver.java:518)
at org.openqa.selenium.remote.ElementLocation$ElementFinder$2.findElement(ElementLocation.java:165)
at org.openqa.selenium.remote.ElementLocation.findElement(ElementLocation.java:59)
at org.openqa.selenium.remote.RemoteWebDriver.findElement(RemoteWebDriver.java:355)
at org.openqa.selenium.remote.RemoteWebDriver.findElement(RemoteWebDriver.java:349)
at org.openqa.selenium.support.pagefactory.DefaultElementLocator.findElement(DefaultElementLocator.java:68)
at org.openqa.selenium.support.pagefactory.internal.LocatingElementHandler.invoke(LocatingElementHandler.java:38)
at jdk.proxy2/jdk.proxy2.$Proxy16.getText(Unknown Source)
at pageLayer.PDP_Page.get_Size_Of_product(PDP_Page.java:53)
at testLayer.ProductDetailsTest.checkProductDetails(ProductDetailsTest.java:33)
at jdk.internal.reflect.GeneratedMethodAccessor9.invoke(Unknown Source)
at java.base/jdk.internal.reflect.DelegatingMethodAccessorImpl.invoke(DelegatingMethodAccessorImpl.java:43)
at java.base/java.lang.reflect.Method.invoke(Method.java:568)
at org.testng.internal.invokers.MethodInvocationHelper.invokeMethod(MethodInvocationHelper.java:139)
at org.testng.internal.invokers.TestInvoker.invokeMethod(TestInvoker.java:664)
at org.testng.internal.invokers.TestInvoker.invokeTestMethod(TestInvoker.java:227)
at org.testng.internal.invokers.MethodRunner.runInSequence(MethodRunner.java:50)
at org.testng.internal.invokers.TestInvoker$MethodInvocationAgent.invoke(TestInvoker.java:957)
at org.testng.internal.invokers.TestInvoker.invokeTestMethods(TestInvoker.java:200)
at org.testng.internal.invokers.TestMethodWorker.invokeTestMethods(TestMethodWorker.java:148)
at org.testng.internal.invokers.TestMethodWorker.run(TestMethodWorker.java:128)
at java.base/java.util.ArrayList.forEach(ArrayList.java:1511)
at org.testng.TestRunner.privateRun(TestRunner.java:848)
at org.testng.TestRunner.run(TestRunner.java:621)
at org.testng.SuiteRunner.runTest(SuiteRunner.java:443)
at org.testng.SuiteRunner.runSequentially(SuiteRunner.java:437)
at org.testng.SuiteRunner.privateRun(SuiteRunner.java:397)
at org.testng.SuiteRunner.run(SuiteRunner.java:336)
at org.testng.SuiteRunnerWorker.runSuite(SuiteRunnerWorker.java:52)
at org.testng.SuiteRunnerWorker.run(SuiteRunnerWorker.java:95)
at org.testng.TestNG.runSuitesSequentially(TestNG.java:1280)
at org.testng.TestNG.runSuitesLocally(TestNG.java:1200)
at org.testng.TestNG.runSuites(TestNG.java:1114)
at org.testng.TestNG.run(TestNG.java:1082)
at org.testng.remote.AbstractRemoteTestNG.run(AbstractRemoteTestNG.java:115)
at org.testng.remote.RemoteTestNG.initAndRun(RemoteTestNG.java:251)
at org.testng.remote.RemoteTestNG.main(RemoteTestNG.java:77)
]]>
    </error>
  </testcase> <!-- checkProductDetails -->
  <testcase classname="testLayer.ProductDetailsTest" name="checkProductDetails" time="15.789"/>
  <testcase classname="testLayer.ProductDetailsTest" name="checkProductDetails" time="15.837"/>
  <testcase classname="testLayer.ProductDetailsTest" name="checkProductDetails" time="15.289"/>
  <testcase classname="testLayer.ProductDetailsTest" name="checkProductDetails" time="20.564"/>
  <testcase classname="testLayer.ProductDetailsTest" name="checkProductDetails" time="28.323"/>
  <testcase classname="testLayer.ProductDetailsTest" name="checkProductDetails" time="17.719"/>
  <testcase classname="testLayer.ProductDetailsTest" name="checkProductDetails" time="34.622">
    <error message="no such element: Unable to locate element: {&quot;method&quot;:&quot;css selector&quot;,&quot;selector&quot;:&quot;.attributes-list [data-th=&#039;Size&#039;]&quot;}
  (Session info: chrome-headless-shell=124.0.6367.119)
For documentation on this error, please visit: https://www.selenium.dev/documentation/webdriver/troubleshooting/errors#no-such-element-exception
Build info: version: &#039;4.19.1&#039;, revision: &#039;abe0ee07dc&#039;
System info: os.name: &#039;Windows 10&#039;, os.arch: &#039;amd64&#039;, os.version: &#039;10.0&#039;, java.version: &#039;17.0.7&#039;
Driver info: org.openqa.selenium.chrome.ChromeDriver
Command: [5906cbf2278066168e80ea9a53bd6235, findElement {value=.attributes-list [data-th=&#039;Size&#039;], using=css selector}]
Capabilities {acceptInsecureCerts: false, browserName: chrome-headless-shell, browserVersion: 124.0.6367.119, chrome: {chromedriverVersion: 124.0.6367.91 (51df0e5e17a8..., userDataDir: C:\Users\Admin\AppData\Loca...}, fedcm:accounts: true, goog:chromeOptions: {debuggerAddress: localhost:61004}, networkConnectionEnabled: false, pageLoadStrategy: normal, platformName: windows, proxy: Proxy(), se:cdp: ws://localhost:61004/devtoo..., se:cdpVersion: 124.0.6367.119, setWindowRect: true, strictFileInteractability: false, timeouts: {implicit: 0, pageLoad: 300000, script: 30000}, unhandledPromptBehavior: dismiss and notify, webauthn:extension:credBlob: true, webauthn:extension:largeBlob: true, webauthn:extension:minPinLength: true, webauthn:extension:prf: true, webauthn:virtualAuthenticators: true}
Session ID: 5906cbf2278066168e80ea9a53bd6235" type="org.openqa.selenium.NoSuchElementException">
      <![CDATA[org.openqa.selenium.NoSuchElementException: no such element: Unable to locate element: {"method":"css selector","selector":".attributes-list [data-th='Size']"}
  (Session info: chrome-headless-shell=124.0.6367.119)
For documentation on this error, please visit: https://www.selenium.dev/documentation/webdriver/troubleshooting/errors#no-such-element-exception
Build info: version: '4.19.1', revision: 'abe0ee07dc'
System info: os.name: 'Windows 10', os.arch: 'amd64', os.version: '10.0', java.version: '17.0.7'
Driver info: org.openqa.selenium.chrome.ChromeDriver
Command: [5906cbf2278066168e80ea9a53bd6235, findElement {value=.attributes-list [data-th='Size'], using=css selector}]
Capabilities {acceptInsecureCerts: false, browserName: chrome-headless-shell, browserVersion: 124.0.6367.119, chrome: {chromedriverVersion: 124.0.6367.91 (51df0e5e17a8..., userDataDir: C:\Users\Admin\AppData\Loca...}, fedcm:accounts: true, goog:chromeOptions: {debuggerAddress: localhost:61004}, networkConnectionEnabled: false, pageLoadStrategy: normal, platformName: windows, proxy: Proxy(), se:cdp: ws://localhost:61004/devtoo..., se:cdpVersion: 124.0.6367.119, setWindowRect: true, strictFileInteractability: false, timeouts: {implicit: 0, pageLoad: 300000, script: 30000}, unhandledPromptBehavior: dismiss and notify, webauthn:extension:credBlob: true, webauthn:extension:largeBlob: true, webauthn:extension:minPinLength: true, webauthn:extension:prf: true, webauthn:virtualAuthenticators: true}
Session ID: 5906cbf2278066168e80ea9a53bd6235
at java.base/jdk.internal.reflect.NativeConstructorAccessorImpl.newInstance0(Native Method)
at java.base/jdk.internal.reflect.NativeConstructorAccessorImpl.newInstance(NativeConstructorAccessorImpl.java:77)
at java.base/jdk.internal.reflect.DelegatingConstructorAccessorImpl.newInstance(DelegatingConstructorAccessorImpl.java:45)
at java.base/java.lang.reflect.Constructor.newInstanceWithCaller(Constructor.java:499)
at java.base/java.lang.reflect.Constructor.newInstance(Constructor.java:480)
at org.openqa.selenium.remote.ErrorCodec.decode(ErrorCodec.java:167)
at org.openqa.selenium.remote.codec.w3c.W3CHttpResponseCodec.decode(W3CHttpResponseCodec.java:138)
at org.openqa.selenium.remote.codec.w3c.W3CHttpResponseCodec.decode(W3CHttpResponseCodec.java:50)
at org.openqa.selenium.remote.HttpCommandExecutor.execute(HttpCommandExecutor.java:190)
at org.openqa.selenium.remote.service.DriverCommandExecutor.invokeExecute(DriverCommandExecutor.java:216)
at org.openqa.selenium.remote.service.DriverCommandExecutor.execute(DriverCommandExecutor.java:174)
at org.openqa.selenium.remote.RemoteWebDriver.execute(RemoteWebDriver.java:518)
at org.openqa.selenium.remote.ElementLocation$ElementFinder$2.findElement(ElementLocation.java:165)
at org.openqa.selenium.remote.ElementLocation.findElement(ElementLocation.java:59)
at org.openqa.selenium.remote.RemoteWebDriver.findElement(RemoteWebDriver.java:355)
at org.openqa.selenium.remote.RemoteWebDriver.findElement(RemoteWebDriver.java:349)
at org.openqa.selenium.support.pagefactory.DefaultElementLocator.findElement(DefaultElementLocator.java:68)
at org.openqa.selenium.support.pagefactory.internal.LocatingElementHandler.invoke(LocatingElementHandler.java:38)
at jdk.proxy2/jdk.proxy2.$Proxy16.getText(Unknown Source)
at pageLayer.PDP_Page.get_Size_Of_product(PDP_Page.java:53)
at testLayer.ProductDetailsTest.checkProductDetails(ProductDetailsTest.java:33)
at jdk.internal.reflect.GeneratedMethodAccessor9.invoke(Unknown Source)
at java.base/jdk.internal.reflect.DelegatingMethodAccessorImpl.invoke(DelegatingMethodAccessorImpl.java:43)
at java.base/java.lang.reflect.Method.invoke(Method.java:568)
at org.testng.internal.invokers.MethodInvocationHelper.invokeMethod(MethodInvocationHelper.java:139)
at org.testng.internal.invokers.TestInvoker.invokeMethod(TestInvoker.java:664)
at org.testng.internal.invokers.TestInvoker.invokeTestMethod(TestInvoker.java:227)
at org.testng.internal.invokers.MethodRunner.runInSequence(MethodRunner.java:50)
at org.testng.internal.invokers.TestInvoker$MethodInvocationAgent.invoke(TestInvoker.java:957)
at org.testng.internal.invokers.TestInvoker.invokeTestMethods(TestInvoker.java:200)
at org.testng.internal.invokers.TestMethodWorker.invokeTestMethods(TestMethodWorker.java:148)
at org.testng.internal.invokers.TestMethodWorker.run(TestMethodWorker.java:128)
at java.base/java.util.ArrayList.forEach(ArrayList.java:1511)
at org.testng.TestRunner.privateRun(TestRunner.java:848)
at org.testng.TestRunner.run(TestRunner.java:621)
at org.testng.SuiteRunner.runTest(SuiteRunner.java:443)
at org.testng.SuiteRunner.runSequentially(SuiteRunner.java:437)
at org.testng.SuiteRunner.privateRun(SuiteRunner.java:397)
at org.testng.SuiteRunner.run(SuiteRunner.java:336)
at org.testng.SuiteRunnerWorker.runSuite(SuiteRunnerWorker.java:52)
at org.testng.SuiteRunnerWorker.run(SuiteRunnerWorker.java:95)
at org.testng.TestNG.runSuitesSequentially(TestNG.java:1280)
at org.testng.TestNG.runSuitesLocally(TestNG.java:1200)
at org.testng.TestNG.runSuites(TestNG.java:1114)
at org.testng.TestNG.run(TestNG.java:1082)
at org.testng.remote.AbstractRemoteTestNG.run(AbstractRemoteTestNG.java:115)
at org.testng.remote.RemoteTestNG.initAndRun(RemoteTestNG.java:251)
at org.testng.remote.RemoteTestNG.main(RemoteTestNG.java:77)
]]>
    </error>
  </testcase> <!-- checkProductDetails -->
  <testcase classname="testLayer.ProductDetailsTest" name="checkProductDetails" time="19.666"/>
  <testcase classname="testLayer.ProductDetailsTest" name="checkProductDetails" time="15.386"/>
  <testcase classname="testLayer.ProductDetailsTest" name="checkProductDetails" time="14.105"/>
  <testcase classname="testLayer.ProductDetailsTest" name="checkProductDetails" time="13.168"/>
  <testcase classname="testLayer.ProductDetailsTest" name="checkProductDetails" time="13.191"/>
  <testcase classname="testLayer.ProductDetailsTest" name="checkProductDetails" time="25.354"/>
  <testcase classname="testLayer.ProductDetailsTest" name="checkProductDetails" time="18.693"/>
  <testcase classname="testLayer.ProductDetailsTest" name="checkProductDetails" time="13.470"/>
  <testcase classname="testLayer.ProductDetailsTest" name="checkProductDetails" time="17.958"/>
  <testcase classname="testLayer.ProductDetailsTest" name="checkProductDetails" time="22.468"/>
  <testcase classname="testLayer.ProductDetailsTest" name="checkProductDetails" time="15.540"/>
  <testcase classname="testLayer.ProductDetailsTest" name="checkProductDetails" time="20.506"/>
  <testcase classname="testLayer.ProductDetailsTest" name="checkProductDetails" time="15.382"/>
  <testcase classname="testLayer.ProductDetailsTest" name="checkProductDetails" time="16.683"/>
  <testcase classname="testLayer.ProductDetailsTest" name="checkProductDetails" time="21.173"/>
  <testcase classname="testLayer.ProductDetailsTest" name="checkProductDetails" time="15.490"/>
  <testcase classname="testLayer.ProductDetailsTest" name="checkProductDetails" time="16.908"/>
  <testcase classname="testLayer.ProductDetailsTest" name="checkProductDetails" time="14.540"/>
  <testcase classname="testLayer.ProductDetailsTest" name="checkProductDetails" time="15.837"/>
  <testcase classname="testLayer.ProductDetailsTest" name="checkProductDetails" time="90.137"/>
  <testcase classname="testLayer.ProductDetailsTest" name="checkProductDetails" time="29.884">
    <error message="no such element: Unable to locate element: {&quot;method&quot;:&quot;css selector&quot;,&quot;selector&quot;:&quot;.mst-searchautocomplete__wrapper li&quot;}
  (Session info: chrome-headless-shell=124.0.6367.119)
For documentation on this error, please visit: https://www.selenium.dev/documentation/webdriver/troubleshooting/errors#no-such-element-exception
Build info: version: &#039;4.19.1&#039;, revision: &#039;abe0ee07dc&#039;
System info: os.name: &#039;Windows 10&#039;, os.arch: &#039;amd64&#039;, os.version: &#039;10.0&#039;, java.version: &#039;17.0.7&#039;
Driver info: org.openqa.selenium.chrome.ChromeDriver
Command: [0884050018300b5976cef40a6a80c4fb, findElement {value=.mst-searchautocomplete__wrapper li, using=css selector}]
Capabilities {acceptInsecureCerts: false, browserName: chrome-headless-shell, browserVersion: 124.0.6367.119, chrome: {chromedriverVersion: 124.0.6367.91 (51df0e5e17a8..., userDataDir: C:\Users\Admin\AppData\Loca...}, fedcm:accounts: true, goog:chromeOptions: {debuggerAddress: localhost:57610}, networkConnectionEnabled: false, pageLoadStrategy: normal, platformName: windows, proxy: Proxy(), se:cdp: ws://localhost:57610/devtoo..., se:cdpVersion: 124.0.6367.119, setWindowRect: true, strictFileInteractability: false, timeouts: {implicit: 0, pageLoad: 300000, script: 30000}, unhandledPromptBehavior: dismiss and notify, webauthn:extension:credBlob: true, webauthn:extension:largeBlob: true, webauthn:extension:minPinLength: true, webauthn:extension:prf: true, webauthn:virtualAuthenticators: true}
Session ID: 0884050018300b5976cef40a6a80c4fb" type="org.openqa.selenium.NoSuchElementException">
      <![CDATA[org.openqa.selenium.NoSuchElementException: no such element: Unable to locate element: {"method":"css selector","selector":".mst-searchautocomplete__wrapper li"}
  (Session info: chrome-headless-shell=124.0.6367.119)
For documentation on this error, please visit: https://www.selenium.dev/documentation/webdriver/troubleshooting/errors#no-such-element-exception
Build info: version: '4.19.1', revision: 'abe0ee07dc'
System info: os.name: 'Windows 10', os.arch: 'amd64', os.version: '10.0', java.version: '17.0.7'
Driver info: org.openqa.selenium.chrome.ChromeDriver
Command: [0884050018300b5976cef40a6a80c4fb, findElement {value=.mst-searchautocomplete__wrapper li, using=css selector}]
Capabilities {acceptInsecureCerts: false, browserName: chrome-headless-shell, browserVersion: 124.0.6367.119, chrome: {chromedriverVersion: 124.0.6367.91 (51df0e5e17a8..., userDataDir: C:\Users\Admin\AppData\Loca...}, fedcm:accounts: true, goog:chromeOptions: {debuggerAddress: localhost:57610}, networkConnectionEnabled: false, pageLoadStrategy: normal, platformName: windows, proxy: Proxy(), se:cdp: ws://localhost:57610/devtoo..., se:cdpVersion: 124.0.6367.119, setWindowRect: true, strictFileInteractability: false, timeouts: {implicit: 0, pageLoad: 300000, script: 30000}, unhandledPromptBehavior: dismiss and notify, webauthn:extension:credBlob: true, webauthn:extension:largeBlob: true, webauthn:extension:minPinLength: true, webauthn:extension:prf: true, webauthn:virtualAuthenticators: true}
Session ID: 0884050018300b5976cef40a6a80c4fb
at java.base/jdk.internal.reflect.NativeConstructorAccessorImpl.newInstance0(Native Method)
at java.base/jdk.internal.reflect.NativeConstructorAccessorImpl.newInstance(NativeConstructorAccessorImpl.java:77)
at java.base/jdk.internal.reflect.DelegatingConstructorAccessorImpl.newInstance(DelegatingConstructorAccessorImpl.java:45)
at java.base/java.lang.reflect.Constructor.newInstanceWithCaller(Constructor.java:499)
at java.base/java.lang.reflect.Constructor.newInstance(Constructor.java:480)
at org.openqa.selenium.remote.ErrorCodec.decode(ErrorCodec.java:167)
at org.openqa.selenium.remote.codec.w3c.W3CHttpResponseCodec.decode(W3CHttpResponseCodec.java:138)
at org.openqa.selenium.remote.codec.w3c.W3CHttpResponseCodec.decode(W3CHttpResponseCodec.java:50)
at org.openqa.selenium.remote.HttpCommandExecutor.execute(HttpCommandExecutor.java:190)
at org.openqa.selenium.remote.service.DriverCommandExecutor.invokeExecute(DriverCommandExecutor.java:216)
at org.openqa.selenium.remote.service.DriverCommandExecutor.execute(DriverCommandExecutor.java:174)
at org.openqa.selenium.remote.RemoteWebDriver.execute(RemoteWebDriver.java:518)
at org.openqa.selenium.remote.ElementLocation$ElementFinder$2.findElement(ElementLocation.java:165)
at org.openqa.selenium.remote.ElementLocation.findElement(ElementLocation.java:59)
at org.openqa.selenium.remote.RemoteWebDriver.findElement(RemoteWebDriver.java:355)
at org.openqa.selenium.remote.RemoteWebDriver.findElement(RemoteWebDriver.java:349)
at org.openqa.selenium.support.pagefactory.DefaultElementLocator.findElement(DefaultElementLocator.java:68)
at org.openqa.selenium.support.pagefactory.internal.LocatingElementHandler.invoke(LocatingElementHandler.java:38)
at jdk.proxy2/jdk.proxy2.$Proxy16.click(Unknown Source)
at pageLayer.SearchAProduct.Search_box(SearchAProduct.java:89)
at testLayer.ProductDetailsTest.checkProductDetails(ProductDetailsTest.java:28)
at jdk.internal.reflect.GeneratedMethodAccessor9.invoke(Unknown Source)
at java.base/jdk.internal.reflect.DelegatingMethodAccessorImpl.invoke(DelegatingMethodAccessorImpl.java:43)
at java.base/java.lang.reflect.Method.invoke(Method.java:568)
at org.testng.internal.invokers.MethodInvocationHelper.invokeMethod(MethodInvocationHelper.java:139)
at org.testng.internal.invokers.TestInvoker.invokeMethod(TestInvoker.java:664)
at org.testng.internal.invokers.TestInvoker.invokeTestMethod(TestInvoker.java:227)
at org.testng.internal.invokers.MethodRunner.runInSequence(MethodRunner.java:50)
at org.testng.internal.invokers.TestInvoker$MethodInvocationAgent.invoke(TestInvoker.java:957)
at org.testng.internal.invokers.TestInvoker.invokeTestMethods(TestInvoker.java:200)
at org.testng.internal.invokers.TestMethodWorker.invokeTestMethods(TestMethodWorker.java:148)
at org.testng.internal.invokers.TestMethodWorker.run(TestMethodWorker.java:128)
at java.base/java.util.ArrayList.forEach(ArrayList.java:1511)
at org.testng.TestRunner.privateRun(TestRunner.java:848)
at org.testng.TestRunner.run(TestRunner.java:621)
at org.testng.SuiteRunner.runTest(SuiteRunner.java:443)
at org.testng.SuiteRunner.runSequentially(SuiteRunner.java:437)
at org.testng.SuiteRunner.privateRun(SuiteRunner.java:397)
at org.testng.SuiteRunner.run(SuiteRunner.java:336)
at org.testng.SuiteRunnerWorker.runSuite(SuiteRunnerWorker.java:52)
at org.testng.SuiteRunnerWorker.run(SuiteRunnerWorker.java:95)
at org.testng.TestNG.runSuitesSequentially(TestNG.java:1280)
at org.testng.TestNG.runSuitesLocally(TestNG.java:1200)
at org.testng.TestNG.runSuites(TestNG.java:1114)
at org.testng.TestNG.run(TestNG.java:1082)
at org.testng.remote.AbstractRemoteTestNG.run(AbstractRemoteTestNG.java:115)
at org.testng.remote.RemoteTestNG.initAndRun(RemoteTestNG.java:251)
at org.testng.remote.RemoteTestNG.main(RemoteTestNG.java:77)
]]>
    </error>
  </testcase> <!-- checkProductDetails -->
  <testcase classname="testLayer.ProductDetailsTest" name="checkProductDetails" time="18.114"/>
  <testcase classname="testLayer.ProductDetailsTest" name="checkProductDetails" time="22.319"/>
  <testcase classname="testLayer.ProductDetailsTest" name="checkProductDetails" time="18.818"/>
  <testcase classname="testLayer.ProductDetailsTest" name="checkProductDetails" time="16.173"/>
  <testcase classname="testLayer.ProductDetailsTest" name="checkProductDetails" time="14.869"/>
  <testcase classname="testLayer.ProductDetailsTest" name="checkProductDetails" time="19.339"/>
  <testcase classname="testLayer.ProductDetailsTest" name="checkProductDetails" time="15.378"/>
  <testcase classname="testLayer.ProductDetailsTest" name="checkProductDetails" time="16.656"/>
  <testcase classname="testLayer.ProductDetailsTest" name="checkProductDetails" time="15.831"/>
  <testcase classname="testLayer.ProductDetailsTest" name="checkProductDetails" time="17.872"/>
  <testcase classname="testLayer.ProductDetailsTest" name="checkProductDetails" time="17.880"/>
  <testcase classname="testLayer.ProductDetailsTest" name="checkProductDetails" time="13.991"/>
  <testcase classname="testLayer.ProductDetailsTest" name="checkProductDetails" time="13.604"/>
  <testcase classname="testLayer.ProductDetailsTest" name="checkProductDetails" time="17.372"/>
  <testcase classname="testLayer.ProductDetailsTest" name="checkProductDetails" time="15.620"/>
  <testcase classname="testLayer.ProductDetailsTest" name="checkProductDetails" time="13.568"/>
  <testcase classname="testLayer.ProductDetailsTest" name="checkProductDetails" time="19.247"/>
  <testcase classname="testLayer.ProductDetailsTest" name="checkProductDetails" time="18.556"/>
  <testcase classname="testLayer.ProductDetailsTest" name="checkProductDetails" time="31.559"/>
  <testcase classname="testLayer.ProductDetailsTest" name="checkProductDetails" time="22.749"/>
  <testcase classname="testLayer.ProductDetailsTest" name="checkProductDetails" time="16.665"/>
  <testcase classname="testLayer.ProductDetailsTest" name="checkProductDetails" time="14.555"/>
  <testcase classname="testLayer.ProductDetailsTest" name="checkProductDetails" time="17.867"/>
  <testcase classname="testLayer.ProductDetailsTest" name="checkProductDetails" time="20.677"/>
  <testcase classname="testLayer.ProductDetailsTest" name="checkProductDetails" time="27.311"/>
  <testcase classname="testLayer.ProductDetailsTest" name="checkProductDetails" time="15.731"/>
  <testcase classname="testLayer.ProductDetailsTest" name="checkProductDetails" time="18.752"/>
  <testcase classname="testLayer.ProductDetailsTest" name="checkProductDetails" time="18.256"/>
  <testcase classname="testLayer.ProductDetailsTest" name="checkProductDetails" time="22.716"/>
  <testcase classname="testLayer.ProductDetailsTest" name="checkProductDetails" time="15.822"/>
  <testcase classname="testLayer.ProductDetailsTest" name="checkProductDetails" time="15.981"/>
  <testcase classname="testLayer.ProductDetailsTest" name="checkProductDetails" time="14.495"/>
  <testcase classname="testLayer.ProductDetailsTest" name="checkProductDetails" time="18.110"/>
  <testcase classname="testLayer.ProductDetailsTest" name="checkProductDetails" time="20.936"/>
  <testcase classname="testLayer.ProductDetailsTest" name="checkProductDetails" time="14.712"/>
</testsuite> <!-- testLayer.ProductDetailsTest -->
